ARM GAS  /tmp/ccPHV5BD.s 			page 1


   1              		.syntax unified
   2              		.cpu cortex-m3
   3              		.fpu softvfp
   4              		.eabi_attribute 20, 1
   5              		.eabi_attribute 21, 1
   6              		.eabi_attribute 23, 3
   7              		.eabi_attribute 24, 1
   8              		.eabi_attribute 25, 1
   9              		.eabi_attribute 26, 1
  10              		.eabi_attribute 30, 2
  11              		.eabi_attribute 34, 1
  12              		.eabi_attribute 18, 4
  13              		.thumb
  14              		.file	"board.c"
  15              		.text
  16              	.Ltext0:
  17              		.section	.gnu.lto_.jmpfuncs.56a2f947af06f500,"",%progbits
  18 0000 789C6362 		.ascii	"x\234cb`b\300\006\330\2414H\226\221\201\001\000\001"
  18      6062C006 
  18      D8A13448 
  18      96918101 
  18      0001
  19 0012 39000F   		.ascii	"9\000\017"
  20              		.text
  21              		.section	.gnu.lto_.inline.56a2f947af06f500,"",%progbits
  22 0000 789C6362 		.ascii	"x\234cb`b\300\006\264\2414P\226\205\207\021\254\210"
  22      6062C006 
  22      B4A13450 
  22      96858711 
  22      AC88
  23 0012 6D813C58 		.ascii	"m\201<X-#\027\210``fB\025f\000\000,\340\001\347"
  23      2D231788 
  23      60606642 
  23      15660000 
  23      2CE001E7 
  24              		.text
  25              		.section	.gnu.lto_.pureconst.56a2f947af06f500,"",%progbits
  26 0000 789C6362 		.ascii	"x\234cb`b`e\200\000&\006\011F\006\000\000\346\000%"
  26      60626065 
  26      80002606 
  26      09460600 
  26      00E60025 
  27              		.text
  28              		.section	.gnu.lto___early_init.56a2f947af06f500,"",%progbits
  29 0000 789C6362 		.ascii	"x\234cb`b@\007\222@\\\011\304\006@\314\310\314\300\310"
  29      60624007 
  29      92405C09 
  29      C40640CC 
  29      C8CCC0C8 
  30 0014 34E11C03 		.ascii	"4\341\034\003C#\007\023##\210\301\300\310P\317\304X"
  30      43230713 
  30      232388C1 
  30      C0C850CF 
  30      C458
  31 0026 1FC90856 		.ascii	"\037\311\010V\273\236\351\300\203\377\377\327mx\372"
  31      BB9EE9C0 
  31      83FFFFD7 
ARM GAS  /tmp/ccPHV5BD.s 			page 2


  31      6D78FA
  32 0035 301AA894 		.ascii	"0\032\250\224\201\201\225\241\245\241a\202\002\003C"
  32      818195A1 
  32      A5A16182 
  32      020343
  33 0044 32583E04 		.ascii	"2X>\004H\2024\20522\201h\346\363\014\315\017n\205%2"
  33      48823485 
  33      32328168 
  33      E6F30CCD 
  33      0F6E8525 
  34 0059 2E646405 		.ascii	".dd\005\312V3\374j\350h\020\310d\004\252\206\030\227"
  34      CA5633FC 
  34      6AE86810 
  34      C86404AA 
  34      861897
  35 006c 09A22F32 		.ascii	"\011\242/24>\270\315\004S\004\001!@\011\240\001 \307"
  35      343EB8CD 
  35      04530401 
  35      214009A0 
  35      0120C7
  36 007f EAE9E9E9 		.ascii	"\352\351\351\351\347\027\353g$\346\350'\345'\026\245"
  36      E717EB67 
  36      24E6E827 
  36      E52716A5 
  37 008f 14EB0787 		.ascii	"\024\353\007\207\304\007\207\370\032\033\205\371\304"
  37      C40787F8 
  37      1A1B85F9 
  37      C4
  38 009c BB78063B 		.ascii	"\273x\006;\373\207\271\006EB\344\364\222\031\000?#0"
  38      FB87B906 
  38      4542E4F4 
  38      9219003F 
  38      2330
  39 00ae 86       		.ascii	"\206"
  40              		.text
  41              		.section	.gnu.lto_boardInit.56a2f947af06f500,"",%progbits
  42 0000 789C6362 		.ascii	"x\234cb`b@\007\222@\034\010\304\006@\314\310\314\300"
  42      60624007 
  42      92401C08 
  42      C40640CC 
  42      C8CCC0
  43 0013 C834E11C 		.ascii	"\3104\341\034\003C#\007\023##\210\301\300\310P\317\304"
  43      03432307 
  43      13232388 
  43      C1C0C850 
  43      CFC4
  44 0025 581FC908 		.ascii	"X\037\311\010V\273\236\351\300\203\377\377\327]\330"
  44      56BB9EE9 
  44      C083FFFF 
  44      D75DD8
  45 0034 F9309311 		.ascii	"\3710\223\021d\022+CKC\303\004\005\006\206d\260|\010"
  45      64122B43 
  45      4B43C304 
  45      05068664 
  45      B07C08
  46 0047 9004690A 		.ascii	"\220\004i\012\005J\002i\346\213\014\214\211\214\013"
  46      054A0269 
ARM GAS  /tmp/ccPHV5BD.s 			page 3


  46      E68B0C8C 
  46      898C0B
  47 0056 1959E176 		.ascii	"\031Y\341v\20502\202$@Z\365\364\364\364\363\213\365"
  47      85303282 
  47      24405AF5 
  47      F4F4F4F3 
  47      8BF5
  48 0068 331273F4 		.ascii	"3\022s\364\223\362\023\213R\212\365\203C\342\203C|\215"
  48      93F2138B 
  48      528AF583 
  48      43E28343 
  48      7C8D
  49 007a 8DC27CE2 		.ascii	"\215\302|\342]<\203\235\375\303\\\203\"!rz\311\014\000"
  49      5D3C839D 
  49      FDC35C83 
  49      2221727A 
  49      C90C00
  50 008d F2C02570 		.ascii	"\362\300%p"
  51              		.text
  52              		.section	.gnu.lto_.symbol_nodes.56a2f947af06f500,"",%progbits
  53 0000 789C6362 		.ascii	"x\234cb`b\260e\200\002\246;\214\365\014\014\023\316"
  53      6062B065 
  53      8002A63B 
  53      8CF50C0C 
  53      13CE
  54 0012 3130D4D7 		.ascii	"10\324\327\317\353`d\272\313X\317\210\340\262\336fd"
  54      CFEB6064 
  54      BACB58CF 
  54      88E0B2DE 
  54      6664
  55 0024 60AD6760 		.ascii	"`\255g`\274\307X\317\004\021mh`df`fh~\360\217\221\001"
  55      BCC758CF 
  55      04116D68 
  55      60646660 
  55      66687EF0 
  56 003b 003FAE12 		.ascii	"\000?\256\022\022"
  56      12
  57              		.text
  58              		.section	.gnu.lto_.refs.56a2f947af06f500,"",%progbits
  59 0000 789C6362 		.ascii	"x\234cb`b`d\200\002\000\000F\000\006"
  59      60626064 
  59      80020000 
  59      460006
  60              		.text
  61              		.section	.gnu.lto_.decls.56a2f947af06f500,"",%progbits
  62 0000 789CAD96 		.ascii	"x\234\255\226Ml\033E\024\200\337\254\243`7V\213\"Q\001"
  62      4D6C1B45 
  62      1480DFAC 
  62      A3603756 
  62      8B225101 
  63 0014 12AD8B54 		.ascii	"\022\255\213T\016\221\360&)\027$T\251$i\010\012\324"
  63      0E91F026 
  63      29172454 
  63      A9246908 
  63      0AD4
  64 0026 226D05A7 		.ascii	"\"m\005\247ej\273\215\305\326\266\3545\3759\215\032"
  64      656ABB8D 
ARM GAS  /tmp/ccPHV5BD.s 			page 4


  64      C5D6B6EC 
  64      35FD398D 
  64      1A
  65 0037 5A990A81 		.ascii	"Z\231\012\201]\205r\001\344\244M \3745-JS\321\2428U"
  65      5D857201 
  65      E4A44D20 
  65      FC352D4A 
  65      53D1A238 
  66 004c C056AA06 		.ascii	"\300V\252\006.\345\002H\313\005.\010\301\201CQ\205\373"
  66      2EE50248 
  66      CB052E08 
  66      C1814351 
  66      85FB
  67 005e 666637F6 		.ascii	"ff7\366\332\353\304\221:\322\374\277\367\2757o\336\216"
  67      DAEBC491 
  67      3AD2FCBF 
  67      F7BD376F 
  67      DE8E
  68 0070 AD800259 		.ascii	"\255\200\002Y\000\250`\371\315\0130N\000<8\337\015\325"
  68      00A860F9 
  68      CD0B304E 
  68      003C38DF 
  68      0DD5
  69 0082 C2E71358 		.ascii	"\302\347\023X\247\261\316`E\021\370\034\234\205\357"
  69      A7B1CE60 
  69      4511F81C 
  69      9C85EF
  70 0091 2B58EF60 		.ascii	"+X\357`\235\264\326\024k}\006\032\313t\315\230\324\315"
  70      9DB4D614 
  70      6B7D061A 
  70      CB74CD98 
  70      D4CD
  71 00a3 EDB21D3E 		.ascii	"\355\262\035>f\005\323<}\376\026a\347\330\275J\305\003"
  71      6605D33C 
  71      7DFE1661 
  71      E7D8BD4A 
  71      C503
  72 00b5 5BE17D86 		.ascii	"[\341}\206\245p\2061bP\262\373\021x\225P\262\331\007"
  72      A5708631 
  72      6250B2FB 
  72      11789550 
  72      B2D907
  73 00c8 0131F0FB 		.ascii	"\0011\360\373\240M\250R2I\266Z\243\003\036\333\235\036"
  73      A04DA852 
  73      3249B65A 
  73      A3031EDB 
  73      9D1E
  74 00da 025D3083 		.ascii	"\002]0\203\3729\306nnw\261\010\360\024Lq\003\354S\346"
  74      FA39C66E 
  74      6E77B108 
  74      F0144C71 
  74      03EC53E6 
  75 00ee 11780E98 		.ascii	"\021x\016\230 \016YJ.\020\245\336\317Y\263\370c\264"
  75      200E594A 
  75      2E10A5DE 
  75      CF59B3F8 
  75      63B4
ARM GAS  /tmp/ccPHV5BD.s 			page 5


  76 0100 CCFEAE54 		.ascii	"\314\376\256T\266H\333\012\014\020\024\275H\272\326"
  76      B648DB0A 
  76      0C1014BD 
  76      48BAD6
  77 010f 644FD7B3 		.ascii	"dO\327\263?id\2339s\341\314/c$?V\220\026\3006q\262\336"
  77      3F69649B 
  77      3973E1CC 
  77      2F63243F 
  77      569016C0 
  78 0127 84647CE6 		.ascii	"\204d|\346d<\011\023l\266hN\255\214\023V8\305\330\377"
  78      643C0913 
  78      6CB6684E 
  78      AD8C1356 
  78      38C5D8FF 
  79 013b 950AE984 		.ascii	"\225\012\351\204\274\010$\306\261\274\031\354(\232\036"
  79      BC0824C6 
  79      B1BC19EC 
  79      289A1E
  80 014a 3B8CCFA1 		.ascii	";\214\317\241\336N\270\210\2412\347\227Wz\031\363Z\032"
  80      DE4EB888 
  80      A132E797 
  80      577A19F3 
  80      5A1A
  81 015c 81A6E294 		.ascii	"\201\246\342\224|Iv\302\272b\\\360\022\332\227\216\013"
  81      7C4976C2 
  81      BA625CF0 
  81      12DA978E 
  81      0B
  82 016d 1BACF84F 		.ascii	"\033\254\370O\311\317\332\344:\270\034\311*;\240\300"
  82      C9CFDAE4 
  82      3AB81CC9 
  82      2A3BA0C0 
  83 017d 85FF2D7D 		.ascii	"\205\377-}\210\007\271I\\L\275n[\362\257\372_\\(\221"
  83      8807B949 
  83      5C4CBD6E 
  83      5BF2AFFA 
  83      5F5C2891 
  84 0191 00255750 		.ascii	"\000%WP\\\201\353\304\031\261\365\020\334\231\271zg"
  84      5C81EBC4 
  84      19B1F510 
  84      DC99B97A 
  84      67
  85 01a2 2F4B67E7 		.ascii	"/Kg\347Zp\366Tq\2564\376\030w\326\007Y\234\362\314}"
  85      5A70F654 
  85      71AE34FE 
  85      1877D607 
  85      599CF2CC 
  86 01b7 A1C69823 		.ascii	"\241\306\230#m\255x\177\373\356w\213\004\257\0117\256"
  86      6DAD787F 
  86      FBEE778B 
  86      04AF0937 
  86      AE
  87 01c8 A19A027F 		.ascii	"\241\232\002\177\3269\335:\352\347\367n<\213WG\311u"
  87      D639DD3A 
  87      EAE7F76E 
  87      3C8B5747 
  87      C975
ARM GAS  /tmp/ccPHV5BD.s 			page 6


  88 01da 01BAA038 		.ascii	"\001\272\2408A\224<\344sf\016\316m\001N\023\333\326"
  88      41943CE4 
  88      73660ECE 
  88      6D014E13 
  88      DBD6
  89 01ec 80BF105B 		.ascii	"\200\277\020[`\243\342\012|%\214\362`\2719j\015e\261"
  89      60A3E20A 
  89      7C258CF2 
  89      60B9396A 
  89      0D65B1
  90 01ff 041C0134 		.ascii	"\004\034\0014\347\317\376\225'\347\306X\271\333\216"
  90      E7CFFE95 
  90      27E7C658 
  90      B9DB8E
  91 020e C7950D13 		.ascii	"\307\225\015\023\003\216+\271Q\362\347\250\015\273\332"
  91      038E2BB9 
  91      51F2E7A8 
  91      0DBBDA
  92 021d 0ACCEBE2 		.ascii	"\012\314\353\342\236[\251M\026J\256\342\347@\311<\331"
  92      9E5BA94D 
  92      164AAEE2 
  92      E740C93C 
  92      D9
  93 022e 81ED8268 		.ascii	"\201\355\202h\027\261]-\012|#l_\252\332v\344\336z\241"
  93      17B15D2D 
  93      0A7C236C 
  93      5FAADA76 
  93      E4DE7AA1 
  94 0242 61C5BBD6 		.ascii	"a\305\273\326\207`g\367b+<\307Y\002\016\336\275A\036"
  94      876067F7 
  94      622B3CC7 
  94      59020EDE 
  94      BD411E
  95 0255 17C92AB7 		.ascii	"\027\311*\267\302z\264\271o\271\027\253\254\037Za\005"
  95      C27AB4B9 
  95      6FB917AB 
  95      AC1F5A61 
  95      05
  96 0266 9AFB75BE 		.ascii	"\232\373u\276\206\365S+\254\356\265\356\313\276\236"
  96      86F5532B 
  96      ACEEB5EE 
  96      CBBE9E
  97 0275 59713D97 		.ascii	"Yq=\227\305\305,\211\366{\321\226E\273\354\274\252_"
  97      C5C52C89 
  97      F67BD196 
  97      45BBECBC 
  97      AA5F
  98 0287 1B3E1DF9 		.ascii	"\033>\035\371V\325P\253\217\032\264\316\375c\225\333"
  98      56D550AB 
  98      8F1AB4CE 
  98      FD6395DB 
  99 0297 F4B1BC8D 		.ascii	"\364\261\274\215\257\3716\370O\371\210\311\253{\006"
  99      AFF936F8 
  99      4FF988C9 
  99      AB7B06
 100 02a6 BE66D962 		.ascii	"\276f\331b\210\222/\204AnH.u\313\030\311\224s|\2062"
 100      88922F84 
ARM GAS  /tmp/ccPHV5BD.s 			page 7


 100      416E482E 
 100      75CB18C9 
 100      94737C86 
 101 02bb FFACA5A5 		.ascii	"\377\254\245\245\337\337\231l\263\222\321Z\272\366\366"
 101      DFDF996C 
 101      B392D15A 
 101      BAF6F6
 102 02ca E492172C 		.ascii	"\344\222\027,\1777\004\313\346\271\246\003\226\315\257"
 102      7F3704CB 
 102      E6B9A603 
 102      96CDAF
 103 02d9 4C758075 		.ascii	"Lu\200u\3545`w\033`o}p\0335\035\260[Y\313\263\362\206"
 103      EC356077 
 103      1B606F7D 
 103      701B351D 
 103      B05B59CB 
 104 02f0 8F9973F1 		.ascii	"\217\231s\361\314\202-?\220c\012\030@\007\234\255>\307"
 104      CC822D3F 
 104      90630A18 
 104      40079CAD 
 104      3EC7
 105 0302 F297B9D9 		.ascii	"\362\227\271\331\237\222;\244\303\221E\301`PM\244\325"
 105      9F923BA4 
 105      C39145C1 
 105      60504DA4 
 105      D5
 106 0313 51AAAB87 		.ascii	"Q\252\253\207\0224\025I\253#\373\265\221\375/\355\352"
 106      12341549 
 106      AB23FBB5 
 106      91FD2FED 
 106      EA
 107 0324 3D38ACF5 		.ascii	"=8\254\365\017\215\364\355;8\360\312kr/\030\006\277"
 107      0F8DF4ED 
 107      3B38F0CA 
 107      6B722F18 
 107      06BF
 108 0336 A645694A 		.ascii	"\246EiJ?\241\305\3421\243}\360\345\003\201>\360\211"
 108      3FA1C5E2 
 108      31A37DF0 
 108      E503813E 
 108      F089
 109 0348 CD215CE8 		.ascii	"\315!\\\350\252\302\222\211\224\301Y\010\222\355\336"
 109      AAC29289 
 109      94C15908 
 109      92EDDE
 110 0357 9EE3C7F9 		.ascii	"\236\343\307\371\216\246\353\221\340(<\2346\216\356"
 110      8EA6EB91 
 110      E0283C9C 
 110      368EEE
 111 0366 EAD5C27A 		.ascii	"\352\325\302z\"\374\206\200\251\356\272\303\303\375"
 111      22FC8680 
 111      A9EEBAC3 
 111      C3FD
 112 0374 EA606868 		.ascii	"\352`hh\337\233=B9\271\012\350\224\200#\311XBKG\215"
 112      DF9B3D42 
 112      39B90AE8 
 112      948023C9 
ARM GAS  /tmp/ccPHV5BD.s 			page 8


 112      58424B47 
 113 0389 4C52339E 		.ascii	"LR3\236P3\351\224\032\213\207\365L$\252\306\243\307"
 113      5033E994 
 113      1A8B87F5 
 113      4C24AAC6 
 113      A3C7
 114 039b F4D82135 		.ascii	"\364\330!5mDbq\003\025\274\031\354Q\303x\332M\354(\015"
 114      6D446271 
 114      0315BC19 
 114      EC51C378 
 114      DA4DEC28 
 115 03b0 8FC6E251 		.ascii	"\217\306\342QU\213D\017\323\214nh\306\211d4\215j\233"
 115      558B440F 
 115      D38C6E68 
 115      C6896434 
 115      8D6A9B
 116 03c3 34CD56F4 		.ascii	"4\315V\364$\")O8\245c\035m\017\355\351\247\006m\017"
 116      2422294F 
 116      38A5631D 
 116      6D0FEDE9 
 116      A7066D0F 
 117 03d7 3D2FBB3E 		.ascii	"=/\273>\331\365\313n\200w\276\320\236\341\276D\374p"
 117      D9F5CB6E 
 117      8077BED0 
 117      9EE1BE44 
 117      FC70
 118 03e9 EC482777 		.ascii	"\354H'w\333\006\207\305\322\343\301T\"\202B\301\306"
 118      DB0687C5 
 118      D2E3C154 
 118      228242C1 
 118      C6
 119 03fa ADFB9089 		.ascii	"\255\373\220\211Zx"
 119      5A78
 120              		.text
 121              		.section	.gnu.lto_.symtab.56a2f947af06f500,"",%progbits
 122 0000 5F5F6561 		.ascii	"__early_init\000\000\000\000\000\000\000\000\000\000"
 122      726C795F 
 122      696E6974 
 122      00000000 
 122      00000000 
 123 0016 0000A100 		.ascii	"\000\000\241\000\000\000boardInit\000\000\000\000\000"
 123      0000626F 
 123      61726449 
 123      6E697400 
 123      00000000 
 124 002a 00000000 		.ascii	"\000\000\000\000\000\000\000\246\000\000\000pal_def"
 124      000000A6 
 124      00000070 
 124      616C5F64 
 124      6566
 125 003c 61756C74 		.ascii	"ault_config\000\000\000\000\000\000\000\000\000\000"
 125      5F636F6E 
 125      66696700 
 125      00000000 
 125      00000000 
 126 0051 0000AB00 		.ascii	"\000\000\253\000\000\000stm32_clock_init\000\000\002"
 126      00007374 
ARM GAS  /tmp/ccPHV5BD.s 			page 9


 126      6D33325F 
 126      636C6F63 
 126      6B5F696E 
 127 006a 00000000 		.ascii	"\000\000\000\000\000\000\000\000\000\251\000\000\000"
 127      00000000 
 127      00A90000 
 127      00
 128              		.text
 129              		.section	.gnu.lto_.opts,"",%progbits
 130 0000 272D6D63 		.ascii	"'-mcpu=cortex-m3' '-mno-thumb-interwork' '-mthumb' "
 130      70753D63 
 130      6F727465 
 130      782D6D33 
 130      2720272D 
 131 0033 272D6767 		.ascii	"'-ggdb' '-O2' '-fomit-frame-pointer' '-falign-funct"
 131      64622720 
 131      272D4F32 
 131      2720272D 
 131      666F6D69 
 132 0066 696F6E73 		.ascii	"ions=16' '-ffunction-sections' '-fdata-sections' '-"
 132      3D313627 
 132      20272D66 
 132      66756E63 
 132      74696F6E 
 133 0099 666E6F2D 		.ascii	"fno-common' '-flto'\000"
 133      636F6D6D 
 133      6F6E2720 
 133      272D666C 
 133      746F2700 
 134              		.text
 135              		.cfi_sections	.debug_frame
 136              		.section	.text.__early_init,"ax",%progbits
 137              		.align	2
 138              		.p2align 4,,15
 139              		.global	__early_init
 140              		.thumb
 141              		.thumb_func
 142              		.type	__early_init, %function
 143              	__early_init:
 144              	.LFB219:
 145              		.file 1 "../os/hal/boards/ST_STM32VL_DISCOVERY/board.c"
 146              		.loc 1 40 0
 147              		.cfi_startproc
 148              		@ args = 0, pretend = 0, frame = 0
 149              		@ frame_needed = 0, uses_anonymous_args = 0
 150              		@ link register save eliminated.
 151              		.loc 1 42 0
 152 0000 FFF7FEBF 		b	stm32_clock_init
 153              	.LVL0:
 154              		.cfi_endproc
 155              	.LFE219:
 156              		.size	__early_init, .-__early_init
 157 0004 AFF30080 		.section	.text.boardInit,"ax",%progbits
 157      AFF30080 
 157      AFF30080 
 158              		.align	2
 159              		.p2align 4,,15
ARM GAS  /tmp/ccPHV5BD.s 			page 10


 160              		.global	boardInit
 161              		.thumb
 162              		.thumb_func
 163              		.type	boardInit, %function
 164              	boardInit:
 165              	.LFB220:
 166              		.loc 1 48 0
 167              		.cfi_startproc
 168              		@ args = 0, pretend = 0, frame = 0
 169              		@ frame_needed = 0, uses_anonymous_args = 0
 170              		@ link register save eliminated.
 171 0000 7047     		bx	lr
 172              		.cfi_endproc
 173              	.LFE220:
 174              		.size	boardInit, .-boardInit
 175              		.global	pal_default_config
 176 0002 00BFAFF3 		.section	.rodata.pal_default_config,"a",%progbits
 176      0080AFF3 
 176      0080AFF3 
 176      0080
 177              		.align	2
 178              		.type	pal_default_config, %object
 179              		.size	pal_default_config, 60
 180              	pal_default_config:
 181 0000 FFFFFFFF 		.word	-1
 182 0004 44334344 		.word	1145254724
 183 0008 B8848888 		.word	-2004319048
 184 000c FFFFFFFF 		.word	-1
 185 0010 88888888 		.word	-2004318072
 186 0014 8888B3B4 		.word	-1263302520
 187 0018 FFFCFFFF 		.word	-769
 188 001c 844BB3B4 		.word	-1263318140
 189 0020 4B848888 		.word	-2004319157
 190 0024 FFFFFFFF 		.word	-1
 191 0028 44888888 		.word	-2004318140
 192 002c 88888888 		.word	-2004318072
 193 0030 FFFFFFFF 		.word	-1
 194 0034 88888888 		.word	-2004318072
 195 0038 88888888 		.word	-2004318072
 196              		.text
 197              	.Letext0:
 198              		.file 2 "/usr/include/newlib/machine/_default_types.h"
 199              		.file 3 "/usr/include/newlib/stdint.h"
 200              		.file 4 "../os/common/ports/ARMCMx/compilers/GCC/chtypes.h"
 201              		.file 5 "../os/rt/include/chsystypes.h"
 202              		.file 6 "../os/rt/include/chschd.h"
 203              		.file 7 "../os/common/ports/ARMCMx/chcore.h"
 204              		.file 8 "../os/common/ports/ARMCMx/chcore_v7m.h"
 205              		.file 9 "../os/rt/include/chsem.h"
 206              		.file 10 "../os/rt/include/chmtx.h"
 207              		.file 11 "../os/hal/ports/STM32/LLD/GPIOv1/hal_pal_lld.h"
 208              		.file 12 "../os/common/ext/CMSIS/include/core_cm3.h"
 209              		.file 13 "../os/hal/ports/STM32/STM32F1xx/hal_lld.h"
 210              		.section	.debug_info,"",%progbits
 211              	.Ldebug_info0:
 212 0000 C9060000 		.4byte	0x6c9
 213 0004 0400     		.2byte	0x4
ARM GAS  /tmp/ccPHV5BD.s 			page 11


 214 0006 00000000 		.4byte	.Ldebug_abbrev0
 215 000a 04       		.byte	0x4
 216 000b 01       		.uleb128 0x1
 217 000c 61000000 		.4byte	.LASF98
 218 0010 01       		.byte	0x1
 219 0011 1C010000 		.4byte	.LASF99
 220 0015 CD010000 		.4byte	.LASF100
 221 0019 00000000 		.4byte	.Ldebug_ranges0+0
 222 001d 00000000 		.4byte	0
 223 0021 00000000 		.4byte	.Ldebug_line0
 224 0025 02       		.uleb128 0x2
 225 0026 04       		.byte	0x4
 226 0027 05       		.byte	0x5
 227 0028 696E7400 		.ascii	"int\000"
 228 002c 03       		.uleb128 0x3
 229 002d 04       		.byte	0x4
 230 002e 07       		.byte	0x7
 231 002f 0C030000 		.4byte	.LASF0
 232 0033 03       		.uleb128 0x3
 233 0034 01       		.byte	0x1
 234 0035 06       		.byte	0x6
 235 0036 F1020000 		.4byte	.LASF1
 236 003a 04       		.uleb128 0x4
 237 003b 8A020000 		.4byte	.LASF4
 238 003f 02       		.byte	0x2
 239 0040 1C       		.byte	0x1c
 240 0041 45000000 		.4byte	0x45
 241 0045 03       		.uleb128 0x3
 242 0046 01       		.byte	0x1
 243 0047 08       		.byte	0x8
 244 0048 D6020000 		.4byte	.LASF2
 245 004c 03       		.uleb128 0x3
 246 004d 02       		.byte	0x2
 247 004e 05       		.byte	0x5
 248 004f 57000000 		.4byte	.LASF3
 249 0053 04       		.uleb128 0x4
 250 0054 51010000 		.4byte	.LASF5
 251 0058 02       		.byte	0x2
 252 0059 26       		.byte	0x26
 253 005a 5E000000 		.4byte	0x5e
 254 005e 03       		.uleb128 0x3
 255 005f 02       		.byte	0x2
 256 0060 07       		.byte	0x7
 257 0061 5B030000 		.4byte	.LASF6
 258 0065 04       		.uleb128 0x4
 259 0066 26040000 		.4byte	.LASF7
 260 006a 02       		.byte	0x2
 261 006b 37       		.byte	0x37
 262 006c 70000000 		.4byte	0x70
 263 0070 03       		.uleb128 0x3
 264 0071 04       		.byte	0x4
 265 0072 05       		.byte	0x5
 266 0073 49020000 		.4byte	.LASF8
 267 0077 04       		.uleb128 0x4
 268 0078 FC030000 		.4byte	.LASF9
 269 007c 02       		.byte	0x2
 270 007d 38       		.byte	0x38
ARM GAS  /tmp/ccPHV5BD.s 			page 12


 271 007e 82000000 		.4byte	0x82
 272 0082 03       		.uleb128 0x3
 273 0083 04       		.byte	0x4
 274 0084 07       		.byte	0x7
 275 0085 E0030000 		.4byte	.LASF10
 276 0089 03       		.uleb128 0x3
 277 008a 08       		.byte	0x8
 278 008b 05       		.byte	0x5
 279 008c 13020000 		.4byte	.LASF11
 280 0090 04       		.uleb128 0x4
 281 0091 C0030000 		.4byte	.LASF12
 282 0095 02       		.byte	0x2
 283 0096 4E       		.byte	0x4e
 284 0097 9B000000 		.4byte	0x9b
 285 009b 03       		.uleb128 0x3
 286 009c 08       		.byte	0x8
 287 009d 07       		.byte	0x7
 288 009e 21020000 		.4byte	.LASF13
 289 00a2 04       		.uleb128 0x4
 290 00a3 AB010000 		.4byte	.LASF14
 291 00a7 03       		.byte	0x3
 292 00a8 2A       		.byte	0x2a
 293 00a9 3A000000 		.4byte	0x3a
 294 00ad 04       		.uleb128 0x4
 295 00ae 19030000 		.4byte	.LASF15
 296 00b2 03       		.byte	0x3
 297 00b3 36       		.byte	0x36
 298 00b4 53000000 		.4byte	0x53
 299 00b8 04       		.uleb128 0x4
 300 00b9 9C030000 		.4byte	.LASF16
 301 00bd 03       		.byte	0x3
 302 00be 41       		.byte	0x41
 303 00bf 65000000 		.4byte	0x65
 304 00c3 04       		.uleb128 0x4
 305 00c4 03030000 		.4byte	.LASF17
 306 00c8 03       		.byte	0x3
 307 00c9 42       		.byte	0x42
 308 00ca 77000000 		.4byte	0x77
 309 00ce 04       		.uleb128 0x4
 310 00cf 43000000 		.4byte	.LASF18
 311 00d3 03       		.byte	0x3
 312 00d4 4E       		.byte	0x4e
 313 00d5 90000000 		.4byte	0x90
 314 00d9 04       		.uleb128 0x4
 315 00da 68010000 		.4byte	.LASF19
 316 00de 04       		.byte	0x4
 317 00df 3C       		.byte	0x3c
 318 00e0 A2000000 		.4byte	0xa2
 319 00e4 04       		.uleb128 0x4
 320 00e5 D7030000 		.4byte	.LASF20
 321 00e9 04       		.byte	0x4
 322 00ea 3D       		.byte	0x3d
 323 00eb A2000000 		.4byte	0xa2
 324 00ef 04       		.uleb128 0x4
 325 00f0 09000000 		.4byte	.LASF21
 326 00f4 04       		.byte	0x4
 327 00f5 3E       		.byte	0x3e
ARM GAS  /tmp/ccPHV5BD.s 			page 13


 328 00f6 A2000000 		.4byte	0xa2
 329 00fa 04       		.uleb128 0x4
 330 00fb 38020000 		.4byte	.LASF22
 331 00ff 04       		.byte	0x4
 332 0100 40       		.byte	0x40
 333 0101 C3000000 		.4byte	0xc3
 334 0105 04       		.uleb128 0x4
 335 0106 DD040000 		.4byte	.LASF23
 336 010a 04       		.byte	0x4
 337 010b 41       		.byte	0x41
 338 010c B8000000 		.4byte	0xb8
 339 0110 04       		.uleb128 0x4
 340 0111 5C010000 		.4byte	.LASF24
 341 0115 04       		.byte	0x4
 342 0116 43       		.byte	0x43
 343 0117 C3000000 		.4byte	0xc3
 344 011b 04       		.uleb128 0x4
 345 011c A4030000 		.4byte	.LASF25
 346 0120 04       		.byte	0x4
 347 0121 45       		.byte	0x45
 348 0122 B8000000 		.4byte	0xb8
 349 0126 04       		.uleb128 0x4
 350 0127 6E030000 		.4byte	.LASF26
 351 012b 05       		.byte	0x5
 352 012c 35       		.byte	0x35
 353 012d AD000000 		.4byte	0xad
 354 0131 04       		.uleb128 0x4
 355 0132 00000000 		.4byte	.LASF27
 356 0136 05       		.byte	0x5
 357 0137 3F       		.byte	0x3f
 358 0138 3C010000 		.4byte	0x13c
 359 013c 05       		.uleb128 0x5
 360 013d F7010000 		.4byte	.LASF45
 361 0141 44       		.byte	0x44
 362 0142 06       		.byte	0x6
 363 0143 9A       		.byte	0x9a
 364 0144 1A020000 		.4byte	0x21a
 365 0148 06       		.uleb128 0x6
 366 0149 B3020000 		.4byte	.LASF28
 367 014d 06       		.byte	0x6
 368 014e 9B       		.byte	0x9b
 369 014f 4F020000 		.4byte	0x24f
 370 0153 00       		.byte	0
 371 0154 06       		.uleb128 0x6
 372 0155 E3040000 		.4byte	.LASF29
 373 0159 06       		.byte	0x6
 374 015a 9C       		.byte	0x9c
 375 015b FA000000 		.4byte	0xfa
 376 015f 08       		.byte	0x8
 377 0160 07       		.uleb128 0x7
 378 0161 63747800 		.ascii	"ctx\000"
 379 0165 06       		.byte	0x6
 380 0166 9D       		.byte	0x9d
 381 0167 3B040000 		.4byte	0x43b
 382 016b 0C       		.byte	0xc
 383 016c 06       		.uleb128 0x6
 384 016d AD020000 		.4byte	.LASF30
ARM GAS  /tmp/ccPHV5BD.s 			page 14


 385 0171 06       		.byte	0x6
 386 0172 9F       		.byte	0x9f
 387 0173 25020000 		.4byte	0x225
 388 0177 10       		.byte	0x10
 389 0178 06       		.uleb128 0x6
 390 0179 01020000 		.4byte	.LASF31
 391 017d 06       		.byte	0x6
 392 017e A0       		.byte	0xa0
 393 017f 25020000 		.4byte	0x225
 394 0183 14       		.byte	0x14
 395 0184 06       		.uleb128 0x6
 396 0185 B9020000 		.4byte	.LASF32
 397 0189 06       		.byte	0x6
 398 018a A7       		.byte	0xa7
 399 018b A0050000 		.4byte	0x5a0
 400 018f 18       		.byte	0x18
 401 0190 06       		.uleb128 0x6
 402 0191 07020000 		.4byte	.LASF33
 403 0195 06       		.byte	0x6
 404 0196 B0       		.byte	0xb0
 405 0197 B2050000 		.4byte	0x5b2
 406 019b 1C       		.byte	0x1c
 407 019c 06       		.uleb128 0x6
 408 019d 3D000000 		.4byte	.LASF34
 409 01a1 06       		.byte	0x6
 410 01a2 B5       		.byte	0xb5
 411 01a3 E4000000 		.4byte	0xe4
 412 01a7 20       		.byte	0x20
 413 01a8 06       		.uleb128 0x6
 414 01a9 FD020000 		.4byte	.LASF35
 415 01ad 06       		.byte	0x6
 416 01ae B9       		.byte	0xb9
 417 01af D9000000 		.4byte	0xd9
 418 01b3 21       		.byte	0x21
 419 01b4 06       		.uleb128 0x6
 420 01b5 CB030000 		.4byte	.LASF36
 421 01b9 06       		.byte	0x6
 422 01ba BE       		.byte	0xbe
 423 01bb EF000000 		.4byte	0xef
 424 01bf 22       		.byte	0x22
 425 01c0 08       		.uleb128 0x8
 426 01c1 7500     		.ascii	"u\000"
 427 01c3 06       		.byte	0x6
 428 01c4 0F01     		.2byte	0x10f
 429 01c6 D5040000 		.4byte	0x4d5
 430 01ca 24       		.byte	0x24
 431 01cb 09       		.uleb128 0x9
 432 01cc 97040000 		.4byte	.LASF37
 433 01d0 06       		.byte	0x6
 434 01d1 1401     		.2byte	0x114
 435 01d3 2B020000 		.4byte	0x22b
 436 01d7 28       		.byte	0x28
 437 01d8 09       		.uleb128 0x9
 438 01d9 93010000 		.4byte	.LASF38
 439 01dd 06       		.byte	0x6
 440 01de 1A01     		.2byte	0x11a
 441 01e0 4F020000 		.4byte	0x24f
ARM GAS  /tmp/ccPHV5BD.s 			page 15


 442 01e4 2C       		.byte	0x2c
 443 01e5 09       		.uleb128 0x9
 444 01e6 21000000 		.4byte	.LASF39
 445 01ea 06       		.byte	0x6
 446 01eb 2001     		.2byte	0x120
 447 01ed 10010000 		.4byte	0x110
 448 01f1 34       		.byte	0x34
 449 01f2 09       		.uleb128 0x9
 450 01f3 4A040000 		.4byte	.LASF40
 451 01f7 06       		.byte	0x6
 452 01f8 2701     		.2byte	0x127
 453 01fa 9A050000 		.4byte	0x59a
 454 01fe 38       		.byte	0x38
 455 01ff 09       		.uleb128 0x9
 456 0200 AA030000 		.4byte	.LASF41
 457 0204 06       		.byte	0x6
 458 0205 2B01     		.2byte	0x12b
 459 0207 FA000000 		.4byte	0xfa
 460 020b 3C       		.byte	0x3c
 461 020c 09       		.uleb128 0x9
 462 020d 66040000 		.4byte	.LASF42
 463 0211 06       		.byte	0x6
 464 0212 3201     		.2byte	0x132
 465 0214 02030000 		.4byte	0x302
 466 0218 40       		.byte	0x40
 467 0219 00       		.byte	0
 468 021a 04       		.uleb128 0x4
 469 021b 30040000 		.4byte	.LASF43
 470 021f 05       		.byte	0x5
 471 0220 44       		.byte	0x44
 472 0221 25020000 		.4byte	0x225
 473 0225 0A       		.uleb128 0xa
 474 0226 04       		.byte	0x4
 475 0227 31010000 		.4byte	0x131
 476 022b 04       		.uleb128 0x4
 477 022c F4040000 		.4byte	.LASF44
 478 0230 05       		.byte	0x5
 479 0231 49       		.byte	0x49
 480 0232 36020000 		.4byte	0x236
 481 0236 05       		.uleb128 0x5
 482 0237 70010000 		.4byte	.LASF46
 483 023b 04       		.byte	0x4
 484 023c 06       		.byte	0x6
 485 023d 88       		.byte	0x88
 486 023e 4F020000 		.4byte	0x24f
 487 0242 06       		.uleb128 0x6
 488 0243 E8040000 		.4byte	.LASF47
 489 0247 06       		.byte	0x6
 490 0248 89       		.byte	0x89
 491 0249 25020000 		.4byte	0x225
 492 024d 00       		.byte	0
 493 024e 00       		.byte	0
 494 024f 04       		.uleb128 0x4
 495 0250 4B030000 		.4byte	.LASF48
 496 0254 05       		.byte	0x5
 497 0255 50       		.byte	0x50
 498 0256 5A020000 		.4byte	0x25a
ARM GAS  /tmp/ccPHV5BD.s 			page 16


 499 025a 05       		.uleb128 0x5
 500 025b B3010000 		.4byte	.LASF49
 501 025f 08       		.byte	0x8
 502 0260 06       		.byte	0x6
 503 0261 8F       		.byte	0x8f
 504 0262 7F020000 		.4byte	0x27f
 505 0266 06       		.uleb128 0x6
 506 0267 E8040000 		.4byte	.LASF47
 507 026b 06       		.byte	0x6
 508 026c 90       		.byte	0x90
 509 026d 25020000 		.4byte	0x225
 510 0271 00       		.byte	0
 511 0272 06       		.uleb128 0x6
 512 0273 BA040000 		.4byte	.LASF50
 513 0277 06       		.byte	0x6
 514 0278 91       		.byte	0x91
 515 0279 25020000 		.4byte	0x225
 516 027d 04       		.byte	0x4
 517 027e 00       		.byte	0
 518 027f 04       		.uleb128 0x4
 519 0280 75040000 		.4byte	.LASF51
 520 0284 05       		.byte	0x5
 521 0285 57       		.byte	0x57
 522 0286 8A020000 		.4byte	0x28a
 523 028a 0B       		.uleb128 0xb
 524 028b 9F040000 		.4byte	.LASF52
 525 028f 1C       		.byte	0x1c
 526 0290 06       		.byte	0x6
 527 0291 6A01     		.2byte	0x16a
 528 0293 E6020000 		.4byte	0x2e6
 529 0297 09       		.uleb128 0x9
 530 0298 B3020000 		.4byte	.LASF28
 531 029c 06       		.byte	0x6
 532 029d 6B01     		.2byte	0x16b
 533 029f 4F020000 		.4byte	0x24f
 534 02a3 00       		.byte	0
 535 02a4 09       		.uleb128 0x9
 536 02a5 E3040000 		.4byte	.LASF29
 537 02a9 06       		.byte	0x6
 538 02aa 6C01     		.2byte	0x16c
 539 02ac FA000000 		.4byte	0xfa
 540 02b0 08       		.byte	0x8
 541 02b1 08       		.uleb128 0x8
 542 02b2 63747800 		.ascii	"ctx\000"
 543 02b6 06       		.byte	0x6
 544 02b7 6E01     		.2byte	0x16e
 545 02b9 3B040000 		.4byte	0x43b
 546 02bd 0C       		.byte	0xc
 547 02be 09       		.uleb128 0x9
 548 02bf AD020000 		.4byte	.LASF30
 549 02c3 06       		.byte	0x6
 550 02c4 7101     		.2byte	0x171
 551 02c6 25020000 		.4byte	0x225
 552 02ca 10       		.byte	0x10
 553 02cb 09       		.uleb128 0x9
 554 02cc 01020000 		.4byte	.LASF31
 555 02d0 06       		.byte	0x6
ARM GAS  /tmp/ccPHV5BD.s 			page 17


 556 02d1 7201     		.2byte	0x172
 557 02d3 25020000 		.4byte	0x225
 558 02d7 14       		.byte	0x14
 559 02d8 09       		.uleb128 0x9
 560 02d9 82040000 		.4byte	.LASF53
 561 02dd 06       		.byte	0x6
 562 02de 7501     		.2byte	0x175
 563 02e0 25020000 		.4byte	0x225
 564 02e4 18       		.byte	0x18
 565 02e5 00       		.byte	0
 566 02e6 04       		.uleb128 0x4
 567 02e7 6C040000 		.4byte	.LASF54
 568 02eb 05       		.byte	0x5
 569 02ec 5C       		.byte	0x5c
 570 02ed F1020000 		.4byte	0x2f1
 571 02f1 0A       		.uleb128 0xa
 572 02f2 04       		.byte	0x4
 573 02f3 F7020000 		.4byte	0x2f7
 574 02f7 0C       		.uleb128 0xc
 575 02f8 02030000 		.4byte	0x302
 576 02fc 0D       		.uleb128 0xd
 577 02fd 02030000 		.4byte	0x302
 578 0301 00       		.byte	0
 579 0302 0E       		.uleb128 0xe
 580 0303 04       		.byte	0x4
 581 0304 04       		.uleb128 0x4
 582 0305 70020000 		.4byte	.LASF55
 583 0309 05       		.byte	0x5
 584 030a 61       		.byte	0x61
 585 030b 0F030000 		.4byte	0x30f
 586 030f 0B       		.uleb128 0xb
 587 0310 8B030000 		.4byte	.LASF56
 588 0314 14       		.byte	0x14
 589 0315 06       		.byte	0x6
 590 0316 4501     		.2byte	0x145
 591 0318 5E030000 		.4byte	0x35e
 592 031c 09       		.uleb128 0x9
 593 031d E8040000 		.4byte	.LASF47
 594 0321 06       		.byte	0x6
 595 0322 4601     		.2byte	0x146
 596 0324 B8050000 		.4byte	0x5b8
 597 0328 00       		.byte	0
 598 0329 09       		.uleb128 0x9
 599 032a BA040000 		.4byte	.LASF50
 600 032e 06       		.byte	0x6
 601 032f 4701     		.2byte	0x147
 602 0331 B8050000 		.4byte	0x5b8
 603 0335 04       		.byte	0x4
 604 0336 09       		.uleb128 0x9
 605 0337 A5010000 		.4byte	.LASF57
 606 033b 06       		.byte	0x6
 607 033c 4801     		.2byte	0x148
 608 033e 26010000 		.4byte	0x126
 609 0342 08       		.byte	0x8
 610 0343 09       		.uleb128 0x9
 611 0344 0E020000 		.4byte	.LASF58
 612 0348 06       		.byte	0x6
ARM GAS  /tmp/ccPHV5BD.s 			page 18


 613 0349 4901     		.2byte	0x149
 614 034b E6020000 		.4byte	0x2e6
 615 034f 0C       		.byte	0xc
 616 0350 08       		.uleb128 0x8
 617 0351 70617200 		.ascii	"par\000"
 618 0355 06       		.byte	0x6
 619 0356 4B01     		.2byte	0x14b
 620 0358 02030000 		.4byte	0x302
 621 035c 10       		.byte	0x10
 622 035d 00       		.byte	0
 623 035e 04       		.uleb128 0x4
 624 035f 35030000 		.4byte	.LASF59
 625 0363 05       		.byte	0x5
 626 0364 66       		.byte	0x66
 627 0365 69030000 		.4byte	0x369
 628 0369 0B       		.uleb128 0xb
 629 036a BF040000 		.4byte	.LASF60
 630 036e 0C       		.byte	0xc
 631 036f 06       		.byte	0x6
 632 0370 5501     		.2byte	0x155
 633 0372 AB030000 		.4byte	0x3ab
 634 0376 09       		.uleb128 0x9
 635 0377 E8040000 		.4byte	.LASF47
 636 037b 06       		.byte	0x6
 637 037c 5601     		.2byte	0x156
 638 037e B8050000 		.4byte	0x5b8
 639 0382 00       		.byte	0
 640 0383 09       		.uleb128 0x9
 641 0384 BA040000 		.4byte	.LASF50
 642 0388 06       		.byte	0x6
 643 0389 5801     		.2byte	0x158
 644 038b B8050000 		.4byte	0x5b8
 645 038f 04       		.byte	0x4
 646 0390 09       		.uleb128 0x9
 647 0391 A5010000 		.4byte	.LASF57
 648 0395 06       		.byte	0x6
 649 0396 5A01     		.2byte	0x15a
 650 0398 26010000 		.4byte	0x126
 651 039c 08       		.byte	0x8
 652 039d 09       		.uleb128 0x9
 653 039e 40020000 		.4byte	.LASF61
 654 03a2 06       		.byte	0x6
 655 03a3 6201     		.2byte	0x162
 656 03a5 26010000 		.4byte	0x126
 657 03a9 0A       		.byte	0xa
 658 03aa 00       		.byte	0
 659 03ab 04       		.uleb128 0x4
 660 03ac 04010000 		.4byte	.LASF62
 661 03b0 05       		.byte	0x5
 662 03b1 6B       		.byte	0x6b
 663 03b2 B6030000 		.4byte	0x3b6
 664 03b6 0B       		.uleb128 0xb
 665 03b7 11000000 		.4byte	.LASF63
 666 03bb 04       		.byte	0x4
 667 03bc 06       		.byte	0x6
 668 03bd 7C01     		.2byte	0x17c
 669 03bf D1030000 		.4byte	0x3d1
ARM GAS  /tmp/ccPHV5BD.s 			page 19


 670 03c3 09       		.uleb128 0x9
 671 03c4 F2030000 		.4byte	.LASF64
 672 03c8 06       		.byte	0x6
 673 03c9 8401     		.2byte	0x184
 674 03cb BE050000 		.4byte	0x5be
 675 03cf 00       		.byte	0
 676 03d0 00       		.byte	0
 677 03d1 04       		.uleb128 0x4
 678 03d2 87010000 		.4byte	.LASF65
 679 03d6 05       		.byte	0x5
 680 03d7 70       		.byte	0x70
 681 03d8 DC030000 		.4byte	0x3dc
 682 03dc 0B       		.uleb128 0xb
 683 03dd 59020000 		.4byte	.LASF66
 684 03e1 70       		.byte	0x70
 685 03e2 06       		.byte	0x6
 686 03e3 9C01     		.2byte	0x19c
 687 03e5 1E040000 		.4byte	0x41e
 688 03e9 09       		.uleb128 0x9
 689 03ea 78030000 		.4byte	.LASF67
 690 03ee 06       		.byte	0x6
 691 03ef A001     		.2byte	0x1a0
 692 03f1 7F020000 		.4byte	0x27f
 693 03f5 00       		.byte	0
 694 03f6 09       		.uleb128 0x9
 695 03f7 80010000 		.4byte	.LASF68
 696 03fb 06       		.byte	0x6
 697 03fc A401     		.2byte	0x1a4
 698 03fe 5E030000 		.4byte	0x35e
 699 0402 1C       		.byte	0x1c
 700 0403 08       		.uleb128 0x8
 701 0404 64626700 		.ascii	"dbg\000"
 702 0408 06       		.byte	0x6
 703 0409 A801     		.2byte	0x1a8
 704 040b AB030000 		.4byte	0x3ab
 705 040f 28       		.byte	0x28
 706 0410 09       		.uleb128 0x9
 707 0411 4C000000 		.4byte	.LASF69
 708 0415 06       		.byte	0x6
 709 0416 AC01     		.2byte	0x1ac
 710 0418 31010000 		.4byte	0x131
 711 041c 2C       		.byte	0x2c
 712 041d 00       		.byte	0
 713 041e 03       		.uleb128 0x3
 714 041f 04       		.byte	0x4
 715 0420 07       		.byte	0x7
 716 0421 13010000 		.4byte	.LASF70
 717 0425 04       		.uleb128 0x4
 718 0426 9C010000 		.4byte	.LASF71
 719 042a 07       		.byte	0x7
 720 042b 65       		.byte	0x65
 721 042c 02030000 		.4byte	0x302
 722 0430 04       		.uleb128 0x4
 723 0431 52040000 		.4byte	.LASF72
 724 0435 07       		.byte	0x7
 725 0436 6D       		.byte	0x6d
 726 0437 CE000000 		.4byte	0xce
ARM GAS  /tmp/ccPHV5BD.s 			page 20


 727 043b 05       		.uleb128 0x5
 728 043c 63020000 		.4byte	.LASF73
 729 0440 04       		.byte	0x4
 730 0441 07       		.byte	0x7
 731 0442 89       		.byte	0x89
 732 0443 53040000 		.4byte	0x453
 733 0447 07       		.uleb128 0x7
 734 0448 737000   		.ascii	"sp\000"
 735 044b 07       		.byte	0x7
 736 044c 8A       		.byte	0x8a
 737 044d CF040000 		.4byte	0x4cf
 738 0451 00       		.byte	0
 739 0452 00       		.byte	0
 740 0453 0B       		.uleb128 0xb
 741 0454 1A040000 		.4byte	.LASF74
 742 0458 24       		.byte	0x24
 743 0459 08       		.byte	0x8
 744 045a 5901     		.2byte	0x159
 745 045c CF040000 		.4byte	0x4cf
 746 0460 08       		.uleb128 0x8
 747 0461 723400   		.ascii	"r4\000"
 748 0464 08       		.byte	0x8
 749 0465 6C01     		.2byte	0x16c
 750 0467 25040000 		.4byte	0x425
 751 046b 00       		.byte	0
 752 046c 08       		.uleb128 0x8
 753 046d 723500   		.ascii	"r5\000"
 754 0470 08       		.byte	0x8
 755 0471 6D01     		.2byte	0x16d
 756 0473 25040000 		.4byte	0x425
 757 0477 04       		.byte	0x4
 758 0478 08       		.uleb128 0x8
 759 0479 723600   		.ascii	"r6\000"
 760 047c 08       		.byte	0x8
 761 047d 6E01     		.2byte	0x16e
 762 047f 25040000 		.4byte	0x425
 763 0483 08       		.byte	0x8
 764 0484 08       		.uleb128 0x8
 765 0485 723700   		.ascii	"r7\000"
 766 0488 08       		.byte	0x8
 767 0489 6F01     		.2byte	0x16f
 768 048b 25040000 		.4byte	0x425
 769 048f 0C       		.byte	0xc
 770 0490 08       		.uleb128 0x8
 771 0491 723800   		.ascii	"r8\000"
 772 0494 08       		.byte	0x8
 773 0495 7001     		.2byte	0x170
 774 0497 25040000 		.4byte	0x425
 775 049b 10       		.byte	0x10
 776 049c 08       		.uleb128 0x8
 777 049d 723900   		.ascii	"r9\000"
 778 04a0 08       		.byte	0x8
 779 04a1 7101     		.2byte	0x171
 780 04a3 25040000 		.4byte	0x425
 781 04a7 14       		.byte	0x14
 782 04a8 08       		.uleb128 0x8
 783 04a9 72313000 		.ascii	"r10\000"
ARM GAS  /tmp/ccPHV5BD.s 			page 21


 784 04ad 08       		.byte	0x8
 785 04ae 7201     		.2byte	0x172
 786 04b0 25040000 		.4byte	0x425
 787 04b4 18       		.byte	0x18
 788 04b5 08       		.uleb128 0x8
 789 04b6 72313100 		.ascii	"r11\000"
 790 04ba 08       		.byte	0x8
 791 04bb 7301     		.2byte	0x173
 792 04bd 25040000 		.4byte	0x425
 793 04c1 1C       		.byte	0x1c
 794 04c2 08       		.uleb128 0x8
 795 04c3 6C7200   		.ascii	"lr\000"
 796 04c6 08       		.byte	0x8
 797 04c7 7401     		.2byte	0x174
 798 04c9 25040000 		.4byte	0x425
 799 04cd 20       		.byte	0x20
 800 04ce 00       		.byte	0
 801 04cf 0A       		.uleb128 0xa
 802 04d0 04       		.byte	0x4
 803 04d1 53040000 		.4byte	0x453
 804 04d5 0F       		.uleb128 0xf
 805 04d6 04       		.byte	0x4
 806 04d7 06       		.byte	0x6
 807 04d8 D2       		.byte	0xd2
 808 04d9 38050000 		.4byte	0x538
 809 04dd 10       		.uleb128 0x10
 810 04de D6040000 		.4byte	.LASF75
 811 04e2 06       		.byte	0x6
 812 04e3 D9       		.byte	0xd9
 813 04e4 05010000 		.4byte	0x105
 814 04e8 10       		.uleb128 0x10
 815 04e9 5D040000 		.4byte	.LASF76
 816 04ed 06       		.byte	0x6
 817 04ee E0       		.byte	0xe0
 818 04ef 05010000 		.4byte	0x105
 819 04f3 10       		.uleb128 0x10
 820 04f4 43040000 		.4byte	.LASF77
 821 04f8 06       		.byte	0x6
 822 04f9 E7       		.byte	0xe7
 823 04fa 02030000 		.4byte	0x302
 824 04fe 10       		.uleb128 0x10
 825 04ff 07040000 		.4byte	.LASF78
 826 0503 06       		.byte	0x6
 827 0504 EE       		.byte	0xee
 828 0505 38050000 		.4byte	0x538
 829 0509 10       		.uleb128 0x10
 830 050a A5020000 		.4byte	.LASF79
 831 050e 06       		.byte	0x6
 832 050f F3       		.byte	0xf3
 833 0510 05010000 		.4byte	0x105
 834 0514 10       		.uleb128 0x10
 835 0515 4A010000 		.4byte	.LASF80
 836 0519 06       		.byte	0x6
 837 051a FC       		.byte	0xfc
 838 051b 63050000 		.4byte	0x563
 839 051f 11       		.uleb128 0x11
 840 0520 ED040000 		.4byte	.LASF81
ARM GAS  /tmp/ccPHV5BD.s 			page 22


 841 0524 06       		.byte	0x6
 842 0525 0501     		.2byte	0x105
 843 0527 9A050000 		.4byte	0x59a
 844 052b 11       		.uleb128 0x11
 845 052c EA020000 		.4byte	.LASF82
 846 0530 06       		.byte	0x6
 847 0531 0D01     		.2byte	0x10d
 848 0533 10010000 		.4byte	0x110
 849 0537 00       		.byte	0
 850 0538 0A       		.uleb128 0xa
 851 0539 04       		.byte	0x4
 852 053a 1A020000 		.4byte	0x21a
 853 053e 05       		.uleb128 0x5
 854 053f 0D040000 		.4byte	.LASF83
 855 0543 0C       		.byte	0xc
 856 0544 09       		.byte	0x9
 857 0545 34       		.byte	0x34
 858 0546 63050000 		.4byte	0x563
 859 054a 06       		.uleb128 0x6
 860 054b B3020000 		.4byte	.LASF28
 861 054f 09       		.byte	0x9
 862 0550 35       		.byte	0x35
 863 0551 4F020000 		.4byte	0x24f
 864 0555 00       		.byte	0
 865 0556 07       		.uleb128 0x7
 866 0557 636E7400 		.ascii	"cnt\000"
 867 055b 09       		.byte	0x9
 868 055c 37       		.byte	0x37
 869 055d 1B010000 		.4byte	0x11b
 870 0561 08       		.byte	0x8
 871 0562 00       		.byte	0
 872 0563 0A       		.uleb128 0xa
 873 0564 04       		.byte	0x4
 874 0565 3E050000 		.4byte	0x53e
 875 0569 05       		.uleb128 0x5
 876 056a C4010000 		.4byte	.LASF84
 877 056e 10       		.byte	0x10
 878 056f 0A       		.byte	0xa
 879 0570 39       		.byte	0x39
 880 0571 9A050000 		.4byte	0x59a
 881 0575 06       		.uleb128 0x6
 882 0576 B3020000 		.4byte	.LASF28
 883 057a 0A       		.byte	0xa
 884 057b 3A       		.byte	0x3a
 885 057c 4F020000 		.4byte	0x24f
 886 0580 00       		.byte	0
 887 0581 06       		.uleb128 0x6
 888 0582 E4020000 		.4byte	.LASF85
 889 0586 0A       		.byte	0xa
 890 0587 3C       		.byte	0x3c
 891 0588 25020000 		.4byte	0x225
 892 058c 08       		.byte	0x8
 893 058d 06       		.uleb128 0x6
 894 058e E8040000 		.4byte	.LASF47
 895 0592 0A       		.byte	0xa
 896 0593 3E       		.byte	0x3e
 897 0594 CE050000 		.4byte	0x5ce
ARM GAS  /tmp/ccPHV5BD.s 			page 23


 898 0598 0C       		.byte	0xc
 899 0599 00       		.byte	0
 900 059a 0A       		.uleb128 0xa
 901 059b 04       		.byte	0x4
 902 059c 69050000 		.4byte	0x569
 903 05a0 0A       		.uleb128 0xa
 904 05a1 04       		.byte	0x4
 905 05a2 A6050000 		.4byte	0x5a6
 906 05a6 12       		.uleb128 0x12
 907 05a7 AB050000 		.4byte	0x5ab
 908 05ab 03       		.uleb128 0x3
 909 05ac 01       		.byte	0x1
 910 05ad 08       		.byte	0x8
 911 05ae 7E030000 		.4byte	.LASF86
 912 05b2 0A       		.uleb128 0xa
 913 05b3 04       		.byte	0x4
 914 05b4 30040000 		.4byte	0x430
 915 05b8 0A       		.uleb128 0xa
 916 05b9 04       		.byte	0x4
 917 05ba 04030000 		.4byte	0x304
 918 05be 13       		.uleb128 0x13
 919 05bf A0050000 		.4byte	0x5a0
 920 05c3 04       		.uleb128 0x4
 921 05c4 83030000 		.4byte	.LASF87
 922 05c8 0A       		.byte	0xa
 923 05c9 34       		.byte	0x34
 924 05ca 69050000 		.4byte	0x569
 925 05ce 0A       		.uleb128 0xa
 926 05cf 04       		.byte	0x4
 927 05d0 C3050000 		.4byte	0x5c3
 928 05d4 03       		.uleb128 0x3
 929 05d5 01       		.byte	0x1
 930 05d6 02       		.byte	0x2
 931 05d7 BA030000 		.4byte	.LASF88
 932 05db 14       		.uleb128 0x14
 933 05dc 0C       		.byte	0xc
 934 05dd 0B       		.byte	0xb
 935 05de 68       		.byte	0x68
 936 05df 08060000 		.4byte	0x608
 937 05e3 07       		.uleb128 0x7
 938 05e4 6F647200 		.ascii	"odr\000"
 939 05e8 0B       		.byte	0xb
 940 05e9 6A       		.byte	0x6a
 941 05ea C3000000 		.4byte	0xc3
 942 05ee 00       		.byte	0
 943 05ef 07       		.uleb128 0x7
 944 05f0 63726C00 		.ascii	"crl\000"
 945 05f4 0B       		.byte	0xb
 946 05f5 6C       		.byte	0x6c
 947 05f6 C3000000 		.4byte	0xc3
 948 05fa 04       		.byte	0x4
 949 05fb 07       		.uleb128 0x7
 950 05fc 63726800 		.ascii	"crh\000"
 951 0600 0B       		.byte	0xb
 952 0601 6E       		.byte	0x6e
 953 0602 C3000000 		.4byte	0xc3
 954 0606 08       		.byte	0x8
ARM GAS  /tmp/ccPHV5BD.s 			page 24


 955 0607 00       		.byte	0
 956 0608 04       		.uleb128 0x4
 957 0609 22030000 		.4byte	.LASF89
 958 060d 0B       		.byte	0xb
 959 060e 6F       		.byte	0x6f
 960 060f DB050000 		.4byte	0x5db
 961 0613 14       		.uleb128 0x14
 962 0614 3C       		.byte	0x3c
 963 0615 0B       		.byte	0xb
 964 0616 78       		.byte	0x78
 965 0617 58060000 		.4byte	0x658
 966 061b 06       		.uleb128 0x6
 967 061c BE020000 		.4byte	.LASF90
 968 0620 0B       		.byte	0xb
 969 0621 7A       		.byte	0x7a
 970 0622 08060000 		.4byte	0x608
 971 0626 00       		.byte	0
 972 0627 06       		.uleb128 0x6
 973 0628 B3030000 		.4byte	.LASF91
 974 062c 0B       		.byte	0xb
 975 062d 7C       		.byte	0x7c
 976 062e 08060000 		.4byte	0x608
 977 0632 0C       		.byte	0xc
 978 0633 06       		.uleb128 0x6
 979 0634 C5020000 		.4byte	.LASF92
 980 0638 0B       		.byte	0xb
 981 0639 7E       		.byte	0x7e
 982 063a 08060000 		.4byte	0x608
 983 063e 18       		.byte	0x18
 984 063f 06       		.uleb128 0x6
 985 0640 52020000 		.4byte	.LASF93
 986 0644 0B       		.byte	0xb
 987 0645 80       		.byte	0x80
 988 0646 08060000 		.4byte	0x608
 989 064a 24       		.byte	0x24
 990 064b 06       		.uleb128 0x6
 991 064c D0030000 		.4byte	.LASF94
 992 0650 0B       		.byte	0xb
 993 0651 83       		.byte	0x83
 994 0652 08060000 		.4byte	0x608
 995 0656 30       		.byte	0x30
 996 0657 00       		.byte	0
 997 0658 04       		.uleb128 0x4
 998 0659 CC020000 		.4byte	.LASF95
 999 065d 0B       		.byte	0xb
 1000 065e 8D       		.byte	0x8d
 1001 065f 13060000 		.4byte	0x613
 1002 0663 15       		.uleb128 0x15
 1003 0664 8A040000 		.4byte	.LASF101
 1004 0668 01       		.byte	0x1
 1005 0669 28       		.byte	0x28
 1006 066a 00000000 		.4byte	.LFB219
 1007 066e 04000000 		.4byte	.LFE219-.LFB219
 1008 0672 01       		.uleb128 0x1
 1009 0673 9C       		.byte	0x9c
 1010 0674 82060000 		.4byte	0x682
 1011 0678 16       		.uleb128 0x16
ARM GAS  /tmp/ccPHV5BD.s 			page 25


 1012 0679 04000000 		.4byte	.LVL0
 1013 067d C5060000 		.4byte	0x6c5
 1014 0681 00       		.byte	0
 1015 0682 17       		.uleb128 0x17
 1016 0683 80020000 		.4byte	.LASF102
 1017 0687 01       		.byte	0x1
 1018 0688 30       		.byte	0x30
 1019 0689 00000000 		.4byte	.LFB220
 1020 068d 02000000 		.4byte	.LFE220-.LFB220
 1021 0691 01       		.uleb128 0x1
 1022 0692 9C       		.byte	0x9c
 1023 0693 18       		.uleb128 0x18
 1024 0694 AD040000 		.4byte	.LASF96
 1025 0698 0C       		.byte	0xc
 1026 0699 9606     		.2byte	0x696
 1027 069b 9F060000 		.4byte	0x69f
 1028 069f 13       		.uleb128 0x13
 1029 06a0 B8000000 		.4byte	0xb8
 1030 06a4 19       		.uleb128 0x19
 1031 06a5 636800   		.ascii	"ch\000"
 1032 06a8 06       		.byte	0x6
 1033 06a9 D201     		.2byte	0x1d2
 1034 06ab D1030000 		.4byte	0x3d1
 1035 06af 1A       		.uleb128 0x1a
 1036 06b0 2A000000 		.4byte	.LASF97
 1037 06b4 01       		.byte	0x1
 1038 06b5 19       		.byte	0x19
 1039 06b6 C0060000 		.4byte	0x6c0
 1040 06ba 05       		.uleb128 0x5
 1041 06bb 03       		.byte	0x3
 1042 06bc 00000000 		.4byte	pal_default_config
 1043 06c0 12       		.uleb128 0x12
 1044 06c1 58060000 		.4byte	0x658
 1045 06c5 1B       		.uleb128 0x1b
 1046 06c6 94020000 		.4byte	.LASF103
 1047 06ca 0D       		.byte	0xd
 1048 06cb D8       		.byte	0xd8
 1049 06cc 00       		.byte	0
 1050              		.section	.debug_abbrev,"",%progbits
 1051              	.Ldebug_abbrev0:
 1052 0000 01       		.uleb128 0x1
 1053 0001 11       		.uleb128 0x11
 1054 0002 01       		.byte	0x1
 1055 0003 25       		.uleb128 0x25
 1056 0004 0E       		.uleb128 0xe
 1057 0005 13       		.uleb128 0x13
 1058 0006 0B       		.uleb128 0xb
 1059 0007 03       		.uleb128 0x3
 1060 0008 0E       		.uleb128 0xe
 1061 0009 1B       		.uleb128 0x1b
 1062 000a 0E       		.uleb128 0xe
 1063 000b 55       		.uleb128 0x55
 1064 000c 17       		.uleb128 0x17
 1065 000d 11       		.uleb128 0x11
 1066 000e 01       		.uleb128 0x1
 1067 000f 10       		.uleb128 0x10
 1068 0010 17       		.uleb128 0x17
ARM GAS  /tmp/ccPHV5BD.s 			page 26


 1069 0011 00       		.byte	0
 1070 0012 00       		.byte	0
 1071 0013 02       		.uleb128 0x2
 1072 0014 24       		.uleb128 0x24
 1073 0015 00       		.byte	0
 1074 0016 0B       		.uleb128 0xb
 1075 0017 0B       		.uleb128 0xb
 1076 0018 3E       		.uleb128 0x3e
 1077 0019 0B       		.uleb128 0xb
 1078 001a 03       		.uleb128 0x3
 1079 001b 08       		.uleb128 0x8
 1080 001c 00       		.byte	0
 1081 001d 00       		.byte	0
 1082 001e 03       		.uleb128 0x3
 1083 001f 24       		.uleb128 0x24
 1084 0020 00       		.byte	0
 1085 0021 0B       		.uleb128 0xb
 1086 0022 0B       		.uleb128 0xb
 1087 0023 3E       		.uleb128 0x3e
 1088 0024 0B       		.uleb128 0xb
 1089 0025 03       		.uleb128 0x3
 1090 0026 0E       		.uleb128 0xe
 1091 0027 00       		.byte	0
 1092 0028 00       		.byte	0
 1093 0029 04       		.uleb128 0x4
 1094 002a 16       		.uleb128 0x16
 1095 002b 00       		.byte	0
 1096 002c 03       		.uleb128 0x3
 1097 002d 0E       		.uleb128 0xe
 1098 002e 3A       		.uleb128 0x3a
 1099 002f 0B       		.uleb128 0xb
 1100 0030 3B       		.uleb128 0x3b
 1101 0031 0B       		.uleb128 0xb
 1102 0032 49       		.uleb128 0x49
 1103 0033 13       		.uleb128 0x13
 1104 0034 00       		.byte	0
 1105 0035 00       		.byte	0
 1106 0036 05       		.uleb128 0x5
 1107 0037 13       		.uleb128 0x13
 1108 0038 01       		.byte	0x1
 1109 0039 03       		.uleb128 0x3
 1110 003a 0E       		.uleb128 0xe
 1111 003b 0B       		.uleb128 0xb
 1112 003c 0B       		.uleb128 0xb
 1113 003d 3A       		.uleb128 0x3a
 1114 003e 0B       		.uleb128 0xb
 1115 003f 3B       		.uleb128 0x3b
 1116 0040 0B       		.uleb128 0xb
 1117 0041 01       		.uleb128 0x1
 1118 0042 13       		.uleb128 0x13
 1119 0043 00       		.byte	0
 1120 0044 00       		.byte	0
 1121 0045 06       		.uleb128 0x6
 1122 0046 0D       		.uleb128 0xd
 1123 0047 00       		.byte	0
 1124 0048 03       		.uleb128 0x3
 1125 0049 0E       		.uleb128 0xe
ARM GAS  /tmp/ccPHV5BD.s 			page 27


 1126 004a 3A       		.uleb128 0x3a
 1127 004b 0B       		.uleb128 0xb
 1128 004c 3B       		.uleb128 0x3b
 1129 004d 0B       		.uleb128 0xb
 1130 004e 49       		.uleb128 0x49
 1131 004f 13       		.uleb128 0x13
 1132 0050 38       		.uleb128 0x38
 1133 0051 0B       		.uleb128 0xb
 1134 0052 00       		.byte	0
 1135 0053 00       		.byte	0
 1136 0054 07       		.uleb128 0x7
 1137 0055 0D       		.uleb128 0xd
 1138 0056 00       		.byte	0
 1139 0057 03       		.uleb128 0x3
 1140 0058 08       		.uleb128 0x8
 1141 0059 3A       		.uleb128 0x3a
 1142 005a 0B       		.uleb128 0xb
 1143 005b 3B       		.uleb128 0x3b
 1144 005c 0B       		.uleb128 0xb
 1145 005d 49       		.uleb128 0x49
 1146 005e 13       		.uleb128 0x13
 1147 005f 38       		.uleb128 0x38
 1148 0060 0B       		.uleb128 0xb
 1149 0061 00       		.byte	0
 1150 0062 00       		.byte	0
 1151 0063 08       		.uleb128 0x8
 1152 0064 0D       		.uleb128 0xd
 1153 0065 00       		.byte	0
 1154 0066 03       		.uleb128 0x3
 1155 0067 08       		.uleb128 0x8
 1156 0068 3A       		.uleb128 0x3a
 1157 0069 0B       		.uleb128 0xb
 1158 006a 3B       		.uleb128 0x3b
 1159 006b 05       		.uleb128 0x5
 1160 006c 49       		.uleb128 0x49
 1161 006d 13       		.uleb128 0x13
 1162 006e 38       		.uleb128 0x38
 1163 006f 0B       		.uleb128 0xb
 1164 0070 00       		.byte	0
 1165 0071 00       		.byte	0
 1166 0072 09       		.uleb128 0x9
 1167 0073 0D       		.uleb128 0xd
 1168 0074 00       		.byte	0
 1169 0075 03       		.uleb128 0x3
 1170 0076 0E       		.uleb128 0xe
 1171 0077 3A       		.uleb128 0x3a
 1172 0078 0B       		.uleb128 0xb
 1173 0079 3B       		.uleb128 0x3b
 1174 007a 05       		.uleb128 0x5
 1175 007b 49       		.uleb128 0x49
 1176 007c 13       		.uleb128 0x13
 1177 007d 38       		.uleb128 0x38
 1178 007e 0B       		.uleb128 0xb
 1179 007f 00       		.byte	0
 1180 0080 00       		.byte	0
 1181 0081 0A       		.uleb128 0xa
 1182 0082 0F       		.uleb128 0xf
ARM GAS  /tmp/ccPHV5BD.s 			page 28


 1183 0083 00       		.byte	0
 1184 0084 0B       		.uleb128 0xb
 1185 0085 0B       		.uleb128 0xb
 1186 0086 49       		.uleb128 0x49
 1187 0087 13       		.uleb128 0x13
 1188 0088 00       		.byte	0
 1189 0089 00       		.byte	0
 1190 008a 0B       		.uleb128 0xb
 1191 008b 13       		.uleb128 0x13
 1192 008c 01       		.byte	0x1
 1193 008d 03       		.uleb128 0x3
 1194 008e 0E       		.uleb128 0xe
 1195 008f 0B       		.uleb128 0xb
 1196 0090 0B       		.uleb128 0xb
 1197 0091 3A       		.uleb128 0x3a
 1198 0092 0B       		.uleb128 0xb
 1199 0093 3B       		.uleb128 0x3b
 1200 0094 05       		.uleb128 0x5
 1201 0095 01       		.uleb128 0x1
 1202 0096 13       		.uleb128 0x13
 1203 0097 00       		.byte	0
 1204 0098 00       		.byte	0
 1205 0099 0C       		.uleb128 0xc
 1206 009a 15       		.uleb128 0x15
 1207 009b 01       		.byte	0x1
 1208 009c 27       		.uleb128 0x27
 1209 009d 19       		.uleb128 0x19
 1210 009e 01       		.uleb128 0x1
 1211 009f 13       		.uleb128 0x13
 1212 00a0 00       		.byte	0
 1213 00a1 00       		.byte	0
 1214 00a2 0D       		.uleb128 0xd
 1215 00a3 05       		.uleb128 0x5
 1216 00a4 00       		.byte	0
 1217 00a5 49       		.uleb128 0x49
 1218 00a6 13       		.uleb128 0x13
 1219 00a7 00       		.byte	0
 1220 00a8 00       		.byte	0
 1221 00a9 0E       		.uleb128 0xe
 1222 00aa 0F       		.uleb128 0xf
 1223 00ab 00       		.byte	0
 1224 00ac 0B       		.uleb128 0xb
 1225 00ad 0B       		.uleb128 0xb
 1226 00ae 00       		.byte	0
 1227 00af 00       		.byte	0
 1228 00b0 0F       		.uleb128 0xf
 1229 00b1 17       		.uleb128 0x17
 1230 00b2 01       		.byte	0x1
 1231 00b3 0B       		.uleb128 0xb
 1232 00b4 0B       		.uleb128 0xb
 1233 00b5 3A       		.uleb128 0x3a
 1234 00b6 0B       		.uleb128 0xb
 1235 00b7 3B       		.uleb128 0x3b
 1236 00b8 0B       		.uleb128 0xb
 1237 00b9 01       		.uleb128 0x1
 1238 00ba 13       		.uleb128 0x13
 1239 00bb 00       		.byte	0
ARM GAS  /tmp/ccPHV5BD.s 			page 29


 1240 00bc 00       		.byte	0
 1241 00bd 10       		.uleb128 0x10
 1242 00be 0D       		.uleb128 0xd
 1243 00bf 00       		.byte	0
 1244 00c0 03       		.uleb128 0x3
 1245 00c1 0E       		.uleb128 0xe
 1246 00c2 3A       		.uleb128 0x3a
 1247 00c3 0B       		.uleb128 0xb
 1248 00c4 3B       		.uleb128 0x3b
 1249 00c5 0B       		.uleb128 0xb
 1250 00c6 49       		.uleb128 0x49
 1251 00c7 13       		.uleb128 0x13
 1252 00c8 00       		.byte	0
 1253 00c9 00       		.byte	0
 1254 00ca 11       		.uleb128 0x11
 1255 00cb 0D       		.uleb128 0xd
 1256 00cc 00       		.byte	0
 1257 00cd 03       		.uleb128 0x3
 1258 00ce 0E       		.uleb128 0xe
 1259 00cf 3A       		.uleb128 0x3a
 1260 00d0 0B       		.uleb128 0xb
 1261 00d1 3B       		.uleb128 0x3b
 1262 00d2 05       		.uleb128 0x5
 1263 00d3 49       		.uleb128 0x49
 1264 00d4 13       		.uleb128 0x13
 1265 00d5 00       		.byte	0
 1266 00d6 00       		.byte	0
 1267 00d7 12       		.uleb128 0x12
 1268 00d8 26       		.uleb128 0x26
 1269 00d9 00       		.byte	0
 1270 00da 49       		.uleb128 0x49
 1271 00db 13       		.uleb128 0x13
 1272 00dc 00       		.byte	0
 1273 00dd 00       		.byte	0
 1274 00de 13       		.uleb128 0x13
 1275 00df 35       		.uleb128 0x35
 1276 00e0 00       		.byte	0
 1277 00e1 49       		.uleb128 0x49
 1278 00e2 13       		.uleb128 0x13
 1279 00e3 00       		.byte	0
 1280 00e4 00       		.byte	0
 1281 00e5 14       		.uleb128 0x14
 1282 00e6 13       		.uleb128 0x13
 1283 00e7 01       		.byte	0x1
 1284 00e8 0B       		.uleb128 0xb
 1285 00e9 0B       		.uleb128 0xb
 1286 00ea 3A       		.uleb128 0x3a
 1287 00eb 0B       		.uleb128 0xb
 1288 00ec 3B       		.uleb128 0x3b
 1289 00ed 0B       		.uleb128 0xb
 1290 00ee 01       		.uleb128 0x1
 1291 00ef 13       		.uleb128 0x13
 1292 00f0 00       		.byte	0
 1293 00f1 00       		.byte	0
 1294 00f2 15       		.uleb128 0x15
 1295 00f3 2E       		.uleb128 0x2e
 1296 00f4 01       		.byte	0x1
ARM GAS  /tmp/ccPHV5BD.s 			page 30


 1297 00f5 3F       		.uleb128 0x3f
 1298 00f6 19       		.uleb128 0x19
 1299 00f7 03       		.uleb128 0x3
 1300 00f8 0E       		.uleb128 0xe
 1301 00f9 3A       		.uleb128 0x3a
 1302 00fa 0B       		.uleb128 0xb
 1303 00fb 3B       		.uleb128 0x3b
 1304 00fc 0B       		.uleb128 0xb
 1305 00fd 27       		.uleb128 0x27
 1306 00fe 19       		.uleb128 0x19
 1307 00ff 11       		.uleb128 0x11
 1308 0100 01       		.uleb128 0x1
 1309 0101 12       		.uleb128 0x12
 1310 0102 06       		.uleb128 0x6
 1311 0103 40       		.uleb128 0x40
 1312 0104 18       		.uleb128 0x18
 1313 0105 9742     		.uleb128 0x2117
 1314 0107 19       		.uleb128 0x19
 1315 0108 01       		.uleb128 0x1
 1316 0109 13       		.uleb128 0x13
 1317 010a 00       		.byte	0
 1318 010b 00       		.byte	0
 1319 010c 16       		.uleb128 0x16
 1320 010d 898201   		.uleb128 0x4109
 1321 0110 00       		.byte	0
 1322 0111 11       		.uleb128 0x11
 1323 0112 01       		.uleb128 0x1
 1324 0113 9542     		.uleb128 0x2115
 1325 0115 19       		.uleb128 0x19
 1326 0116 31       		.uleb128 0x31
 1327 0117 13       		.uleb128 0x13
 1328 0118 00       		.byte	0
 1329 0119 00       		.byte	0
 1330 011a 17       		.uleb128 0x17
 1331 011b 2E       		.uleb128 0x2e
 1332 011c 00       		.byte	0
 1333 011d 3F       		.uleb128 0x3f
 1334 011e 19       		.uleb128 0x19
 1335 011f 03       		.uleb128 0x3
 1336 0120 0E       		.uleb128 0xe
 1337 0121 3A       		.uleb128 0x3a
 1338 0122 0B       		.uleb128 0xb
 1339 0123 3B       		.uleb128 0x3b
 1340 0124 0B       		.uleb128 0xb
 1341 0125 27       		.uleb128 0x27
 1342 0126 19       		.uleb128 0x19
 1343 0127 11       		.uleb128 0x11
 1344 0128 01       		.uleb128 0x1
 1345 0129 12       		.uleb128 0x12
 1346 012a 06       		.uleb128 0x6
 1347 012b 40       		.uleb128 0x40
 1348 012c 18       		.uleb128 0x18
 1349 012d 9742     		.uleb128 0x2117
 1350 012f 19       		.uleb128 0x19
 1351 0130 00       		.byte	0
 1352 0131 00       		.byte	0
 1353 0132 18       		.uleb128 0x18
ARM GAS  /tmp/ccPHV5BD.s 			page 31


 1354 0133 34       		.uleb128 0x34
 1355 0134 00       		.byte	0
 1356 0135 03       		.uleb128 0x3
 1357 0136 0E       		.uleb128 0xe
 1358 0137 3A       		.uleb128 0x3a
 1359 0138 0B       		.uleb128 0xb
 1360 0139 3B       		.uleb128 0x3b
 1361 013a 05       		.uleb128 0x5
 1362 013b 49       		.uleb128 0x49
 1363 013c 13       		.uleb128 0x13
 1364 013d 3F       		.uleb128 0x3f
 1365 013e 19       		.uleb128 0x19
 1366 013f 3C       		.uleb128 0x3c
 1367 0140 19       		.uleb128 0x19
 1368 0141 00       		.byte	0
 1369 0142 00       		.byte	0
 1370 0143 19       		.uleb128 0x19
 1371 0144 34       		.uleb128 0x34
 1372 0145 00       		.byte	0
 1373 0146 03       		.uleb128 0x3
 1374 0147 08       		.uleb128 0x8
 1375 0148 3A       		.uleb128 0x3a
 1376 0149 0B       		.uleb128 0xb
 1377 014a 3B       		.uleb128 0x3b
 1378 014b 05       		.uleb128 0x5
 1379 014c 49       		.uleb128 0x49
 1380 014d 13       		.uleb128 0x13
 1381 014e 3F       		.uleb128 0x3f
 1382 014f 19       		.uleb128 0x19
 1383 0150 3C       		.uleb128 0x3c
 1384 0151 19       		.uleb128 0x19
 1385 0152 00       		.byte	0
 1386 0153 00       		.byte	0
 1387 0154 1A       		.uleb128 0x1a
 1388 0155 34       		.uleb128 0x34
 1389 0156 00       		.byte	0
 1390 0157 03       		.uleb128 0x3
 1391 0158 0E       		.uleb128 0xe
 1392 0159 3A       		.uleb128 0x3a
 1393 015a 0B       		.uleb128 0xb
 1394 015b 3B       		.uleb128 0x3b
 1395 015c 0B       		.uleb128 0xb
 1396 015d 49       		.uleb128 0x49
 1397 015e 13       		.uleb128 0x13
 1398 015f 3F       		.uleb128 0x3f
 1399 0160 19       		.uleb128 0x19
 1400 0161 02       		.uleb128 0x2
 1401 0162 18       		.uleb128 0x18
 1402 0163 00       		.byte	0
 1403 0164 00       		.byte	0
 1404 0165 1B       		.uleb128 0x1b
 1405 0166 2E       		.uleb128 0x2e
 1406 0167 00       		.byte	0
 1407 0168 3F       		.uleb128 0x3f
 1408 0169 19       		.uleb128 0x19
 1409 016a 03       		.uleb128 0x3
 1410 016b 0E       		.uleb128 0xe
ARM GAS  /tmp/ccPHV5BD.s 			page 32


 1411 016c 3A       		.uleb128 0x3a
 1412 016d 0B       		.uleb128 0xb
 1413 016e 3B       		.uleb128 0x3b
 1414 016f 0B       		.uleb128 0xb
 1415 0170 27       		.uleb128 0x27
 1416 0171 19       		.uleb128 0x19
 1417 0172 3C       		.uleb128 0x3c
 1418 0173 19       		.uleb128 0x19
 1419 0174 00       		.byte	0
 1420 0175 00       		.byte	0
 1421 0176 00       		.byte	0
 1422              		.section	.debug_aranges,"",%progbits
 1423 0000 24000000 		.4byte	0x24
 1424 0004 0200     		.2byte	0x2
 1425 0006 00000000 		.4byte	.Ldebug_info0
 1426 000a 04       		.byte	0x4
 1427 000b 00       		.byte	0
 1428 000c 0000     		.2byte	0
 1429 000e 0000     		.2byte	0
 1430 0010 00000000 		.4byte	.LFB219
 1431 0014 04000000 		.4byte	.LFE219-.LFB219
 1432 0018 00000000 		.4byte	.LFB220
 1433 001c 02000000 		.4byte	.LFE220-.LFB220
 1434 0020 00000000 		.4byte	0
 1435 0024 00000000 		.4byte	0
 1436              		.section	.debug_ranges,"",%progbits
 1437              	.Ldebug_ranges0:
 1438 0000 00000000 		.4byte	.LFB219
 1439 0004 04000000 		.4byte	.LFE219
 1440 0008 00000000 		.4byte	.LFB220
 1441 000c 02000000 		.4byte	.LFE220
 1442 0010 00000000 		.4byte	0
 1443 0014 00000000 		.4byte	0
 1444              		.section	.debug_line,"",%progbits
 1445              	.Ldebug_line0:
 1446 0000 F3010000 		.section	.debug_str,"MS",%progbits,1
 1446      0200CE01 
 1446      00000201 
 1446      FB0E0D00 
 1446      01010101 
 1447              	.LASF27:
 1448 0000 74687265 		.ascii	"thread_t\000"
 1448      61645F74 
 1448      00
 1449              	.LASF21:
 1450 0009 74726566 		.ascii	"trefs_t\000"
 1450      735F7400 
 1451              	.LASF63:
 1452 0011 63685F73 		.ascii	"ch_system_debug\000"
 1452      79737465 
 1452      6D5F6465 
 1452      62756700 
 1453              	.LASF39:
 1454 0021 6570656E 		.ascii	"epending\000"
 1454      64696E67 
 1454      00
 1455              	.LASF97:
ARM GAS  /tmp/ccPHV5BD.s 			page 33


 1456 002a 70616C5F 		.ascii	"pal_default_config\000"
 1456      64656661 
 1456      756C745F 
 1456      636F6E66 
 1456      696700
 1457              	.LASF34:
 1458 003d 73746174 		.ascii	"state\000"
 1458      6500
 1459              	.LASF18:
 1460 0043 75696E74 		.ascii	"uint64_t\000"
 1460      36345F74 
 1460      00
 1461              	.LASF69:
 1462 004c 6D61696E 		.ascii	"mainthread\000"
 1462      74687265 
 1462      616400
 1463              	.LASF3:
 1464 0057 73686F72 		.ascii	"short int\000"
 1464      7420696E 
 1464      7400
 1465              	.LASF98:
 1466 0061 474E5520 		.ascii	"GNU C 4.8.2 -mcpu=cortex-m3 -mno-thumb-interwork -m"
 1466      4320342E 
 1466      382E3220 
 1466      2D6D6370 
 1466      753D636F 
 1467 0094 7468756D 		.ascii	"thumb -ggdb -O2 -fomit-frame-pointer -falign-functi"
 1467      62202D67 
 1467      67646220 
 1467      2D4F3220 
 1467      2D666F6D 
 1468 00c7 6F6E733D 		.ascii	"ons=16 -ffunction-sections -fdata-sections -fno-com"
 1468      3136202D 
 1468      6666756E 
 1468      6374696F 
 1468      6E2D7365 
 1469 00fa 6D6F6E20 		.ascii	"mon -flto\000"
 1469      2D666C74 
 1469      6F00
 1470              	.LASF62:
 1471 0104 73797374 		.ascii	"system_debug_t\000"
 1471      656D5F64 
 1471      65627567 
 1471      5F7400
 1472              	.LASF70:
 1473 0113 73697A65 		.ascii	"sizetype\000"
 1473      74797065 
 1473      00
 1474              	.LASF99:
 1475 011c 2E2E2F6F 		.ascii	"../os/hal/boards/ST_STM32VL_DISCOVERY/board.c\000"
 1475      732F6861 
 1475      6C2F626F 
 1475      61726473 
 1475      2F53545F 
 1476              	.LASF80:
 1477 014a 77747365 		.ascii	"wtsemp\000"
 1477      6D7000
ARM GAS  /tmp/ccPHV5BD.s 			page 34


 1478              	.LASF5:
 1479 0151 5F5F7569 		.ascii	"__uint16_t\000"
 1479      6E743136 
 1479      5F7400
 1480              	.LASF24:
 1481 015c 6576656E 		.ascii	"eventmask_t\000"
 1481      746D6173 
 1481      6B5F7400 
 1482              	.LASF19:
 1483 0168 746D6F64 		.ascii	"tmode_t\000"
 1483      655F7400 
 1484              	.LASF46:
 1485 0170 63685F74 		.ascii	"ch_threads_list\000"
 1485      68726561 
 1485      64735F6C 
 1485      69737400 
 1486              	.LASF68:
 1487 0180 76746C69 		.ascii	"vtlist\000"
 1487      737400
 1488              	.LASF65:
 1489 0187 63685F73 		.ascii	"ch_system_t\000"
 1489      79737465 
 1489      6D5F7400 
 1490              	.LASF38:
 1491 0193 6D736771 		.ascii	"msgqueue\000"
 1491      75657565 
 1491      00
 1492              	.LASF71:
 1493 019c 72656761 		.ascii	"regarm_t\000"
 1493      726D5F74 
 1493      00
 1494              	.LASF57:
 1495 01a5 64656C74 		.ascii	"delta\000"
 1495      6100
 1496              	.LASF14:
 1497 01ab 75696E74 		.ascii	"uint8_t\000"
 1497      385F7400 
 1498              	.LASF49:
 1499 01b3 63685F74 		.ascii	"ch_threads_queue\000"
 1499      68726561 
 1499      64735F71 
 1499      75657565 
 1499      00
 1500              	.LASF84:
 1501 01c4 63685F6D 		.ascii	"ch_mutex\000"
 1501      75746578 
 1501      00
 1502              	.LASF100:
 1503 01cd 2F686F6D 		.ascii	"/home/jerson/ChibiOS/rt_stm32f100rb_onion\000"
 1503      652F6A65 
 1503      72736F6E 
 1503      2F436869 
 1503      62694F53 
 1504              	.LASF45:
 1505 01f7 63685F74 		.ascii	"ch_thread\000"
 1505      68726561 
 1505      6400
ARM GAS  /tmp/ccPHV5BD.s 			page 35


 1506              	.LASF31:
 1507 0201 6F6C6465 		.ascii	"older\000"
 1507      7200
 1508              	.LASF33:
 1509 0207 77616261 		.ascii	"wabase\000"
 1509      736500
 1510              	.LASF58:
 1511 020e 66756E63 		.ascii	"func\000"
 1511      00
 1512              	.LASF11:
 1513 0213 6C6F6E67 		.ascii	"long long int\000"
 1513      206C6F6E 
 1513      6720696E 
 1513      7400
 1514              	.LASF13:
 1515 0221 6C6F6E67 		.ascii	"long long unsigned int\000"
 1515      206C6F6E 
 1515      6720756E 
 1515      7369676E 
 1515      65642069 
 1516              	.LASF22:
 1517 0238 74707269 		.ascii	"tprio_t\000"
 1517      6F5F7400 
 1518              	.LASF61:
 1519 0240 6C617374 		.ascii	"lasttime\000"
 1519      74696D65 
 1519      00
 1520              	.LASF8:
 1521 0249 6C6F6E67 		.ascii	"long int\000"
 1521      20696E74 
 1521      00
 1522              	.LASF93:
 1523 0252 50444461 		.ascii	"PDData\000"
 1523      746100
 1524              	.LASF66:
 1525 0259 63685F73 		.ascii	"ch_system\000"
 1525      79737465 
 1525      6D00
 1526              	.LASF73:
 1527 0263 706F7274 		.ascii	"port_context\000"
 1527      5F636F6E 
 1527      74657874 
 1527      00
 1528              	.LASF55:
 1529 0270 76697274 		.ascii	"virtual_timer_t\000"
 1529      75616C5F 
 1529      74696D65 
 1529      725F7400 
 1530              	.LASF102:
 1531 0280 626F6172 		.ascii	"boardInit\000"
 1531      64496E69 
 1531      7400
 1532              	.LASF4:
 1533 028a 5F5F7569 		.ascii	"__uint8_t\000"
 1533      6E74385F 
 1533      7400
 1534              	.LASF103:
ARM GAS  /tmp/ccPHV5BD.s 			page 36


 1535 0294 73746D33 		.ascii	"stm32_clock_init\000"
 1535      325F636C 
 1535      6F636B5F 
 1535      696E6974 
 1535      00
 1536              	.LASF79:
 1537 02a5 73656E74 		.ascii	"sentmsg\000"
 1537      6D736700 
 1538              	.LASF30:
 1539 02ad 6E657765 		.ascii	"newer\000"
 1539      7200
 1540              	.LASF28:
 1541 02b3 71756575 		.ascii	"queue\000"
 1541      6500
 1542              	.LASF32:
 1543 02b9 6E616D65 		.ascii	"name\000"
 1543      00
 1544              	.LASF90:
 1545 02be 50414461 		.ascii	"PAData\000"
 1545      746100
 1546              	.LASF92:
 1547 02c5 50434461 		.ascii	"PCData\000"
 1547      746100
 1548              	.LASF95:
 1549 02cc 50414C43 		.ascii	"PALConfig\000"
 1549      6F6E6669 
 1549      6700
 1550              	.LASF2:
 1551 02d6 756E7369 		.ascii	"unsigned char\000"
 1551      676E6564 
 1551      20636861 
 1551      7200
 1552              	.LASF85:
 1553 02e4 6F776E65 		.ascii	"owner\000"
 1553      7200
 1554              	.LASF82:
 1555 02ea 65776D61 		.ascii	"ewmask\000"
 1555      736B00
 1556              	.LASF1:
 1557 02f1 7369676E 		.ascii	"signed char\000"
 1557      65642063 
 1557      68617200 
 1558              	.LASF35:
 1559 02fd 666C6167 		.ascii	"flags\000"
 1559      7300
 1560              	.LASF17:
 1561 0303 75696E74 		.ascii	"uint32_t\000"
 1561      33325F74 
 1561      00
 1562              	.LASF0:
 1563 030c 756E7369 		.ascii	"unsigned int\000"
 1563      676E6564 
 1563      20696E74 
 1563      00
 1564              	.LASF15:
 1565 0319 75696E74 		.ascii	"uint16_t\000"
 1565      31365F74 
ARM GAS  /tmp/ccPHV5BD.s 			page 37


 1565      00
 1566              	.LASF89:
 1567 0322 73746D33 		.ascii	"stm32_gpio_setup_t\000"
 1567      325F6770 
 1567      696F5F73 
 1567      65747570 
 1567      5F7400
 1568              	.LASF59:
 1569 0335 76697274 		.ascii	"virtual_timers_list_t\000"
 1569      75616C5F 
 1569      74696D65 
 1569      72735F6C 
 1569      6973745F 
 1570              	.LASF48:
 1571 034b 74687265 		.ascii	"threads_queue_t\000"
 1571      6164735F 
 1571      71756575 
 1571      655F7400 
 1572              	.LASF6:
 1573 035b 73686F72 		.ascii	"short unsigned int\000"
 1573      7420756E 
 1573      7369676E 
 1573      65642069 
 1573      6E7400
 1574              	.LASF26:
 1575 036e 73797374 		.ascii	"systime_t\000"
 1575      696D655F 
 1575      7400
 1576              	.LASF67:
 1577 0378 726C6973 		.ascii	"rlist\000"
 1577      7400
 1578              	.LASF86:
 1579 037e 63686172 		.ascii	"char\000"
 1579      00
 1580              	.LASF87:
 1581 0383 6D757465 		.ascii	"mutex_t\000"
 1581      785F7400 
 1582              	.LASF56:
 1583 038b 63685F76 		.ascii	"ch_virtual_timer\000"
 1583      69727475 
 1583      616C5F74 
 1583      696D6572 
 1583      00
 1584              	.LASF16:
 1585 039c 696E7433 		.ascii	"int32_t\000"
 1585      325F7400 
 1586              	.LASF25:
 1587 03a4 636E745F 		.ascii	"cnt_t\000"
 1587      7400
 1588              	.LASF41:
 1589 03aa 7265616C 		.ascii	"realprio\000"
 1589      7072696F 
 1589      00
 1590              	.LASF91:
 1591 03b3 50424461 		.ascii	"PBData\000"
 1591      746100
 1592              	.LASF88:
ARM GAS  /tmp/ccPHV5BD.s 			page 38


 1593 03ba 5F426F6F 		.ascii	"_Bool\000"
 1593      6C00
 1594              	.LASF12:
 1595 03c0 5F5F7569 		.ascii	"__uint64_t\000"
 1595      6E743634 
 1595      5F7400
 1596              	.LASF36:
 1597 03cb 72656673 		.ascii	"refs\000"
 1597      00
 1598              	.LASF94:
 1599 03d0 50454461 		.ascii	"PEData\000"
 1599      746100
 1600              	.LASF20:
 1601 03d7 74737461 		.ascii	"tstate_t\000"
 1601      74655F74 
 1601      00
 1602              	.LASF10:
 1603 03e0 6C6F6E67 		.ascii	"long unsigned int\000"
 1603      20756E73 
 1603      69676E65 
 1603      6420696E 
 1603      7400
 1604              	.LASF64:
 1605 03f2 70616E69 		.ascii	"panic_msg\000"
 1605      635F6D73 
 1605      6700
 1606              	.LASF9:
 1607 03fc 5F5F7569 		.ascii	"__uint32_t\000"
 1607      6E743332 
 1607      5F7400
 1608              	.LASF78:
 1609 0407 77747472 		.ascii	"wttrp\000"
 1609      7000
 1610              	.LASF83:
 1611 040d 63685F73 		.ascii	"ch_semaphore\000"
 1611      656D6170 
 1611      686F7265 
 1611      00
 1612              	.LASF74:
 1613 041a 706F7274 		.ascii	"port_intctx\000"
 1613      5F696E74 
 1613      63747800 
 1614              	.LASF7:
 1615 0426 5F5F696E 		.ascii	"__int32_t\000"
 1615      7433325F 
 1615      7400
 1616              	.LASF43:
 1617 0430 74687265 		.ascii	"thread_reference_t\000"
 1617      61645F72 
 1617      65666572 
 1617      656E6365 
 1617      5F7400
 1618              	.LASF77:
 1619 0443 77746F62 		.ascii	"wtobjp\000"
 1619      6A7000
 1620              	.LASF40:
 1621 044a 6D74786C 		.ascii	"mtxlist\000"
ARM GAS  /tmp/ccPHV5BD.s 			page 39


 1621      69737400 
 1622              	.LASF72:
 1623 0452 73746B61 		.ascii	"stkalign_t\000"
 1623      6C69676E 
 1623      5F7400
 1624              	.LASF76:
 1625 045d 65786974 		.ascii	"exitcode\000"
 1625      636F6465 
 1625      00
 1626              	.LASF42:
 1627 0466 6D706F6F 		.ascii	"mpool\000"
 1627      6C00
 1628              	.LASF54:
 1629 046c 76746675 		.ascii	"vtfunc_t\000"
 1629      6E635F74 
 1629      00
 1630              	.LASF51:
 1631 0475 72656164 		.ascii	"ready_list_t\000"
 1631      795F6C69 
 1631      73745F74 
 1631      00
 1632              	.LASF53:
 1633 0482 63757272 		.ascii	"current\000"
 1633      656E7400 
 1634              	.LASF101:
 1635 048a 5F5F6561 		.ascii	"__early_init\000"
 1635      726C795F 
 1635      696E6974 
 1635      00
 1636              	.LASF37:
 1637 0497 77616974 		.ascii	"waiting\000"
 1637      696E6700 
 1638              	.LASF52:
 1639 049f 63685F72 		.ascii	"ch_ready_list\000"
 1639      65616479 
 1639      5F6C6973 
 1639      7400
 1640              	.LASF96:
 1641 04ad 49544D5F 		.ascii	"ITM_RxBuffer\000"
 1641      52784275 
 1641      66666572 
 1641      00
 1642              	.LASF50:
 1643 04ba 70726576 		.ascii	"prev\000"
 1643      00
 1644              	.LASF60:
 1645 04bf 63685F76 		.ascii	"ch_virtual_timers_list\000"
 1645      69727475 
 1645      616C5F74 
 1645      696D6572 
 1645      735F6C69 
 1646              	.LASF75:
 1647 04d6 7264796D 		.ascii	"rdymsg\000"
 1647      736700
 1648              	.LASF23:
 1649 04dd 6D73675F 		.ascii	"msg_t\000"
 1649      7400
ARM GAS  /tmp/ccPHV5BD.s 			page 40


 1650              	.LASF29:
 1651 04e3 7072696F 		.ascii	"prio\000"
 1651      00
 1652              	.LASF47:
 1653 04e8 6E657874 		.ascii	"next\000"
 1653      00
 1654              	.LASF81:
 1655 04ed 77746D74 		.ascii	"wtmtxp\000"
 1655      787000
 1656              	.LASF44:
 1657 04f4 74687265 		.ascii	"threads_list_t\000"
 1657      6164735F 
 1657      6C697374 
 1657      5F7400
 1658              		.comm	__gnu_lto_v1,1,1
 1659              		.ident	"GCC: (4.8.2-14ubuntu1+6) 4.8.2"
ARM GAS  /tmp/ccPHV5BD.s 			page 41


DEFINED SYMBOLS
                            *ABS*:0000000000000000 board.c
     /tmp/ccPHV5BD.s:137    .text.__early_init:0000000000000000 $t
     /tmp/ccPHV5BD.s:143    .text.__early_init:0000000000000000 __early_init
     /tmp/ccPHV5BD.s:158    .text.boardInit:0000000000000000 $t
     /tmp/ccPHV5BD.s:164    .text.boardInit:0000000000000000 boardInit
     /tmp/ccPHV5BD.s:180    .rodata.pal_default_config:0000000000000000 pal_default_config
     /tmp/ccPHV5BD.s:177    .rodata.pal_default_config:0000000000000000 $d
                            *COM*:0000000000000001 __gnu_lto_v1
                     .debug_frame:0000000000000010 $d

UNDEFINED SYMBOLS
stm32_clock_init
