ARM GAS  /tmp/ccmBPbwT.s 			page 1


   1              		.syntax unified
   2              		.cpu cortex-m3
   3              		.fpu softvfp
   4              		.eabi_attribute 20, 1
   5              		.eabi_attribute 21, 1
   6              		.eabi_attribute 23, 3
   7              		.eabi_attribute 24, 1
   8              		.eabi_attribute 25, 1
   9              		.eabi_attribute 26, 1
  10              		.eabi_attribute 30, 2
  11              		.eabi_attribute 34, 1
  12              		.eabi_attribute 18, 4
  13              		.thumb
  14              		.file	"crt1.c"
  15              		.text
  16              	.Ltext0:
  17              		.section	.gnu.lto_.jmpfuncs.4256197340a3659d,"",%progbits
  18 0000 789C6362 		.ascii	"x\234cb`b\300\006x\2404+\003\003#P\0113\003\013\003"
  18      6062C006 
  18      78A0342B 
  18      03032350 
  18      0933030B 
  19 0015 03000236 		.ascii	"\003\000\0026\000 "
  19      0020
  20              		.text
  21              		.section	.gnu.lto_.inline.4256197340a3659d,"",%progbits
  22 0000 789C6362 		.ascii	"x\234cb`b\300\006\342\2414+\003\0033\023#X\021\333\002"
  22      6062C006 
  22      E2A1342B 
  22      03033313 
  22      235811DB 
  23 0015 79B05A46 		.ascii	"y\260ZF\014\021&\014\021f \017\"\302\002\261\200\205"
  23      0C11260C 
  23      1166200F 
  23      22C202B1 
  23      8085
  24 0027 41E41527 		.ascii	"A\344\025'PD\251m\321LF\2702\006\000\3774\006\240"
  24      5044A96D 
  24      D14C46B8 
  24      320600FF 
  24      3406A0
  25              		.text
  26              		.section	.gnu.lto_.pureconst.4256197340a3659d,"",%progbits
  27 0000 789C6362 		.ascii	"x\234cb`b\340f\200\000V\006\011F\011&\011f\023\026)"
  27      6062E066 
  27      80005606 
  27      09460926 
  27      09661316 
  28 0015 00044D00 		.ascii	"\000\004M\000\265"
  28      B5
  29              		.text
  30              		.section	.gnu.lto___core_init.4256197340a3659d,"",%progbits
  31 0000 789C6362 		.ascii	"x\234cb`b@\007\222@\034\014\304\306@\314\310\314\300"
  31      60624007 
  31      92401C0C 
  31      C4C640CC 
  31      C8CCC0
ARM GAS  /tmp/ccmBPbwT.s 			page 2


  32 0013 C834E11C 		.ascii	"\3104\341\034\003C#\007\023##\210\301\300\310P\317\304"
  32      03432307 
  32      13232388 
  32      C1C0C850 
  32      CFC4
  33 0025 581FC908 		.ascii	"X\037\311\010V\273\236\351\300\203\377\377\327m\350"
  33      56BB9EE9 
  33      C083FFFF 
  33      D76DE8
  34 0034 9AF38671 		.ascii	"\232\363\206q%\023\310,V\206\226\206\206\011\012\014"
  34      2513C82C 
  34      56869686 
  34      86090A0C 
  35 0044 0CC96015 		.ascii	"\014\311`\025!@\022\244-\224\221\011D3_d`Ld\\\310\310"
  35      214012A4 
  35      2D949109 
  35      44335F64 
  35      604C645C 
  36 005a 0AB72D84 		.ascii	"\012\267-\204\221\021$\001\322j\250\247\247\237_\254"
  36      91112401 
  36      D26AA8A7 
  36      A79F5FAC 
  37 006a 9F9C9F9B 		.ascii	"\237\234\237\233\233\237\247_\\\222XTRZ\240\357\030"
  37      9B9FA75F 
  37      5C925854 
  37      525AA0EF 
  37      18
  38 007b E4EBEC5B 		.ascii	"\344\353\354[\001\022-\310\314I-*\326wwv\326O.*1\324"
  38      01122DC8 
  38      CC492D2A 
  38      D6777776 
  38      D64F2E2A 
  39 0091 4B660000 		.ascii	"Kf\000\000\354\006(9"
  39      EC062839 
  40              		.text
  41              		.section	.gnu.lto___early_init.4256197340a3659d,"",%progbits
  42 0000 789C6362 		.ascii	"x\234cb`b@\007\222@\034\000\304\306@\314\310\314\300"
  42      60624007 
  42      92401C00 
  42      C4C640CC 
  42      C8CCC0
  43 0013 C834E11C 		.ascii	"\3104\341\034\003C#\007\023##\210\301\300\310P\317\304"
  43      03432307 
  43      13232388 
  43      C1C0C850 
  43      CFC4
  44 0025 581FC908 		.ascii	"X\037\311\010V\273\236\351\300\203\377\377\327};5G\002"
  44      56BB9EE9 
  44      C083FFFF 
  44      D77D3B35 
  44      4702
  45 0037 64102B43 		.ascii	"d\020+CKC\303\004\005\006\206d\260t\010\220\004\351"
  45      4B43C304 
  45      05068664 
  45      B0740890 
  45      04E9
  46 0049 09656402 		.ascii	"\011ed\002\321\314\027\031\030\023\031\0272\262\302"
ARM GAS  /tmp/ccmBPbwT.s 			page 3


  46      D1CC1719 
  46      18131917 
  46      32B2C2
  47 0058 AD0A6164 		.ascii	"\255\012ad\004I\200\264\032\352\351\351\347\027\353"
  47      044980B4 
  47      1AEAE9E9 
  47      E717EB
  48 0067 27E7E7E6 		.ascii	"'\347\347\346\346\347\351\027\227$\026\225\224\026\350"
  48      E6E7E917 
  48      97241695 
  48      9416E8
  49 0076 3B06F93A 		.ascii	";\006\371:\373V\200D\0132sR\213\212\365\335\235\235"
  49      FB568044 
  49      0B327352 
  49      8B8AF5DD 
  49      9D9D
  50 0088 F5938B4A 		.ascii	"\365\223\213J\014\365\222\031\000T@'<"
  50      0CF59219 
  50      00544027 
  50      3C
  51              		.text
  52              		.section	.gnu.lto___late_init.4256197340a3659d,"",%progbits
  53 0000 789C6362 		.ascii	"x\234cb`b@\007\222@\034\000\304\306@\314\310\314\300"
  53      60624007 
  53      92401C00 
  53      C4C640CC 
  53      C8CCC0
  54 0013 C834E11C 		.ascii	"\3104\341\034\003C#\007\023##\210\301\300\310P\317\304"
  54      03432307 
  54      13232388 
  54      C1C0C850 
  54      CFC4
  55 0025 581FC908 		.ascii	"X\037\311\010V\273\236\351\300\203\377\377\327m\352"
  55      56BB9EE9 
  55      C083FFFF 
  55      D76DEA
  56 0034 9E230132 		.ascii	"\236#\0012\210\225\241\245\241a\202\002\003C2X:\004"
  56      8895A1A5 
  56      A1618202 
  56      03433258 
  56      3A04
  57 0046 4882F484 		.ascii	"H\202\364\20422\201h\346\213\014\214\211\214\013\031"
  57      32328168 
  57      E68B0C8C 
  57      898C0B19 
  58 0056 59E15685 		.ascii	"Y\341V\20502\202$@Z\015\365\364\364\363\213\365\223"
  58      30328224 
  58      405A0DF5 
  58      F4F4F38B 
  58      F593
  59 0068 F37373F3 		.ascii	"\363ss\363\363\364\213K\022\213JJ\013\364\035\203|\235"
  59      F3F48B4B 
  59      128B4A4A 
  59      0BF41D83 
  59      7C9D
  60 007a 7D2B40A2 		.ascii	"}+@\242\005\2319\251E\305\372\356\316\316\372\311E%"
  60      059939A9 
ARM GAS  /tmp/ccmBPbwT.s 			page 4


  60      45C5FAEE 
  60      CECEFAC9 
  60      4525
  61 008c 867AC90C 		.ascii	"\206z\311\014\000\030\240&\271"
  61      0018A026 
  61      B9
  62              		.text
  63              		.section	.gnu.lto___default_exit.4256197340a3659d,"",%progbits
  64 0000 789C6362 		.ascii	"x\234cb`b@\007:@\354\003\304\306@\314\310\312\300\310"
  64      60624007 
  64      3A40EC03 
  64      C4C640CC 
  64      C8CAC0C8 
  65 0014 34E11C03 		.ascii	"4\341\034\003C#\007\023#3\210\301\310\314\310\002\021"
  65      43230713 
  65      233388C1 
  65      C8CCC802 
  65      11
  66 0025 60810838 		.ascii	"`\201\010822\32431\2630\326G2\202\265\257g:\360\340"
  66      3232D433 
  66      31B330D6 
  66      473282B5 
  66      AF673AF0 
  67 003a FFFF7577 		.ascii	"\377\377uwN\317\335\303\270\236\011$\306\312\320\322"
  67      4ECFDDC3 
  67      B89E0924 
  67      C6CAD0D2 
  68 004a D0304181 		.ascii	"\3200A\201\201!\031\254\"\004H2\002I&\240Y!\214\314"
  68      812119AC 
  68      22044832 
  68      024926A0 
  68      59218CCC 
  69 005e 0C404318 		.ascii	"\014@C\030C\030Y\2404\304\020\006C==\375\374b\375\344"
  69      431859A0 
  69      34C41006 
  69      433D3DFD 
  69      FC62FDE4 
  70 0072 FCDCDCFC 		.ascii	"\374\334\334\374<\375\342\222\304\242\222\322\002}\307"
  70      3CFDE292 
  70      C4A292D2 
  70      027DC7
  71 0081 205F67DF 		.ascii	" _g\337\012\220hAfNjQ\261\276\273\263\263~rQ\211\241"
  71      0A906841 
  71      664E6A51 
  71      B1BEBBB3 
  71      B37E7251 
  72 0097 5E320300 		.ascii	"^2\003\000\025\023)\243"
  72      151329A3 
  73              		.text
  74              		.section	.gnu.lto___init_ram_areas.4256197340a3659d,"",%progbits
  75 0000 789C8D54 		.ascii	"x\234\215T]HTA\024>g\346\336\273w\177lWv\203\204\"\221"
  75      5D485441 
  75      143E67E6 
  75      DEBB777F 
  75      6C577683 
  76 0017 A087C845 		.ascii	"\240\207\310E\010\012\352E|\350\311\207B\241\036\242"
  76      080AEA45 
ARM GAS  /tmp/ccmBPbwT.s 			page 5


  76      7CE8C987 
  76      42A11EA2 
  77 0027 B62D1629 		.ascii	"\266-\026)s\321\025\202\002g\325 Jj\013\002\313\015"
  77      73D11582 
  77      0267D520 
  77      4A6A0B02 
  77      CB0D
  78 0039 1491FE84 		.ascii	"\024\221\376\204\210^\226\350a\205B\005\223\366\321"
  78      885E96E8 
  78      61854205 
  78      93F6D1
  79 0048 28D8927C 		.ascii	"(\330\222|\260 \304z(\242\355\314\235\271W\224\355g"
  79      B020C47A 
  79      28A2EDCC 
  79      9DB95794 
  79      ED67
  80 005a 60F7CC9C 		.ascii	"`\367\314\234\237\357\234\363\315\234\313\200\301\306"
  80      9FEF9CF3 
  80      CD9CCB80 
  80      C1C6
  81 0068 3540BF33 		.ascii	"5@\2773&\300\001\222\030\002d\271y\200\254\315\220\253"
  81      26C00192 
  81      180264B9 
  81      7980ACCD 
  81      90AB
  82 007a 0D47536D 		.ascii	"\015GSm\014\265\231\262Mf\014M\003\210\2005\350\003"
  82      0CB599B2 
  82      4D660C4D 
  82      03888035 
  82      E803
  83 008c 11B2D096 		.ascii	"\021\262\320\226z\364)9e\333\314\247\354~\307\356gA"
  83      7AF42939 
  83      65DBCCA7 
  83      EC7EC7EE 
  83      6741
  84 009e 750C38C7 		.ascii	"u\0148\307\240\002n\016 J\011\010}\214\033\246\345\263"
  84      A0026E0E 
  84      204A0908 
  84      7D8C1BA6 
  84      E5B3
  85 00b0 FDC100F6 		.ascii	"\375\301\000\366\035EY\024o\2001!n\226_~(\361\333\242"
  85      1D455914 
  85      6F803121 
  85      6E965F7E 
  85      28F1DBA2 
  86 00c4 38382A7E 		.ascii	"88*~V*\210\035H\015\354AH\"\034\241\003\326;\202\031"
  86      562A881D 
  86      480DEC41 
  86      48221CA1 
  86      03D63B82 
  87 00d9 EB3B52B1 		.ascii	"\353;R\261\305\221\371\353ub\264?'~Qh\007r\006\373\376"
  87      C591F9EB 
  87      7562B43F 
  87      277E5168 
  87      077206FB 
  88 00ee 33323F1F 		.ascii	"32?\037\312e/\213J\245\317\011\333\377\257\260\307\254"
  88      CA652F8B 
ARM GAS  /tmp/ccmBPbwT.s 			page 6


  88      4AA5CF09 
  88      DBFFAFB0 
  88      C7AC
  89 0100 58AE5486 		.ascii	"X\256T\206V\276\276/`t3B\002\307\260\201*M\3408INr\202"
  89      56BEBE2F 
  89      60743342 
  89      02C7B081 
  89      2A4DE038 
  90 0118 A4A1A5AD 		.ascii	"\244\241\245\255e@\333\203\372\034\002\312VC\177FXk"
  90      6540DB83 
  90      FA1C02CA 
  90      56437F46 
  90      586B
  91 012a 22DAA356 		.ascii	"\"\332\243VZ\242Z\031\323\360\264L\030\024\"W\357\236"
  91      5AA25A19 
  91      D3F0B44C 
  91      18142257 
  91      EF9E
  92 013c 930E756D 		.ascii	"\223\016um\364_\002hGF\202\317B\177\371\312\364\246"
  92      F45F0268 
  92      474682CF 
  92      427FF9CA 
  92      F4A6
  93 014e 04DE4353 		.ascii	"\004\336CS\007^\200\037bX\210\033\324\210\331\211k]"
  93      075E801F 
  93      6258881B 
  93      D488D989 
  93      6B5D
  94 0160 B4238741 		.ascii	"\264#\207A\237\214\260A\273\246\220\354\257\240\377"
  94      9F8CB041 
  94      BBA690EC 
  94      AFA0FF
  95 016f 4D61F13B 		.ascii	"Ma\361;z\331dI\252\026\351'\201i\2450\260\013\036\212"
  95      7AD96449 
  95      AA16E927 
  95      8169A530 
  95      B00B1E8A 
  96 0183 9C10C73B 		.ascii	"\234\020\307;\320\032\201;\004\357\243x\311\227\302"
  96      D01A813B 
  96      04EFA378 
  96      C997C2
  97 0192 3FE9E5A2 		.ascii	"?\351\345\242\024\305\355\011|\340\2244\356\344\011"
  97      14C5ED09 
  97      7CE09434 
  97      EEE409
  98 01a1 A83C338B 		.ascii	"\250<3\213\250\364)\014j\270c\177\204\303jp\023\016"
  98      A8F4290C 
  98      6AB8637F 
  98      84C36A70 
  98      130E
  99 01b3 5C50EA17 		.ascii	"\\P\352\027\000U\257\305[\327vx\315\262\373\204\023"
  99      0055AFC5 
  99      5BD77678 
  99      CDB2FB84 
  99      13
 100 01c4 0BCE7D3B 		.ascii	"\013\316};![6\200\336&\247\324\317.}\312ous\327\250"
 100      215B3680 
ARM GAS  /tmp/ccmBPbwT.s 			page 7


 100      DE26A7D4 
 100      CF2E7DCA 
 100      6F7573D7 
 101 01d9 84760A99 		.ascii	"\204v\012\231L\310u\"r\233}m)'\362\310\012!\302\216"
 101      4CC87522 
 101      729B7D6D 
 101      2927F2C8 
 101      0A21C28E 
 102 01ed 175FF3A2 		.ascii	"\027_\363\242`\3518pu\340K~\213\213\027\326.\316\303"
 102      60E93870 
 102      75E04B7E 
 102      8B8B17D6 
 102      2ECEC3
 103 0200 9905B6BE 		.ascii	"\231\005\266\276\330\260\016X\315\327\271\001\021\235"
 103      D8B00E58 
 103      CDD7B901 
 103      119D
 104 020e 79638022 		.ascii	"yc\200\"+\342^\230\0114B\336\215)4\356\020\342(\224"
 104      2BE25E98 
 104      093442DE 
 104      8D2934EE 
 104      10E22894 
 105 0222 37D357B8 		.ascii	"7\323W\270\264\300\\\370\220\3446\362Gb\335\217\304"
 105      B4C05CF8 
 105      90E436F2 
 105      4762DD8F 
 105      C4
 106 0233 0CBC58CA 		.ascii	"\014\274X\312\356\365\202R\036\021D-\243;\343oW.R5\306"
 106      EEF58252 
 106      1E11442D 
 106      A33BE36F 
 106      572E5235 
 107 0248 DCEAA905 		.ascii	"\334\352\251\005\340\304:\377,\025a\343\371\252C\256"
 107      E0C43AFF 
 107      2C1561E3 
 107      F9AA43AE 
 108 0258 25DF9374 		.ascii	"%\337\223t\226\024\231(U>\227\357Ba\271\204U\2504\326"
 108      96149928 
 108      553E97EF 
 108      4261B984 
 108      55A834D6 
 109 026c A8943B5B 		.ascii	"\250\224;[\361N\354<\272\353\321\031\325n\325\351\214"
 109      F14EEC3C 
 109      BAEBD119 
 109      D56ED5E9 
 109      8C
 110 027d BAECD892 		.ascii	"\272\354\330\222\035\\\317\216\241\310\030^^#\243\366"
 110      1D5CCF8E 
 110      A1C8185E 
 110      5E23A3F6 
 111 028d EF64F0AA 		.ascii	"\357d\360\252d\324:P.\031F\012m\013)\265oR=+\277\354"
 111      64D43A50 
 111      2E19460A 
 111      6D0B29B5 
 111      6F523D2B 
 112 02a3 DC29FBC9 		.ascii	"\334)\373\31167$\246\201Yd}\325j\320bN\206\217S\357"
 112      363724A6 
ARM GAS  /tmp/ccmBPbwT.s 			page 8


 112      8159647D 
 112      D56AD062 
 112      4E868F53 
 113 02b8 E651CD14 		.ascii	"\346Q\315\024\251\364\244\036\242bv\303\244\034\206"
 113      A9F4A41E 
 113      A26276C3 
 113      A41C86
 114 02c7 5EAAAF53 		.ascii	"^\252\257S}\213\3746T[m\364\366\237Z\330N\023E\343_"
 114      7D8BFC36 
 114      545B6DF4 
 114      F69F5AD8 
 114      4E1345E3 
 115 02dc 826CB9B0 		.ascii	"\202l\271\260\323\033R\355\201d\222w\334\324\330\030"
 115      D31B52ED 
 115      81649277 
 115      DCD4D818 
 116 02ec EFEA8927 		.ascii	"\357\352\211'\273:;\273\316\305{2\211\356Lo:\336|\270"
 116      BB3A3BBB 
 116      CEC57B32 
 116      89EE4C6F 
 116      3ADE7CB8 
 117 0300 B5A5F5BC 		.ascii	"\265\245\365\274\324\246;\316\236\356\356\211\037li"
 117      D4A63BCE 
 117      9EEEEE89 
 117      1F6C69
 118 030f 8927BB33 		.ascii	"\211'\2733M\215I\340\335\2114\313\2441\375\033\007\013"
 118      4D8D49E0 
 118      DD8934CB 
 118      A431FD1B 
 118      070B
 119 0321 540C     		.ascii	"T\014"
 120              		.text
 121              		.section	.gnu.lto_.symbol_nodes.4256197340a3659d,"",%progbits
 122 0000 789C4DD0 		.ascii	"x\234M\320YN\002Q\020\205\341\277o\367\005\001Ap`\036"
 122      594E0251 
 122      1085E1BF 
 122      6FF70501 
 122      4170601E 
 123 0014 5C831BF0 		.ascii	"\\\203\033\360\325]\335W\036]\201kQqB\260\031\025d\022"
 123      D55DDD57 
 123      1E5D816B 
 123      517142B0 
 123      19156412 
 124 0028 8585D827 		.ascii	"\205\205\330'\306@\275|99IUR\006\303\205\307\337\230"
 124      C640BD7C 
 124      39394955 
 124      5206C385 
 124      C7DF98
 125 003b 5B1C5C87 		.ascii	"[\034\\\207\340\334M\3233w8o/\336\343\314^l\341\374"
 125      E0DC4DD3 
 125      3377386F 
 125      2FDEE3CC 
 125      5E6CE1FC 
 126 004f FF78651E 		.ascii	"\377xe\036p\301\256\264\227\004\316\267\217x\321F\373"
 126      70C1AEB4 
 126      9704CEB7 
 126      8F78D146 
ARM GAS  /tmp/ccmBPbwT.s 			page 9


 126      FB
 127 0060 141D8978 		.ascii	"\024\035\211x\306\027/\004\242\215\025\257\304D\207"
 127      C6172F04 
 127      A28D15AF 
 127      C44487
 128 006f B8E87220 		.ascii	"\270\350r \336H\210\220\244\350\221\022}\016\305\200"
 128      DE488890 
 128      A4E89112 
 128      7D0EC580 
 129 007f B4189211 		.ascii	"\264\030\222\021#\216\304\230\254x''>8\026\023N\304"
 129      238EC498 
 129      AC782727 
 129      3E381613 
 129      4EC4
 130 0091 9453F1C9 		.ascii	"\224S\361\311\231\230\221\027s\012bAQ,)\211\025e\361"
 130      99989117 
 130      730A6241 
 130      512C2989 
 130      1565F1
 131 00a4 4545ACA9 		.ascii	"EE\254\251\212oj\342\207\272\330\320\020[\316\365\252"
 131      8A6F6AE2 
 131      87BAD8D0 
 131      105BCEF5 
 131      AA
 132 00b5 5F3DDA45 		.ascii	"_=\332E\311"
 132      C9
 133              		.text
 134              		.section	.gnu.lto_.refs.4256197340a3659d,"",%progbits
 135 0000 789C25C1 		.ascii	"x\234%\301[\026BP\000\000\300{\346\270Ry\246\007J\221"
 135      5B164250 
 135      0000C07B 
 135      E6B85279 
 135      A6074A91 
 136 0014 2CA6FD6F 		.ascii	",\246\375o\310\207\031A\370\207\235D\024\247(u\2209"
 136      C8871941 
 136      F8879D44 
 136      14A72875 
 136      9039
 137 0026 3A39CB15 		.ascii	":9\313\025J\225Z\343\242uus\367\320\351\015\236^Fo\037"
 137      4A955AE3 
 137      A2757573 
 137      F7D0E90D 
 137      9E5E466F 
 138 003b 93D9D7E2 		.ascii	"\223\331\327\342g\015\033s\304\003w"
 138      670D1B73 
 138      C40377
 139              		.text
 140              		.section	.gnu.lto_.decls.4256197340a3659d,"",%progbits
 141 0000 789C9558 		.ascii	"x\234\225Xml\024E\030\236\331+m\257=ZD\305` \\\211h"
 141      6D6C1445 
 141      189ED92B 
 141      6DAF3D5A 
 141      44C56020 
 142 0017 42A4C7F5 		.ascii	"B\244\307\365S\215\240\246?\360\207\370\303\204D\177"
 142      538DA0A6 
 142      3FF087F8 
 142      C384447F 
ARM GAS  /tmp/ccmBPbwT.s 			page 10


 143 0027 6DD6630D 		.ascii	"m\326c\015\027\257Wr\335\006\2101\031\010\266\004\214"
 143      17AF5772 
 143      DD068831 
 143      1908B604 
 143      8C
 144 0038 2984A6EA 		.ascii	")\204\246\352\205\217*\220\022\213\2664\266\236pv\333"
 144      858F2A90 
 144      128BB634 
 144      B69E7076 
 144      DB
 145 0049 0428560C 		.ascii	"\004(V\014\332T\003E\275\004\243\301\250\301`0\240p"
 145      DA540345 
 145      BD04A3C1 
 145      A8C16030 
 145      A070
 146 005b BEFB711F 		.ascii	"\276\373q\03737sC'}\356fv\337\347}f\346\231w\232VA\012"
 146      33377343 
 146      277DEE66 
 146      76DFE77D 
 146      66E69977 
 147 0073 1AC008A5 		.ascii	"\032\300\010\245\241\305\037@\350\011\017B\245\010\241"
 147      A1C51F40 
 147      E8090F42 
 147      A508A1
 148 0082 B528D7E6 		.ascii	"\265(\327\346\001\372\000\375\200\001\300 `\004P\003"
 148      01FA00FD 
 148      8001C020 
 148      60045003 
 149 0092 4800BE03 		.ascii	"H\000\276\003\\\002\\\001\374\004\270\012\370\005p\015"
 149      5C025C01 
 149      FC04B80A 
 149      F805700D 
 150 00a2 F03BE03A 		.ascii	"\360;\340:\340\006\340&\340\026\340\216\225\0244=\200"
 150      E006E026 
 150      E016E08E 
 150      9514343D 
 150      80
 151 00b3 52400560 		.ascii	"R@\005`>`\001\340~\300C\200\207\001K\001~\300#\200\307"
 151      3E6001E0 
 151      7EC04380 
 151      87014B01 
 151      7EC02380 
 152 00c8 002B01AB 		.ascii	"\000+\001\253\000A@\003\240\031\360\024FT\353\313\353"
 152      00414003 
 152      A019F014 
 152      4654EBCB 
 152      EB
 153 00d9 63669C69 		.ascii	"cf\234i\375LL?'f\200\211\031\340\304\01421\203\234\030"
 153      FD4C4C3F 
 153      27668089 
 153      19E0C40C 
 153      3231839C 
 154 00ee 6B9F2A00 		.ascii	"k\237*\000OC@\025|\373\000\343\2002\300\032x\266\026"
 154      4F434015 
 154      7CFB00E3 
 154      8032C01A 
 154      78B616
ARM GAS  /tmp/ccmBPbwT.s 			page 11


 155 0101 700AFA13 		.ascii	"p\012\372\023\200\022\027&\340<`\012p\301\315=\342~"
 155      80121726 
 155      E03C600A 
 155      70C1CD3D 
 155      E27E
 156 0113 2798FCCB 		.ascii	"'\230\374\313\320Ar\330L\275ulh19\274c<\235~\006-B="
 156      D04172D8 
 156      4CBD756C 
 156      683139BC 
 156      633C9D7E 
 157 012b 04DAE14E 		.ascii	"\004\332\341NB\260\241\341\265\017\242\227\261\206\253"
 157      42B0A1E1 
 157      B50FA297 
 157      B186AB
 158 013a BCC86F77 		.ascii	"\274\310ow|^[\004!\015\177\200\027\271\275\015\036'"
 158      7C5E5B04 
 158      210D7F80 
 158      17B9BD0D 
 158      1E27
 159 014c 9D626DEC 		.ascii	"\235bm\354Jt\034\370\335\204\354X\316\354.4\017\304"
 159      4A741CF8 
 159      DD84EC58 
 159      CEEC2E34 
 159      0FC4
 160 015e C0CFBAEC 		.ascii	"\300\317\272\354\233G\321QK\216\364\023\217-f\245\353"
 160      9B47D151 
 160      4B8EF413 
 160      8F2D66A5 
 160      EB
 161 016f C3CBF239 		.ascii	"\303\313\3629\032\376\020+\205\2636o~\351\353\036O\245"
 161      1AFE102B 
 161      85B3366F 
 161      7EE9EB1E 
 161      4FA5
 162 0181 D3CB9CA9 		.ascii	"\323\313\234\251(\350\005\014\261G\360\312\234\222\206"
 162      28E8050C 
 162      B147F0CA 
 162      9C9286
 163 0190 8FE5A83C 		.ascii	"\217\345\250<\251~V\3528W\352\344\024#\365\312\334\245"
 163      A97E56EA 
 163      3857EAE4 
 163      1423F5CA 
 163      DCA5
 164 01a2 0658A913 		.ascii	"\006X\251\023\034\251q\363\012+\245\013\245\334\315"
 164      1CA971F3 
 164      0A2BA50B 
 164      A5DCCD
 165 01b1 34F2B799 		.ascii	"4\362\267\231\247<\310*\017q\224Sf\367\327\276\356\355"
 165      A73CC82A 
 165      0F719453 
 165      66F7D7BE 
 165      EEED
 166 01c3 F9CA6FE6 		.ascii	"\371\312o\346+\213\222\217\260\311G\351\344\313Q\037"
 166      2B8B928F 
 166      B0C947E9 
 166      E4CB511F 
 167 01d3 B978D1BC 		.ascii	"\271x\321\274\325y\010\303\021#\344n:\215\357C\335V"
ARM GAS  /tmp/ccmBPbwT.s 			page 12


 167      D57908C3 
 167      1123E46E 
 167      3A8DEF43 
 167      DD56
 168 01e5 1AFF64D5 		.ascii	"\032\377d\325B\264\327>mp\330&\341\200\273G\215\340"
 168      42B4D73E 
 168      6D70D826 
 168      E180BB47 
 168      8DE0
 169 01f7 CC595B00 		.ascii	"\314Y[\000\031V\240#p\236\314\033\363\0257\332/\014"
 169      1956A023 
 169      709ECC1B 
 169      F31537DA 
 169      2F0C
 170 0209 D5F069BC 		.ascii	"\325\360i\274\002I\303\254\300/\360Bwuv~b^\322\375\316"
 170      0249C3AC 
 170      C02FF042 
 170      7775767E 
 170      625ED2FD 
 171 021e 53C4AC3A 		.ascii	"S\304\254:\257\325 \230\351\016s\366\332yL\366\371*"
 171      AFD52098 
 171      E90E73F6 
 171      DA794CF6 
 171      F92A
 172 0230 D16E1859 		.ascii	"\321n\030Y\245\362\374$h\354\312\015\020\267h\234\205"
 172      A5F2FC24 
 172      68ECCA0D 
 172      10B7689C 
 172      85
 173 0241 A492BBCF 		.ascii	"\244\222\273\317\214c\330\011x1\201\275\366\015Jo\364"
 173      8C63D809 
 173      783181BD 
 173      F60D4A6F 
 173      F4
 174 0252 BDA79ADD 		.ascii	"\275\247\232\335s\372IB\3125|\306Nt\225I\244\3412/m"
 174      73FA4942 
 174      CA357CC6 
 174      4E749549 
 174      A4E1322F 
 175 0267 0E8C3301 		.ascii	"\016\2143\001V6\373\265\333\261\356\360j4\327p\321\345"
 175      5636FBB5 
 175      DBB1EEF0 
 175      6A34D770 
 175      D1E5
 176 0279 308E2B33 		.ascii	"0\216+3i\024\364\247=/koy\341n\327in\000\265\337\251"
 176      6914F4A7 
 176      3D2F6B6F 
 176      79E16ED7 
 176      696E00B5 
 177 028f 33F10370 		.ascii	"3\361\003p?M`'\255\202\356\3149\237\237\362\357G}ru"
 177      3F4D6027 
 177      AD82EECC 
 177      399F9FF2 
 177      EF477D72 
 178 02a4 26579772 		.ascii	"&W\227r\017\271\312\205s3\257\347\345\3327\347\\~\346"
 178      0FB9CA85 
 178      7333AFE7 
ARM GAS  /tmp/ccmBPbwT.s 			page 13


 178      E5DA37E7 
 178      5C7EE6
 179 02b7 8039BBAD 		.ascii	"\2009\273\255\34118\306\0326q\015|\236\267?\247\354"
 179      E13138C6 
 179      1A36710D 
 179      7C9EB73F 
 179      A7EC
 180 02c9 CF0BB826 		.ascii	"\317\013\270&\027\254\240C\012k\270s\200\363\362\345"
 180      17ACA043 
 180      0A6BB873 
 180      80F3F2E5 
 181 02d9 CE399267 		.ascii	"\3169\222g\314TKyf\262\304\271[r\005\253\341dny\005"
 181      CC544B79 
 181      66B2C4B9 
 181      5B7205AB 
 181      E1646E79 
 182 02ee 711ABE08 		.ascii	"q\032\276\010\305m5\373\014\023\367\014\333!\242\223"
 182      C56D35FB 
 182      0C13F70C 
 182      DB21A293 
 183 02fe F20DF666 		.ascii	"\362\015\366f\265}\336\\\247\214ZF&\012\026\375Iv\321"
 183      B57DDE5C 
 183      A78C5A46 
 183      260A16FD 
 183      4976D1
 184 0311 E2697CEB 		.ascii	"\342i|\353^B\015h\230\3542\255\353\352s\230X\326@\347"
 184      5E420D68 
 184      98EC32AD 
 184      EBEA7398 
 184      58D640E7 
 185 0325 F1B31A3E 		.ascii	"\361\263\032>e\357\216\265+o\240\333d\0271\377\355T"
 185      65EF8EB5 
 185      2B6FA0DB 
 185      641731FF 
 185      ED54
 186 0337 1C37AD7B 		.ascii	"\0347\255{+\265\317\334{v\377b\322\347\336[\231\202"
 186      2BB5CFDC 
 186      7B76FF62 
 186      D2E7DE5B 
 186      9982
 187 0349 4DB03328 		.ascii	"M\2603(X\324\367\324%\350\354xF\341\354\022F\341X\241"
 187      58D4F7D4 
 187      25E8EC78 
 187      46E1EC12 
 187      46E158A1 
 188 035d C2575285 		.ascii	"\302WR\205\313\214\302T\276\302\343\264B\347H\241\302"
 188      CB8CC254 
 188      BEC2E3B4 
 188      42E748A1 
 188      C2
 189 036e 65A9C20F 		.ascii	"e\251\302\017\214\302\205\374]Z\303(\234\305\357\221"
 189      8CC285FC 
 189      5D5AC328 
 189      9CC5EF91 
 190 037e 899D84FC 		.ascii	"\211\235\204\374\007\022Y\215kR\215\024\375\313\302"
 190      0712598D 
 190      6B528D14 
ARM GAS  /tmp/ccmBPbwT.s 			page 14


 190      FDCBC2
 191 038d 0DC3450C 		.ascii	"\015\303E\014J3\006\365\362\014\272%\025\376YlP\232"
 191      4A3306F5 
 191      F20CBA25 
 191      15FE596C 
 191      509A
 192 039f 31A89767 		.ascii	"1\250\227g\320\333\036\231\302\257b\203\322\214A\275"
 192      D0DB1E99 
 192      C2AF6283 
 192      D28C41BD 
 193 03af 3C83DE97 		.ascii	"<\203\336\227*\374&6(\315\030\324\3137\350\270T\343"
 193      2AFC2636 
 193      28CD18D4 
 193      CB37E8B8 
 193      54E3
 194 03c1 0FAE414A 		.ascii	"\017\256AJ\021\203z\272h\203\016p+H*\374\227\330\240"
 194      11837ABA 
 194      68830E70 
 194      2B482AFC 
 194      97D8A0
 195 03d4 9E734B18 		.ascii	"\236sK\030\005^\005I\025\376\026\033\324s\2166\350\000"
 195      055E0549 
 195      15FE161B 
 195      D4738E36 
 195      E800
 196 03e6 B782A40A 		.ascii	"\267\202\244\012\377\210\015\352\351Z\303(\360+H\252"
 196      FF880DEA 
 196      E95AC328 
 196      F02B48AA 
 197 03f6 719B6B90 		.ascii	"q\233k\220\247\210Aq\306\240an\005I\205\357\212\015"
 197      A7884171 
 197      C6A0616E 
 197      054985EF 
 197      8A0D
 198 0408 8A33060D 		.ascii	"\2123\006\015s+\250D\246\260]\021\032\024g\014\032\346"
 198      732BA844 
 198      A6B05D11 
 198      1A14670C 
 198      1AE6
 199 041a 56905461 		.ascii	"V\220Ta\247\"4(\316\0304,\250 \251F\227\3023\250\244"
 199      A7223428 
 199      CE18342C 
 199      A820A946 
 199      97C233A8 
 200 042f 8841438C 		.ascii	"\210AC\214A\011n\005I\205\367(B\203\206\030\203\022"
 200      41096E05 
 200      4985F728 
 200      42838618 
 200      8312
 201 0441 DC0A922A 		.ascii	"\334\012\222*\274#6h\2101(\301\255 \251\302^\261AC\214"
 201      BC233668 
 201      883128C1 
 201      AD20A9C2 
 201      5EB14143 
 202 0456 41094105 		.ascii	"A\011A\005I5\366s\015\232W\304\240Q\306\2401n\005I\205"
 202      4935F673 
 202      0D9A57C4 
ARM GAS  /tmp/ccmBPbwT.s 			page 15


 202      A051C6A0 
 202      316E0549 
 203 046b DF151B34 		.ascii	"\337\025\0334\312\0304\306\255\240y2\205\270\330\240"
 203      CA1834C6 
 203      ADA07932 
 203      85B8D8A0 
 204 047b 51C6A031 		.ascii	"Q\306\2401n\005I\025\016\212\015\032e\014\032\023T\220"
 204      6E054915 
 204      0E8A0D1A 
 204      650C1A13 
 204      5490
 205 048d 54A38F6B 		.ascii	"T\243\217kPi\021\203\222\214A3\334\012\222\012\037\025"
 205      50691183 
 205      928C4133 
 205      DC0A920A 
 205      1F15
 206 049f 1B94640C 		.ascii	"\033\224d\014\232\341V\220T\241_lP\2221h\206[AR\205"
 206      9AE15690 
 206      54A15F6C 
 206      50923168 
 206      865B4152 
 207 04b4 8FC40625 		.ascii	"\217\304\006%\031\203f\004\025$\325\370\230kPY\021\203"
 207      19836604 
 207      1524D5F8 
 207      986B5059 
 207      1183
 208 04c6 A6198366 		.ascii	"\246\031\203f\271\025$\025>)6h\2321h\226[A\2452\205"
 208      B9152415 
 208      3E293668 
 208      9A316896 
 208      5B41A532 
 209 04db 4FC5064D 		.ascii	"O\305\006M3\006\315r+H\252\360\231\330\240i\306\240"
 209      3306CD72 
 209      2B48AAF0 
 209      99D8A069 
 209      C6A0
 210 04ed 59410549 		.ascii	"YA\005I5N\321\006!D\375\353\302\361G\304=\255T\012X"
 210      354ED106 
 210      2144FDEB 
 210      C2F147C4 
 210      3DAD540A 
 211 0502 797F5215 		.ascii	"y\177R\025\260\222\034\226i\263\2549\337\303\177\015"
 211      B0921C96 
 211      69B3AC39 
 211      DFC37F0D 
 212 0512 50B0B636 		.ascii	"P\260\2666\320\326\036\010\265\265\266\266E\003\355"
 212      D0D61E08 
 212      B5B5B6B6 
 212      4503ED
 213 0521 8616333A 		.ascii	"\206\0263:6\007\236{i}\313\372\255\326\323\315\341\210"
 213      36079E7B 
 213      697DCBFA 
 213      ADD6D3CD 
 213      E188
 214 0533 1E6B0FAC 		.ascii	"\036k\017\254ki\011\204bF\2606\204*U5\324\026\323\325"
 214      6B690984 
 214      6246B036 
ARM GAS  /tmp/ccmBPbwT.s 			page 16


 214      842A5535 
 214      D416D3D5 
 215 0547 70346C94 		.ascii	"p4l\224\256{q\203\277\005\225l\321\265\327}\252\252"
 215      AE7B7183 
 215      BF05956C 
 215      D1B5D77D 
 215      AAAA
 216 0559 6BB1C836 		.ascii	"k\261\3106\373\005\004E4\303\011\252R\325\215\372kZ"
 216      FB050445 
 216      34C309AA 
 216      52D58DFA 
 216      6B5A
 217 056b 47C450F5 		.ascii	"G\304P\365\255a\243<\012l\243#\026]\240\332\257\325"
 217      AD61A33C 
 217      0A6CA323 
 217      165DA0DA 
 217      AFD5
 218 057d 98D6AA6A 		.ascii	"\230\326\252j1]k_\032\350h\217\005\302\321P\244c\243"
 218      315D6B5F 
 218      1AE8688F 
 218      05C2D150 
 218      A463A3
 219 0590 1E88EA5B 		.ascii	"\036\210\352[\"\341WaJ\033\303Q\243v\023*\357\200\357"
 219      22E15761 
 219      4A1BC351 
 219      A376132A 
 219      EF80EF
 220 05a3 FA3AD558 		.ascii	"\372:\325X\305\013k\325B\233\302Q=\220\2252\266m\326"
 220      C50B6BD5 
 220      429BC251 
 220      3D909532 
 220      B66DD6
 221 05b6 DB8156A1 		.ascii	"\333\201V\241\252\031b\225-g\350[\015[\317k\017\255"
 221      AA196295 
 221      2D67E85B 
 221      0D5BCF6B 
 221      0FAD
 222 05c8 5E452802 		.ascii	"^E(\002S\267\273\276h\233\232}^mM-;R\015ov\252\013U"
 222      53B7BBBE 
 222      689B9A7D 
 222      5E6D4D2D 
 222      3B520D6F 
 223 05e0 6BDAABD5 		.ascii	"k\332\253\325\\Fu~\376#\265\312\0359\231\325jw\030m"
 223      5C46757E 
 223      FE23B5CA 
 223      1D3999D5 
 223      6A77186D 
 224 05f4 735E3BFC 		.ascii	"s^;\374`!?H\361\2034?\310\360\353\012\371u\024\277\216"
 224      60213F48 
 224      F183343F 
 224      C8F0EB0A 
 224      F97514BF 
 225 0609 E6D731FC 		.ascii	"\346\3271\374\372B~=\305\257\247\371\365\014\277\241"
 225      FA427E3D 
 225      C5AFA7F9 
 225      F50CBFA1 
 226 0619 90DF40F1 		.ascii	"\220\337@\361\033h~\003\303o,\3447R\374F\232\337\310"
ARM GAS  /tmp/ccmBPbwT.s 			page 17


 226      1B687E03 
 226      C36F2CE4 
 226      3752FC46 
 226      9ADFC8
 227 062c F09B0AF9 		.ascii	"\360\233\012\371M\024\277\211\34671\374\346B~3\305o"
 227      4D14BF89 
 227      E63731FC 
 227      E6427E33 
 227      C56F
 228 063e A6F9CD59 		.ascii	"\246\371\315Y\376\377x%\377\203"
 228      FEFF7825 
 228      FF83
 229              		.text
 230              		.section	.gnu.lto_.symtab.4256197340a3659d,"",%progbits
 231 0000 5F5F636F 		.ascii	"__core_init\000\000\001\000\000\000\000\000\000\000"
 231      72655F69 
 231      6E697400 
 231      00010000 
 231      00000000 
 232 0015 0000A100 		.ascii	"\000\000\241\000\000\000__early_init\000\000\001\000"
 232      00005F5F 
 232      6561726C 
 232      795F696E 
 232      69740000 
 233 002b 00000000 		.ascii	"\000\000\000\000\000\000\000\000\250\000\000\000__l"
 233      00000000 
 233      A8000000 
 233      5F5F6C
 234 003a 6174655F 		.ascii	"ate_init\000\000\001\000\000\000\000\000\000\000\000"
 234      696E6974 
 234      00000100 
 234      00000000 
 234      000000
 235 004d 00AC0000 		.ascii	"\000\254\000\000\000__default_exit\000\000\001\000\000"
 235      005F5F64 
 235      65666175 
 235      6C745F65 
 235      78697400 
 236 0065 00000000 		.ascii	"\000\000\000\000\000\000\000\260\000\000\000__init_"
 236      000000B0 
 236      0000005F 
 236      5F696E69 
 236      745F
 237 0077 72616D5F 		.ascii	"ram_areas\000\000\000\000\000\000\000\000\000\000\000"
 237      61726561 
 237      73000000 
 237      00000000 
 237      00000000 
 238 008b 00B60000 		.ascii	"\000\266\000\000\000__ram0_init_text__\000\000\002\000"
 238      005F5F72 
 238      616D305F 
 238      696E6974 
 238      5F746578 
 239 00a6 00000000 		.ascii	"\000\000\000\000\000\000\000\000\326\000\000\000__r"
 239      00000000 
 239      D6000000 
 239      5F5F72
ARM GAS  /tmp/ccmBPbwT.s 			page 18


 240 00b5 616D305F 		.ascii	"am0_init__\000\000\002\000\000\000\000\000\000\000\000"
 240      696E6974 
 240      5F5F0000 
 240      02000000 
 240      00000000 
 241 00ca 00D90000 		.ascii	"\000\331\000\000\000__ram0_clear__\000\000\002\000\000"
 241      005F5F72 
 241      616D305F 
 241      636C6561 
 241      725F5F00 
 242 00e2 00000000 		.ascii	"\000\000\000\000\000\000\000\334\000\000\000__ram0_"
 242      000000DC 
 242      0000005F 
 242      5F72616D 
 242      305F
 243 00f4 6E6F696E 		.ascii	"noinit__\000\000\002\000\000\000\000\000\000\000\000"
 243      69745F5F 
 243      00000200 
 243      00000000 
 243      000000
 244 0107 00DF0000 		.ascii	"\000\337\000\000\000__ram1_init_text__\000\000\002\000"
 244      005F5F72 
 244      616D315F 
 244      696E6974 
 244      5F746578 
 245 0122 00000000 		.ascii	"\000\000\000\000\000\000\000\000\343\000\000\000__r"
 245      00000000 
 245      E3000000 
 245      5F5F72
 246 0131 616D315F 		.ascii	"am1_init__\000\000\002\000\000\000\000\000\000\000\000"
 246      696E6974 
 246      5F5F0000 
 246      02000000 
 246      00000000 
 247 0146 00E60000 		.ascii	"\000\346\000\000\000__ram1_clear__\000\000\002\000\000"
 247      005F5F72 
 247      616D315F 
 247      636C6561 
 247      725F5F00 
 248 015e 00000000 		.ascii	"\000\000\000\000\000\000\000\351\000\000\000__ram1_"
 248      000000E9 
 248      0000005F 
 248      5F72616D 
 248      315F
 249 0170 6E6F696E 		.ascii	"noinit__\000\000\002\000\000\000\000\000\000\000\000"
 249      69745F5F 
 249      00000200 
 249      00000000 
 249      000000
 250 0183 00EC0000 		.ascii	"\000\354\000\000\000__ram2_init_text__\000\000\002\000"
 250      005F5F72 
 250      616D325F 
 250      696E6974 
 250      5F746578 
 251 019e 00000000 		.ascii	"\000\000\000\000\000\000\000\000\360\000\000\000__r"
 251      00000000 
 251      F0000000 
ARM GAS  /tmp/ccmBPbwT.s 			page 19


 251      5F5F72
 252 01ad 616D325F 		.ascii	"am2_init__\000\000\002\000\000\000\000\000\000\000\000"
 252      696E6974 
 252      5F5F0000 
 252      02000000 
 252      00000000 
 253 01c2 00F30000 		.ascii	"\000\363\000\000\000__ram2_clear__\000\000\002\000\000"
 253      005F5F72 
 253      616D325F 
 253      636C6561 
 253      725F5F00 
 254 01da 00000000 		.ascii	"\000\000\000\000\000\000\000\366\000\000\000__ram2_"
 254      000000F6 
 254      0000005F 
 254      5F72616D 
 254      325F
 255 01ec 6E6F696E 		.ascii	"noinit__\000\000\002\000\000\000\000\000\000\000\000"
 255      69745F5F 
 255      00000200 
 255      00000000 
 255      000000
 256 01ff 00F90000 		.ascii	"\000\371\000\000\000__ram3_init_text__\000\000\002\000"
 256      005F5F72 
 256      616D335F 
 256      696E6974 
 256      5F746578 
 257 021a 00000000 		.ascii	"\000\000\000\000\000\000\000\000\375\000\000\000__r"
 257      00000000 
 257      FD000000 
 257      5F5F72
 258 0229 616D335F 		.ascii	"am3_init__\000\000\002\000\000\000\000\000\000\000\000"
 258      696E6974 
 258      5F5F0000 
 258      02000000 
 258      00000000 
 259 023e 00000100 		.ascii	"\000\000\001\000\000__ram3_clear__\000\000\002\000\000"
 259      005F5F72 
 259      616D335F 
 259      636C6561 
 259      725F5F00 
 260 0256 00000000 		.ascii	"\000\000\000\000\000\000\000\003\001\000\000__ram3_"
 260      00000003 
 260      0100005F 
 260      5F72616D 
 260      335F
 261 0268 6E6F696E 		.ascii	"noinit__\000\000\002\000\000\000\000\000\000\000\000"
 261      69745F5F 
 261      00000200 
 261      00000000 
 261      000000
 262 027b 00060100 		.ascii	"\000\006\001\000\000__ram4_init_text__\000\000\002\000"
 262      005F5F72 
 262      616D345F 
 262      696E6974 
 262      5F746578 
 263 0296 00000000 		.ascii	"\000\000\000\000\000\000\000\000\012\001\000\000__r"
 263      00000000 
ARM GAS  /tmp/ccmBPbwT.s 			page 20


 263      0A010000 
 263      5F5F72
 264 02a5 616D345F 		.ascii	"am4_init__\000\000\002\000\000\000\000\000\000\000\000"
 264      696E6974 
 264      5F5F0000 
 264      02000000 
 264      00000000 
 265 02ba 000D0100 		.ascii	"\000\015\001\000\000__ram4_clear__\000\000\002\000\000"
 265      005F5F72 
 265      616D345F 
 265      636C6561 
 265      725F5F00 
 266 02d2 00000000 		.ascii	"\000\000\000\000\000\000\000\020\001\000\000__ram4_"
 266      00000010 
 266      0100005F 
 266      5F72616D 
 266      345F
 267 02e4 6E6F696E 		.ascii	"noinit__\000\000\002\000\000\000\000\000\000\000\000"
 267      69745F5F 
 267      00000200 
 267      00000000 
 267      000000
 268 02f7 00130100 		.ascii	"\000\023\001\000\000__ram5_init_text__\000\000\002\000"
 268      005F5F72 
 268      616D355F 
 268      696E6974 
 268      5F746578 
 269 0312 00000000 		.ascii	"\000\000\000\000\000\000\000\000\027\001\000\000__r"
 269      00000000 
 269      17010000 
 269      5F5F72
 270 0321 616D355F 		.ascii	"am5_init__\000\000\002\000\000\000\000\000\000\000\000"
 270      696E6974 
 270      5F5F0000 
 270      02000000 
 270      00000000 
 271 0336 001A0100 		.ascii	"\000\032\001\000\000__ram5_clear__\000\000\002\000\000"
 271      005F5F72 
 271      616D355F 
 271      636C6561 
 271      725F5F00 
 272 034e 00000000 		.ascii	"\000\000\000\000\000\000\000\035\001\000\000__ram5_"
 272      0000001D 
 272      0100005F 
 272      5F72616D 
 272      355F
 273 0360 6E6F696E 		.ascii	"noinit__\000\000\002\000\000\000\000\000\000\000\000"
 273      69745F5F 
 273      00000200 
 273      00000000 
 273      000000
 274 0373 00200100 		.ascii	"\000 \001\000\000__ram6_init_text__\000\000\002\000"
 274      005F5F72 
 274      616D365F 
 274      696E6974 
 274      5F746578 
 275 038e 00000000 		.ascii	"\000\000\000\000\000\000\000\000$\001\000\000__ram6"
ARM GAS  /tmp/ccmBPbwT.s 			page 21


 275      00000000 
 275      24010000 
 275      5F5F7261 
 275      6D36
 276 03a0 5F696E69 		.ascii	"_init__\000\000\002\000\000\000\000\000\000\000\000"
 276      745F5F00 
 276      00020000 
 276      00000000 
 276      0000
 277 03b2 00270100 		.ascii	"\000'\001\000\000__ram6_clear__\000\000\002\000\000"
 277      005F5F72 
 277      616D365F 
 277      636C6561 
 277      725F5F00 
 278 03ca 00000000 		.ascii	"\000\000\000\000\000\000\000*\001\000\000__ram6_noi"
 278      0000002A 
 278      0100005F 
 278      5F72616D 
 278      365F6E6F 
 279 03df 6E69745F 		.ascii	"nit__\000\000\002\000\000\000\000\000\000\000\000\000"
 279      5F000002 
 279      00000000 
 279      00000000 
 279      00
 280 03f0 2D010000 		.ascii	"-\001\000\000__ra"
 280      5F5F7261 
 281 03f8 6D375F69 		.ascii	"m7_init_text__\000\000\002\000\000\000\000\000\000\000"
 281      6E69745F 
 281      74657874 
 281      5F5F0000 
 281      02000000 
 282 0410 00003101 		.ascii	"\000\0001\001\000\000__ram7_init__\000\000\002\000\000"
 282      00005F5F 
 282      72616D37 
 282      5F696E69 
 282      745F5F00 
 283 0428 00000000 		.ascii	"\000\000\000\000\000\000\0004\001\000\000__ram7_cle"
 283      00000034 
 283      0100005F 
 283      5F72616D 
 283      375F636C 
 284 043d 61725F5F 		.ascii	"ar__\000\000\002\000\000\000\000\000\000\000\000\000"
 284      00000200 
 284      00000000 
 284      00000000 
 285 044d 37010000 		.ascii	"7\001\000\000__ram7_noinit__\000\000\002\000\000\000"
 285      5F5F7261 
 285      6D375F6E 
 285      6F696E69 
 285      745F5F00 
 286 0466 00000000 		.ascii	"\000\000\000\000\000\000:\001\000\000"
 286      00003A01 
 286      0000
 287              		.text
 288              		.section	.gnu.lto_.opts,"",%progbits
 289 0000 272D6D63 		.ascii	"'-mcpu=cortex-m3' '-mno-thumb-interwork' '-mthumb' "
 289      70753D63 
ARM GAS  /tmp/ccmBPbwT.s 			page 22


 289      6F727465 
 289      782D6D33 
 289      2720272D 
 290 0033 272D6767 		.ascii	"'-ggdb' '-O2' '-fomit-frame-pointer' '-falign-funct"
 290      64622720 
 290      272D4F32 
 290      2720272D 
 290      666F6D69 
 291 0066 696F6E73 		.ascii	"ions=16' '-ffunction-sections' '-fdata-sections' '-"
 291      3D313627 
 291      20272D66 
 291      66756E63 
 291      74696F6E 
 292 0099 666E6F2D 		.ascii	"fno-common' '-flto'\000"
 292      636F6D6D 
 292      6F6E2720 
 292      272D666C 
 292      746F2700 
 293              		.text
 294              		.cfi_sections	.debug_frame
 295              		.section	.text.__core_init,"ax",%progbits
 296              		.align	2
 297              		.p2align 4,,15
 298              		.weak	__core_init
 299              		.thumb
 300              		.thumb_func
 301              		.type	__core_init, %function
 302              	__core_init:
 303              	.LFB63:
 304              		.file 1 "../os/common/startup/ARMCMx/compilers/GCC/crt1.c"
 305              		.loc 1 136 0
 306              		.cfi_startproc
 307              		@ args = 0, pretend = 0, frame = 0
 308              		@ frame_needed = 0, uses_anonymous_args = 0
 309              		@ link register save eliminated.
 310 0000 7047     		bx	lr
 311              		.cfi_endproc
 312              	.LFE63:
 313              		.size	__core_init, .-__core_init
 314 0002 00BFAFF3 		.section	.text.__early_init,"ax",%progbits
 314      0080AFF3 
 314      0080AFF3 
 314      0080
 315              		.align	2
 316              		.p2align 4,,15
 317              		.weak	__early_init
 318              		.thumb
 319              		.thumb_func
 320              		.type	__early_init, %function
 321              	__early_init:
 322              	.LFB64:
 323              		.loc 1 155 0
 324              		.cfi_startproc
 325              		@ args = 0, pretend = 0, frame = 0
 326              		@ frame_needed = 0, uses_anonymous_args = 0
 327              		@ link register save eliminated.
 328 0000 7047     		bx	lr
ARM GAS  /tmp/ccmBPbwT.s 			page 23


 329              		.cfi_endproc
 330              	.LFE64:
 331              		.size	__early_init, .-__early_init
 332 0002 00BFAFF3 		.section	.text.__late_init,"ax",%progbits
 332      0080AFF3 
 332      0080AFF3 
 332      0080
 333              		.align	2
 334              		.p2align 4,,15
 335              		.weak	__late_init
 336              		.thumb
 337              		.thumb_func
 338              		.type	__late_init, %function
 339              	__late_init:
 340              	.LFB65:
 341              		.loc 1 169 0
 342              		.cfi_startproc
 343              		@ args = 0, pretend = 0, frame = 0
 344              		@ frame_needed = 0, uses_anonymous_args = 0
 345              		@ link register save eliminated.
 346 0000 7047     		bx	lr
 347              		.cfi_endproc
 348              	.LFE65:
 349              		.size	__late_init, .-__late_init
 350 0002 00BFAFF3 		.section	.text.__default_exit,"ax",%progbits
 350      0080AFF3 
 350      0080AFF3 
 350      0080
 351              		.align	2
 352              		.p2align 4,,15
 353              		.weak	__default_exit
 354              		.thumb
 355              		.thumb_func
 356              		.type	__default_exit, %function
 357              	__default_exit:
 358              	.LFB66:
 359              		.loc 1 182 0
 360              		.cfi_startproc
 361              		@ Volatile: function does not return.
 362              		@ args = 0, pretend = 0, frame = 0
 363              		@ frame_needed = 0, uses_anonymous_args = 0
 364              		@ link register save eliminated.
 365              	.L5:
 366 0000 FEE7     		b	.L5
 367              		.cfi_endproc
 368              	.LFE66:
 369              		.size	__default_exit, .-__default_exit
 370 0002 00BFAFF3 		.section	.text.__init_ram_areas,"ax",%progbits
 370      0080AFF3 
 370      0080AFF3 
 370      0080
 371              		.align	2
 372              		.p2align 4,,15
 373              		.global	__init_ram_areas
 374              		.thumb
 375              		.thumb_func
 376              		.type	__init_ram_areas, %function
ARM GAS  /tmp/ccmBPbwT.s 			page 24


 377              	__init_ram_areas:
 378              	.LFB67:
 379              		.loc 1 192 0
 380              		.cfi_startproc
 381              		@ args = 0, pretend = 0, frame = 0
 382              		@ frame_needed = 0, uses_anonymous_args = 0
 383              		@ link register save eliminated.
 384              	.LVL0:
 385              		.loc 1 192 0
 386 0000 F0B4     		push	{r4, r5, r6, r7}
 387              		.cfi_def_cfa_offset 16
 388              		.cfi_offset 4, -16
 389              		.cfi_offset 5, -12
 390              		.cfi_offset 6, -8
 391              		.cfi_offset 7, -4
 392 0002 134E     		ldr	r6, .L19
 393              	.LBB2:
 394              		.loc 1 209 0
 395 0004 0025     		movs	r5, #0
 396 0006 06F17007 		add	r7, r6, #112
 397              	.LVL1:
 398              	.L15:
 399              		.loc 1 197 0
 400 000a A6F11001 		sub	r1, r6, #16
 401              	.LVL2:
 402 000e 1AC9     		ldmia	r1, {r1, r3, r4}
 403              	.LVL3:
 404              		.loc 1 201 0
 405 0010 A342     		cmp	r3, r4
 406 0012 0DD2     		bcs	.L7
 407 0014 0439     		subs	r1, r1, #4
 408              	.LVL4:
 409 0016 1A46     		mov	r2, r3
 410              	.LVL5:
 411              	.L9:
 412              		.loc 1 202 0
 413 0018 51F8040F 		ldr	r0, [r1, #4]!
 414              	.LVL6:
 415 001c 42F8040B 		str	r0, [r2], #4
 416              	.LVL7:
 417              		.loc 1 201 0
 418 0020 A242     		cmp	r2, r4
 419 0022 F9D3     		bcc	.L9
 420 0024 DA43     		mvns	r2, r3
 421              	.LVL8:
 422 0026 1444     		add	r4, r4, r2
 423 0028 24F00304 		bic	r4, r4, #3
 424 002c 0434     		adds	r4, r4, #4
 425 002e 2344     		add	r3, r3, r4
 426              	.LVL9:
 427              	.L7:
 428              		.loc 1 208 0 discriminator 1
 429 0030 56F8042C 		ldr	r2, [r6, #-4]
 430 0034 9342     		cmp	r3, r2
 431 0036 03D2     		bcs	.L13
 432              	.L14:
 433              		.loc 1 209 0
ARM GAS  /tmp/ccmBPbwT.s 			page 25


 434 0038 43F8045B 		str	r5, [r3], #4
 435              	.LVL10:
 436              		.loc 1 208 0
 437 003c 9342     		cmp	r3, r2
 438 003e FBD3     		bcc	.L14
 439              	.L13:
 440              	.LVL11:
 441              	.LBE2:
 442              		.loc 1 214 0
 443 0040 BE42     		cmp	r6, r7
 444 0042 06F11003 		add	r3, r6, #16
 445              	.LVL12:
 446 0046 01D2     		bcs	.L18
 447 0048 1E46     		mov	r6, r3
 448              	.LVL13:
 449 004a DEE7     		b	.L15
 450              	.LVL14:
 451              	.L18:
 452              		.loc 1 216 0
 453 004c F0BC     		pop	{r4, r5, r6, r7}
 454              	.LVL15:
 455 004e 7047     		bx	lr
 456              	.L20:
 457              		.align	2
 458              	.L19:
 459 0050 10000000 		.word	.LANCHOR0+16
 460              		.cfi_endproc
 461              	.LFE67:
 462              		.size	__init_ram_areas, .-__init_ram_areas
 463 0054 AFF30080 		.section	.rodata.ram_areas,"a",%progbits
 463      AFF30080 
 463      AFF30080 
 464              		.align	2
 465              		.set	.LANCHOR0,. + 0
 466              		.type	ram_areas, %object
 467              		.size	ram_areas, 128
 468              	ram_areas:
 469 0000 00000000 		.word	__ram0_init_text__
 470 0004 00000000 		.word	__ram0_init__
 471 0008 00000000 		.word	__ram0_clear__
 472 000c 00000000 		.word	__ram0_noinit__
 473 0010 00000000 		.word	__ram1_init_text__
 474 0014 00000000 		.word	__ram1_init__
 475 0018 00000000 		.word	__ram1_clear__
 476 001c 00000000 		.word	__ram1_noinit__
 477 0020 00000000 		.word	__ram2_init_text__
 478 0024 00000000 		.word	__ram2_init__
 479 0028 00000000 		.word	__ram2_clear__
 480 002c 00000000 		.word	__ram2_noinit__
 481 0030 00000000 		.word	__ram3_init_text__
 482 0034 00000000 		.word	__ram3_init__
 483 0038 00000000 		.word	__ram3_clear__
 484 003c 00000000 		.word	__ram3_noinit__
 485 0040 00000000 		.word	__ram4_init_text__
 486 0044 00000000 		.word	__ram4_init__
 487 0048 00000000 		.word	__ram4_clear__
 488 004c 00000000 		.word	__ram4_noinit__
ARM GAS  /tmp/ccmBPbwT.s 			page 26


 489 0050 00000000 		.word	__ram5_init_text__
 490 0054 00000000 		.word	__ram5_init__
 491 0058 00000000 		.word	__ram5_clear__
 492 005c 00000000 		.word	__ram5_noinit__
 493 0060 00000000 		.word	__ram6_init_text__
 494 0064 00000000 		.word	__ram6_init__
 495 0068 00000000 		.word	__ram6_clear__
 496 006c 00000000 		.word	__ram6_noinit__
 497 0070 00000000 		.word	__ram7_init_text__
 498 0074 00000000 		.word	__ram7_init__
 499 0078 00000000 		.word	__ram7_clear__
 500 007c 00000000 		.word	__ram7_noinit__
 501              		.text
 502              	.Letext0:
 503              		.file 2 "/usr/include/newlib/machine/_default_types.h"
 504              		.file 3 "/usr/include/newlib/stdint.h"
 505              		.file 4 "../os/common/ext/CMSIS/include/core_cm3.h"
 506              		.section	.debug_info,"",%progbits
 507              	.Ldebug_info0:
 508 0000 15030000 		.4byte	0x315
 509 0004 0400     		.2byte	0x4
 510 0006 00000000 		.4byte	.Ldebug_abbrev0
 511 000a 04       		.byte	0x4
 512 000b 01       		.uleb128 0x1
 513 000c 3A000000 		.4byte	.LASF57
 514 0010 01       		.byte	0x1
 515 0011 AF020000 		.4byte	.LASF58
 516 0015 34010000 		.4byte	.LASF59
 517 0019 00000000 		.4byte	.Ldebug_ranges0+0
 518 001d 00000000 		.4byte	0
 519 0021 00000000 		.4byte	.Ldebug_line0
 520 0025 02       		.uleb128 0x2
 521 0026 01       		.byte	0x1
 522 0027 06       		.byte	0x6
 523 0028 67020000 		.4byte	.LASF0
 524 002c 02       		.uleb128 0x2
 525 002d 01       		.byte	0x1
 526 002e 08       		.byte	0x8
 527 002f 2B020000 		.4byte	.LASF1
 528 0033 02       		.uleb128 0x2
 529 0034 02       		.byte	0x2
 530 0035 05       		.byte	0x5
 531 0036 DD000000 		.4byte	.LASF2
 532 003a 02       		.uleb128 0x2
 533 003b 02       		.byte	0x2
 534 003c 07       		.byte	0x7
 535 003d 43030000 		.4byte	.LASF3
 536 0041 03       		.uleb128 0x3
 537 0042 EC030000 		.4byte	.LASF5
 538 0046 02       		.byte	0x2
 539 0047 37       		.byte	0x37
 540 0048 4C000000 		.4byte	0x4c
 541 004c 02       		.uleb128 0x2
 542 004d 04       		.byte	0x4
 543 004e 05       		.byte	0x5
 544 004f D5010000 		.4byte	.LASF4
 545 0053 03       		.uleb128 0x3
ARM GAS  /tmp/ccmBPbwT.s 			page 27


 546 0054 01010000 		.4byte	.LASF6
 547 0058 02       		.byte	0x2
 548 0059 38       		.byte	0x38
 549 005a 5E000000 		.4byte	0x5e
 550 005e 02       		.uleb128 0x2
 551 005f 04       		.byte	0x4
 552 0060 07       		.byte	0x7
 553 0061 E0020000 		.4byte	.LASF7
 554 0065 02       		.uleb128 0x2
 555 0066 08       		.byte	0x8
 556 0067 05       		.byte	0x5
 557 0068 8D010000 		.4byte	.LASF8
 558 006c 02       		.uleb128 0x2
 559 006d 08       		.byte	0x8
 560 006e 07       		.byte	0x7
 561 006f 73020000 		.4byte	.LASF9
 562 0073 04       		.uleb128 0x4
 563 0074 04       		.byte	0x4
 564 0075 05       		.byte	0x5
 565 0076 696E7400 		.ascii	"int\000"
 566 007a 02       		.uleb128 0x2
 567 007b 04       		.byte	0x4
 568 007c 07       		.byte	0x7
 569 007d A2020000 		.4byte	.LASF10
 570 0081 03       		.uleb128 0x3
 571 0082 3B030000 		.4byte	.LASF11
 572 0086 03       		.byte	0x3
 573 0087 41       		.byte	0x41
 574 0088 41000000 		.4byte	0x41
 575 008c 03       		.uleb128 0x3
 576 008d 8A020000 		.4byte	.LASF12
 577 0091 03       		.byte	0x3
 578 0092 42       		.byte	0x42
 579 0093 53000000 		.4byte	0x53
 580 0097 02       		.uleb128 0x2
 581 0098 04       		.byte	0x4
 582 0099 07       		.byte	0x7
 583 009a E7000000 		.4byte	.LASF13
 584 009e 05       		.uleb128 0x5
 585 009f 10       		.byte	0x10
 586 00a0 01       		.byte	0x1
 587 00a1 34       		.byte	0x34
 588 00a2 D7000000 		.4byte	0xd7
 589 00a6 06       		.uleb128 0x6
 590 00a7 3F040000 		.4byte	.LASF14
 591 00ab 01       		.byte	0x1
 592 00ac 35       		.byte	0x35
 593 00ad D7000000 		.4byte	0xd7
 594 00b1 00       		.byte	0
 595 00b2 06       		.uleb128 0x6
 596 00b3 35040000 		.4byte	.LASF15
 597 00b7 01       		.byte	0x1
 598 00b8 36       		.byte	0x36
 599 00b9 D7000000 		.4byte	0xd7
 600 00bd 04       		.byte	0x4
 601 00be 06       		.uleb128 0x6
 602 00bf 2F000000 		.4byte	.LASF16
ARM GAS  /tmp/ccmBPbwT.s 			page 28


 603 00c3 01       		.byte	0x1
 604 00c4 37       		.byte	0x37
 605 00c5 D7000000 		.4byte	0xd7
 606 00c9 08       		.byte	0x8
 607 00ca 06       		.uleb128 0x6
 608 00cb AA010000 		.4byte	.LASF17
 609 00cf 01       		.byte	0x1
 610 00d0 38       		.byte	0x38
 611 00d1 D7000000 		.4byte	0xd7
 612 00d5 0C       		.byte	0xc
 613 00d6 00       		.byte	0
 614 00d7 07       		.uleb128 0x7
 615 00d8 04       		.byte	0x4
 616 00d9 8C000000 		.4byte	0x8c
 617 00dd 03       		.uleb128 0x3
 618 00de B7010000 		.4byte	.LASF18
 619 00e2 01       		.byte	0x1
 620 00e3 39       		.byte	0x39
 621 00e4 9E000000 		.4byte	0x9e
 622 00e8 08       		.uleb128 0x8
 623 00e9 5E010000 		.4byte	.LASF19
 624 00ed 01       		.byte	0x1
 625 00ee 88       		.byte	0x88
 626 00ef 00000000 		.4byte	.LFB63
 627 00f3 02000000 		.4byte	.LFE63-.LFB63
 628 00f7 01       		.uleb128 0x1
 629 00f8 9C       		.byte	0x9c
 630 00f9 08       		.uleb128 0x8
 631 00fa 2E030000 		.4byte	.LASF20
 632 00fe 01       		.byte	0x1
 633 00ff 9B       		.byte	0x9b
 634 0100 00000000 		.4byte	.LFB64
 635 0104 02000000 		.4byte	.LFE64-.LFB64
 636 0108 01       		.uleb128 0x1
 637 0109 9C       		.byte	0x9c
 638 010a 08       		.uleb128 0x8
 639 010b DE010000 		.4byte	.LASF21
 640 010f 01       		.byte	0x1
 641 0110 A9       		.byte	0xa9
 642 0111 00000000 		.4byte	.LFB65
 643 0115 02000000 		.4byte	.LFE65-.LFB65
 644 0119 01       		.uleb128 0x1
 645 011a 9C       		.byte	0x9c
 646 011b 08       		.uleb128 0x8
 647 011c 9B010000 		.4byte	.LASF22
 648 0120 01       		.byte	0x1
 649 0121 B6       		.byte	0xb6
 650 0122 00000000 		.4byte	.LFB66
 651 0126 02000000 		.4byte	.LFE66-.LFB66
 652 012a 01       		.uleb128 0x1
 653 012b 9C       		.byte	0x9c
 654 012c 09       		.uleb128 0x9
 655 012d F0000000 		.4byte	.LASF60
 656 0131 01       		.byte	0x1
 657 0132 C0       		.byte	0xc0
 658 0133 00000000 		.4byte	.LFB67
 659 0137 54000000 		.4byte	.LFE67-.LFB67
ARM GAS  /tmp/ccmBPbwT.s 			page 29


 660 013b 01       		.uleb128 0x1
 661 013c 9C       		.byte	0x9c
 662 013d 76010000 		.4byte	0x176
 663 0141 0A       		.uleb128 0xa
 664 0142 72617000 		.ascii	"rap\000"
 665 0146 01       		.byte	0x1
 666 0147 C2       		.byte	0xc2
 667 0148 76010000 		.4byte	0x176
 668 014c 00000000 		.4byte	.LLST0
 669 0150 0B       		.uleb128 0xb
 670 0151 04000000 		.4byte	.LBB2
 671 0155 3C000000 		.4byte	.LBE2-.LBB2
 672 0159 0A       		.uleb128 0xa
 673 015a 747000   		.ascii	"tp\000"
 674 015d 01       		.byte	0x1
 675 015e C5       		.byte	0xc5
 676 015f D7000000 		.4byte	0xd7
 677 0163 6D000000 		.4byte	.LLST1
 678 0167 0A       		.uleb128 0xa
 679 0168 7000     		.ascii	"p\000"
 680 016a 01       		.byte	0x1
 681 016b C6       		.byte	0xc6
 682 016c D7000000 		.4byte	0xd7
 683 0170 B1000000 		.4byte	.LLST2
 684 0174 00       		.byte	0
 685 0175 00       		.byte	0
 686 0176 07       		.uleb128 0x7
 687 0177 04       		.byte	0x4
 688 0178 7C010000 		.4byte	0x17c
 689 017c 0C       		.uleb128 0xc
 690 017d DD000000 		.4byte	0xdd
 691 0181 0D       		.uleb128 0xd
 692 0182 DD000000 		.4byte	0xdd
 693 0186 91010000 		.4byte	0x191
 694 018a 0E       		.uleb128 0xe
 695 018b 97000000 		.4byte	0x97
 696 018f 07       		.byte	0x7
 697 0190 00       		.byte	0
 698 0191 0F       		.uleb128 0xf
 699 0192 2A010000 		.4byte	.LASF23
 700 0196 01       		.byte	0x1
 701 0197 5C       		.byte	0x5c
 702 0198 A2010000 		.4byte	0x1a2
 703 019c 05       		.uleb128 0x5
 704 019d 03       		.byte	0x3
 705 019e 00000000 		.4byte	ram_areas
 706 01a2 0C       		.uleb128 0xc
 707 01a3 81010000 		.4byte	0x181
 708 01a7 10       		.uleb128 0x10
 709 01a8 CF030000 		.4byte	.LASF24
 710 01ac 04       		.byte	0x4
 711 01ad 9606     		.2byte	0x696
 712 01af B3010000 		.4byte	0x1b3
 713 01b3 11       		.uleb128 0x11
 714 01b4 81000000 		.4byte	0x81
 715 01b8 12       		.uleb128 0x12
 716 01b9 69030000 		.4byte	.LASF25
ARM GAS  /tmp/ccmBPbwT.s 			page 30


 717 01bd 01       		.byte	0x1
 718 01be 40       		.byte	0x40
 719 01bf 8C000000 		.4byte	0x8c
 720 01c3 12       		.uleb128 0x12
 721 01c4 13000000 		.4byte	.LASF26
 722 01c8 01       		.byte	0x1
 723 01c9 40       		.byte	0x40
 724 01ca 8C000000 		.4byte	0x8c
 725 01ce 12       		.uleb128 0x12
 726 01cf AD030000 		.4byte	.LASF27
 727 01d3 01       		.byte	0x1
 728 01d4 40       		.byte	0x40
 729 01d5 8C000000 		.4byte	0x8c
 730 01d9 12       		.uleb128 0x12
 731 01da 48020000 		.4byte	.LASF28
 732 01de 01       		.byte	0x1
 733 01df 40       		.byte	0x40
 734 01e0 8C000000 		.4byte	0x8c
 735 01e4 12       		.uleb128 0x12
 736 01e5 18020000 		.4byte	.LASF29
 737 01e9 01       		.byte	0x1
 738 01ea 43       		.byte	0x43
 739 01eb 8C000000 		.4byte	0x8c
 740 01ef 12       		.uleb128 0x12
 741 01f0 C7010000 		.4byte	.LASF30
 742 01f4 01       		.byte	0x1
 743 01f5 43       		.byte	0x43
 744 01f6 8C000000 		.4byte	0x8c
 745 01fa 12       		.uleb128 0x12
 746 01fb FA010000 		.4byte	.LASF31
 747 01ff 01       		.byte	0x1
 748 0200 43       		.byte	0x43
 749 0201 8C000000 		.4byte	0x8c
 750 0205 12       		.uleb128 0x12
 751 0206 F6030000 		.4byte	.LASF32
 752 020a 01       		.byte	0x1
 753 020b 43       		.byte	0x43
 754 020c 8C000000 		.4byte	0x8c
 755 0210 12       		.uleb128 0x12
 756 0211 9A030000 		.4byte	.LASF33
 757 0215 01       		.byte	0x1
 758 0216 46       		.byte	0x46
 759 0217 8C000000 		.4byte	0x8c
 760 021b 12       		.uleb128 0x12
 761 021c 8C030000 		.4byte	.LASF34
 762 0220 01       		.byte	0x1
 763 0221 46       		.byte	0x46
 764 0222 8C000000 		.4byte	0x8c
 765 0226 12       		.uleb128 0x12
 766 0227 09020000 		.4byte	.LASF35
 767 022b 01       		.byte	0x1
 768 022c 46       		.byte	0x46
 769 022d 8C000000 		.4byte	0x8c
 770 0231 12       		.uleb128 0x12
 771 0232 7D010000 		.4byte	.LASF36
 772 0236 01       		.byte	0x1
 773 0237 46       		.byte	0x46
ARM GAS  /tmp/ccmBPbwT.s 			page 31


 774 0238 8C000000 		.4byte	0x8c
 775 023c 12       		.uleb128 0x12
 776 023d 22040000 		.4byte	.LASF37
 777 0241 01       		.byte	0x1
 778 0242 49       		.byte	0x49
 779 0243 8C000000 		.4byte	0x8c
 780 0247 12       		.uleb128 0x12
 781 0248 21000000 		.4byte	.LASF38
 782 024c 01       		.byte	0x1
 783 024d 49       		.byte	0x49
 784 024e 8C000000 		.4byte	0x8c
 785 0252 12       		.uleb128 0x12
 786 0253 39020000 		.4byte	.LASF39
 787 0257 01       		.byte	0x1
 788 0258 49       		.byte	0x49
 789 0259 8C000000 		.4byte	0x8c
 790 025d 12       		.uleb128 0x12
 791 025e 0C010000 		.4byte	.LASF40
 792 0262 01       		.byte	0x1
 793 0263 49       		.byte	0x49
 794 0264 8C000000 		.4byte	0x8c
 795 0268 12       		.uleb128 0x12
 796 0269 BC030000 		.4byte	.LASF41
 797 026d 01       		.byte	0x1
 798 026e 4C       		.byte	0x4c
 799 026f 8C000000 		.4byte	0x8c
 800 0273 12       		.uleb128 0x12
 801 0274 06040000 		.4byte	.LASF42
 802 0278 01       		.byte	0x1
 803 0279 4C       		.byte	0x4c
 804 027a 8C000000 		.4byte	0x8c
 805 027e 12       		.uleb128 0x12
 806 027f 58020000 		.4byte	.LASF43
 807 0283 01       		.byte	0x1
 808 0284 4C       		.byte	0x4c
 809 0285 8C000000 		.4byte	0x8c
 810 0289 12       		.uleb128 0x12
 811 028a 01030000 		.4byte	.LASF44
 812 028e 01       		.byte	0x1
 813 028f 4C       		.byte	0x4c
 814 0290 8C000000 		.4byte	0x8c
 815 0294 12       		.uleb128 0x12
 816 0295 00000000 		.4byte	.LASF45
 817 0299 01       		.byte	0x1
 818 029a 4F       		.byte	0x4f
 819 029b 8C000000 		.4byte	0x8c
 820 029f 12       		.uleb128 0x12
 821 02a0 1C010000 		.4byte	.LASF46
 822 02a4 01       		.byte	0x1
 823 02a5 4F       		.byte	0x4f
 824 02a6 8C000000 		.4byte	0x8c
 825 02aa 12       		.uleb128 0x12
 826 02ab 93020000 		.4byte	.LASF47
 827 02af 01       		.byte	0x1
 828 02b0 4F       		.byte	0x4f
 829 02b1 8C000000 		.4byte	0x8c
 830 02b5 12       		.uleb128 0x12
ARM GAS  /tmp/ccmBPbwT.s 			page 32


 831 02b6 7C030000 		.4byte	.LASF48
 832 02ba 01       		.byte	0x1
 833 02bb 4F       		.byte	0x4f
 834 02bc 8C000000 		.4byte	0x8c
 835 02c0 12       		.uleb128 0x12
 836 02c1 6A010000 		.4byte	.LASF49
 837 02c5 01       		.byte	0x1
 838 02c6 52       		.byte	0x52
 839 02c7 8C000000 		.4byte	0x8c
 840 02cb 12       		.uleb128 0x12
 841 02cc 11030000 		.4byte	.LASF50
 842 02d0 01       		.byte	0x1
 843 02d1 52       		.byte	0x52
 844 02d2 8C000000 		.4byte	0x8c
 845 02d6 12       		.uleb128 0x12
 846 02d7 F2020000 		.4byte	.LASF51
 847 02db 01       		.byte	0x1
 848 02dc 52       		.byte	0x52
 849 02dd 8C000000 		.4byte	0x8c
 850 02e1 12       		.uleb128 0x12
 851 02e2 EA010000 		.4byte	.LASF52
 852 02e6 01       		.byte	0x1
 853 02e7 52       		.byte	0x52
 854 02e8 8C000000 		.4byte	0x8c
 855 02ec 12       		.uleb128 0x12
 856 02ed 56030000 		.4byte	.LASF53
 857 02f1 01       		.byte	0x1
 858 02f2 55       		.byte	0x55
 859 02f3 8C000000 		.4byte	0x8c
 860 02f7 12       		.uleb128 0x12
 861 02f8 14040000 		.4byte	.LASF54
 862 02fc 01       		.byte	0x1
 863 02fd 55       		.byte	0x55
 864 02fe 8C000000 		.4byte	0x8c
 865 0302 12       		.uleb128 0x12
 866 0303 1F030000 		.4byte	.LASF55
 867 0307 01       		.byte	0x1
 868 0308 55       		.byte	0x55
 869 0309 8C000000 		.4byte	0x8c
 870 030d 12       		.uleb128 0x12
 871 030e DC030000 		.4byte	.LASF56
 872 0312 01       		.byte	0x1
 873 0313 55       		.byte	0x55
 874 0314 8C000000 		.4byte	0x8c
 875 0318 00       		.byte	0
 876              		.section	.debug_abbrev,"",%progbits
 877              	.Ldebug_abbrev0:
 878 0000 01       		.uleb128 0x1
 879 0001 11       		.uleb128 0x11
 880 0002 01       		.byte	0x1
 881 0003 25       		.uleb128 0x25
 882 0004 0E       		.uleb128 0xe
 883 0005 13       		.uleb128 0x13
 884 0006 0B       		.uleb128 0xb
 885 0007 03       		.uleb128 0x3
 886 0008 0E       		.uleb128 0xe
 887 0009 1B       		.uleb128 0x1b
ARM GAS  /tmp/ccmBPbwT.s 			page 33


 888 000a 0E       		.uleb128 0xe
 889 000b 55       		.uleb128 0x55
 890 000c 17       		.uleb128 0x17
 891 000d 11       		.uleb128 0x11
 892 000e 01       		.uleb128 0x1
 893 000f 10       		.uleb128 0x10
 894 0010 17       		.uleb128 0x17
 895 0011 00       		.byte	0
 896 0012 00       		.byte	0
 897 0013 02       		.uleb128 0x2
 898 0014 24       		.uleb128 0x24
 899 0015 00       		.byte	0
 900 0016 0B       		.uleb128 0xb
 901 0017 0B       		.uleb128 0xb
 902 0018 3E       		.uleb128 0x3e
 903 0019 0B       		.uleb128 0xb
 904 001a 03       		.uleb128 0x3
 905 001b 0E       		.uleb128 0xe
 906 001c 00       		.byte	0
 907 001d 00       		.byte	0
 908 001e 03       		.uleb128 0x3
 909 001f 16       		.uleb128 0x16
 910 0020 00       		.byte	0
 911 0021 03       		.uleb128 0x3
 912 0022 0E       		.uleb128 0xe
 913 0023 3A       		.uleb128 0x3a
 914 0024 0B       		.uleb128 0xb
 915 0025 3B       		.uleb128 0x3b
 916 0026 0B       		.uleb128 0xb
 917 0027 49       		.uleb128 0x49
 918 0028 13       		.uleb128 0x13
 919 0029 00       		.byte	0
 920 002a 00       		.byte	0
 921 002b 04       		.uleb128 0x4
 922 002c 24       		.uleb128 0x24
 923 002d 00       		.byte	0
 924 002e 0B       		.uleb128 0xb
 925 002f 0B       		.uleb128 0xb
 926 0030 3E       		.uleb128 0x3e
 927 0031 0B       		.uleb128 0xb
 928 0032 03       		.uleb128 0x3
 929 0033 08       		.uleb128 0x8
 930 0034 00       		.byte	0
 931 0035 00       		.byte	0
 932 0036 05       		.uleb128 0x5
 933 0037 13       		.uleb128 0x13
 934 0038 01       		.byte	0x1
 935 0039 0B       		.uleb128 0xb
 936 003a 0B       		.uleb128 0xb
 937 003b 3A       		.uleb128 0x3a
 938 003c 0B       		.uleb128 0xb
 939 003d 3B       		.uleb128 0x3b
 940 003e 0B       		.uleb128 0xb
 941 003f 01       		.uleb128 0x1
 942 0040 13       		.uleb128 0x13
 943 0041 00       		.byte	0
 944 0042 00       		.byte	0
ARM GAS  /tmp/ccmBPbwT.s 			page 34


 945 0043 06       		.uleb128 0x6
 946 0044 0D       		.uleb128 0xd
 947 0045 00       		.byte	0
 948 0046 03       		.uleb128 0x3
 949 0047 0E       		.uleb128 0xe
 950 0048 3A       		.uleb128 0x3a
 951 0049 0B       		.uleb128 0xb
 952 004a 3B       		.uleb128 0x3b
 953 004b 0B       		.uleb128 0xb
 954 004c 49       		.uleb128 0x49
 955 004d 13       		.uleb128 0x13
 956 004e 38       		.uleb128 0x38
 957 004f 0B       		.uleb128 0xb
 958 0050 00       		.byte	0
 959 0051 00       		.byte	0
 960 0052 07       		.uleb128 0x7
 961 0053 0F       		.uleb128 0xf
 962 0054 00       		.byte	0
 963 0055 0B       		.uleb128 0xb
 964 0056 0B       		.uleb128 0xb
 965 0057 49       		.uleb128 0x49
 966 0058 13       		.uleb128 0x13
 967 0059 00       		.byte	0
 968 005a 00       		.byte	0
 969 005b 08       		.uleb128 0x8
 970 005c 2E       		.uleb128 0x2e
 971 005d 00       		.byte	0
 972 005e 3F       		.uleb128 0x3f
 973 005f 19       		.uleb128 0x19
 974 0060 03       		.uleb128 0x3
 975 0061 0E       		.uleb128 0xe
 976 0062 3A       		.uleb128 0x3a
 977 0063 0B       		.uleb128 0xb
 978 0064 3B       		.uleb128 0x3b
 979 0065 0B       		.uleb128 0xb
 980 0066 27       		.uleb128 0x27
 981 0067 19       		.uleb128 0x19
 982 0068 11       		.uleb128 0x11
 983 0069 01       		.uleb128 0x1
 984 006a 12       		.uleb128 0x12
 985 006b 06       		.uleb128 0x6
 986 006c 40       		.uleb128 0x40
 987 006d 18       		.uleb128 0x18
 988 006e 9742     		.uleb128 0x2117
 989 0070 19       		.uleb128 0x19
 990 0071 00       		.byte	0
 991 0072 00       		.byte	0
 992 0073 09       		.uleb128 0x9
 993 0074 2E       		.uleb128 0x2e
 994 0075 01       		.byte	0x1
 995 0076 3F       		.uleb128 0x3f
 996 0077 19       		.uleb128 0x19
 997 0078 03       		.uleb128 0x3
 998 0079 0E       		.uleb128 0xe
 999 007a 3A       		.uleb128 0x3a
 1000 007b 0B       		.uleb128 0xb
 1001 007c 3B       		.uleb128 0x3b
ARM GAS  /tmp/ccmBPbwT.s 			page 35


 1002 007d 0B       		.uleb128 0xb
 1003 007e 27       		.uleb128 0x27
 1004 007f 19       		.uleb128 0x19
 1005 0080 11       		.uleb128 0x11
 1006 0081 01       		.uleb128 0x1
 1007 0082 12       		.uleb128 0x12
 1008 0083 06       		.uleb128 0x6
 1009 0084 40       		.uleb128 0x40
 1010 0085 18       		.uleb128 0x18
 1011 0086 9742     		.uleb128 0x2117
 1012 0088 19       		.uleb128 0x19
 1013 0089 01       		.uleb128 0x1
 1014 008a 13       		.uleb128 0x13
 1015 008b 00       		.byte	0
 1016 008c 00       		.byte	0
 1017 008d 0A       		.uleb128 0xa
 1018 008e 34       		.uleb128 0x34
 1019 008f 00       		.byte	0
 1020 0090 03       		.uleb128 0x3
 1021 0091 08       		.uleb128 0x8
 1022 0092 3A       		.uleb128 0x3a
 1023 0093 0B       		.uleb128 0xb
 1024 0094 3B       		.uleb128 0x3b
 1025 0095 0B       		.uleb128 0xb
 1026 0096 49       		.uleb128 0x49
 1027 0097 13       		.uleb128 0x13
 1028 0098 02       		.uleb128 0x2
 1029 0099 17       		.uleb128 0x17
 1030 009a 00       		.byte	0
 1031 009b 00       		.byte	0
 1032 009c 0B       		.uleb128 0xb
 1033 009d 0B       		.uleb128 0xb
 1034 009e 01       		.byte	0x1
 1035 009f 11       		.uleb128 0x11
 1036 00a0 01       		.uleb128 0x1
 1037 00a1 12       		.uleb128 0x12
 1038 00a2 06       		.uleb128 0x6
 1039 00a3 00       		.byte	0
 1040 00a4 00       		.byte	0
 1041 00a5 0C       		.uleb128 0xc
 1042 00a6 26       		.uleb128 0x26
 1043 00a7 00       		.byte	0
 1044 00a8 49       		.uleb128 0x49
 1045 00a9 13       		.uleb128 0x13
 1046 00aa 00       		.byte	0
 1047 00ab 00       		.byte	0
 1048 00ac 0D       		.uleb128 0xd
 1049 00ad 01       		.uleb128 0x1
 1050 00ae 01       		.byte	0x1
 1051 00af 49       		.uleb128 0x49
 1052 00b0 13       		.uleb128 0x13
 1053 00b1 01       		.uleb128 0x1
 1054 00b2 13       		.uleb128 0x13
 1055 00b3 00       		.byte	0
 1056 00b4 00       		.byte	0
 1057 00b5 0E       		.uleb128 0xe
 1058 00b6 21       		.uleb128 0x21
ARM GAS  /tmp/ccmBPbwT.s 			page 36


 1059 00b7 00       		.byte	0
 1060 00b8 49       		.uleb128 0x49
 1061 00b9 13       		.uleb128 0x13
 1062 00ba 2F       		.uleb128 0x2f
 1063 00bb 0B       		.uleb128 0xb
 1064 00bc 00       		.byte	0
 1065 00bd 00       		.byte	0
 1066 00be 0F       		.uleb128 0xf
 1067 00bf 34       		.uleb128 0x34
 1068 00c0 00       		.byte	0
 1069 00c1 03       		.uleb128 0x3
 1070 00c2 0E       		.uleb128 0xe
 1071 00c3 3A       		.uleb128 0x3a
 1072 00c4 0B       		.uleb128 0xb
 1073 00c5 3B       		.uleb128 0x3b
 1074 00c6 0B       		.uleb128 0xb
 1075 00c7 49       		.uleb128 0x49
 1076 00c8 13       		.uleb128 0x13
 1077 00c9 02       		.uleb128 0x2
 1078 00ca 18       		.uleb128 0x18
 1079 00cb 00       		.byte	0
 1080 00cc 00       		.byte	0
 1081 00cd 10       		.uleb128 0x10
 1082 00ce 34       		.uleb128 0x34
 1083 00cf 00       		.byte	0
 1084 00d0 03       		.uleb128 0x3
 1085 00d1 0E       		.uleb128 0xe
 1086 00d2 3A       		.uleb128 0x3a
 1087 00d3 0B       		.uleb128 0xb
 1088 00d4 3B       		.uleb128 0x3b
 1089 00d5 05       		.uleb128 0x5
 1090 00d6 49       		.uleb128 0x49
 1091 00d7 13       		.uleb128 0x13
 1092 00d8 3F       		.uleb128 0x3f
 1093 00d9 19       		.uleb128 0x19
 1094 00da 3C       		.uleb128 0x3c
 1095 00db 19       		.uleb128 0x19
 1096 00dc 00       		.byte	0
 1097 00dd 00       		.byte	0
 1098 00de 11       		.uleb128 0x11
 1099 00df 35       		.uleb128 0x35
 1100 00e0 00       		.byte	0
 1101 00e1 49       		.uleb128 0x49
 1102 00e2 13       		.uleb128 0x13
 1103 00e3 00       		.byte	0
 1104 00e4 00       		.byte	0
 1105 00e5 12       		.uleb128 0x12
 1106 00e6 34       		.uleb128 0x34
 1107 00e7 00       		.byte	0
 1108 00e8 03       		.uleb128 0x3
 1109 00e9 0E       		.uleb128 0xe
 1110 00ea 3A       		.uleb128 0x3a
 1111 00eb 0B       		.uleb128 0xb
 1112 00ec 3B       		.uleb128 0x3b
 1113 00ed 0B       		.uleb128 0xb
 1114 00ee 49       		.uleb128 0x49
 1115 00ef 13       		.uleb128 0x13
ARM GAS  /tmp/ccmBPbwT.s 			page 37


 1116 00f0 3F       		.uleb128 0x3f
 1117 00f1 19       		.uleb128 0x19
 1118 00f2 3C       		.uleb128 0x3c
 1119 00f3 19       		.uleb128 0x19
 1120 00f4 00       		.byte	0
 1121 00f5 00       		.byte	0
 1122 00f6 00       		.byte	0
 1123              		.section	.debug_loc,"",%progbits
 1124              	.Ldebug_loc0:
 1125              	.LLST0:
 1126 0000 00000000 		.4byte	.LVL0
 1127 0004 0A000000 		.4byte	.LVL1
 1128 0008 0600     		.2byte	0x6
 1129 000a 03       		.byte	0x3
 1130 000b 00000000 		.4byte	ram_areas
 1131 000f 9F       		.byte	0x9f
 1132 0010 0A000000 		.4byte	.LVL1
 1133 0014 0E000000 		.4byte	.LVL2
 1134 0018 0300     		.2byte	0x3
 1135 001a 76       		.byte	0x76
 1136 001b 70       		.sleb128 -16
 1137 001c 9F       		.byte	0x9f
 1138 001d 0E000000 		.4byte	.LVL2
 1139 0021 10000000 		.4byte	.LVL3
 1140 0025 0100     		.2byte	0x1
 1141 0027 51       		.byte	0x51
 1142 0028 10000000 		.4byte	.LVL3
 1143 002c 40000000 		.4byte	.LVL11
 1144 0030 0300     		.2byte	0x3
 1145 0032 76       		.byte	0x76
 1146 0033 70       		.sleb128 -16
 1147 0034 9F       		.byte	0x9f
 1148 0035 40000000 		.4byte	.LVL11
 1149 0039 4A000000 		.4byte	.LVL13
 1150 003d 0100     		.2byte	0x1
 1151 003f 56       		.byte	0x56
 1152 0040 4A000000 		.4byte	.LVL13
 1153 0044 4C000000 		.4byte	.LVL14
 1154 0048 0300     		.2byte	0x3
 1155 004a 73       		.byte	0x73
 1156 004b 70       		.sleb128 -16
 1157 004c 9F       		.byte	0x9f
 1158 004d 4C000000 		.4byte	.LVL14
 1159 0051 4E000000 		.4byte	.LVL15
 1160 0055 0100     		.2byte	0x1
 1161 0057 56       		.byte	0x56
 1162 0058 4E000000 		.4byte	.LVL15
 1163 005c 54000000 		.4byte	.LFE67
 1164 0060 0300     		.2byte	0x3
 1165 0062 73       		.byte	0x73
 1166 0063 70       		.sleb128 -16
 1167 0064 9F       		.byte	0x9f
 1168 0065 00000000 		.4byte	0
 1169 0069 00000000 		.4byte	0
 1170              	.LLST1:
 1171 006d 10000000 		.4byte	.LVL3
 1172 0071 16000000 		.4byte	.LVL4
ARM GAS  /tmp/ccmBPbwT.s 			page 38


 1173 0075 0100     		.2byte	0x1
 1174 0077 51       		.byte	0x51
 1175 0078 16000000 		.4byte	.LVL4
 1176 007c 18000000 		.4byte	.LVL5
 1177 0080 0200     		.2byte	0x2
 1178 0082 76       		.byte	0x76
 1179 0083 70       		.sleb128 -16
 1180 0084 18000000 		.4byte	.LVL5
 1181 0088 1C000000 		.4byte	.LVL6
 1182 008c 0300     		.2byte	0x3
 1183 008e 71       		.byte	0x71
 1184 008f 04       		.sleb128 4
 1185 0090 9F       		.byte	0x9f
 1186 0091 1C000000 		.4byte	.LVL6
 1187 0095 20000000 		.4byte	.LVL7
 1188 0099 0100     		.2byte	0x1
 1189 009b 51       		.byte	0x51
 1190 009c 20000000 		.4byte	.LVL7
 1191 00a0 30000000 		.4byte	.LVL9
 1192 00a4 0300     		.2byte	0x3
 1193 00a6 71       		.byte	0x71
 1194 00a7 04       		.sleb128 4
 1195 00a8 9F       		.byte	0x9f
 1196 00a9 00000000 		.4byte	0
 1197 00ad 00000000 		.4byte	0
 1198              	.LLST2:
 1199 00b1 10000000 		.4byte	.LVL3
 1200 00b5 18000000 		.4byte	.LVL5
 1201 00b9 0100     		.2byte	0x1
 1202 00bb 53       		.byte	0x53
 1203 00bc 18000000 		.4byte	.LVL5
 1204 00c0 26000000 		.4byte	.LVL8
 1205 00c4 0100     		.2byte	0x1
 1206 00c6 52       		.byte	0x52
 1207 00c7 30000000 		.4byte	.LVL9
 1208 00cb 46000000 		.4byte	.LVL12
 1209 00cf 0100     		.2byte	0x1
 1210 00d1 53       		.byte	0x53
 1211 00d2 00000000 		.4byte	0
 1212 00d6 00000000 		.4byte	0
 1213              		.section	.debug_aranges,"",%progbits
 1214 0000 3C000000 		.4byte	0x3c
 1215 0004 0200     		.2byte	0x2
 1216 0006 00000000 		.4byte	.Ldebug_info0
 1217 000a 04       		.byte	0x4
 1218 000b 00       		.byte	0
 1219 000c 0000     		.2byte	0
 1220 000e 0000     		.2byte	0
 1221 0010 00000000 		.4byte	.LFB63
 1222 0014 02000000 		.4byte	.LFE63-.LFB63
 1223 0018 00000000 		.4byte	.LFB64
 1224 001c 02000000 		.4byte	.LFE64-.LFB64
 1225 0020 00000000 		.4byte	.LFB65
 1226 0024 02000000 		.4byte	.LFE65-.LFB65
 1227 0028 00000000 		.4byte	.LFB66
 1228 002c 02000000 		.4byte	.LFE66-.LFB66
 1229 0030 00000000 		.4byte	.LFB67
ARM GAS  /tmp/ccmBPbwT.s 			page 39


 1230 0034 54000000 		.4byte	.LFE67-.LFB67
 1231 0038 00000000 		.4byte	0
 1232 003c 00000000 		.4byte	0
 1233              		.section	.debug_ranges,"",%progbits
 1234              	.Ldebug_ranges0:
 1235 0000 00000000 		.4byte	.LFB63
 1236 0004 02000000 		.4byte	.LFE63
 1237 0008 00000000 		.4byte	.LFB64
 1238 000c 02000000 		.4byte	.LFE64
 1239 0010 00000000 		.4byte	.LFB65
 1240 0014 02000000 		.4byte	.LFE65
 1241 0018 00000000 		.4byte	.LFB66
 1242 001c 02000000 		.4byte	.LFE66
 1243 0020 00000000 		.4byte	.LFB67
 1244 0024 54000000 		.4byte	.LFE67
 1245 0028 00000000 		.4byte	0
 1246 002c 00000000 		.4byte	0
 1247              		.section	.debug_line,"",%progbits
 1248              	.Ldebug_line0:
 1249 0000 2D010000 		.section	.debug_str,"MS",%progbits,1
 1249      0200C400 
 1249      00000201 
 1249      FB0E0D00 
 1249      01010101 
 1250              	.LASF45:
 1251 0000 5F5F7261 		.ascii	"__ram5_init_text__\000"
 1251      6D355F69 
 1251      6E69745F 
 1251      74657874 
 1251      5F5F00
 1252              	.LASF26:
 1253 0013 5F5F7261 		.ascii	"__ram0_init__\000"
 1253      6D305F69 
 1253      6E69745F 
 1253      5F00
 1254              	.LASF38:
 1255 0021 5F5F7261 		.ascii	"__ram3_init__\000"
 1255      6D335F69 
 1255      6E69745F 
 1255      5F00
 1256              	.LASF16:
 1257 002f 636C6561 		.ascii	"clear_area\000"
 1257      725F6172 
 1257      656100
 1258              	.LASF57:
 1259 003a 474E5520 		.ascii	"GNU C 4.8.2 -mcpu=cortex-m3 -mno-thumb-interwork -m"
 1259      4320342E 
 1259      382E3220 
 1259      2D6D6370 
 1259      753D636F 
 1260 006d 7468756D 		.ascii	"thumb -ggdb -O2 -fomit-frame-pointer -falign-functi"
 1260      62202D67 
 1260      67646220 
 1260      2D4F3220 
 1260      2D666F6D 
 1261 00a0 6F6E733D 		.ascii	"ons=16 -ffunction-sections -fdata-sections -fno-com"
 1261      3136202D 
ARM GAS  /tmp/ccmBPbwT.s 			page 40


 1261      6666756E 
 1261      6374696F 
 1261      6E2D7365 
 1262 00d3 6D6F6E20 		.ascii	"mon -flto\000"
 1262      2D666C74 
 1262      6F00
 1263              	.LASF2:
 1264 00dd 73686F72 		.ascii	"short int\000"
 1264      7420696E 
 1264      7400
 1265              	.LASF13:
 1266 00e7 73697A65 		.ascii	"sizetype\000"
 1266      74797065 
 1266      00
 1267              	.LASF60:
 1268 00f0 5F5F696E 		.ascii	"__init_ram_areas\000"
 1268      69745F72 
 1268      616D5F61 
 1268      72656173 
 1268      00
 1269              	.LASF6:
 1270 0101 5F5F7569 		.ascii	"__uint32_t\000"
 1270      6E743332 
 1270      5F7400
 1271              	.LASF40:
 1272 010c 5F5F7261 		.ascii	"__ram3_noinit__\000"
 1272      6D335F6E 
 1272      6F696E69 
 1272      745F5F00 
 1273              	.LASF46:
 1274 011c 5F5F7261 		.ascii	"__ram5_init__\000"
 1274      6D355F69 
 1274      6E69745F 
 1274      5F00
 1275              	.LASF23:
 1276 012a 72616D5F 		.ascii	"ram_areas\000"
 1276      61726561 
 1276      7300
 1277              	.LASF59:
 1278 0134 2F686F6D 		.ascii	"/home/jerson/ChibiOS/rt_stm32f100rb_onion\000"
 1278      652F6A65 
 1278      72736F6E 
 1278      2F436869 
 1278      62694F53 
 1279              	.LASF19:
 1280 015e 5F5F636F 		.ascii	"__core_init\000"
 1280      72655F69 
 1280      6E697400 
 1281              	.LASF49:
 1282 016a 5F5F7261 		.ascii	"__ram6_init_text__\000"
 1282      6D365F69 
 1282      6E69745F 
 1282      74657874 
 1282      5F5F00
 1283              	.LASF36:
 1284 017d 5F5F7261 		.ascii	"__ram2_noinit__\000"
 1284      6D325F6E 
ARM GAS  /tmp/ccmBPbwT.s 			page 41


 1284      6F696E69 
 1284      745F5F00 
 1285              	.LASF8:
 1286 018d 6C6F6E67 		.ascii	"long long int\000"
 1286      206C6F6E 
 1286      6720696E 
 1286      7400
 1287              	.LASF22:
 1288 019b 5F5F6465 		.ascii	"__default_exit\000"
 1288      6661756C 
 1288      745F6578 
 1288      697400
 1289              	.LASF17:
 1290 01aa 6E6F5F69 		.ascii	"no_init_area\000"
 1290      6E69745F 
 1290      61726561 
 1290      00
 1291              	.LASF18:
 1292 01b7 72616D5F 		.ascii	"ram_init_area_t\000"
 1292      696E6974 
 1292      5F617265 
 1292      615F7400 
 1293              	.LASF30:
 1294 01c7 5F5F7261 		.ascii	"__ram1_init__\000"
 1294      6D315F69 
 1294      6E69745F 
 1294      5F00
 1295              	.LASF4:
 1296 01d5 6C6F6E67 		.ascii	"long int\000"
 1296      20696E74 
 1296      00
 1297              	.LASF21:
 1298 01de 5F5F6C61 		.ascii	"__late_init\000"
 1298      74655F69 
 1298      6E697400 
 1299              	.LASF52:
 1300 01ea 5F5F7261 		.ascii	"__ram6_noinit__\000"
 1300      6D365F6E 
 1300      6F696E69 
 1300      745F5F00 
 1301              	.LASF31:
 1302 01fa 5F5F7261 		.ascii	"__ram1_clear__\000"
 1302      6D315F63 
 1302      6C656172 
 1302      5F5F00
 1303              	.LASF35:
 1304 0209 5F5F7261 		.ascii	"__ram2_clear__\000"
 1304      6D325F63 
 1304      6C656172 
 1304      5F5F00
 1305              	.LASF29:
 1306 0218 5F5F7261 		.ascii	"__ram1_init_text__\000"
 1306      6D315F69 
 1306      6E69745F 
 1306      74657874 
 1306      5F5F00
 1307              	.LASF1:
ARM GAS  /tmp/ccmBPbwT.s 			page 42


 1308 022b 756E7369 		.ascii	"unsigned char\000"
 1308      676E6564 
 1308      20636861 
 1308      7200
 1309              	.LASF39:
 1310 0239 5F5F7261 		.ascii	"__ram3_clear__\000"
 1310      6D335F63 
 1310      6C656172 
 1310      5F5F00
 1311              	.LASF28:
 1312 0248 5F5F7261 		.ascii	"__ram0_noinit__\000"
 1312      6D305F6E 
 1312      6F696E69 
 1312      745F5F00 
 1313              	.LASF43:
 1314 0258 5F5F7261 		.ascii	"__ram4_clear__\000"
 1314      6D345F63 
 1314      6C656172 
 1314      5F5F00
 1315              	.LASF0:
 1316 0267 7369676E 		.ascii	"signed char\000"
 1316      65642063 
 1316      68617200 
 1317              	.LASF9:
 1318 0273 6C6F6E67 		.ascii	"long long unsigned int\000"
 1318      206C6F6E 
 1318      6720756E 
 1318      7369676E 
 1318      65642069 
 1319              	.LASF12:
 1320 028a 75696E74 		.ascii	"uint32_t\000"
 1320      33325F74 
 1320      00
 1321              	.LASF47:
 1322 0293 5F5F7261 		.ascii	"__ram5_clear__\000"
 1322      6D355F63 
 1322      6C656172 
 1322      5F5F00
 1323              	.LASF10:
 1324 02a2 756E7369 		.ascii	"unsigned int\000"
 1324      676E6564 
 1324      20696E74 
 1324      00
 1325              	.LASF58:
 1326 02af 2E2E2F6F 		.ascii	"../os/common/startup/ARMCMx/compilers/GCC/crt1.c\000"
 1326      732F636F 
 1326      6D6D6F6E 
 1326      2F737461 
 1326      72747570 
 1327              	.LASF7:
 1328 02e0 6C6F6E67 		.ascii	"long unsigned int\000"
 1328      20756E73 
 1328      69676E65 
 1328      6420696E 
 1328      7400
 1329              	.LASF51:
 1330 02f2 5F5F7261 		.ascii	"__ram6_clear__\000"
ARM GAS  /tmp/ccmBPbwT.s 			page 43


 1330      6D365F63 
 1330      6C656172 
 1330      5F5F00
 1331              	.LASF44:
 1332 0301 5F5F7261 		.ascii	"__ram4_noinit__\000"
 1332      6D345F6E 
 1332      6F696E69 
 1332      745F5F00 
 1333              	.LASF50:
 1334 0311 5F5F7261 		.ascii	"__ram6_init__\000"
 1334      6D365F69 
 1334      6E69745F 
 1334      5F00
 1335              	.LASF55:
 1336 031f 5F5F7261 		.ascii	"__ram7_clear__\000"
 1336      6D375F63 
 1336      6C656172 
 1336      5F5F00
 1337              	.LASF20:
 1338 032e 5F5F6561 		.ascii	"__early_init\000"
 1338      726C795F 
 1338      696E6974 
 1338      00
 1339              	.LASF11:
 1340 033b 696E7433 		.ascii	"int32_t\000"
 1340      325F7400 
 1341              	.LASF3:
 1342 0343 73686F72 		.ascii	"short unsigned int\000"
 1342      7420756E 
 1342      7369676E 
 1342      65642069 
 1342      6E7400
 1343              	.LASF53:
 1344 0356 5F5F7261 		.ascii	"__ram7_init_text__\000"
 1344      6D375F69 
 1344      6E69745F 
 1344      74657874 
 1344      5F5F00
 1345              	.LASF25:
 1346 0369 5F5F7261 		.ascii	"__ram0_init_text__\000"
 1346      6D305F69 
 1346      6E69745F 
 1346      74657874 
 1346      5F5F00
 1347              	.LASF48:
 1348 037c 5F5F7261 		.ascii	"__ram5_noinit__\000"
 1348      6D355F6E 
 1348      6F696E69 
 1348      745F5F00 
 1349              	.LASF34:
 1350 038c 5F5F7261 		.ascii	"__ram2_init__\000"
 1350      6D325F69 
 1350      6E69745F 
 1350      5F00
 1351              	.LASF33:
 1352 039a 5F5F7261 		.ascii	"__ram2_init_text__\000"
 1352      6D325F69 
ARM GAS  /tmp/ccmBPbwT.s 			page 44


 1352      6E69745F 
 1352      74657874 
 1352      5F5F00
 1353              	.LASF27:
 1354 03ad 5F5F7261 		.ascii	"__ram0_clear__\000"
 1354      6D305F63 
 1354      6C656172 
 1354      5F5F00
 1355              	.LASF41:
 1356 03bc 5F5F7261 		.ascii	"__ram4_init_text__\000"
 1356      6D345F69 
 1356      6E69745F 
 1356      74657874 
 1356      5F5F00
 1357              	.LASF24:
 1358 03cf 49544D5F 		.ascii	"ITM_RxBuffer\000"
 1358      52784275 
 1358      66666572 
 1358      00
 1359              	.LASF56:
 1360 03dc 5F5F7261 		.ascii	"__ram7_noinit__\000"
 1360      6D375F6E 
 1360      6F696E69 
 1360      745F5F00 
 1361              	.LASF5:
 1362 03ec 5F5F696E 		.ascii	"__int32_t\000"
 1362      7433325F 
 1362      7400
 1363              	.LASF32:
 1364 03f6 5F5F7261 		.ascii	"__ram1_noinit__\000"
 1364      6D315F6E 
 1364      6F696E69 
 1364      745F5F00 
 1365              	.LASF42:
 1366 0406 5F5F7261 		.ascii	"__ram4_init__\000"
 1366      6D345F69 
 1366      6E69745F 
 1366      5F00
 1367              	.LASF54:
 1368 0414 5F5F7261 		.ascii	"__ram7_init__\000"
 1368      6D375F69 
 1368      6E69745F 
 1368      5F00
 1369              	.LASF37:
 1370 0422 5F5F7261 		.ascii	"__ram3_init_text__\000"
 1370      6D335F69 
 1370      6E69745F 
 1370      74657874 
 1370      5F5F00
 1371              	.LASF15:
 1372 0435 696E6974 		.ascii	"init_area\000"
 1372      5F617265 
 1372      6100
 1373              	.LASF14:
 1374 043f 696E6974 		.ascii	"init_text_area\000"
 1374      5F746578 
 1374      745F6172 
ARM GAS  /tmp/ccmBPbwT.s 			page 45


 1374      656100
 1375              		.comm	__gnu_lto_v1,1,1
 1376              		.ident	"GCC: (4.8.2-14ubuntu1+6) 4.8.2"
ARM GAS  /tmp/ccmBPbwT.s 			page 46


DEFINED SYMBOLS
                            *ABS*:0000000000000000 crt1.c
     /tmp/ccmBPbwT.s:296    .text.__core_init:0000000000000000 $t
     /tmp/ccmBPbwT.s:302    .text.__core_init:0000000000000000 __core_init
     /tmp/ccmBPbwT.s:315    .text.__early_init:0000000000000000 $t
     /tmp/ccmBPbwT.s:321    .text.__early_init:0000000000000000 __early_init
     /tmp/ccmBPbwT.s:333    .text.__late_init:0000000000000000 $t
     /tmp/ccmBPbwT.s:339    .text.__late_init:0000000000000000 __late_init
     /tmp/ccmBPbwT.s:351    .text.__default_exit:0000000000000000 $t
     /tmp/ccmBPbwT.s:357    .text.__default_exit:0000000000000000 __default_exit
     /tmp/ccmBPbwT.s:371    .text.__init_ram_areas:0000000000000000 $t
     /tmp/ccmBPbwT.s:377    .text.__init_ram_areas:0000000000000000 __init_ram_areas
     /tmp/ccmBPbwT.s:459    .text.__init_ram_areas:0000000000000050 $d
     /tmp/ccmBPbwT.s:464    .rodata.ram_areas:0000000000000000 $d
     /tmp/ccmBPbwT.s:468    .rodata.ram_areas:0000000000000000 ram_areas
                            *COM*:0000000000000001 __gnu_lto_v1
                     .debug_frame:0000000000000010 $d
     /tmp/ccmBPbwT.s:463    .text.__init_ram_areas:0000000000000054 $t

UNDEFINED SYMBOLS
__ram0_init_text__
__ram0_init__
__ram0_clear__
__ram0_noinit__
__ram1_init_text__
__ram1_init__
__ram1_clear__
__ram1_noinit__
__ram2_init_text__
__ram2_init__
__ram2_clear__
__ram2_noinit__
__ram3_init_text__
__ram3_init__
__ram3_clear__
__ram3_noinit__
__ram4_init_text__
__ram4_init__
__ram4_clear__
__ram4_noinit__
__ram5_init_text__
__ram5_init__
__ram5_clear__
__ram5_noinit__
__ram6_init_text__
__ram6_init__
__ram6_clear__
__ram6_noinit__
__ram7_init_text__
__ram7_init__
__ram7_clear__
__ram7_noinit__
