ARM GAS  /tmp/ccfEWcw3.s 			page 1


   1              		.syntax unified
   2              		.cpu cortex-m3
   3              		.fpu softvfp
   4              		.eabi_attribute 20, 1
   5              		.eabi_attribute 21, 1
   6              		.eabi_attribute 23, 3
   7              		.eabi_attribute 24, 1
   8              		.eabi_attribute 25, 1
   9              		.eabi_attribute 26, 1
  10              		.eabi_attribute 30, 2
  11              		.eabi_attribute 34, 1
  12              		.eabi_attribute 18, 4
  13              		.thumb
  14              		.file	"hal_lld.c"
  15              		.text
  16              	.Ltext0:
  17              		.section	.gnu.lto_.jmpfuncs.65f96938e6de2e8c,"",%progbits
  18 0000 789C6362 		.ascii	"x\234cb`b\300\006\330\2404P\226\221\201\001\000\001"
  18      6062C006 
  18      D8A03450 
  18      96918101 
  18      0001
  19 0012 1D000E   		.ascii	"\035\000\016"
  20              		.text
  21              		.section	.gnu.lto_.inline.65f96938e6de2e8c,"",%progbits
  22 0000 789C6362 		.ascii	"x\234cb`b\300\006\264\2414PVH\220\221\201In\303+F\006"
  22      6062C006 
  22      B4A13450 
  22      56489091 
  22      81496EC3 
  23 0017 B605F260 		.ascii	"\266\005\362`\325\214\014:_\031\201\202A+n\310\302\005"
  23      D58C0C3A 
  23      5F198182 
  23      412B6EC8 
  23      C205
  24 0029 190094D5 		.ascii	"\031\000\224\325\006\264"
  24      06B4
  25              		.text
  26              		.section	.gnu.lto_.pureconst.65f96938e6de2e8c,"",%progbits
  27 0000 789C6362 		.ascii	"x\234cb`b`e\200\000&\006)F)\000\001\006\000A"
  27      60626065 
  27      80002606 
  27      29462900 
  27      01060041 
  28              		.text
  29              		.section	.gnu.lto_hal_lld_init.65f96938e6de2e8c,"",%progbits
  30 0000 789CAD93 		.ascii	"x\234\255\223\277K\002a\030\307\237\347=\257\264\014"
  30      BF4B0261 
  30      18C79FE7 
  30      3DAFB40C 
  31 0010 A5CD4D84 		.ascii	"\245\315M\204\226\"\355\307\322\0224\005\015M\031\324"
  31      9622EDC7 
  31      D2123405 
  31      0D4D19D4 
  32 0020 14665082 		.ascii	"\024fP\202`T\204M\276W\016\022\015G\264T\213\"\025\264"
  32      6054844D 
  32      BE570E12 
ARM GAS  /tmp/ccfEWcw3.s 			page 2


  32      0D47B454 
  32      8B2215B4 
  33 0034 D498B544 		.ascii	"\324\230\265DcT\340Z\020\006E\375\011M]\317s\257gTC"
  33      6354E05A 
  33      100645FD 
  33      094D5DCF 
  33      73AF6754 
  34 0049 5A3DE0F7 		.ascii	"Z=\340\367y\317\363\371>\237\357q\012\020\360\265\002"
  34      79CFF3F9 
  34      3E9FEF71 
  34      0A10F0B5 
  34      02
  35 005a F4597101 		.ascii	"\364Yq\001\014PG\015P\2307\000\206[ \362\001\0202\002"
  35      0C50470D 
  35      50983700 
  35      865B20F2 
  35      01103202 
  36 006e 3393C83F 		.ascii	"3\223\310?\025!(H\271Yy*n\007\326\363\253\246|\263,"
  36      15212848 
  36      B959792A 
  36      6E07D6F3 
  36      ABA67CB3 
  37 0083 4C209976 		.ascii	"L \231v#\304\021&\350\002\203v\023\256\317[\324\344"
  37      23C41126 
  37      E8028376 
  37      13AECF5B 
  37      D4E4
  38 0095 F9F1E546 		.ascii	"\371\361\345F\213i\344\244ee\354\271\376\237\346\216"
  38      8B69E4A4 
  38      6565ECB9 
  38      FE9FE68E 
  39 00a5 C479C5B2 		.ascii	"\304y\305\262\256\312\217\017%lo\027\020\303\002\206"
  39      AECA8F0F 
  39      256C6F17 
  39      10C30286 
  40 00b5 40A75EA4 		.ascii	"@\247^\244\356\006r\361\260\264\262xY|,~\026*\035\262"
  40      EE0672F1 
  40      B0B4B278 
  40      597C2C7E 
  40      162A1DB2 
  41 00c9 529A41E0 		.ascii	"R\232A\340-TQRN5\216\202\273v\015\027\267\257\305@\014"
  41      2D545152 
  41      4E358E82 
  41      BB760D17 
  41      B7AFC540 
  42 00de F7508759 		.ascii	"\367P\207Y\024]p(\263\206?\201\332.\354\020\215\213"
  42      145D7028 
  42      B3863F81 
  42      DA2EEC10 
  42      8D8B
  43 00f0 917499CF 		.ascii	"\221t\231\317I\227M\247\333L\323\350\320\321\374\200"
  43      49974DA7 
  43      DB4CD3E8 
  43      D0D1FC80 
  44 0100 1A6E6C92 		.ascii	"\032nl\222\277\001\213\312\367\335\004\033\360\320\252"
  44      BF018BCA 
  44      F7DD041B 
ARM GAS  /tmp/ccfEWcw3.s 			page 3


  44      F0D0AA
  45 010f 10B7B97D 		.ascii	"\020\267\271}tB\350\365\242\340\257C\340?\204\300\357"
  45      7442E8F5 
  45      A2E0AF43 
  45      E03F84C0 
  45      EF
  46 0120 215E3E42 		.ascii	"!^>B\270\353E\021\265\020k%\315\231\366\220\201M'\251"
  46      B8EB4511 
  46      B5106B25 
  46      CD99F690 
  46      814D27A9 
  47 0134 50B98F34 		.ascii	"P\271\2174\026Q\371\222U\365\371\036\324\320Z\377\204"
  47      1651F992 
  47      55F5F91E 
  47      D4D05AFF 
  47      84
  48 0145 E6250307 		.ascii	"\346%\003\007m\350Od^Evr\337V{\311\325AZ[\203\000\312"
  48      6DE84F64 
  48      5E457672 
  48      DF567BC9 
  48      D5415A5B 
  49 015c 34AE9EF3 		.ascii	"4\256\236\363,\372>\331\033\246\244S\023\3336\313\212"
  49      2CFA3ED9 
  49      1BA6A453 
  49      13DB36CB 
  49      8A
  50 016d 51DDD05C 		.ascii	"Q\335\320\\\335\240\361\364\231Z\310\360k\317w\224\376"
  50      DDA0F1F4 
  50      995AC8F0 
  50      6BCF7794 
  50      FE
  51 017e D4E6F793 		.ascii	"\324\346\367\223\225\342\0275\372\323\257\364\365\332"
  51      95E21735 
  51      FAD3AFF4 
  51      F5DA
  52 018c 931D4019 		.ascii	"\223\035@\031\214J\251C\341:\025%l\372\177\362\212\316"
  52      8C4AA943 
  52      E13A1525 
  52      6CFA7FF2 
  52      8ACE
  53 019e 7038925A 		.ascii	"p8\222Z\214\314\305\222\221\371\324\302\322bd,:\332"
  53      8CCCC592 
  53      91F9D4C2 
  53      D262642C 
  53      3ADA
  54 01b0 DFA774B8 		.ascii	"\337\247t\2707\235\346;S\311\344L8\016\372r*\031\356"
  54      379DE63B 
  54      53C9E44C 
  54      380EFA72 
  54      2A19EE
  55 01c3 B1B5F71D 		.ascii	"\261\265\367\035u\032\015\233"
  55      751A0D9B 
  56              		.text
  57              		.section	.gnu.lto_stm32_clock_init.65f96938e6de2e8c,"",%progbits
  58 0000 789CA554 		.ascii	"x\234\245TAk\023A\030\375\276\331lv\223\354nv\033Z\032"
  58      416B1341 
  58      18FDBED9 
ARM GAS  /tmp/ccfEWcw3.s 			page 4


  58      6C7693EC 
  58      6E761B5A 
  59 0015 68680441 		.ascii	"hh\004APi\250\375\005\271\010\036<\331\200\236\244V"
  59      5069A8FD 
  59      05B9081E 
  59      3CD9809E 
  59      A456
  60 0027 888142C5 		.ascii	"\210\201B\305z\350\255\033\232\203\007\017=\026\005"
  60      7AE8AD1B 
  60      9A83070F 
  60      3D1605
  61 0036 D1AB8842 		.ascii	"\321\253\210B\017vM\221\226\"(H\005o1\247\236Z\213\202"
  61      0F764D91 
  61      96222848 
  61      056F31A7 
  61      9E5A8B82 
  62 004a B4277BAA 		.ascii	"\264'{\252\363\315\354\316\246\266b\333]\310\333\315"
  62      F3CDECCE 
  62      A6B662DB 
  62      5DC8DBCD 
  63 005a BC99B7DF 		.ascii	"\274\231\267\337\274\367\3550`\360\367\365\211\377\316"
  63      BCF7ED30 
  63      60F0F7F5 
  63      89FFCE
  64 0069 9B0097F9 		.ascii	"\233\000\227\371\035\373\000\331\302\027\200\246\311"
  64      1DFB00D9 
  64      C21780A6 
  64      C9
  65 0076 50930F1A 		.ascii	"P\223\017\032\363\036\177\004\360\263\251\226\001\276"
  65      F31E7F04 
  65      F0B3A996 
  65      01BE
  66 0084 E5C9F16A 		.ascii	"\345\311\361j\012u\311\353\314\225|Z\360\256\034\257"
  66      0A75C9EB 
  66      CC957C5A 
  66      F0AE1CAF 
  67 0094 A6D190BC 		.ascii	"\246\321\220\274\301\362\2227\005\237\227\343U\0233"
  67      C1F29237 
  67      059F97E3 
  67      551333
  68 00a3 92CF3047 		.ascii	"\222\3170G\362Y\301;r\274\232\305\234\344s\314\226\274"
  68      F259C13B 
  68      72BC9AC5 
  68      9CE473CC 
  68      96BC
  69 00b5 25785B8E 		.ascii	"%x[\216W-D\272\003\302\034\323\274\224\356\246\215\274"
  69      572D44BA 
  69      03C21CD3 
  69      BC94EEA6 
  69      8DBC
  70 00c7 9971B239 		.ascii	"\231q\2629\333\302\271[(\266\366\206\255m\036\034\274"
  70      DBC2B95B 
  70      28B6F686 
  70      AD6D1E1C 
  70      BC
  71 00d8 5EFAFCEC 		.ascii	"^\372\374\354\025\276g\347\0304\0204\002\235 M`\020"
  71      15BE67E7 
ARM GAS  /tmp/ccfEWcw3.s 			page 5


  71      18341034 
  71      029D204D 
  71      6010
  72 00ea 98043902 		.ascii	"\230\0049\002\213\300&p\010\\\002\217\240\217\240@\320"
  72      8BC02670 
  72      085C028F 
  72      A08FA040 
  72      D0
  73 00fb 4F304030 		.ascii	"O0@0HP$\030\"(\021\014\023\224\011\370\245C\313\367"
  73      48502418 
  73      2228110C 
  73      139409F8 
  73      A543CBF7 
  74 010f 17CA0093 		.ascii	"\027\312\000\223\342\3578G\276\207\0322~\3236`\275\333"
  74      E2EF3847 
  74      BE871A32 
  74      7ED33660 
  74      BDDB
  75 0121 59FE8613 		.ascii	"Y\376\206\023\370\002u\250#\273\004/\375V\323m >\205"
  75      F80275A8 
  75      23BB042F 
  75      FD56D36D 
  75      203E85
  76 0134 27D84076 		.ascii	"'\330@v\223\203\346?\177\344\247@<\212=\335\301(\270"
  76      9383E63F 
  76      7FE4A740 
  76      3C8A3DDD 
  76      C128B8
  77 0147 0D987FA7 		.ascii	"\015\230\177\247E\253\265\272\234\017(\230\365k\222"
  77      45ABB5BA 
  77      9C0F2898 
  77      F56B92
  78 0156 389D663D 		.ascii	"8\235f=\374\317K\324\200\273+j\374\275\274\257j\324"
  78      FCCF4BD4 
  78      80BB2B6A 
  78      FCBDBCAF 
  78      6AD4
  79 0168 851E9EA6 		.ascii	"\205\036\236\246\304\225\371%\265<\315\025D\221L\364"
  79      C495F925 
  79      B53CCD15 
  79      44914CF4 
  80 0178 DD87EDE6 		.ascii	"\335\207\355\346\230\242\304x\3575\216\036\360\340\261"
  80      98A2C478 
  80      EF358E1E 
  80      F0E0B1
  81 0187 86A9C8AE 		.ascii	"\206\251\310\256\240\035\333e\234\301\256\025e\227\311"
  81      A01DDB65 
  81      9CC1AE15 
  81      6597C9
  82 0196 05C41BF7 		.ascii	"\005\304\033\367\223\371e\212\305A\247\275\203\275\002"
  82      93F9658A 
  82      C541A7BD 
  82      83BD02
  83 01a5 BEFD5F05 		.ascii	"\276\375_\005)A#\252\302\032_\257\\o\357\252\255\346"
  83      294123AA 
  83      C21A5FAF 
  83      5C6FEFAA 
ARM GAS  /tmp/ccfEWcw3.s 			page 6


  83      ADE6
  84 01b7 4EE83AF6 		.ascii	"N\350:\366\354t\376\255Znq\005\261WK\270\336\372\031"
  84      EC74FEAD 
  84      5A6E7105 
  84      B1574BB8 
  84      DEFA19
  85 01ca BB6E1DE3 		.ascii	"\273n\035\343\272\033\272\236\216\\_\\\215]\267\023"
  85      BA1BBA9E 
  85      8E5C5F5C 
  85      8D5DB713 
  86 01da 35A9C305 		.ascii	"5\251\303\005\304\033}>;\211\355Nd\230\241\014\013V"
  86      C41B7D3E 
  86      3B89ED4E 
  86      6498A10C 
  86      0B56
  87 01ec E3367593 		.ascii	"\3436u\223\265\251\307\025\3022\315#\215\352\035cY>"
  87      B5A9C715 
  87      C232CD23 
  87      8DEA1D63 
  87      593E
  88 01fe B4CC54DF 		.ascii	"\264\314T\337\365\326\216R\353;\351\346z\342\213-+p"
  88      F5D68E52 
  88      EB3BE9E6 
  88      7AE28B2D 
  88      2B70
  89 0210 81449661 		.ascii	"\201D\226ahYA,\356~\337R\205\365'\312r\200\013\204\205"
  89      6859412C 
  89      EE7EDF52 
  89      85F527CA 
  89      72800B84 
  90 0225 0997CE1E 		.ascii	"\011\227\316\036\346@\024fF\205\271\270\035\2079\230"
  90      E6401466 
  90      4685B9B8 
  90      1D873998 
  91 0235 2CCC2257 		.ascii	",\314\"W\210\352t\217\244Y<&M'L3\033\246\031t~$\371"
  91      88EA748F 
  91      A4593C26 
  91      4D274C33 
  91      1BA61974 
  92 024c BA5570C1 		.ascii	"\272Up\301\342\257\335\303:\243J'ESu\177-\322\321C\035"
  92      E2AFDDC3 
  92      3AA34A27 
  92      4553757F 
  92      2DD2D143 
  93 0261 16EBB852 		.ascii	"\026\353\270R\245\033\354\305\2755\224\250\267J\\@\035"
  93      A51BECC5 
  93      BD3594A8 
  93      B74A5C40 
  93      1D
  94 0272 C767EFAC 		.ascii	"\307g\357\254R\224_N\345\327\331\213O\257\341d\247W"
  94      52945F4E 
  94      E5D7D98B 
  94      4FAFE164 
  94      A757
  95 0284 992BFCE3 		.ascii	"\231+\374\343\364*\213q\363Pxv\030\236E\341}\205\346"
  95      F42A8B71 
  95      F3507876 
ARM GAS  /tmp/ccfEWcw3.s 			page 7


  95      189E45E1 
  95      7D85E6
  96 0297 66F7829C 		.ascii	"f\367\202\234\036OAN\321\216/\216\214T\246g*\367&\246"
  96      1E4F414E 
  96      D18E2F8E 
  96      8C54A667 
  96      2AF726A6 
  97 02ab 2AF7A71F 		.ascii	"*\367\247\037<\234\251\334\030\277>vE\342\325\321\331"
  97      3C9CA9DC 
  97      18BF3E76 
  97      45E2D5D1 
  97      D9
  98 02bc 59626E4F 		.ascii	"YbnOM\335\035\231\204?\204\307\336Q"
  98      4DDD1D99 
  98      843F84C7 
  98      DE51
  99              		.text
 100              		.section	.gnu.lto_.symbol_nodes.65f96938e6de2e8c,"",%progbits
 101 0000 789C6362 		.ascii	"x\234cb`bPg\200\002\246\273\214\365\014\014\023\316"
 101      60625067 
 101      8002A6BB 
 101      8CF50C0C 
 101      13CE
 102 0012 3130D4D7 		.ascii	"10\324\327\317\353`d\272\307X\317\210\340\262\336fd"
 102      CFEB6064 
 102      BAC758CF 
 102      88E0B2DE 
 102      6664
 103 0024 6005CA03 		.ascii	"`\005\312\003\000\361\225\013W"
 103      00F1950B 
 103      57
 104              		.text
 105              		.section	.gnu.lto_.refs.65f96938e6de2e8c,"",%progbits
 106 0000 789C6362 		.ascii	"x\234cb`b`d\200\002\000\000F\000\006"
 106      60626064 
 106      80020000 
 106      460006
 107              		.text
 108              		.section	.gnu.lto_.decls.65f96938e6de2e8c,"",%progbits
 109 0000 789C9D96 		.ascii	"x\234\235\226ml\024E\030\307g\366j{g\217\226\220@\324"
 109      6D6C1445 
 109      18C767F6 
 109      6A7B678F 
 109      969040D4 
 110 0014 447A1831 		.ascii	"Dz\0301\246\011\267m\211&~A\256\327\226\022\005\232"
 110      A609B76D 
 110      89267E41 
 110      AED79612 
 110      059A
 111 0026 BD22F8E9 		.ascii	"\275\"\370\351\262\275\273\246\027\356\245\351mc\371"
 111      B2BDBBA6 
 111      17EEA5E9 
 111      6D63F9
 112 0035 361645A3 		.ascii	"6\026E\243\206\324\246\"V-W\213\005D\015\224(\245i\352"
 112      86D4A622 
 112      562D578B 
 112      05440D94 
ARM GAS  /tmp/ccfEWcw3.s 			page 8


 112      28A569EA 
 113 0049 D940D308 		.ascii	"\331@\323\010!4}\001\332&=b\210\301\020R0~\360%\236"
 113      21347D01 
 113      DA263D62 
 113      88C11052 
 113      307EF025 
 114 005e CFCEEEF6 		.ascii	"\317\316\356\366f\217\273\353.\223<\317\316\356\316"
 114      668FBBEB 
 114      2E933CCF 
 114      CEEECE
 115 006d FCE63F6F 		.ascii	"\374\346?o\317\014\2078t\035!\224\202\364\331\032\204"
 115      CF0C8738 
 115      741D2194 
 115      82F4D91A 
 115      84
 116 007e C6314216 		.ascii	"\3061B\026x\337\206\322\211\003\353\007\033\004\203"
 116      78DF86D2 
 116      8903EB07 
 116      1B0483
 117 008d DFE834D2 		.ascii	"\337\3504\322'\371\237\025\254\010\254\004\314\0166"
 117      27F99F15 
 117      AC08AC04 
 117      CC0E36
 118 009c 04761E4C 		.ascii	"\004v\036LfO\201\335\004+\000K\200\215\201M\200\315"
 118      664F81DD 
 118      042B004B 
 118      808D814D 
 118      80CD
 119 00ae 31EC5BE8 		.ascii	"1\354[\350\321$\267W\250rY\336\"\330C\244\350\034\006"
 119      D124B757 
 119      A87259DE 
 119      22D843A4 
 119      E81C06
 120 00c1 1B01BBAD 		.ascii	"\033\001\273\255j\033\314\302)C}$\236L\276;p\356i\022"
 120      6A1BCCC2 
 120      29437D24 
 120      9E4CBE3B 
 120      70EE6912 
 121 00d5 EF4CA452 		.ascii	"\357L\244R\257\242\015\350\023\002)~\230\020,\211x\333"
 121      AFA20DE8 
 121      1302297E 
 121      98102C89 
 121      78DB
 122 00e7 7AB41F8B 		.ascii	"z\264\037\213\270\304\206\0344c\267Q\261\010\211\370"
 122      B8C4861C 
 122      3463B751 
 122      B10889F8 
 123 00f7 2BBC41CD 		.ascii	"+\274A\315\355\265h\303\261\005\243rt\032\352w\0212"
 123      EDB568C3 
 123      B105A372 
 123      741AEA77 
 123      1132
 124 0109 BE314B8B 		.ascii	"\2761K\213\010\275\200\276\226\033 \247\210\205\342"
 124      08BD80BE 
 124      961B20A7 
 124      8885E2
 125 0118 65403F2E 		.ascii	"e@?.c\213\210x\000s\217\352L\014]\261w\275\235L\245"
ARM GAS  /tmp/ccfEWcw3.s 			page 9


 125      638B8878 
 125      00738FEA 
 125      4C0C5DB1 
 125      77BD9D4C 
 126 012d CA94C639 		.ascii	"\312\224\3069\344\302P\366\004.\317\013\037\314\204"
 126      E4C250F6 
 126      042ECF0B 
 126      1FCC84
 127 013c 9FD4C39F 		.ascii	"\237\324\303\237C\375$>\2368~w\022\223nB\226S\251R\033"
 127      43FD243E 
 127      9E387E77 
 127      12936E42 
 127      9653A952 
 128 0151 7A9F904E 		.ascii	"z\237\220Ny\020\352'a\336\262\215\300ft\002z\231\234"
 128      7910EA27 
 128      61DEB28D 
 128      C0667402 
 128      7A999C
 129 0164 3D7CF967 		.ascii	"=|\371g\334\011c%\342o\260\015$\265\352%\031'\375\361"
 129      DC096325 
 129      E26FB00D 
 129      24B5EA25 
 129      1927FDF1 
 130 0178 DEE82B84 		.ascii	"\336\350+\204XE\374\035\345\234\304z\220\210\213l\372"
 130      5845FC1D 
 130      E59CC47A 
 130      90888B6C 
 130      FA
 131 0189 6EC0BB56 		.ascii	"n\300\273V@\246\321\337jF^\263\245\310lq\016\015\255"
 131      40A6D1DF 
 131      6A465EB3 
 131      A5C86C71 
 131      0E0DAD
 132 019c 349A6BD2 		.ascii	"4\232k\322\317\302\330m\204\275\360%\261\322/\373\325"
 132      CFC2D86D 
 132      84BDF025 
 132      B1D22FFB 
 132      D5
 133 01ad 8E937BC3 		.ascii	"\216\223{\303\305jo\017\345\355\255\210\317\340\315"
 133      C56A6F0F 
 133      E5EDAD88 
 133      CFE0CD
 134 01bc 86E4AC43 		.ascii	"\206\344\254C\037\313S\351`H\304\242\241*\322\003\367"
 134      1FCB53E9 
 134      6048C4A2 
 134      A12AD203 
 134      F7
 135 01cd E0DAFD97 		.ascii	"\340\332\375\227\351\300\235\307\353\240\017\037r\372"
 135      E9C09DC7 
 135      EBA00F1F 
 135      72FA
 136 01db 815B1523 		.ascii	"\201[\025#k\372\021\252*\225(\224$\376\231\267\223\002"
 136      6BFA11AA 
 136      2A952894 
 136      24FE99B7 
 136      9302
 137 01ed E53BCA58 		.ascii	"\345;\312XcL\332\204\342\344\235C\211\324|\017\354\237"
ARM GAS  /tmp/ccfEWcw3.s 			page 10


 137      634CDA84 
 137      E2E49D43 
 137      89D47C0F 
 137      EC9F
 138 01ff 71400ED1 		.ascii	"q@\016\321\271\373\224J\220\353f\033\0015\213V\306\257"
 138      B9FB944A 
 138      90EB661B 
 138      01358B56 
 138      C6AF
 139 0211 C496C1EB 		.ascii	"\304\226\301\353Z\260w\211\032\254\3274\314\241\203"
 139      5AB07789 
 139      1AACD734 
 139      CCA183
 140 0220 75B3B0E3 		.ascii	"u\263\260\343F`\326\334\312zX\330\200i\230^\331Q\026"
 140      4660D6DC 
 140      CA7A58D8 
 140      8069985E 
 140      D95116
 141 0233 F6AD11D8 		.ascii	"\366\255\021\330\332\334\312\216\261\260\037L\303\364"
 141      DADCCA8E 
 141      B1B01F4C 
 141      C3F4
 142 0241 CA7A59D8 		.ascii	"\312zY\330\250\021\330S\271\225}\301\302.\231\206\351"
 142      A811D853 
 142      B9957DC1 
 142      C22E9986 
 142      E9
 143 0252 95F5B1B0 		.ascii	"\225\365\261\260\253F`\216\334\312\316\262\260)\323"
 143      AB46608E 
 143      DCCACEB2 
 143      B029D3
 144 0261 304619E9 		.ascii	"0F\031\351L\\\370\374\210\272\011\224@8k\204\367bnq"
 144      4C5CF8FC 
 144      88BA0994 
 144      40386B84 
 144      F7626E71 
 145 0275 1717F49B 		.ascii	"\027\027\364\233j\3114\317\201r&v\307\213\370\002\215"
 145      6AC934CF 
 145      81722676 
 145      C78BF802 
 145      8D
 146 0286 48C37813 		.ascii	"H\303x\023\370\021\352G\251\037\243>A\3758\365\227\250"
 146      F811EA47 
 146      A91FA33E 
 146      41FD38F5 
 146      97A8
 147 0298 9FA07E92 		.ascii	"\237\240~\222\372_\250\277J\3755\360+\251\030}\220\216"
 147      FA5FA8BF 
 147      4AFD35F0 
 147      2BA9187D 
 147      908E
 148 02aa FC4A70CA 		.ascii	"\374Jp\312\025T\257\343b\255\226\032\255\342\333\231"
 148      1554AFE3 
 148      62AD961A 
 148      ADE2DB99 
 149 02ba 70B59DDD 		.ascii	"p\265\235\335KJ\320K,\315c\207\210\247h\304\273\223"
 149      4B4AD04B 
ARM GAS  /tmp/ccfEWcw3.s 			page 11


 149      2CCD6387 
 149      88A768C4 
 149      BB93
 150 02cc 3DE2E566 		.ascii	"=\342\345f\310m\316dF\274\033J\304\2331\024\361\026"
 150      C86DCE64 
 150      46BC1B4A 
 150      C49B3114 
 150      F116
 151 02de 74114FC4 		.ascii	"t\021O\304\027\341XP\352>^\304[\234_Y\211\"\276b\032"
 151      17E15850 
 151      EA3E5EC4 
 151      5B9C5F59 
 151      8922BE62 
 152 02f3 9677A667 		.ascii	"\226w\246g\230\231\236\2453=Gg\353F\236\331\232\312"
 152      98999EA5 
 152      333D4767 
 152      EB469ED9 
 152      9ACA
 153 0305 335B37D3 		.ascii	"3[7\323\263%\337K\022\313\311\313\013G\324\373\323O"
 153      B325DF4B 
 153      12CBC9CB 
 153      0B47D4FB 
 153      D34F
 154 0317 0423ED72 		.ascii	"\004#\355r\362\2003r;\271\225y;\231\327\337N\262\034"
 154      F2803372 
 154      3BB99579 
 154      3B99D7DF 
 154      4EB21C
 155 032a 5F714E93 		.ascii	"_qN\223\364<bN\301\211\227\350)\270H\327\304G\226UO"
 155      F43C624E 
 155      C18997E8 
 155      29B848D7 
 155      C4479655 
 156 033f 413D466E 		.ascii	"A=Fnz)sM\3749M\327\304\222\2415\361\327\264~\303\366"
 156      7A29734D 
 156      FC394DD7 
 156      C492A135 
 156      F1D7B47E 
 157 0355 52094B8F 		.ascii	"R\011K\217\275&\376\236f\242S\237i\230C\007\373\227"
 157      BD26FE9E 
 157      66A2539F 
 157      69984307 
 157      FB97
 158 0367 850D1881 		.ascii	"\205\015\030\201\3459\005\377cagL\303\364\312\272\346"
 158      E53905FF 
 158      6361674C 
 158      C3F4CABA 
 158      E6
 159 0378 98A5AFEC 		.ascii	"\230\245\257\354\243U`yN\301\3569F\331\367F\224\345"
 159      A3556079 
 159      4EC1EE39 
 159      46D9F746 
 159      94E5
 160 038a 39057B58 		.ascii	"9\005{X\3309#\260<\247\340Q\0266b\032\246Wv\214\205"
 160      D83923B0 
 160      3CA7E051 
 160      1636621A 
ARM GAS  /tmp/ccfEWcw3.s 			page 12


 160      A657768C 
 161 039f 8D198139 		.ascii	"\215\031\2019\262(\313\226\330M \342$\015\027\267i\270"
 161      B228CB96 
 161      D84D20E2 
 161      240D17B7 
 161      69B8
 162 03b1 F895FA3B 		.ascii	"\370\225\372;\324\377F\375]\352\177\247\376\036\365"
 162      D4FF46FD 
 162      5DEA7FA7 
 162      FE1EF5
 163 03c0 F7A95FCE 		.ascii	"\367\251_\316\023X\026\363\004\226\207\351\300\202\312"
 163      135816F3 
 163      049687E9 
 163      C082CA
 164 03cf 9D4E3E1A 		.ascii	"\235N>\032\343[\304\020\337\032m\223b\274\247q\327\326"
 164      E35BC410 
 164      DF1A6D93 
 164      62BCA771 
 164      D7D6
 165 03e1 2AC5D755 		.ascii	"*\305\327Uvt\310\177\274\241\220\337\351Cv5\353\015"
 165      7674C87F 
 165      BCA190DF 
 165      E9437635 
 165      EB0D
 166 03f3 468252E1 		.ascii	"F\202R\341\216\335{\035n\2646&\205\267Vy}\241\250\357"
 166      8EDD7B1D 
 166      6EB43626 
 166      85B75679 
 166      7DA1A8EF 
 167 0407 00FDFE2C 		.ascii	"\000\375\376,\337\036k\343\203\021_\250\335\037\340"
 167      DF1E6BE3 
 167      83115FA8 
 167      DD1FE0
 168 0416 2381B742 		.ascii	"#\201\267B\301&>&\371\203\021\311\331\202\254\355\360"
 168      C1263E26 
 168      F98311C9 
 168      D982ACED 
 168      F0
 169 0427 84F2D296 		.ascii	"\204\362\322\226l\305\302\242\257%\030\011\360^\177"
 169      6CC5C2A2 
 169      AF251809 
 169      F05E7F
 170 0436 A0596C0F 		.ascii	"\240Yl\017I^\351`k \006\325\236\364z\265\212\245\236"
 170      495EE960 
 170      6B2006D5 
 170      9EF47AB5 
 170      8AA59E
 171 0449 83312910 		.ascii	"\2031)\020vG\333\002n\271\321\365N\277(\211\316\214"
 171      7647DB02 
 171      6EB9D1F5 
 171      4EBF2889 
 171      CE8C
 172 045b AF554AAF 		.ascii	"\257UJ\257|\321p8\032\341\003\035\022\357\336\345\331"
 172      7CD17038 
 172      1AE1031D 
 172      12EFDEE5 
 172      D9
ARM GAS  /tmp/ccfEWcw3.s 			page 13


 173 046c E9816E31 		.ascii	"\351\201n1=\243\322\233++*:\232\240\215b\301\355\366"
 173      3DA3D29B 
 173      2B2B2A3A 
 173      9AA08D62 
 173      C1EDF6
 174 047f 36428335 		.ascii	"6B\2035\201f\316-\024\270\353v\010\026\367N\301\352"
 174      8166CE2D 
 174      14B8EB76 
 174      0816F74E 
 174      C1EA
 175 0491 6AA8AE12 		.ascii	"j\250\256\022<\2154S)g\012]\365\325\265\273\205\"\371"
 175      3C8D3453 
 175      29670A5D 
 175      F5D5B5BB 
 175      8522F9
 176 04a4 87FAAC84 		.ascii	"\207\372\254\204gAu\215\033jx\004\233P\353\251\025\336"
 176      6741758D 
 176      1B6A7804 
 176      9B50EBA9 
 176      15DE
 177 04b6 A8ADA978 		.ascii	"\250\255\251xB\206T\0257\354\0234\3623\332\0306\211"
 177      42865415 
 177      37EC1334 
 177      F233DA18 
 177      3689
 178 04c8 BE03EDAD 		.ascii	"\276\003\355\255^\1774,\006#t\344\326\324\275\356\362"
 178      5E7F342C 
 178      062374E4 
 178      D6D4BDEE 
 178      F2
 179 04d9 D46B052D 		.ascii	"\324k\005-.\320\360Z\355\233B\321\236\206F\371\311y"
 179      2ED0F05A 
 179      ED9B42D1 
 179      9E8646F9 
 179      C979
 180 04eb 04CE2558 		.ascii	"\004\316%X5\266eO\265P\260Oh\020\376\007\373\012\017"
 180      35B6654F 
 180      B550B04F 
 180      6810FE07 
 180      FB0A0F
 181 04fe B3       		.ascii	"\263"
 182              		.text
 183              		.section	.gnu.lto_.symtab.65f96938e6de2e8c,"",%progbits
 184 0000 68616C5F 		.ascii	"hal_lld_init\000\000\000\000\000\000\000\000\000\000"
 184      6C6C645F 
 184      696E6974 
 184      00000000 
 184      00000000 
 185 0016 0000A100 		.ascii	"\000\000\241\000\000\000stm32_clock_init\000\000\000"
 185      00007374 
 185      6D33325F 
 185      636C6F63 
 185      6B5F696E 
 186 002f 00000000 		.ascii	"\000\000\000\000\000\000\000\000\000\246\000\000\000"
 186      00000000 
 186      00A60000 
 186      00
ARM GAS  /tmp/ccfEWcw3.s 			page 14


 187 003c 53797374 		.ascii	"SystemCoreClock\000\000\000\000\000\000\000\000\000"
 187      656D436F 
 187      7265436C 
 187      6F636B00 
 187      00000000 
 188 0054 000000A9 		.ascii	"\000\000\000\251\000\000\000"
 188      000000
 189              		.text
 190              		.section	.gnu.lto_.opts,"",%progbits
 191 0000 272D6D63 		.ascii	"'-mcpu=cortex-m3' '-mno-thumb-interwork' '-mthumb' "
 191      70753D63 
 191      6F727465 
 191      782D6D33 
 191      2720272D 
 192 0033 272D6767 		.ascii	"'-ggdb' '-O2' '-fomit-frame-pointer' '-falign-funct"
 192      64622720 
 192      272D4F32 
 192      2720272D 
 192      666F6D69 
 193 0066 696F6E73 		.ascii	"ions=16' '-ffunction-sections' '-fdata-sections' '-"
 193      3D313627 
 193      20272D66 
 193      66756E63 
 193      74696F6E 
 194 0099 666E6F2D 		.ascii	"fno-common' '-flto'\000"
 194      636F6D6D 
 194      6F6E2720 
 194      272D666C 
 194      746F2700 
 195              		.text
 196              		.cfi_sections	.debug_frame
 197              		.section	.text.hal_lld_init,"ax",%progbits
 198              		.align	2
 199              		.p2align 4,,15
 200              		.global	hal_lld_init
 201              		.thumb
 202              		.thumb_func
 203              		.type	hal_lld_init, %function
 204              	hal_lld_init:
 205              	.LFB220:
 206              		.file 1 "../os/hal/ports/STM32/STM32F1xx/hal_lld.c"
 207              		.loc 1 132 0
 208              		.cfi_startproc
 209              		@ args = 0, pretend = 0, frame = 0
 210              		@ frame_needed = 0, uses_anonymous_args = 0
 211              		@ link register save eliminated.
 212              		.loc 1 135 0
 213 0000 4FF48053 		mov	r3, #4096
 214 0004 C4F20203 		movt	r3, 16386
 215 0008 4FF0FF31 		mov	r1, #-1
 216 000c 0022     		movs	r2, #0
 217 000e 1869     		ldr	r0, [r3, #16]
 218 0010 1961     		str	r1, [r3, #16]
 219 0012 1A61     		str	r2, [r3, #16]
 220              		.loc 1 136 0
 221 0014 D868     		ldr	r0, [r3, #12]
 222 0016 D960     		str	r1, [r3, #12]
ARM GAS  /tmp/ccfEWcw3.s 			page 15


 223 0018 DA60     		str	r2, [r3, #12]
 224              		.loc 1 139 0
 225 001a D969     		ldr	r1, [r3, #28]
 226              	.LBB4:
 227              	.LBB5:
 228              		.loc 1 57 0
 229 001c 4FF4E042 		mov	r2, #28672
 230              	.LBE5:
 231              	.LBE4:
 232              		.loc 1 139 0
 233 0020 41F08051 		orr	r1, r1, #268435456
 234 0024 D961     		str	r1, [r3, #28]
 235              		.loc 1 140 0
 236 0026 D969     		ldr	r1, [r3, #28]
 237              	.LBB8:
 238              	.LBB6:
 239              		.loc 1 57 0
 240 0028 C4F20002 		movt	r2, 16384
 241              	.LBE6:
 242              	.LBE8:
 243              		.loc 1 140 0
 244 002c 41F00061 		orr	r1, r1, #134217728
 245 0030 D961     		str	r1, [r3, #28]
 246              	.LBB9:
 247              	.LBB7:
 248              		.loc 1 57 0
 249 0032 1368     		ldr	r3, [r2]
 250 0034 43F48073 		orr	r3, r3, #256
 251 0038 1360     		str	r3, [r2]
 252 003a 7047     		bx	lr
 253              	.LBE7:
 254              	.LBE9:
 255              		.cfi_endproc
 256              	.LFE220:
 257              		.size	hal_lld_init, .-hal_lld_init
 258 003c AFF30080 		.section	.text.stm32_clock_init,"ax",%progbits
 259              		.align	2
 260              		.p2align 4,,15
 261              		.global	stm32_clock_init
 262              		.thumb
 263              		.thumb_func
 264              		.type	stm32_clock_init, %function
 265              	stm32_clock_init:
 266              	.LFB221:
 267              		.loc 1 169 0
 268              		.cfi_startproc
 269              		@ args = 0, pretend = 0, frame = 0
 270              		@ frame_needed = 0, uses_anonymous_args = 0
 271              		@ link register save eliminated.
 272              		.loc 1 174 0
 273 0000 4FF48053 		mov	r3, #4096
 274 0004 C4F20203 		movt	r3, 16386
 275 0008 1A68     		ldr	r2, [r3]
 276              		.loc 1 175 0
 277 000a 1946     		mov	r1, r3
 278              		.loc 1 174 0
 279 000c 42F00102 		orr	r2, r2, #1
ARM GAS  /tmp/ccfEWcw3.s 			page 16


 280 0010 1A60     		str	r2, [r3]
 281              	.L4:
 282              		.loc 1 175 0 discriminator 1
 283 0012 0A68     		ldr	r2, [r1]
 284 0014 4FF48053 		mov	r3, #4096
 285 0018 9207     		lsls	r2, r2, #30
 286 001a C4F20203 		movt	r3, 16386
 287 001e F8D5     		bpl	.L4
 288              		.loc 1 177 0
 289 0020 1968     		ldr	r1, [r3]
 290              		.loc 1 178 0
 291 0022 0022     		movs	r2, #0
 292              		.loc 1 177 0
 293 0024 01F0F901 		and	r1, r1, #249
 294 0028 1960     		str	r1, [r3]
 295              		.loc 1 179 0
 296 002a 1946     		mov	r1, r3
 297              		.loc 1 178 0
 298 002c 5A60     		str	r2, [r3, #4]
 299              	.L6:
 300              		.loc 1 179 0 discriminator 1
 301 002e 4A68     		ldr	r2, [r1, #4]
 302 0030 4FF48053 		mov	r3, #4096
 303 0034 12F00C0F 		tst	r2, #12
 304 0038 C4F20203 		movt	r3, 16386
 305 003c F7D1     		bne	.L6
 306              		.loc 1 188 0
 307 003e 1A68     		ldr	r2, [r3]
 308              		.loc 1 189 0
 309 0040 1946     		mov	r1, r3
 310              		.loc 1 188 0
 311 0042 42F48032 		orr	r2, r2, #65536
 312 0046 1A60     		str	r2, [r3]
 313              	.L8:
 314              		.loc 1 189 0 discriminator 1
 315 0048 0A68     		ldr	r2, [r1]
 316 004a 4FF48053 		mov	r3, #4096
 317 004e 9003     		lsls	r0, r2, #14
 318 0050 C4F20203 		movt	r3, 16386
 319 0054 F8D5     		bpl	.L8
 320              		.loc 1 202 0
 321 0056 5A68     		ldr	r2, [r3, #4]
 322              		.loc 1 204 0
 323 0058 1946     		mov	r1, r3
 324              		.loc 1 202 0
 325 005a 42F48032 		orr	r2, r2, #65536
 326 005e 5A60     		str	r2, [r3, #4]
 327              		.loc 1 203 0
 328 0060 1A68     		ldr	r2, [r3]
 329 0062 42F08072 		orr	r2, r2, #16777216
 330 0066 1A60     		str	r2, [r3]
 331              	.L10:
 332              		.loc 1 204 0 discriminator 1
 333 0068 0A68     		ldr	r2, [r1]
 334 006a 4FF48053 		mov	r3, #4096
 335 006e 9201     		lsls	r2, r2, #6
 336 0070 C4F20203 		movt	r3, 16386
ARM GAS  /tmp/ccfEWcw3.s 			page 17


 337 0074 F8D5     		bpl	.L10
 338              		.loc 1 220 0
 339 0076 4FF40052 		mov	r2, #8192
 340 007a C4F20202 		movt	r2, 16386
 341 007e 1021     		movs	r1, #16
 342              		.loc 1 214 0
 343 0080 4FF48030 		mov	r0, #65536
 344 0084 5860     		str	r0, [r3, #4]
 345              		.loc 1 220 0
 346 0086 1160     		str	r1, [r2]
 347              		.loc 1 225 0
 348 0088 5968     		ldr	r1, [r3, #4]
 349              		.loc 1 226 0
 350 008a 1A46     		mov	r2, r3
 351              		.loc 1 225 0
 352 008c 41F00201 		orr	r1, r1, #2
 353 0090 5960     		str	r1, [r3, #4]
 354              	.L12:
 355              		.loc 1 226 0 discriminator 1
 356 0092 5368     		ldr	r3, [r2, #4]
 357 0094 03F00C03 		and	r3, r3, #12
 358 0098 082B     		cmp	r3, #8
 359 009a FAD1     		bne	.L12
 360              		.loc 1 234 0
 361 009c 7047     		bx	lr
 362              		.cfi_endproc
 363              	.LFE221:
 364              		.size	stm32_clock_init, .-stm32_clock_init
 365              		.global	SystemCoreClock
 366 009e 00BF     		.section	.data.SystemCoreClock,"aw",%progbits
 367              		.align	2
 368              		.type	SystemCoreClock, %object
 369              		.size	SystemCoreClock, 4
 370              	SystemCoreClock:
 371 0000 00366E01 		.word	24000000
 372              		.text
 373              	.Letext0:
 374              		.file 2 "/usr/include/newlib/machine/_default_types.h"
 375              		.file 3 "/usr/include/newlib/stdint.h"
 376              		.file 4 "../os/common/ports/ARMCMx/compilers/GCC/chtypes.h"
 377              		.file 5 "../os/rt/include/chsystypes.h"
 378              		.file 6 "../os/rt/include/chschd.h"
 379              		.file 7 "../os/common/ext/CMSIS/ST/STM32F1xx/stm32f100xb.h"
 380              		.file 8 "../os/common/ports/ARMCMx/chcore.h"
 381              		.file 9 "../os/common/ports/ARMCMx/chcore_v7m.h"
 382              		.file 10 "../os/rt/include/chsem.h"
 383              		.file 11 "../os/rt/include/chmtx.h"
 384              		.file 12 "../os/common/ext/CMSIS/include/core_cm3.h"
 385              		.section	.debug_info,"",%progbits
 386              	.Ldebug_info0:
 387 0000 B0070000 		.4byte	0x7b0
 388 0004 0400     		.2byte	0x4
 389 0006 00000000 		.4byte	.Ldebug_abbrev0
 390 000a 04       		.byte	0x4
 391 000b 01       		.uleb128 0x1
 392 000c C5020000 		.4byte	.LASF107
 393 0010 01       		.byte	0x1
ARM GAS  /tmp/ccfEWcw3.s 			page 18


 394 0011 A1000000 		.4byte	.LASF108
 395 0015 0B040000 		.4byte	.LASF109
 396 0019 20000000 		.4byte	.Ldebug_ranges0+0x20
 397 001d 00000000 		.4byte	0
 398 0021 00000000 		.4byte	.Ldebug_line0
 399 0025 02       		.uleb128 0x2
 400 0026 04       		.byte	0x4
 401 0027 05       		.byte	0x5
 402 0028 696E7400 		.ascii	"int\000"
 403 002c 03       		.uleb128 0x3
 404 002d 04       		.byte	0x4
 405 002e 07       		.byte	0x7
 406 002f 6C000000 		.4byte	.LASF0
 407 0033 03       		.uleb128 0x3
 408 0034 01       		.byte	0x1
 409 0035 06       		.byte	0x6
 410 0036 F3040000 		.4byte	.LASF1
 411 003a 04       		.uleb128 0x4
 412 003b 35040000 		.4byte	.LASF4
 413 003f 02       		.byte	0x2
 414 0040 1C       		.byte	0x1c
 415 0041 45000000 		.4byte	0x45
 416 0045 03       		.uleb128 0x3
 417 0046 01       		.byte	0x1
 418 0047 08       		.byte	0x8
 419 0048 A4040000 		.4byte	.LASF2
 420 004c 03       		.uleb128 0x3
 421 004d 02       		.byte	0x2
 422 004e 05       		.byte	0x5
 423 004f AC030000 		.4byte	.LASF3
 424 0053 04       		.uleb128 0x4
 425 0054 AC010000 		.4byte	.LASF5
 426 0058 02       		.byte	0x2
 427 0059 26       		.byte	0x26
 428 005a 5E000000 		.4byte	0x5e
 429 005e 03       		.uleb128 0x3
 430 005f 02       		.byte	0x2
 431 0060 07       		.byte	0x7
 432 0061 05050000 		.4byte	.LASF6
 433 0065 04       		.uleb128 0x4
 434 0066 92000000 		.4byte	.LASF7
 435 006a 02       		.byte	0x2
 436 006b 37       		.byte	0x37
 437 006c 70000000 		.4byte	0x70
 438 0070 03       		.uleb128 0x3
 439 0071 04       		.byte	0x4
 440 0072 05       		.byte	0x5
 441 0073 C2030000 		.4byte	.LASF8
 442 0077 04       		.uleb128 0x4
 443 0078 B2040000 		.4byte	.LASF9
 444 007c 02       		.byte	0x2
 445 007d 38       		.byte	0x38
 446 007e 82000000 		.4byte	0x82
 447 0082 03       		.uleb128 0x3
 448 0083 04       		.byte	0x4
 449 0084 07       		.byte	0x7
 450 0085 55040000 		.4byte	.LASF10
ARM GAS  /tmp/ccfEWcw3.s 			page 19


 451 0089 03       		.uleb128 0x3
 452 008a 08       		.byte	0x8
 453 008b 05       		.byte	0x5
 454 008c A1020000 		.4byte	.LASF11
 455 0090 04       		.uleb128 0x4
 456 0091 2F020000 		.4byte	.LASF12
 457 0095 02       		.byte	0x2
 458 0096 4E       		.byte	0x4e
 459 0097 9B000000 		.4byte	0x9b
 460 009b 03       		.uleb128 0x3
 461 009c 08       		.byte	0x8
 462 009d 07       		.byte	0x7
 463 009e 8D010000 		.4byte	.LASF13
 464 00a2 04       		.uleb128 0x4
 465 00a3 77020000 		.4byte	.LASF14
 466 00a7 03       		.byte	0x3
 467 00a8 2A       		.byte	0x2a
 468 00a9 3A000000 		.4byte	0x3a
 469 00ad 04       		.uleb128 0x4
 470 00ae 99030000 		.4byte	.LASF15
 471 00b2 03       		.byte	0x3
 472 00b3 36       		.byte	0x36
 473 00b4 53000000 		.4byte	0x53
 474 00b8 04       		.uleb128 0x4
 475 00b9 87040000 		.4byte	.LASF16
 476 00bd 03       		.byte	0x3
 477 00be 41       		.byte	0x41
 478 00bf 65000000 		.4byte	0x65
 479 00c3 04       		.uleb128 0x4
 480 00c4 4A010000 		.4byte	.LASF17
 481 00c8 03       		.byte	0x3
 482 00c9 42       		.byte	0x42
 483 00ca 77000000 		.4byte	0x77
 484 00ce 04       		.uleb128 0x4
 485 00cf F7030000 		.4byte	.LASF18
 486 00d3 03       		.byte	0x3
 487 00d4 4E       		.byte	0x4e
 488 00d5 90000000 		.4byte	0x90
 489 00d9 04       		.uleb128 0x4
 490 00da 86030000 		.4byte	.LASF19
 491 00de 04       		.byte	0x4
 492 00df 3C       		.byte	0x3c
 493 00e0 A2000000 		.4byte	0xa2
 494 00e4 04       		.uleb128 0x4
 495 00e5 67020000 		.4byte	.LASF20
 496 00e9 04       		.byte	0x4
 497 00ea 3D       		.byte	0x3d
 498 00eb A2000000 		.4byte	0xa2
 499 00ef 04       		.uleb128 0x4
 500 00f0 4D040000 		.4byte	.LASF21
 501 00f4 04       		.byte	0x4
 502 00f5 3E       		.byte	0x3e
 503 00f6 A2000000 		.4byte	0xa2
 504 00fa 04       		.uleb128 0x4
 505 00fb 74010000 		.4byte	.LASF22
 506 00ff 04       		.byte	0x4
 507 0100 40       		.byte	0x40
ARM GAS  /tmp/ccfEWcw3.s 			page 20


 508 0101 C3000000 		.4byte	0xc3
 509 0105 04       		.uleb128 0x4
 510 0106 AF020000 		.4byte	.LASF23
 511 010a 04       		.byte	0x4
 512 010b 41       		.byte	0x41
 513 010c B8000000 		.4byte	0xb8
 514 0110 04       		.uleb128 0x4
 515 0111 5B010000 		.4byte	.LASF24
 516 0115 04       		.byte	0x4
 517 0116 43       		.byte	0x43
 518 0117 C3000000 		.4byte	0xc3
 519 011b 04       		.uleb128 0x4
 520 011c B7010000 		.4byte	.LASF25
 521 0120 04       		.byte	0x4
 522 0121 45       		.byte	0x45
 523 0122 B8000000 		.4byte	0xb8
 524 0126 04       		.uleb128 0x4
 525 0127 50000000 		.4byte	.LASF26
 526 012b 05       		.byte	0x5
 527 012c 35       		.byte	0x35
 528 012d AD000000 		.4byte	0xad
 529 0131 04       		.uleb128 0x4
 530 0132 F7010000 		.4byte	.LASF27
 531 0136 05       		.byte	0x5
 532 0137 3F       		.byte	0x3f
 533 0138 3C010000 		.4byte	0x13c
 534 013c 05       		.uleb128 0x5
 535 013d 88020000 		.4byte	.LASF45
 536 0141 44       		.byte	0x44
 537 0142 06       		.byte	0x6
 538 0143 9A       		.byte	0x9a
 539 0144 1A020000 		.4byte	0x21a
 540 0148 06       		.uleb128 0x6
 541 0149 81040000 		.4byte	.LASF28
 542 014d 06       		.byte	0x6
 543 014e 9B       		.byte	0x9b
 544 014f 4F020000 		.4byte	0x24f
 545 0153 00       		.byte	0
 546 0154 06       		.uleb128 0x6
 547 0155 43020000 		.4byte	.LASF29
 548 0159 06       		.byte	0x6
 549 015a 9C       		.byte	0x9c
 550 015b FA000000 		.4byte	0xfa
 551 015f 08       		.byte	0x8
 552 0160 07       		.uleb128 0x7
 553 0161 63747800 		.ascii	"ctx\000"
 554 0165 06       		.byte	0x6
 555 0166 9D       		.byte	0x9d
 556 0167 A8050000 		.4byte	0x5a8
 557 016b 0C       		.byte	0xc
 558 016c 06       		.uleb128 0x6
 559 016d 9E040000 		.4byte	.LASF30
 560 0171 06       		.byte	0x6
 561 0172 9F       		.byte	0x9f
 562 0173 25020000 		.4byte	0x225
 563 0177 10       		.byte	0x10
 564 0178 06       		.uleb128 0x6
ARM GAS  /tmp/ccfEWcw3.s 			page 21


 565 0179 3C050000 		.4byte	.LASF31
 566 017d 06       		.byte	0x6
 567 017e A0       		.byte	0xa0
 568 017f 25020000 		.4byte	0x225
 569 0183 14       		.byte	0x14
 570 0184 06       		.uleb128 0x6
 571 0185 3F040000 		.4byte	.LASF32
 572 0189 06       		.byte	0x6
 573 018a A7       		.byte	0xa7
 574 018b 0D070000 		.4byte	0x70d
 575 018f 18       		.byte	0x18
 576 0190 06       		.uleb128 0x6
 577 0191 60020000 		.4byte	.LASF33
 578 0195 06       		.byte	0x6
 579 0196 B0       		.byte	0xb0
 580 0197 1F070000 		.4byte	0x71f
 581 019b 1C       		.byte	0x1c
 582 019c 06       		.uleb128 0x6
 583 019d DB040000 		.4byte	.LASF34
 584 01a1 06       		.byte	0x6
 585 01a2 B5       		.byte	0xb5
 586 01a3 E4000000 		.4byte	0xe4
 587 01a7 20       		.byte	0x20
 588 01a8 06       		.uleb128 0x6
 589 01a9 4A000000 		.4byte	.LASF35
 590 01ad 06       		.byte	0x6
 591 01ae B9       		.byte	0xb9
 592 01af D9000000 		.4byte	0xd9
 593 01b3 21       		.byte	0x21
 594 01b4 06       		.uleb128 0x6
 595 01b5 9C000000 		.4byte	.LASF36
 596 01b9 06       		.byte	0x6
 597 01ba BE       		.byte	0xbe
 598 01bb EF000000 		.4byte	0xef
 599 01bf 22       		.byte	0x22
 600 01c0 08       		.uleb128 0x8
 601 01c1 7500     		.ascii	"u\000"
 602 01c3 06       		.byte	0x6
 603 01c4 0F01     		.2byte	0x10f
 604 01c6 42060000 		.4byte	0x642
 605 01ca 24       		.byte	0x24
 606 01cb 09       		.uleb128 0x9
 607 01cc BD040000 		.4byte	.LASF37
 608 01d0 06       		.byte	0x6
 609 01d1 1401     		.2byte	0x114
 610 01d3 2B020000 		.4byte	0x22b
 611 01d7 28       		.byte	0x28
 612 01d8 09       		.uleb128 0x9
 613 01d9 7F020000 		.4byte	.LASF38
 614 01dd 06       		.byte	0x6
 615 01de 1A01     		.2byte	0x11a
 616 01e0 4F020000 		.4byte	0x24f
 617 01e4 2C       		.byte	0x2c
 618 01e5 09       		.uleb128 0x9
 619 01e6 63000000 		.4byte	.LASF39
 620 01ea 06       		.byte	0x6
 621 01eb 2001     		.2byte	0x120
ARM GAS  /tmp/ccfEWcw3.s 			page 22


 622 01ed 10010000 		.4byte	0x110
 623 01f1 34       		.byte	0x34
 624 01f2 09       		.uleb128 0x9
 625 01f3 D8010000 		.4byte	.LASF40
 626 01f7 06       		.byte	0x6
 627 01f8 2701     		.2byte	0x127
 628 01fa 07070000 		.4byte	0x707
 629 01fe 38       		.byte	0x38
 630 01ff 09       		.uleb128 0x9
 631 0200 5A000000 		.4byte	.LASF41
 632 0204 06       		.byte	0x6
 633 0205 2B01     		.2byte	0x12b
 634 0207 FA000000 		.4byte	0xfa
 635 020b 3C       		.byte	0x3c
 636 020c 09       		.uleb128 0x9
 637 020d 4B050000 		.4byte	.LASF42
 638 0211 06       		.byte	0x6
 639 0212 3201     		.2byte	0x132
 640 0214 02030000 		.4byte	0x302
 641 0218 40       		.byte	0x40
 642 0219 00       		.byte	0
 643 021a 04       		.uleb128 0x4
 644 021b 4D020000 		.4byte	.LASF43
 645 021f 05       		.byte	0x5
 646 0220 44       		.byte	0x44
 647 0221 25020000 		.4byte	0x225
 648 0225 0A       		.uleb128 0xa
 649 0226 04       		.byte	0x4
 650 0227 31010000 		.4byte	0x131
 651 022b 04       		.uleb128 0x4
 652 022c 7E000000 		.4byte	.LASF44
 653 0230 05       		.byte	0x5
 654 0231 49       		.byte	0x49
 655 0232 36020000 		.4byte	0x236
 656 0236 05       		.uleb128 0x5
 657 0237 00000000 		.4byte	.LASF46
 658 023b 04       		.byte	0x4
 659 023c 06       		.byte	0x6
 660 023d 88       		.byte	0x88
 661 023e 4F020000 		.4byte	0x24f
 662 0242 06       		.uleb128 0x6
 663 0243 79000000 		.4byte	.LASF47
 664 0247 06       		.byte	0x6
 665 0248 89       		.byte	0x89
 666 0249 25020000 		.4byte	0x225
 667 024d 00       		.byte	0
 668 024e 00       		.byte	0
 669 024f 04       		.uleb128 0x4
 670 0250 C8010000 		.4byte	.LASF48
 671 0254 05       		.byte	0x5
 672 0255 50       		.byte	0x50
 673 0256 5A020000 		.4byte	0x25a
 674 025a 05       		.uleb128 0x5
 675 025b 05010000 		.4byte	.LASF49
 676 025f 08       		.byte	0x8
 677 0260 06       		.byte	0x6
 678 0261 8F       		.byte	0x8f
ARM GAS  /tmp/ccfEWcw3.s 			page 23


 679 0262 7F020000 		.4byte	0x27f
 680 0266 06       		.uleb128 0x6
 681 0267 79000000 		.4byte	.LASF47
 682 026b 06       		.byte	0x6
 683 026c 90       		.byte	0x90
 684 026d 25020000 		.4byte	0x225
 685 0271 00       		.byte	0
 686 0272 06       		.uleb128 0x6
 687 0273 00010000 		.4byte	.LASF50
 688 0277 06       		.byte	0x6
 689 0278 91       		.byte	0x91
 690 0279 25020000 		.4byte	0x225
 691 027d 04       		.byte	0x4
 692 027e 00       		.byte	0
 693 027f 04       		.uleb128 0x4
 694 0280 74040000 		.4byte	.LASF51
 695 0284 05       		.byte	0x5
 696 0285 57       		.byte	0x57
 697 0286 8A020000 		.4byte	0x28a
 698 028a 0B       		.uleb128 0xb
 699 028b E6000000 		.4byte	.LASF52
 700 028f 1C       		.byte	0x1c
 701 0290 06       		.byte	0x6
 702 0291 6A01     		.2byte	0x16a
 703 0293 E6020000 		.4byte	0x2e6
 704 0297 09       		.uleb128 0x9
 705 0298 81040000 		.4byte	.LASF28
 706 029c 06       		.byte	0x6
 707 029d 6B01     		.2byte	0x16b
 708 029f 4F020000 		.4byte	0x24f
 709 02a3 00       		.byte	0
 710 02a4 09       		.uleb128 0x9
 711 02a5 43020000 		.4byte	.LASF29
 712 02a9 06       		.byte	0x6
 713 02aa 6C01     		.2byte	0x16c
 714 02ac FA000000 		.4byte	0xfa
 715 02b0 08       		.byte	0x8
 716 02b1 08       		.uleb128 0x8
 717 02b2 63747800 		.ascii	"ctx\000"
 718 02b6 06       		.byte	0x6
 719 02b7 6E01     		.2byte	0x16e
 720 02b9 A8050000 		.4byte	0x5a8
 721 02bd 0C       		.byte	0xc
 722 02be 09       		.uleb128 0x9
 723 02bf 9E040000 		.4byte	.LASF30
 724 02c3 06       		.byte	0x6
 725 02c4 7101     		.2byte	0x171
 726 02c6 25020000 		.4byte	0x225
 727 02ca 10       		.byte	0x10
 728 02cb 09       		.uleb128 0x9
 729 02cc 3C050000 		.4byte	.LASF31
 730 02d0 06       		.byte	0x6
 731 02d1 7201     		.2byte	0x172
 732 02d3 25020000 		.4byte	0x225
 733 02d7 14       		.byte	0x14
 734 02d8 09       		.uleb128 0x9
 735 02d9 23050000 		.4byte	.LASF53
ARM GAS  /tmp/ccfEWcw3.s 			page 24


 736 02dd 06       		.byte	0x6
 737 02de 7501     		.2byte	0x175
 738 02e0 25020000 		.4byte	0x225
 739 02e4 18       		.byte	0x18
 740 02e5 00       		.byte	0
 741 02e6 04       		.uleb128 0x4
 742 02e7 16010000 		.4byte	.LASF54
 743 02eb 05       		.byte	0x5
 744 02ec 5C       		.byte	0x5c
 745 02ed F1020000 		.4byte	0x2f1
 746 02f1 0A       		.uleb128 0xa
 747 02f2 04       		.byte	0x4
 748 02f3 F7020000 		.4byte	0x2f7
 749 02f7 0C       		.uleb128 0xc
 750 02f8 02030000 		.4byte	0x302
 751 02fc 0D       		.uleb128 0xd
 752 02fd 02030000 		.4byte	0x302
 753 0301 00       		.byte	0
 754 0302 0E       		.uleb128 0xe
 755 0303 04       		.byte	0x4
 756 0304 04       		.uleb128 0x4
 757 0305 B5020000 		.4byte	.LASF55
 758 0309 05       		.byte	0x5
 759 030a 61       		.byte	0x61
 760 030b 0F030000 		.4byte	0x30f
 761 030f 0B       		.uleb128 0xb
 762 0310 7C010000 		.4byte	.LASF56
 763 0314 14       		.byte	0x14
 764 0315 06       		.byte	0x6
 765 0316 4501     		.2byte	0x145
 766 0318 5E030000 		.4byte	0x35e
 767 031c 09       		.uleb128 0x9
 768 031d 79000000 		.4byte	.LASF47
 769 0321 06       		.byte	0x6
 770 0322 4601     		.2byte	0x146
 771 0324 25070000 		.4byte	0x725
 772 0328 00       		.byte	0
 773 0329 09       		.uleb128 0x9
 774 032a 00010000 		.4byte	.LASF50
 775 032e 06       		.byte	0x6
 776 032f 4701     		.2byte	0x147
 777 0331 25070000 		.4byte	0x725
 778 0335 04       		.byte	0x4
 779 0336 09       		.uleb128 0x9
 780 0337 FF040000 		.4byte	.LASF57
 781 033b 06       		.byte	0x6
 782 033c 4801     		.2byte	0x148
 783 033e 26010000 		.4byte	0x126
 784 0342 08       		.byte	0x8
 785 0343 09       		.uleb128 0x9
 786 0344 F4000000 		.4byte	.LASF58
 787 0348 06       		.byte	0x6
 788 0349 4901     		.2byte	0x149
 789 034b E6020000 		.4byte	0x2e6
 790 034f 0C       		.byte	0xc
 791 0350 08       		.uleb128 0x8
 792 0351 70617200 		.ascii	"par\000"
ARM GAS  /tmp/ccfEWcw3.s 			page 25


 793 0355 06       		.byte	0x6
 794 0356 4B01     		.2byte	0x14b
 795 0358 02030000 		.4byte	0x302
 796 035c 10       		.byte	0x10
 797 035d 00       		.byte	0
 798 035e 04       		.uleb128 0x4
 799 035f C5040000 		.4byte	.LASF59
 800 0363 05       		.byte	0x5
 801 0364 66       		.byte	0x66
 802 0365 69030000 		.4byte	0x369
 803 0369 0B       		.uleb128 0xb
 804 036a E0010000 		.4byte	.LASF60
 805 036e 0C       		.byte	0xc
 806 036f 06       		.byte	0x6
 807 0370 5501     		.2byte	0x155
 808 0372 AB030000 		.4byte	0x3ab
 809 0376 09       		.uleb128 0x9
 810 0377 79000000 		.4byte	.LASF47
 811 037b 06       		.byte	0x6
 812 037c 5601     		.2byte	0x156
 813 037e 25070000 		.4byte	0x725
 814 0382 00       		.byte	0
 815 0383 09       		.uleb128 0x9
 816 0384 00010000 		.4byte	.LASF50
 817 0388 06       		.byte	0x6
 818 0389 5801     		.2byte	0x158
 819 038b 25070000 		.4byte	0x725
 820 038f 04       		.byte	0x4
 821 0390 09       		.uleb128 0x9
 822 0391 FF040000 		.4byte	.LASF57
 823 0395 06       		.byte	0x6
 824 0396 5A01     		.2byte	0x15a
 825 0398 26010000 		.4byte	0x126
 826 039c 08       		.byte	0x8
 827 039d 09       		.uleb128 0x9
 828 039e EE030000 		.4byte	.LASF61
 829 03a2 06       		.byte	0x6
 830 03a3 6201     		.2byte	0x162
 831 03a5 26010000 		.4byte	0x126
 832 03a9 0A       		.byte	0xa
 833 03aa 00       		.byte	0
 834 03ab 04       		.uleb128 0x4
 835 03ac 92020000 		.4byte	.LASF62
 836 03b0 05       		.byte	0x5
 837 03b1 6B       		.byte	0x6b
 838 03b2 B6030000 		.4byte	0x3b6
 839 03b6 0B       		.uleb128 0xb
 840 03b7 1F010000 		.4byte	.LASF63
 841 03bb 04       		.byte	0x4
 842 03bc 06       		.byte	0x6
 843 03bd 7C01     		.2byte	0x17c
 844 03bf D1030000 		.4byte	0x3d1
 845 03c3 09       		.uleb128 0x9
 846 03c4 76030000 		.4byte	.LASF64
 847 03c8 06       		.byte	0x6
 848 03c9 8401     		.2byte	0x184
 849 03cb 2B070000 		.4byte	0x72b
ARM GAS  /tmp/ccfEWcw3.s 			page 26


 850 03cf 00       		.byte	0
 851 03d0 00       		.byte	0
 852 03d1 04       		.uleb128 0x4
 853 03d2 E1040000 		.4byte	.LASF65
 854 03d6 05       		.byte	0x5
 855 03d7 70       		.byte	0x70
 856 03d8 DC030000 		.4byte	0x3dc
 857 03dc 0B       		.uleb128 0xb
 858 03dd E4030000 		.4byte	.LASF66
 859 03e1 70       		.byte	0x70
 860 03e2 06       		.byte	0x6
 861 03e3 9C01     		.2byte	0x19c
 862 03e5 1E040000 		.4byte	0x41e
 863 03e9 09       		.uleb128 0x9
 864 03ea 05040000 		.4byte	.LASF67
 865 03ee 06       		.byte	0x6
 866 03ef A001     		.2byte	0x1a0
 867 03f1 7F020000 		.4byte	0x27f
 868 03f5 00       		.byte	0
 869 03f6 09       		.uleb128 0x9
 870 03f7 D2000000 		.4byte	.LASF68
 871 03fb 06       		.byte	0x6
 872 03fc A401     		.2byte	0x1a4
 873 03fe 5E030000 		.4byte	0x35e
 874 0402 1C       		.byte	0x1c
 875 0403 08       		.uleb128 0x8
 876 0404 64626700 		.ascii	"dbg\000"
 877 0408 06       		.byte	0x6
 878 0409 A801     		.2byte	0x1a8
 879 040b AB030000 		.4byte	0x3ab
 880 040f 28       		.byte	0x28
 881 0410 09       		.uleb128 0x9
 882 0411 8E030000 		.4byte	.LASF69
 883 0415 06       		.byte	0x6
 884 0416 AC01     		.2byte	0x1ac
 885 0418 31010000 		.4byte	0x131
 886 041c 2C       		.byte	0x2c
 887 041d 00       		.byte	0
 888 041e 03       		.uleb128 0x3
 889 041f 04       		.byte	0x4
 890 0420 07       		.byte	0x7
 891 0421 44040000 		.4byte	.LASF70
 892 0425 0F       		.uleb128 0xf
 893 0426 C3000000 		.4byte	0xc3
 894 042a 10       		.uleb128 0x10
 895 042b 24       		.byte	0x24
 896 042c 07       		.byte	0x7
 897 042d 3A01     		.2byte	0x13a
 898 042f A6040000 		.4byte	0x4a6
 899 0433 08       		.uleb128 0x8
 900 0434 41435200 		.ascii	"ACR\000"
 901 0438 07       		.byte	0x7
 902 0439 3C01     		.2byte	0x13c
 903 043b 25040000 		.4byte	0x425
 904 043f 00       		.byte	0
 905 0440 09       		.uleb128 0x9
 906 0441 BD010000 		.4byte	.LASF71
ARM GAS  /tmp/ccfEWcw3.s 			page 27


 907 0445 07       		.byte	0x7
 908 0446 3D01     		.2byte	0x13d
 909 0448 25040000 		.4byte	0x425
 910 044c 04       		.byte	0x4
 911 044d 09       		.uleb128 0x9
 912 044e A4010000 		.4byte	.LASF72
 913 0452 07       		.byte	0x7
 914 0453 3E01     		.2byte	0x13e
 915 0455 25040000 		.4byte	0x425
 916 0459 08       		.byte	0x8
 917 045a 08       		.uleb128 0x8
 918 045b 535200   		.ascii	"SR\000"
 919 045e 07       		.byte	0x7
 920 045f 3F01     		.2byte	0x13f
 921 0461 25040000 		.4byte	0x425
 922 0465 0C       		.byte	0xc
 923 0466 08       		.uleb128 0x8
 924 0467 435200   		.ascii	"CR\000"
 925 046a 07       		.byte	0x7
 926 046b 4001     		.2byte	0x140
 927 046d 25040000 		.4byte	0x425
 928 0471 10       		.byte	0x10
 929 0472 08       		.uleb128 0x8
 930 0473 415200   		.ascii	"AR\000"
 931 0476 07       		.byte	0x7
 932 0477 4101     		.2byte	0x141
 933 0479 25040000 		.4byte	0x425
 934 047d 14       		.byte	0x14
 935 047e 09       		.uleb128 0x9
 936 047f 10000000 		.4byte	.LASF73
 937 0483 07       		.byte	0x7
 938 0484 4201     		.2byte	0x142
 939 0486 25040000 		.4byte	0x425
 940 048a 18       		.byte	0x18
 941 048b 08       		.uleb128 0x8
 942 048c 4F425200 		.ascii	"OBR\000"
 943 0490 07       		.byte	0x7
 944 0491 4301     		.2byte	0x143
 945 0493 25040000 		.4byte	0x425
 946 0497 1C       		.byte	0x1c
 947 0498 09       		.uleb128 0x9
 948 0499 00020000 		.4byte	.LASF74
 949 049d 07       		.byte	0x7
 950 049e 4401     		.2byte	0x144
 951 04a0 25040000 		.4byte	0x425
 952 04a4 20       		.byte	0x20
 953 04a5 00       		.byte	0
 954 04a6 11       		.uleb128 0x11
 955 04a7 0C020000 		.4byte	.LASF75
 956 04ab 07       		.byte	0x7
 957 04ac 4501     		.2byte	0x145
 958 04ae 2A040000 		.4byte	0x42a
 959 04b2 10       		.uleb128 0x10
 960 04b3 08       		.byte	0x8
 961 04b4 07       		.byte	0x7
 962 04b5 9301     		.2byte	0x193
 963 04b7 D5040000 		.4byte	0x4d5
ARM GAS  /tmp/ccfEWcw3.s 			page 28


 964 04bb 08       		.uleb128 0x8
 965 04bc 435200   		.ascii	"CR\000"
 966 04bf 07       		.byte	0x7
 967 04c0 9501     		.2byte	0x195
 968 04c2 25040000 		.4byte	0x425
 969 04c6 00       		.byte	0
 970 04c7 08       		.uleb128 0x8
 971 04c8 43535200 		.ascii	"CSR\000"
 972 04cc 07       		.byte	0x7
 973 04cd 9601     		.2byte	0x196
 974 04cf 25040000 		.4byte	0x425
 975 04d3 04       		.byte	0x4
 976 04d4 00       		.byte	0
 977 04d5 11       		.uleb128 0x11
 978 04d6 B6030000 		.4byte	.LASF76
 979 04da 07       		.byte	0x7
 980 04db 9701     		.2byte	0x197
 981 04dd B2040000 		.4byte	0x4b2
 982 04e1 10       		.uleb128 0x10
 983 04e2 30       		.byte	0x30
 984 04e3 07       		.byte	0x7
 985 04e4 9D01     		.2byte	0x19d
 986 04e6 86050000 		.4byte	0x586
 987 04ea 08       		.uleb128 0x8
 988 04eb 435200   		.ascii	"CR\000"
 989 04ee 07       		.byte	0x7
 990 04ef 9F01     		.2byte	0x19f
 991 04f1 25040000 		.4byte	0x425
 992 04f5 00       		.byte	0
 993 04f6 09       		.uleb128 0x9
 994 04f7 00040000 		.4byte	.LASF77
 995 04fb 07       		.byte	0x7
 996 04fc A001     		.2byte	0x1a0
 997 04fe 25040000 		.4byte	0x425
 998 0502 04       		.byte	0x4
 999 0503 08       		.uleb128 0x8
 1000 0504 43495200 		.ascii	"CIR\000"
 1001 0508 07       		.byte	0x7
 1002 0509 A101     		.2byte	0x1a1
 1003 050b 25040000 		.4byte	0x425
 1004 050f 08       		.byte	0x8
 1005 0510 09       		.uleb128 0x9
 1006 0511 41000000 		.4byte	.LASF78
 1007 0515 07       		.byte	0x7
 1008 0516 A201     		.2byte	0x1a2
 1009 0518 25040000 		.4byte	0x425
 1010 051c 0C       		.byte	0xc
 1011 051d 09       		.uleb128 0x9
 1012 051e 3A020000 		.4byte	.LASF79
 1013 0522 07       		.byte	0x7
 1014 0523 A301     		.2byte	0x1a3
 1015 0525 25040000 		.4byte	0x425
 1016 0529 10       		.byte	0x10
 1017 052a 09       		.uleb128 0x9
 1018 052b 70020000 		.4byte	.LASF80
 1019 052f 07       		.byte	0x7
 1020 0530 A401     		.2byte	0x1a4
ARM GAS  /tmp/ccfEWcw3.s 			page 29


 1021 0532 25040000 		.4byte	0x425
 1022 0536 14       		.byte	0x14
 1023 0537 09       		.uleb128 0x9
 1024 0538 6E030000 		.4byte	.LASF81
 1025 053c 07       		.byte	0x7
 1026 053d A501     		.2byte	0x1a5
 1027 053f 25040000 		.4byte	0x425
 1028 0543 18       		.byte	0x18
 1029 0544 09       		.uleb128 0x9
 1030 0545 19000000 		.4byte	.LASF82
 1031 0549 07       		.byte	0x7
 1032 054a A601     		.2byte	0x1a6
 1033 054c 25040000 		.4byte	0x425
 1034 0550 1C       		.byte	0x1c
 1035 0551 09       		.uleb128 0x9
 1036 0552 8D000000 		.4byte	.LASF83
 1037 0556 07       		.byte	0x7
 1038 0557 A701     		.2byte	0x1a7
 1039 0559 25040000 		.4byte	0x425
 1040 055d 20       		.byte	0x20
 1041 055e 08       		.uleb128 0x8
 1042 055f 43535200 		.ascii	"CSR\000"
 1043 0563 07       		.byte	0x7
 1044 0564 A801     		.2byte	0x1a8
 1045 0566 25040000 		.4byte	0x425
 1046 056a 24       		.byte	0x24
 1047 056b 09       		.uleb128 0x9
 1048 056c A2030000 		.4byte	.LASF84
 1049 0570 07       		.byte	0x7
 1050 0571 AB01     		.2byte	0x1ab
 1051 0573 C3000000 		.4byte	0xc3
 1052 0577 28       		.byte	0x28
 1053 0578 09       		.uleb128 0x9
 1054 0579 68030000 		.4byte	.LASF85
 1055 057d 07       		.byte	0x7
 1056 057e AC01     		.2byte	0x1ac
 1057 0580 25040000 		.4byte	0x425
 1058 0584 2C       		.byte	0x2c
 1059 0585 00       		.byte	0
 1060 0586 11       		.uleb128 0x11
 1061 0587 1A020000 		.4byte	.LASF86
 1062 058b 07       		.byte	0x7
 1063 058c AD01     		.2byte	0x1ad
 1064 058e E1040000 		.4byte	0x4e1
 1065 0592 04       		.uleb128 0x4
 1066 0593 38000000 		.4byte	.LASF87
 1067 0597 08       		.byte	0x8
 1068 0598 65       		.byte	0x65
 1069 0599 02030000 		.4byte	0x302
 1070 059d 04       		.uleb128 0x4
 1071 059e 18050000 		.4byte	.LASF88
 1072 05a2 08       		.byte	0x8
 1073 05a3 6D       		.byte	0x6d
 1074 05a4 CE000000 		.4byte	0xce
 1075 05a8 05       		.uleb128 0x5
 1076 05a9 D9000000 		.4byte	.LASF89
 1077 05ad 04       		.byte	0x4
ARM GAS  /tmp/ccfEWcw3.s 			page 30


 1078 05ae 08       		.byte	0x8
 1079 05af 89       		.byte	0x89
 1080 05b0 C0050000 		.4byte	0x5c0
 1081 05b4 07       		.uleb128 0x7
 1082 05b5 737000   		.ascii	"sp\000"
 1083 05b8 08       		.byte	0x8
 1084 05b9 8A       		.byte	0x8a
 1085 05ba 3C060000 		.4byte	0x63c
 1086 05be 00       		.byte	0
 1087 05bf 00       		.byte	0
 1088 05c0 0B       		.uleb128 0xb
 1089 05c1 CB030000 		.4byte	.LASF90
 1090 05c5 24       		.byte	0x24
 1091 05c6 09       		.byte	0x9
 1092 05c7 5901     		.2byte	0x159
 1093 05c9 3C060000 		.4byte	0x63c
 1094 05cd 08       		.uleb128 0x8
 1095 05ce 723400   		.ascii	"r4\000"
 1096 05d1 09       		.byte	0x9
 1097 05d2 6C01     		.2byte	0x16c
 1098 05d4 92050000 		.4byte	0x592
 1099 05d8 00       		.byte	0
 1100 05d9 08       		.uleb128 0x8
 1101 05da 723500   		.ascii	"r5\000"
 1102 05dd 09       		.byte	0x9
 1103 05de 6D01     		.2byte	0x16d
 1104 05e0 92050000 		.4byte	0x592
 1105 05e4 04       		.byte	0x4
 1106 05e5 08       		.uleb128 0x8
 1107 05e6 723600   		.ascii	"r6\000"
 1108 05e9 09       		.byte	0x9
 1109 05ea 6E01     		.2byte	0x16e
 1110 05ec 92050000 		.4byte	0x592
 1111 05f0 08       		.byte	0x8
 1112 05f1 08       		.uleb128 0x8
 1113 05f2 723700   		.ascii	"r7\000"
 1114 05f5 09       		.byte	0x9
 1115 05f6 6F01     		.2byte	0x16f
 1116 05f8 92050000 		.4byte	0x592
 1117 05fc 0C       		.byte	0xc
 1118 05fd 08       		.uleb128 0x8
 1119 05fe 723800   		.ascii	"r8\000"
 1120 0601 09       		.byte	0x9
 1121 0602 7001     		.2byte	0x170
 1122 0604 92050000 		.4byte	0x592
 1123 0608 10       		.byte	0x10
 1124 0609 08       		.uleb128 0x8
 1125 060a 723900   		.ascii	"r9\000"
 1126 060d 09       		.byte	0x9
 1127 060e 7101     		.2byte	0x171
 1128 0610 92050000 		.4byte	0x592
 1129 0614 14       		.byte	0x14
 1130 0615 08       		.uleb128 0x8
 1131 0616 72313000 		.ascii	"r10\000"
 1132 061a 09       		.byte	0x9
 1133 061b 7201     		.2byte	0x172
 1134 061d 92050000 		.4byte	0x592
ARM GAS  /tmp/ccfEWcw3.s 			page 31


 1135 0621 18       		.byte	0x18
 1136 0622 08       		.uleb128 0x8
 1137 0623 72313100 		.ascii	"r11\000"
 1138 0627 09       		.byte	0x9
 1139 0628 7301     		.2byte	0x173
 1140 062a 92050000 		.4byte	0x592
 1141 062e 1C       		.byte	0x1c
 1142 062f 08       		.uleb128 0x8
 1143 0630 6C7200   		.ascii	"lr\000"
 1144 0633 09       		.byte	0x9
 1145 0634 7401     		.2byte	0x174
 1146 0636 92050000 		.4byte	0x592
 1147 063a 20       		.byte	0x20
 1148 063b 00       		.byte	0
 1149 063c 0A       		.uleb128 0xa
 1150 063d 04       		.byte	0x4
 1151 063e C0050000 		.4byte	0x5c0
 1152 0642 12       		.uleb128 0x12
 1153 0643 04       		.byte	0x4
 1154 0644 06       		.byte	0x6
 1155 0645 D2       		.byte	0xd2
 1156 0646 A5060000 		.4byte	0x6a5
 1157 064a 13       		.uleb128 0x13
 1158 064b 05020000 		.4byte	.LASF91
 1159 064f 06       		.byte	0x6
 1160 0650 D9       		.byte	0xd9
 1161 0651 05010000 		.4byte	0x105
 1162 0655 13       		.uleb128 0x13
 1163 0656 42050000 		.4byte	.LASF92
 1164 065a 06       		.byte	0x6
 1165 065b E0       		.byte	0xe0
 1166 065c 05010000 		.4byte	0x105
 1167 0660 13       		.uleb128 0x13
 1168 0661 CB000000 		.4byte	.LASF93
 1169 0665 06       		.byte	0x6
 1170 0666 E7       		.byte	0xe7
 1171 0667 02030000 		.4byte	0x302
 1172 066b 13       		.uleb128 0x13
 1173 066c ED040000 		.4byte	.LASF94
 1174 0670 06       		.byte	0x6
 1175 0671 EE       		.byte	0xee
 1176 0672 A5060000 		.4byte	0x6a5
 1177 0676 13       		.uleb128 0x13
 1178 0677 53010000 		.4byte	.LASF95
 1179 067b 06       		.byte	0x6
 1180 067c F3       		.byte	0xf3
 1181 067d 05010000 		.4byte	0x105
 1182 0681 13       		.uleb128 0x13
 1183 0682 8F040000 		.4byte	.LASF96
 1184 0686 06       		.byte	0x6
 1185 0687 FC       		.byte	0xfc
 1186 0688 D0060000 		.4byte	0x6d0
 1187 068c 14       		.uleb128 0x14
 1188 068d 31000000 		.4byte	.LASF97
 1189 0691 06       		.byte	0x6
 1190 0692 0501     		.2byte	0x105
 1191 0694 07070000 		.4byte	0x707
ARM GAS  /tmp/ccfEWcw3.s 			page 32


 1192 0698 14       		.uleb128 0x14
 1193 0699 F9000000 		.4byte	.LASF98
 1194 069d 06       		.byte	0x6
 1195 069e 0D01     		.2byte	0x10d
 1196 06a0 10010000 		.4byte	0x110
 1197 06a4 00       		.byte	0
 1198 06a5 0A       		.uleb128 0xa
 1199 06a6 04       		.byte	0x4
 1200 06a7 1A020000 		.4byte	0x21a
 1201 06ab 05       		.uleb128 0x5
 1202 06ac 67010000 		.4byte	.LASF99
 1203 06b0 0C       		.byte	0xc
 1204 06b1 0A       		.byte	0xa
 1205 06b2 34       		.byte	0x34
 1206 06b3 D0060000 		.4byte	0x6d0
 1207 06b7 06       		.uleb128 0x6
 1208 06b8 81040000 		.4byte	.LASF28
 1209 06bc 0A       		.byte	0xa
 1210 06bd 35       		.byte	0x35
 1211 06be 4F020000 		.4byte	0x24f
 1212 06c2 00       		.byte	0
 1213 06c3 07       		.uleb128 0x7
 1214 06c4 636E7400 		.ascii	"cnt\000"
 1215 06c8 0A       		.byte	0xa
 1216 06c9 37       		.byte	0x37
 1217 06ca 1B010000 		.4byte	0x11b
 1218 06ce 08       		.byte	0x8
 1219 06cf 00       		.byte	0
 1220 06d0 0A       		.uleb128 0xa
 1221 06d1 04       		.byte	0x4
 1222 06d2 AB060000 		.4byte	0x6ab
 1223 06d6 05       		.uleb128 0x5
 1224 06d7 26020000 		.4byte	.LASF100
 1225 06db 10       		.byte	0x10
 1226 06dc 0B       		.byte	0xb
 1227 06dd 39       		.byte	0x39
 1228 06de 07070000 		.4byte	0x707
 1229 06e2 06       		.uleb128 0x6
 1230 06e3 81040000 		.4byte	.LASF28
 1231 06e7 0B       		.byte	0xb
 1232 06e8 3A       		.byte	0x3a
 1233 06e9 4F020000 		.4byte	0x24f
 1234 06ed 00       		.byte	0
 1235 06ee 06       		.uleb128 0x6
 1236 06ef C2010000 		.4byte	.LASF101
 1237 06f3 0B       		.byte	0xb
 1238 06f4 3C       		.byte	0x3c
 1239 06f5 25020000 		.4byte	0x225
 1240 06f9 08       		.byte	0x8
 1241 06fa 06       		.uleb128 0x6
 1242 06fb 79000000 		.4byte	.LASF47
 1243 06ff 0B       		.byte	0xb
 1244 0700 3E       		.byte	0x3e
 1245 0701 3B070000 		.4byte	0x73b
 1246 0705 0C       		.byte	0xc
 1247 0706 00       		.byte	0
 1248 0707 0A       		.uleb128 0xa
ARM GAS  /tmp/ccfEWcw3.s 			page 33


 1249 0708 04       		.byte	0x4
 1250 0709 D6060000 		.4byte	0x6d6
 1251 070d 0A       		.uleb128 0xa
 1252 070e 04       		.byte	0x4
 1253 070f 13070000 		.4byte	0x713
 1254 0713 15       		.uleb128 0x15
 1255 0714 18070000 		.4byte	0x718
 1256 0718 03       		.uleb128 0x3
 1257 0719 01       		.byte	0x1
 1258 071a 08       		.byte	0x8
 1259 071b 48020000 		.4byte	.LASF102
 1260 071f 0A       		.uleb128 0xa
 1261 0720 04       		.byte	0x4
 1262 0721 9D050000 		.4byte	0x59d
 1263 0725 0A       		.uleb128 0xa
 1264 0726 04       		.byte	0x4
 1265 0727 04030000 		.4byte	0x304
 1266 072b 0F       		.uleb128 0xf
 1267 072c 0D070000 		.4byte	0x70d
 1268 0730 04       		.uleb128 0x4
 1269 0731 96040000 		.4byte	.LASF103
 1270 0735 0B       		.byte	0xb
 1271 0736 34       		.byte	0x34
 1272 0737 D6060000 		.4byte	0x6d6
 1273 073b 0A       		.uleb128 0xa
 1274 073c 04       		.byte	0x4
 1275 073d 30070000 		.4byte	0x730
 1276 0741 03       		.uleb128 0x3
 1277 0742 01       		.byte	0x1
 1278 0743 02       		.byte	0x2
 1279 0744 80030000 		.4byte	.LASF104
 1280 0748 16       		.uleb128 0x16
 1281 0749 2F010000 		.4byte	.LASF110
 1282 074d 01       		.byte	0x1
 1283 074e 36       		.byte	0x36
 1284 074f 01       		.byte	0x1
 1285 0750 17       		.uleb128 0x17
 1286 0751 67040000 		.4byte	.LASF111
 1287 0755 01       		.byte	0x1
 1288 0756 84       		.byte	0x84
 1289 0757 00000000 		.4byte	.LFB220
 1290 075b 3C000000 		.4byte	.LFE220-.LFB220
 1291 075f 01       		.uleb128 0x1
 1292 0760 9C       		.byte	0x9c
 1293 0761 75070000 		.4byte	0x775
 1294 0765 18       		.uleb128 0x18
 1295 0766 48070000 		.4byte	0x748
 1296 076a 1C000000 		.4byte	.LBB4
 1297 076e 00000000 		.4byte	.Ldebug_ranges0+0
 1298 0772 01       		.byte	0x1
 1299 0773 8F       		.byte	0x8f
 1300 0774 00       		.byte	0
 1301 0775 19       		.uleb128 0x19
 1302 0776 2B050000 		.4byte	.LASF112
 1303 077a 01       		.byte	0x1
 1304 077b A9       		.byte	0xa9
 1305 077c 00000000 		.4byte	.LFB221
ARM GAS  /tmp/ccfEWcw3.s 			page 34


 1306 0780 9E000000 		.4byte	.LFE221-.LFB221
 1307 0784 01       		.uleb128 0x1
 1308 0785 9C       		.byte	0x9c
 1309 0786 1A       		.uleb128 0x1a
 1310 0787 D7030000 		.4byte	.LASF105
 1311 078b 0C       		.byte	0xc
 1312 078c 9606     		.2byte	0x696
 1313 078e 92070000 		.4byte	0x792
 1314 0792 0F       		.uleb128 0xf
 1315 0793 B8000000 		.4byte	0xb8
 1316 0797 1B       		.uleb128 0x1b
 1317 0798 21000000 		.4byte	.LASF106
 1318 079c 01       		.byte	0x1
 1319 079d 27       		.byte	0x27
 1320 079e C3000000 		.4byte	0xc3
 1321 07a2 05       		.uleb128 0x5
 1322 07a3 03       		.byte	0x3
 1323 07a4 00000000 		.4byte	SystemCoreClock
 1324 07a8 1C       		.uleb128 0x1c
 1325 07a9 636800   		.ascii	"ch\000"
 1326 07ac 06       		.byte	0x6
 1327 07ad D201     		.2byte	0x1d2
 1328 07af D1030000 		.4byte	0x3d1
 1329 07b3 00       		.byte	0
 1330              		.section	.debug_abbrev,"",%progbits
 1331              	.Ldebug_abbrev0:
 1332 0000 01       		.uleb128 0x1
 1333 0001 11       		.uleb128 0x11
 1334 0002 01       		.byte	0x1
 1335 0003 25       		.uleb128 0x25
 1336 0004 0E       		.uleb128 0xe
 1337 0005 13       		.uleb128 0x13
 1338 0006 0B       		.uleb128 0xb
 1339 0007 03       		.uleb128 0x3
 1340 0008 0E       		.uleb128 0xe
 1341 0009 1B       		.uleb128 0x1b
 1342 000a 0E       		.uleb128 0xe
 1343 000b 55       		.uleb128 0x55
 1344 000c 17       		.uleb128 0x17
 1345 000d 11       		.uleb128 0x11
 1346 000e 01       		.uleb128 0x1
 1347 000f 10       		.uleb128 0x10
 1348 0010 17       		.uleb128 0x17
 1349 0011 00       		.byte	0
 1350 0012 00       		.byte	0
 1351 0013 02       		.uleb128 0x2
 1352 0014 24       		.uleb128 0x24
 1353 0015 00       		.byte	0
 1354 0016 0B       		.uleb128 0xb
 1355 0017 0B       		.uleb128 0xb
 1356 0018 3E       		.uleb128 0x3e
 1357 0019 0B       		.uleb128 0xb
 1358 001a 03       		.uleb128 0x3
 1359 001b 08       		.uleb128 0x8
 1360 001c 00       		.byte	0
 1361 001d 00       		.byte	0
 1362 001e 03       		.uleb128 0x3
ARM GAS  /tmp/ccfEWcw3.s 			page 35


 1363 001f 24       		.uleb128 0x24
 1364 0020 00       		.byte	0
 1365 0021 0B       		.uleb128 0xb
 1366 0022 0B       		.uleb128 0xb
 1367 0023 3E       		.uleb128 0x3e
 1368 0024 0B       		.uleb128 0xb
 1369 0025 03       		.uleb128 0x3
 1370 0026 0E       		.uleb128 0xe
 1371 0027 00       		.byte	0
 1372 0028 00       		.byte	0
 1373 0029 04       		.uleb128 0x4
 1374 002a 16       		.uleb128 0x16
 1375 002b 00       		.byte	0
 1376 002c 03       		.uleb128 0x3
 1377 002d 0E       		.uleb128 0xe
 1378 002e 3A       		.uleb128 0x3a
 1379 002f 0B       		.uleb128 0xb
 1380 0030 3B       		.uleb128 0x3b
 1381 0031 0B       		.uleb128 0xb
 1382 0032 49       		.uleb128 0x49
 1383 0033 13       		.uleb128 0x13
 1384 0034 00       		.byte	0
 1385 0035 00       		.byte	0
 1386 0036 05       		.uleb128 0x5
 1387 0037 13       		.uleb128 0x13
 1388 0038 01       		.byte	0x1
 1389 0039 03       		.uleb128 0x3
 1390 003a 0E       		.uleb128 0xe
 1391 003b 0B       		.uleb128 0xb
 1392 003c 0B       		.uleb128 0xb
 1393 003d 3A       		.uleb128 0x3a
 1394 003e 0B       		.uleb128 0xb
 1395 003f 3B       		.uleb128 0x3b
 1396 0040 0B       		.uleb128 0xb
 1397 0041 01       		.uleb128 0x1
 1398 0042 13       		.uleb128 0x13
 1399 0043 00       		.byte	0
 1400 0044 00       		.byte	0
 1401 0045 06       		.uleb128 0x6
 1402 0046 0D       		.uleb128 0xd
 1403 0047 00       		.byte	0
 1404 0048 03       		.uleb128 0x3
 1405 0049 0E       		.uleb128 0xe
 1406 004a 3A       		.uleb128 0x3a
 1407 004b 0B       		.uleb128 0xb
 1408 004c 3B       		.uleb128 0x3b
 1409 004d 0B       		.uleb128 0xb
 1410 004e 49       		.uleb128 0x49
 1411 004f 13       		.uleb128 0x13
 1412 0050 38       		.uleb128 0x38
 1413 0051 0B       		.uleb128 0xb
 1414 0052 00       		.byte	0
 1415 0053 00       		.byte	0
 1416 0054 07       		.uleb128 0x7
 1417 0055 0D       		.uleb128 0xd
 1418 0056 00       		.byte	0
 1419 0057 03       		.uleb128 0x3
ARM GAS  /tmp/ccfEWcw3.s 			page 36


 1420 0058 08       		.uleb128 0x8
 1421 0059 3A       		.uleb128 0x3a
 1422 005a 0B       		.uleb128 0xb
 1423 005b 3B       		.uleb128 0x3b
 1424 005c 0B       		.uleb128 0xb
 1425 005d 49       		.uleb128 0x49
 1426 005e 13       		.uleb128 0x13
 1427 005f 38       		.uleb128 0x38
 1428 0060 0B       		.uleb128 0xb
 1429 0061 00       		.byte	0
 1430 0062 00       		.byte	0
 1431 0063 08       		.uleb128 0x8
 1432 0064 0D       		.uleb128 0xd
 1433 0065 00       		.byte	0
 1434 0066 03       		.uleb128 0x3
 1435 0067 08       		.uleb128 0x8
 1436 0068 3A       		.uleb128 0x3a
 1437 0069 0B       		.uleb128 0xb
 1438 006a 3B       		.uleb128 0x3b
 1439 006b 05       		.uleb128 0x5
 1440 006c 49       		.uleb128 0x49
 1441 006d 13       		.uleb128 0x13
 1442 006e 38       		.uleb128 0x38
 1443 006f 0B       		.uleb128 0xb
 1444 0070 00       		.byte	0
 1445 0071 00       		.byte	0
 1446 0072 09       		.uleb128 0x9
 1447 0073 0D       		.uleb128 0xd
 1448 0074 00       		.byte	0
 1449 0075 03       		.uleb128 0x3
 1450 0076 0E       		.uleb128 0xe
 1451 0077 3A       		.uleb128 0x3a
 1452 0078 0B       		.uleb128 0xb
 1453 0079 3B       		.uleb128 0x3b
 1454 007a 05       		.uleb128 0x5
 1455 007b 49       		.uleb128 0x49
 1456 007c 13       		.uleb128 0x13
 1457 007d 38       		.uleb128 0x38
 1458 007e 0B       		.uleb128 0xb
 1459 007f 00       		.byte	0
 1460 0080 00       		.byte	0
 1461 0081 0A       		.uleb128 0xa
 1462 0082 0F       		.uleb128 0xf
 1463 0083 00       		.byte	0
 1464 0084 0B       		.uleb128 0xb
 1465 0085 0B       		.uleb128 0xb
 1466 0086 49       		.uleb128 0x49
 1467 0087 13       		.uleb128 0x13
 1468 0088 00       		.byte	0
 1469 0089 00       		.byte	0
 1470 008a 0B       		.uleb128 0xb
 1471 008b 13       		.uleb128 0x13
 1472 008c 01       		.byte	0x1
 1473 008d 03       		.uleb128 0x3
 1474 008e 0E       		.uleb128 0xe
 1475 008f 0B       		.uleb128 0xb
 1476 0090 0B       		.uleb128 0xb
ARM GAS  /tmp/ccfEWcw3.s 			page 37


 1477 0091 3A       		.uleb128 0x3a
 1478 0092 0B       		.uleb128 0xb
 1479 0093 3B       		.uleb128 0x3b
 1480 0094 05       		.uleb128 0x5
 1481 0095 01       		.uleb128 0x1
 1482 0096 13       		.uleb128 0x13
 1483 0097 00       		.byte	0
 1484 0098 00       		.byte	0
 1485 0099 0C       		.uleb128 0xc
 1486 009a 15       		.uleb128 0x15
 1487 009b 01       		.byte	0x1
 1488 009c 27       		.uleb128 0x27
 1489 009d 19       		.uleb128 0x19
 1490 009e 01       		.uleb128 0x1
 1491 009f 13       		.uleb128 0x13
 1492 00a0 00       		.byte	0
 1493 00a1 00       		.byte	0
 1494 00a2 0D       		.uleb128 0xd
 1495 00a3 05       		.uleb128 0x5
 1496 00a4 00       		.byte	0
 1497 00a5 49       		.uleb128 0x49
 1498 00a6 13       		.uleb128 0x13
 1499 00a7 00       		.byte	0
 1500 00a8 00       		.byte	0
 1501 00a9 0E       		.uleb128 0xe
 1502 00aa 0F       		.uleb128 0xf
 1503 00ab 00       		.byte	0
 1504 00ac 0B       		.uleb128 0xb
 1505 00ad 0B       		.uleb128 0xb
 1506 00ae 00       		.byte	0
 1507 00af 00       		.byte	0
 1508 00b0 0F       		.uleb128 0xf
 1509 00b1 35       		.uleb128 0x35
 1510 00b2 00       		.byte	0
 1511 00b3 49       		.uleb128 0x49
 1512 00b4 13       		.uleb128 0x13
 1513 00b5 00       		.byte	0
 1514 00b6 00       		.byte	0
 1515 00b7 10       		.uleb128 0x10
 1516 00b8 13       		.uleb128 0x13
 1517 00b9 01       		.byte	0x1
 1518 00ba 0B       		.uleb128 0xb
 1519 00bb 0B       		.uleb128 0xb
 1520 00bc 3A       		.uleb128 0x3a
 1521 00bd 0B       		.uleb128 0xb
 1522 00be 3B       		.uleb128 0x3b
 1523 00bf 05       		.uleb128 0x5
 1524 00c0 01       		.uleb128 0x1
 1525 00c1 13       		.uleb128 0x13
 1526 00c2 00       		.byte	0
 1527 00c3 00       		.byte	0
 1528 00c4 11       		.uleb128 0x11
 1529 00c5 16       		.uleb128 0x16
 1530 00c6 00       		.byte	0
 1531 00c7 03       		.uleb128 0x3
 1532 00c8 0E       		.uleb128 0xe
 1533 00c9 3A       		.uleb128 0x3a
ARM GAS  /tmp/ccfEWcw3.s 			page 38


 1534 00ca 0B       		.uleb128 0xb
 1535 00cb 3B       		.uleb128 0x3b
 1536 00cc 05       		.uleb128 0x5
 1537 00cd 49       		.uleb128 0x49
 1538 00ce 13       		.uleb128 0x13
 1539 00cf 00       		.byte	0
 1540 00d0 00       		.byte	0
 1541 00d1 12       		.uleb128 0x12
 1542 00d2 17       		.uleb128 0x17
 1543 00d3 01       		.byte	0x1
 1544 00d4 0B       		.uleb128 0xb
 1545 00d5 0B       		.uleb128 0xb
 1546 00d6 3A       		.uleb128 0x3a
 1547 00d7 0B       		.uleb128 0xb
 1548 00d8 3B       		.uleb128 0x3b
 1549 00d9 0B       		.uleb128 0xb
 1550 00da 01       		.uleb128 0x1
 1551 00db 13       		.uleb128 0x13
 1552 00dc 00       		.byte	0
 1553 00dd 00       		.byte	0
 1554 00de 13       		.uleb128 0x13
 1555 00df 0D       		.uleb128 0xd
 1556 00e0 00       		.byte	0
 1557 00e1 03       		.uleb128 0x3
 1558 00e2 0E       		.uleb128 0xe
 1559 00e3 3A       		.uleb128 0x3a
 1560 00e4 0B       		.uleb128 0xb
 1561 00e5 3B       		.uleb128 0x3b
 1562 00e6 0B       		.uleb128 0xb
 1563 00e7 49       		.uleb128 0x49
 1564 00e8 13       		.uleb128 0x13
 1565 00e9 00       		.byte	0
 1566 00ea 00       		.byte	0
 1567 00eb 14       		.uleb128 0x14
 1568 00ec 0D       		.uleb128 0xd
 1569 00ed 00       		.byte	0
 1570 00ee 03       		.uleb128 0x3
 1571 00ef 0E       		.uleb128 0xe
 1572 00f0 3A       		.uleb128 0x3a
 1573 00f1 0B       		.uleb128 0xb
 1574 00f2 3B       		.uleb128 0x3b
 1575 00f3 05       		.uleb128 0x5
 1576 00f4 49       		.uleb128 0x49
 1577 00f5 13       		.uleb128 0x13
 1578 00f6 00       		.byte	0
 1579 00f7 00       		.byte	0
 1580 00f8 15       		.uleb128 0x15
 1581 00f9 26       		.uleb128 0x26
 1582 00fa 00       		.byte	0
 1583 00fb 49       		.uleb128 0x49
 1584 00fc 13       		.uleb128 0x13
 1585 00fd 00       		.byte	0
 1586 00fe 00       		.byte	0
 1587 00ff 16       		.uleb128 0x16
 1588 0100 2E       		.uleb128 0x2e
 1589 0101 00       		.byte	0
 1590 0102 03       		.uleb128 0x3
ARM GAS  /tmp/ccfEWcw3.s 			page 39


 1591 0103 0E       		.uleb128 0xe
 1592 0104 3A       		.uleb128 0x3a
 1593 0105 0B       		.uleb128 0xb
 1594 0106 3B       		.uleb128 0x3b
 1595 0107 0B       		.uleb128 0xb
 1596 0108 27       		.uleb128 0x27
 1597 0109 19       		.uleb128 0x19
 1598 010a 20       		.uleb128 0x20
 1599 010b 0B       		.uleb128 0xb
 1600 010c 00       		.byte	0
 1601 010d 00       		.byte	0
 1602 010e 17       		.uleb128 0x17
 1603 010f 2E       		.uleb128 0x2e
 1604 0110 01       		.byte	0x1
 1605 0111 3F       		.uleb128 0x3f
 1606 0112 19       		.uleb128 0x19
 1607 0113 03       		.uleb128 0x3
 1608 0114 0E       		.uleb128 0xe
 1609 0115 3A       		.uleb128 0x3a
 1610 0116 0B       		.uleb128 0xb
 1611 0117 3B       		.uleb128 0x3b
 1612 0118 0B       		.uleb128 0xb
 1613 0119 27       		.uleb128 0x27
 1614 011a 19       		.uleb128 0x19
 1615 011b 11       		.uleb128 0x11
 1616 011c 01       		.uleb128 0x1
 1617 011d 12       		.uleb128 0x12
 1618 011e 06       		.uleb128 0x6
 1619 011f 40       		.uleb128 0x40
 1620 0120 18       		.uleb128 0x18
 1621 0121 9742     		.uleb128 0x2117
 1622 0123 19       		.uleb128 0x19
 1623 0124 01       		.uleb128 0x1
 1624 0125 13       		.uleb128 0x13
 1625 0126 00       		.byte	0
 1626 0127 00       		.byte	0
 1627 0128 18       		.uleb128 0x18
 1628 0129 1D       		.uleb128 0x1d
 1629 012a 00       		.byte	0
 1630 012b 31       		.uleb128 0x31
 1631 012c 13       		.uleb128 0x13
 1632 012d 52       		.uleb128 0x52
 1633 012e 01       		.uleb128 0x1
 1634 012f 55       		.uleb128 0x55
 1635 0130 17       		.uleb128 0x17
 1636 0131 58       		.uleb128 0x58
 1637 0132 0B       		.uleb128 0xb
 1638 0133 59       		.uleb128 0x59
 1639 0134 0B       		.uleb128 0xb
 1640 0135 00       		.byte	0
 1641 0136 00       		.byte	0
 1642 0137 19       		.uleb128 0x19
 1643 0138 2E       		.uleb128 0x2e
 1644 0139 00       		.byte	0
 1645 013a 3F       		.uleb128 0x3f
 1646 013b 19       		.uleb128 0x19
 1647 013c 03       		.uleb128 0x3
ARM GAS  /tmp/ccfEWcw3.s 			page 40


 1648 013d 0E       		.uleb128 0xe
 1649 013e 3A       		.uleb128 0x3a
 1650 013f 0B       		.uleb128 0xb
 1651 0140 3B       		.uleb128 0x3b
 1652 0141 0B       		.uleb128 0xb
 1653 0142 27       		.uleb128 0x27
 1654 0143 19       		.uleb128 0x19
 1655 0144 11       		.uleb128 0x11
 1656 0145 01       		.uleb128 0x1
 1657 0146 12       		.uleb128 0x12
 1658 0147 06       		.uleb128 0x6
 1659 0148 40       		.uleb128 0x40
 1660 0149 18       		.uleb128 0x18
 1661 014a 9742     		.uleb128 0x2117
 1662 014c 19       		.uleb128 0x19
 1663 014d 00       		.byte	0
 1664 014e 00       		.byte	0
 1665 014f 1A       		.uleb128 0x1a
 1666 0150 34       		.uleb128 0x34
 1667 0151 00       		.byte	0
 1668 0152 03       		.uleb128 0x3
 1669 0153 0E       		.uleb128 0xe
 1670 0154 3A       		.uleb128 0x3a
 1671 0155 0B       		.uleb128 0xb
 1672 0156 3B       		.uleb128 0x3b
 1673 0157 05       		.uleb128 0x5
 1674 0158 49       		.uleb128 0x49
 1675 0159 13       		.uleb128 0x13
 1676 015a 3F       		.uleb128 0x3f
 1677 015b 19       		.uleb128 0x19
 1678 015c 3C       		.uleb128 0x3c
 1679 015d 19       		.uleb128 0x19
 1680 015e 00       		.byte	0
 1681 015f 00       		.byte	0
 1682 0160 1B       		.uleb128 0x1b
 1683 0161 34       		.uleb128 0x34
 1684 0162 00       		.byte	0
 1685 0163 03       		.uleb128 0x3
 1686 0164 0E       		.uleb128 0xe
 1687 0165 3A       		.uleb128 0x3a
 1688 0166 0B       		.uleb128 0xb
 1689 0167 3B       		.uleb128 0x3b
 1690 0168 0B       		.uleb128 0xb
 1691 0169 49       		.uleb128 0x49
 1692 016a 13       		.uleb128 0x13
 1693 016b 3F       		.uleb128 0x3f
 1694 016c 19       		.uleb128 0x19
 1695 016d 02       		.uleb128 0x2
 1696 016e 18       		.uleb128 0x18
 1697 016f 00       		.byte	0
 1698 0170 00       		.byte	0
 1699 0171 1C       		.uleb128 0x1c
 1700 0172 34       		.uleb128 0x34
 1701 0173 00       		.byte	0
 1702 0174 03       		.uleb128 0x3
 1703 0175 08       		.uleb128 0x8
 1704 0176 3A       		.uleb128 0x3a
ARM GAS  /tmp/ccfEWcw3.s 			page 41


 1705 0177 0B       		.uleb128 0xb
 1706 0178 3B       		.uleb128 0x3b
 1707 0179 05       		.uleb128 0x5
 1708 017a 49       		.uleb128 0x49
 1709 017b 13       		.uleb128 0x13
 1710 017c 3F       		.uleb128 0x3f
 1711 017d 19       		.uleb128 0x19
 1712 017e 3C       		.uleb128 0x3c
 1713 017f 19       		.uleb128 0x19
 1714 0180 00       		.byte	0
 1715 0181 00       		.byte	0
 1716 0182 00       		.byte	0
 1717              		.section	.debug_aranges,"",%progbits
 1718 0000 24000000 		.4byte	0x24
 1719 0004 0200     		.2byte	0x2
 1720 0006 00000000 		.4byte	.Ldebug_info0
 1721 000a 04       		.byte	0x4
 1722 000b 00       		.byte	0
 1723 000c 0000     		.2byte	0
 1724 000e 0000     		.2byte	0
 1725 0010 00000000 		.4byte	.LFB220
 1726 0014 3C000000 		.4byte	.LFE220-.LFB220
 1727 0018 00000000 		.4byte	.LFB221
 1728 001c 9E000000 		.4byte	.LFE221-.LFB221
 1729 0020 00000000 		.4byte	0
 1730 0024 00000000 		.4byte	0
 1731              		.section	.debug_ranges,"",%progbits
 1732              	.Ldebug_ranges0:
 1733 0000 1C000000 		.4byte	.LBB4
 1734 0004 20000000 		.4byte	.LBE4
 1735 0008 28000000 		.4byte	.LBB8
 1736 000c 2C000000 		.4byte	.LBE8
 1737 0010 32000000 		.4byte	.LBB9
 1738 0014 3C000000 		.4byte	.LBE9
 1739 0018 00000000 		.4byte	0
 1740 001c 00000000 		.4byte	0
 1741 0020 00000000 		.4byte	.LFB220
 1742 0024 3C000000 		.4byte	.LFE220
 1743 0028 00000000 		.4byte	.LFB221
 1744 002c 9E000000 		.4byte	.LFE221
 1745 0030 00000000 		.4byte	0
 1746 0034 00000000 		.4byte	0
 1747              		.section	.debug_line,"",%progbits
 1748              	.Ldebug_line0:
 1749 0000 15020000 		.section	.debug_str,"MS",%progbits,1
 1749      0200A001 
 1749      00000201 
 1749      FB0E0D00 
 1749      01010101 
 1750              	.LASF46:
 1751 0000 63685F74 		.ascii	"ch_threads_list\000"
 1751      68726561 
 1751      64735F6C 
 1751      69737400 
 1752              	.LASF73:
 1753 0010 52455345 		.ascii	"RESERVED\000"
 1753      52564544 
ARM GAS  /tmp/ccfEWcw3.s 			page 42


 1753      00
 1754              	.LASF82:
 1755 0019 41504231 		.ascii	"APB1ENR\000"
 1755      454E5200 
 1756              	.LASF106:
 1757 0021 53797374 		.ascii	"SystemCoreClock\000"
 1757      656D436F 
 1757      7265436C 
 1757      6F636B00 
 1758              	.LASF97:
 1759 0031 77746D74 		.ascii	"wtmtxp\000"
 1759      787000
 1760              	.LASF87:
 1761 0038 72656761 		.ascii	"regarm_t\000"
 1761      726D5F74 
 1761      00
 1762              	.LASF78:
 1763 0041 41504232 		.ascii	"APB2RSTR\000"
 1763      52535452 
 1763      00
 1764              	.LASF35:
 1765 004a 666C6167 		.ascii	"flags\000"
 1765      7300
 1766              	.LASF26:
 1767 0050 73797374 		.ascii	"systime_t\000"
 1767      696D655F 
 1767      7400
 1768              	.LASF41:
 1769 005a 7265616C 		.ascii	"realprio\000"
 1769      7072696F 
 1769      00
 1770              	.LASF39:
 1771 0063 6570656E 		.ascii	"epending\000"
 1771      64696E67 
 1771      00
 1772              	.LASF0:
 1773 006c 756E7369 		.ascii	"unsigned int\000"
 1773      676E6564 
 1773      20696E74 
 1773      00
 1774              	.LASF47:
 1775 0079 6E657874 		.ascii	"next\000"
 1775      00
 1776              	.LASF44:
 1777 007e 74687265 		.ascii	"threads_list_t\000"
 1777      6164735F 
 1777      6C697374 
 1777      5F7400
 1778              	.LASF83:
 1779 008d 42444352 		.ascii	"BDCR\000"
 1779      00
 1780              	.LASF7:
 1781 0092 5F5F696E 		.ascii	"__int32_t\000"
 1781      7433325F 
 1781      7400
 1782              	.LASF36:
 1783 009c 72656673 		.ascii	"refs\000"
ARM GAS  /tmp/ccfEWcw3.s 			page 43


 1783      00
 1784              	.LASF108:
 1785 00a1 2E2E2F6F 		.ascii	"../os/hal/ports/STM32/STM32F1xx/hal_lld.c\000"
 1785      732F6861 
 1785      6C2F706F 
 1785      7274732F 
 1785      53544D33 
 1786              	.LASF93:
 1787 00cb 77746F62 		.ascii	"wtobjp\000"
 1787      6A7000
 1788              	.LASF68:
 1789 00d2 76746C69 		.ascii	"vtlist\000"
 1789      737400
 1790              	.LASF89:
 1791 00d9 706F7274 		.ascii	"port_context\000"
 1791      5F636F6E 
 1791      74657874 
 1791      00
 1792              	.LASF52:
 1793 00e6 63685F72 		.ascii	"ch_ready_list\000"
 1793      65616479 
 1793      5F6C6973 
 1793      7400
 1794              	.LASF58:
 1795 00f4 66756E63 		.ascii	"func\000"
 1795      00
 1796              	.LASF98:
 1797 00f9 65776D61 		.ascii	"ewmask\000"
 1797      736B00
 1798              	.LASF50:
 1799 0100 70726576 		.ascii	"prev\000"
 1799      00
 1800              	.LASF49:
 1801 0105 63685F74 		.ascii	"ch_threads_queue\000"
 1801      68726561 
 1801      64735F71 
 1801      75657565 
 1801      00
 1802              	.LASF54:
 1803 0116 76746675 		.ascii	"vtfunc_t\000"
 1803      6E635F74 
 1803      00
 1804              	.LASF63:
 1805 011f 63685F73 		.ascii	"ch_system_debug\000"
 1805      79737465 
 1805      6D5F6465 
 1805      62756700 
 1806              	.LASF110:
 1807 012f 68616C5F 		.ascii	"hal_lld_backup_domain_init\000"
 1807      6C6C645F 
 1807      6261636B 
 1807      75705F64 
 1807      6F6D6169 
 1808              	.LASF17:
 1809 014a 75696E74 		.ascii	"uint32_t\000"
 1809      33325F74 
 1809      00
ARM GAS  /tmp/ccfEWcw3.s 			page 44


 1810              	.LASF95:
 1811 0153 73656E74 		.ascii	"sentmsg\000"
 1811      6D736700 
 1812              	.LASF24:
 1813 015b 6576656E 		.ascii	"eventmask_t\000"
 1813      746D6173 
 1813      6B5F7400 
 1814              	.LASF99:
 1815 0167 63685F73 		.ascii	"ch_semaphore\000"
 1815      656D6170 
 1815      686F7265 
 1815      00
 1816              	.LASF22:
 1817 0174 74707269 		.ascii	"tprio_t\000"
 1817      6F5F7400 
 1818              	.LASF56:
 1819 017c 63685F76 		.ascii	"ch_virtual_timer\000"
 1819      69727475 
 1819      616C5F74 
 1819      696D6572 
 1819      00
 1820              	.LASF13:
 1821 018d 6C6F6E67 		.ascii	"long long unsigned int\000"
 1821      206C6F6E 
 1821      6720756E 
 1821      7369676E 
 1821      65642069 
 1822              	.LASF72:
 1823 01a4 4F50544B 		.ascii	"OPTKEYR\000"
 1823      45595200 
 1824              	.LASF5:
 1825 01ac 5F5F7569 		.ascii	"__uint16_t\000"
 1825      6E743136 
 1825      5F7400
 1826              	.LASF25:
 1827 01b7 636E745F 		.ascii	"cnt_t\000"
 1827      7400
 1828              	.LASF71:
 1829 01bd 4B455952 		.ascii	"KEYR\000"
 1829      00
 1830              	.LASF101:
 1831 01c2 6F776E65 		.ascii	"owner\000"
 1831      7200
 1832              	.LASF48:
 1833 01c8 74687265 		.ascii	"threads_queue_t\000"
 1833      6164735F 
 1833      71756575 
 1833      655F7400 
 1834              	.LASF40:
 1835 01d8 6D74786C 		.ascii	"mtxlist\000"
 1835      69737400 
 1836              	.LASF60:
 1837 01e0 63685F76 		.ascii	"ch_virtual_timers_list\000"
 1837      69727475 
 1837      616C5F74 
 1837      696D6572 
 1837      735F6C69 
ARM GAS  /tmp/ccfEWcw3.s 			page 45


 1838              	.LASF27:
 1839 01f7 74687265 		.ascii	"thread_t\000"
 1839      61645F74 
 1839      00
 1840              	.LASF74:
 1841 0200 57525052 		.ascii	"WRPR\000"
 1841      00
 1842              	.LASF91:
 1843 0205 7264796D 		.ascii	"rdymsg\000"
 1843      736700
 1844              	.LASF75:
 1845 020c 464C4153 		.ascii	"FLASH_TypeDef\000"
 1845      485F5479 
 1845      70654465 
 1845      6600
 1846              	.LASF86:
 1847 021a 5243435F 		.ascii	"RCC_TypeDef\000"
 1847      54797065 
 1847      44656600 
 1848              	.LASF100:
 1849 0226 63685F6D 		.ascii	"ch_mutex\000"
 1849      75746578 
 1849      00
 1850              	.LASF12:
 1851 022f 5F5F7569 		.ascii	"__uint64_t\000"
 1851      6E743634 
 1851      5F7400
 1852              	.LASF79:
 1853 023a 41504231 		.ascii	"APB1RSTR\000"
 1853      52535452 
 1853      00
 1854              	.LASF29:
 1855 0243 7072696F 		.ascii	"prio\000"
 1855      00
 1856              	.LASF102:
 1857 0248 63686172 		.ascii	"char\000"
 1857      00
 1858              	.LASF43:
 1859 024d 74687265 		.ascii	"thread_reference_t\000"
 1859      61645F72 
 1859      65666572 
 1859      656E6365 
 1859      5F7400
 1860              	.LASF33:
 1861 0260 77616261 		.ascii	"wabase\000"
 1861      736500
 1862              	.LASF20:
 1863 0267 74737461 		.ascii	"tstate_t\000"
 1863      74655F74 
 1863      00
 1864              	.LASF80:
 1865 0270 41484245 		.ascii	"AHBENR\000"
 1865      4E5200
 1866              	.LASF14:
 1867 0277 75696E74 		.ascii	"uint8_t\000"
 1867      385F7400 
 1868              	.LASF38:
ARM GAS  /tmp/ccfEWcw3.s 			page 46


 1869 027f 6D736771 		.ascii	"msgqueue\000"
 1869      75657565 
 1869      00
 1870              	.LASF45:
 1871 0288 63685F74 		.ascii	"ch_thread\000"
 1871      68726561 
 1871      6400
 1872              	.LASF62:
 1873 0292 73797374 		.ascii	"system_debug_t\000"
 1873      656D5F64 
 1873      65627567 
 1873      5F7400
 1874              	.LASF11:
 1875 02a1 6C6F6E67 		.ascii	"long long int\000"
 1875      206C6F6E 
 1875      6720696E 
 1875      7400
 1876              	.LASF23:
 1877 02af 6D73675F 		.ascii	"msg_t\000"
 1877      7400
 1878              	.LASF55:
 1879 02b5 76697274 		.ascii	"virtual_timer_t\000"
 1879      75616C5F 
 1879      74696D65 
 1879      725F7400 
 1880              	.LASF107:
 1881 02c5 474E5520 		.ascii	"GNU C 4.8.2 -mcpu=cortex-m3 -mno-thumb-interwork -m"
 1881      4320342E 
 1881      382E3220 
 1881      2D6D6370 
 1881      753D636F 
 1882 02f8 7468756D 		.ascii	"thumb -ggdb -O2 -fomit-frame-pointer -falign-functi"
 1882      62202D67 
 1882      67646220 
 1882      2D4F3220 
 1882      2D666F6D 
 1883 032b 6F6E733D 		.ascii	"ons=16 -ffunction-sections -fdata-sections -fno-com"
 1883      3136202D 
 1883      6666756E 
 1883      6374696F 
 1883      6E2D7365 
 1884 035e 6D6F6E20 		.ascii	"mon -flto\000"
 1884      2D666C74 
 1884      6F00
 1885              	.LASF85:
 1886 0368 43464752 		.ascii	"CFGR2\000"
 1886      3200
 1887              	.LASF81:
 1888 036e 41504232 		.ascii	"APB2ENR\000"
 1888      454E5200 
 1889              	.LASF64:
 1890 0376 70616E69 		.ascii	"panic_msg\000"
 1890      635F6D73 
 1890      6700
 1891              	.LASF104:
 1892 0380 5F426F6F 		.ascii	"_Bool\000"
 1892      6C00
ARM GAS  /tmp/ccfEWcw3.s 			page 47


 1893              	.LASF19:
 1894 0386 746D6F64 		.ascii	"tmode_t\000"
 1894      655F7400 
 1895              	.LASF69:
 1896 038e 6D61696E 		.ascii	"mainthread\000"
 1896      74687265 
 1896      616400
 1897              	.LASF15:
 1898 0399 75696E74 		.ascii	"uint16_t\000"
 1898      31365F74 
 1898      00
 1899              	.LASF84:
 1900 03a2 52455345 		.ascii	"RESERVED0\000"
 1900      52564544 
 1900      3000
 1901              	.LASF3:
 1902 03ac 73686F72 		.ascii	"short int\000"
 1902      7420696E 
 1902      7400
 1903              	.LASF76:
 1904 03b6 5057525F 		.ascii	"PWR_TypeDef\000"
 1904      54797065 
 1904      44656600 
 1905              	.LASF8:
 1906 03c2 6C6F6E67 		.ascii	"long int\000"
 1906      20696E74 
 1906      00
 1907              	.LASF90:
 1908 03cb 706F7274 		.ascii	"port_intctx\000"
 1908      5F696E74 
 1908      63747800 
 1909              	.LASF105:
 1910 03d7 49544D5F 		.ascii	"ITM_RxBuffer\000"
 1910      52784275 
 1910      66666572 
 1910      00
 1911              	.LASF66:
 1912 03e4 63685F73 		.ascii	"ch_system\000"
 1912      79737465 
 1912      6D00
 1913              	.LASF61:
 1914 03ee 6C617374 		.ascii	"lasttime\000"
 1914      74696D65 
 1914      00
 1915              	.LASF18:
 1916 03f7 75696E74 		.ascii	"uint64_t\000"
 1916      36345F74 
 1916      00
 1917              	.LASF77:
 1918 0400 43464752 		.ascii	"CFGR\000"
 1918      00
 1919              	.LASF67:
 1920 0405 726C6973 		.ascii	"rlist\000"
 1920      7400
 1921              	.LASF109:
 1922 040b 2F686F6D 		.ascii	"/home/jerson/ChibiOS/rt_stm32f100rb_onion\000"
 1922      652F6A65 
ARM GAS  /tmp/ccfEWcw3.s 			page 48


 1922      72736F6E 
 1922      2F436869 
 1922      62694F53 
 1923              	.LASF4:
 1924 0435 5F5F7569 		.ascii	"__uint8_t\000"
 1924      6E74385F 
 1924      7400
 1925              	.LASF32:
 1926 043f 6E616D65 		.ascii	"name\000"
 1926      00
 1927              	.LASF70:
 1928 0444 73697A65 		.ascii	"sizetype\000"
 1928      74797065 
 1928      00
 1929              	.LASF21:
 1930 044d 74726566 		.ascii	"trefs_t\000"
 1930      735F7400 
 1931              	.LASF10:
 1932 0455 6C6F6E67 		.ascii	"long unsigned int\000"
 1932      20756E73 
 1932      69676E65 
 1932      6420696E 
 1932      7400
 1933              	.LASF111:
 1934 0467 68616C5F 		.ascii	"hal_lld_init\000"
 1934      6C6C645F 
 1934      696E6974 
 1934      00
 1935              	.LASF51:
 1936 0474 72656164 		.ascii	"ready_list_t\000"
 1936      795F6C69 
 1936      73745F74 
 1936      00
 1937              	.LASF28:
 1938 0481 71756575 		.ascii	"queue\000"
 1938      6500
 1939              	.LASF16:
 1940 0487 696E7433 		.ascii	"int32_t\000"
 1940      325F7400 
 1941              	.LASF96:
 1942 048f 77747365 		.ascii	"wtsemp\000"
 1942      6D7000
 1943              	.LASF103:
 1944 0496 6D757465 		.ascii	"mutex_t\000"
 1944      785F7400 
 1945              	.LASF30:
 1946 049e 6E657765 		.ascii	"newer\000"
 1946      7200
 1947              	.LASF2:
 1948 04a4 756E7369 		.ascii	"unsigned char\000"
 1948      676E6564 
 1948      20636861 
 1948      7200
 1949              	.LASF9:
 1950 04b2 5F5F7569 		.ascii	"__uint32_t\000"
 1950      6E743332 
 1950      5F7400
ARM GAS  /tmp/ccfEWcw3.s 			page 49


 1951              	.LASF37:
 1952 04bd 77616974 		.ascii	"waiting\000"
 1952      696E6700 
 1953              	.LASF59:
 1954 04c5 76697274 		.ascii	"virtual_timers_list_t\000"
 1954      75616C5F 
 1954      74696D65 
 1954      72735F6C 
 1954      6973745F 
 1955              	.LASF34:
 1956 04db 73746174 		.ascii	"state\000"
 1956      6500
 1957              	.LASF65:
 1958 04e1 63685F73 		.ascii	"ch_system_t\000"
 1958      79737465 
 1958      6D5F7400 
 1959              	.LASF94:
 1960 04ed 77747472 		.ascii	"wttrp\000"
 1960      7000
 1961              	.LASF1:
 1962 04f3 7369676E 		.ascii	"signed char\000"
 1962      65642063 
 1962      68617200 
 1963              	.LASF57:
 1964 04ff 64656C74 		.ascii	"delta\000"
 1964      6100
 1965              	.LASF6:
 1966 0505 73686F72 		.ascii	"short unsigned int\000"
 1966      7420756E 
 1966      7369676E 
 1966      65642069 
 1966      6E7400
 1967              	.LASF88:
 1968 0518 73746B61 		.ascii	"stkalign_t\000"
 1968      6C69676E 
 1968      5F7400
 1969              	.LASF53:
 1970 0523 63757272 		.ascii	"current\000"
 1970      656E7400 
 1971              	.LASF112:
 1972 052b 73746D33 		.ascii	"stm32_clock_init\000"
 1972      325F636C 
 1972      6F636B5F 
 1972      696E6974 
 1972      00
 1973              	.LASF31:
 1974 053c 6F6C6465 		.ascii	"older\000"
 1974      7200
 1975              	.LASF92:
 1976 0542 65786974 		.ascii	"exitcode\000"
 1976      636F6465 
 1976      00
 1977              	.LASF42:
 1978 054b 6D706F6F 		.ascii	"mpool\000"
 1978      6C00
 1979              		.comm	__gnu_lto_v1,1,1
 1980              		.ident	"GCC: (4.8.2-14ubuntu1+6) 4.8.2"
ARM GAS  /tmp/ccfEWcw3.s 			page 50


ARM GAS  /tmp/ccfEWcw3.s 			page 51


DEFINED SYMBOLS
                            *ABS*:0000000000000000 hal_lld.c
     /tmp/ccfEWcw3.s:198    .text.hal_lld_init:0000000000000000 $t
     /tmp/ccfEWcw3.s:204    .text.hal_lld_init:0000000000000000 hal_lld_init
     /tmp/ccfEWcw3.s:259    .text.stm32_clock_init:0000000000000000 $t
     /tmp/ccfEWcw3.s:265    .text.stm32_clock_init:0000000000000000 stm32_clock_init
     /tmp/ccfEWcw3.s:370    .data.SystemCoreClock:0000000000000000 SystemCoreClock
     /tmp/ccfEWcw3.s:367    .data.SystemCoreClock:0000000000000000 $d
                            *COM*:0000000000000001 __gnu_lto_v1
                     .debug_frame:0000000000000010 $d

NO UNDEFINED SYMBOLS
