ARM GAS  /tmp/cc5GaSAK.s 			page 1


   1              		.syntax unified
   2              		.cpu cortex-m3
   3              		.fpu softvfp
   4              		.eabi_attribute 20, 1
   5              		.eabi_attribute 21, 1
   6              		.eabi_attribute 23, 3
   7              		.eabi_attribute 24, 1
   8              		.eabi_attribute 25, 1
   9              		.eabi_attribute 26, 1
  10              		.eabi_attribute 30, 2
  11              		.eabi_attribute 34, 1
  12              		.eabi_attribute 18, 4
  13              		.thumb
  14              		.file	"hal_pal.c"
  15              		.text
  16              	.Ltext0:
  17              		.section	.gnu.lto_.jmpfuncs.e9c92c7affc735eb,"",%progbits
  18 0000 789C6362 		.ascii	"x\234cb`b\300\006D\24043\003##3\02333\204\315\300X\006"
  18      6062C006 
  18      44A03433 
  18      03232333 
  18      13333384 
  19 0018 A4010623 		.ascii	"\244\001\006#\000\243"
  19      00A3
  20              		.text
  21              		.section	.gnu.lto_.inline.e9c92c7affc735eb,"",%progbits
  22 0000 789C6362 		.ascii	"x\234cb`b\300\006\276Cif\006\006N\016Ff\006F0\023D:"
  22      6062C006 
  22      BE436966 
  22      06064E0E 
  22      46660646 
  23 0018 8049050E 		.ascii	"\200I\005\016\266\017z\014l\013\344\231\030\030_\260"
  23      B60F7A0C 
  23      6C0BE499 
  23      18185FB0 
  24 0028 B3404810 		.ascii	"\263@H\020\301\001fr\200\010\0010S\000d\014#\003\037"
  24      C1016672 
  24      80080130 
  24      5300640C 
  24      23031F
  25 003b 2F230BC4 		.ascii	"/#\013\304\024FF\210\010\320\020\210\201\334L\027\370"
  25      14464688 
  25      08D01088 
  25      81DC4C17 
  25      F8
  26 004c 318C028A 		.ascii	"1\214\002\212\241\030\302\262@^\002\304R`b`\336!\256"
  26      A118C2B2 
  26      405E02C4 
  26      52606260 
  26      DE21AE
  27 005f C000B4DE 		.ascii	"\300\000\264\336\002d\016\023\003\2670\212\373\240\206"
  27      02640E13 
  27      03B7308A 
  27      FBA086
  28 006e 7202E588 		.ascii	"r\002\345\210s\036\320&\011\220I,\274@}\023\374@\220"
  28      731ED026 
  28      0990492C 
ARM GAS  /tmp/cc5GaSAK.s 			page 2


  28      BC407D13 
  28      FC4090
  29 0081 01003C62 		.ascii	"\001\000<b\037\210"
  29      1F88
  30              		.text
  31              		.section	.gnu.lto_.pureconst.e9c92c7affc735eb,"",%progbits
  32 0000 789C6362 		.ascii	"x\234cb`b`g\200\000f\006)F)&I\000\001\312\000_"
  32      60626067 
  32      80006606 
  32      29462926 
  32      490001CA 
  33              		.text
  34              		.section	.gnu.lto_palReadBus.e9c92c7affc735eb,"",%progbits
  35 0000 789C6D90 		.ascii	"x\234m\2201K\003A\020\205\337\233\275\315\335\245\260"
  35      314B0341 
  35      1085DF9B 
  35      BDCDDDA5 
  35      B0
  36 0011 562B6B03 		.ascii	"V+k\003w\177&\202\332H\274\"\036$(\346\007\344\314\245"
  36      777F2682 
  36      DA48BC22 
  36      1E2428E6 
  36      07E4CCA5 
  37 0025 B20A56A2 		.ascii	"\262\012V\242\225\215\205El\005\033\261\260\213hk%\330"
  37      958D8545 
  37      6C051BB1 
  37      B08B686B 
  37      25D8
  38 0037 8A7F21CE 		.ascii	"\212\177!\316n\274\023%\013\373fwv\2767\303\012\004"
  38      6EBC1325 
  38      0BFB6677 
  38      76BE37C3 
  38      0A04
  39 0049 FFD79AEE 		.ascii	"\377\327\232\356S\002\353\032i@\231<\003'\221\220\356"
  39      5302EB1A 
  39      6940993C 
  39      03279190 
  39      EE
  40 005a 0062281C 		.ascii	"\000b(\034\356\320\327\336\312\303\373|>={\272\376\344"
  40      EED0D7DE 
  40      CAC3FB7C 
  40      3E3D7BBA 
  40      FEE4
  41 006c B934857D 		.ascii	"\2714\205}\302 '\002\025Z\025i\250\230\320]#'\261J\240"
  41      C2202702 
  41      155A1569 
  41      A898D05D 
  41      2327B14A 
  42 0081 A4C5B828 		.ascii	"\244\305\270(&\033}\252Q\346\315\332\252\256\303\026"
  42      261B7DAA 
  42      51E6CDDA 
  42      AAAEC316 
  43 0091 C54533C3 		.ascii	"\305E3\303\350\355\356\343\205\035^\251S\227\246\205"
  43      E8EDEEE3 
  43      851D5EA9 
  43      5397A685 
  44 00a1 CD9CF612 		.ascii	"\315\234\366\022\027\314\331\350R\2665\206~\214}V\303"
ARM GAS  /tmp/cc5GaSAK.s 			page 3


  44      17CCD9E8 
  44      52B63586 
  44      7E8C7D56 
  44      C3
  45 00b2 CFF0B85B 		.ascii	"\317\360\270[\001A\0137\305X\213\242\005\023\253\207"
  45      01410B37 
  45      C5588BA2 
  45      0513AB87 
  46 00c2 63EC0FC3 		.ascii	"c\354\017\303\232\031\325\214\365M\232\313\233\310/"
  46      9A19D58C 
  46      F54D9ACB 
  46      9BC82F
  47 00d1 F0652A42 		.ascii	"\360e*B\213\254K\225\323:\025jo}\370\353\034y\347`\271"
  47      8BAC4B95 
  47      D33A156A 
  47      6F7DF8EB 
  47      1C79E760 
  48 00e6 B3A99DCB 		.ascii	"\263\251\235\313\373r\245Bbo\025\001\257\250\177!^\024"
  48      FB72A542 
  48      626F1501 
  48      AFA87F21 
  48      5E14
  49 00f8 B6757AFD 		.ascii	"\266uz\375$7\321j\222\244\207\203\364\240\323K\007\307"
  49      2437D16A 
  49      92A48783 
  49      F4A0D34B 
  49      07C7
  50 010a 998B7B47 		.ascii	"\231\213{G\235^\222\341\033\223\022R\237"
  50      9D5E92E1 
  50      1B931252 
  50      9F
  51              		.text
  52              		.section	.gnu.lto_palWriteBus.e9c92c7affc735eb,"",%progbits
  53 0000 789C6D51 		.ascii	"x\234mQ\277K\303`\020\275\373\2764I\177\353V\235\004"
  53      BF4BC360 
  53      10BDFBBE 
  53      34497FEB 
  53      569D04
  54 0013 B71692BF 		.ascii	"\267\026\222\277\303\275\202\272H\355P\013-\212\375"
  54      C3BD82BA 
  54      48ED500B 
  54      2D8AFD
  55 0022 03DA6A07 		.ascii	"\003\332j\007\307\316vr\025\324\305E\024\024\0077\005"
  55      C7CE7672 
  55      15D4C545 
  55      14140737 
  55      05
  56 0033 3771EA5F 		.ascii	"7q\352_\240\213\243P\337]L\212\241\037\344\335\345}"
  56      A08BA350 
  56      DF5D4C8A 
  56      A11FE4DD 
  56      E57D
  57 0045 77EFDE25 		.ascii	"w\357\336%\206\014\245\317\012\236*\350UD\266\304f\374"
  57      860CA5CF 
  57      0A9E2AE8 
  57      5544B6C4 
  57      66FC
ARM GAS  /tmp/cc5GaSAK.s 			page 4


  58 0057 4A34F40D 		.ascii	"J4\364\015\263$\304\3247\334\337f\255\2756\217\323\331"
  58      B324C4D4 
  58      37DCDF66 
  58      ADBD368F 
  58      D3D9
  59 0069 ECEAFBF9 		.ascii	"\354\352\373\371\346\207'f\331p\227\311R\233\311A\306"
  59      E6872766 
  59      D97097C9 
  59      529BC941 
  59      C6
  60 007a 1964EC0A 		.ascii	"\031d\354\012x\002>\300d\005r\000\233\027\256 P\224"
  60      78023EC0 
  60      64057200 
  60      9B17AE20 
  60      5094
  61 008c D7926465 		.ascii	"\327\222de\001\350fh4\030\214\327\272\014\037M\035U"
  61      01E86668 
  61      34188CD7 
  61      BA0C1F4D 
  61      1D55
  62 009e 07CAFC4D 		.ascii	"\007\312\374MP\210\366\205\216?\336\277*\015>\307\230"
  62      5088F685 
  62      8E3FDEBF 
  62      2A0D3EC7 
  62      98
  63 00af 16DB1A55 		.ascii	"\026\333\032U\333\354L\350\214\333\234i\261\331Bt\325"
  63      DBEC4CE8 
  63      8CDB9C69 
  63      B1D94274 
  63      D5
  64 00c0 E31EC79B 		.ascii	"\343\036\307\233\241\347\336\306\035(r\224\332\211\031"
  64      A1E7DEC6 
  64      1D287294 
  64      DA8919
  65 00cf 5735BCC5 		.ascii	"W5\274\305\032\234h\234\334%\032\236\312\270\377e|\225"
  65      1A9C689C 
  65      DC251A9E 
  65      CAB8FF65 
  65      7C95
  66 00e1 F117CB98 		.ascii	"\361\027\313\230\271\314i\"\223E\223\024\371K\221\311"
  66      B9CC6922 
  66      93459314 
  66      F94B91C9 
  67 00f1 CFE42687 		.ascii	"\317\344&\207K-\276L\250\274\216\315\245\234\024\260"
  67      4B2DBE4C 
  67      A8BC8ECD 
  67      A59C14B0 
  68 0101 4DEC64DE 		.ascii	"M\354d\336^\204p\252\275\244\265Eeo\023\266\254\272"
  68      5E8470AA 
  68      BDA4B545 
  68      656F13B6 
  68      ACBA
  69 0113 25619F36 		.ascii	"%a\2376\"\262F\027\203\021Le\243E\340\304\212G\347o"
  69      22B24617 
  69      83114C65 
  69      A345E0C4 
  69      8A47E76F 
ARM GAS  /tmp/cc5GaSAK.s 			page 5


  70 0127 11AB119D 		.ascii	"\021\253\021\235Do4\234>\254G]\361\251\343\203\3417"
  70      446F349C 
  70      3EAC475D 
  70      F1A9E383 
  70      E137
  71 0139 C9BA9520 		.ascii	"\311\272\225 \010\017z\341~\243\023\366\216\232\022"
  71      080F7AE1 
  71      7EA313F6 
  71      8E9A12
  72 0148 770F1B9D 		.ascii	"w\017\033\235\240I\277\361\345pU"
  72      A049BFF1 
  72      E57055
  73              		.text
  74              		.section	.gnu.lto_palSetBusMode.e9c92c7affc735eb,"",%progbits
  75 0000 789C6D90 		.ascii	"x\234m\220\277J\003A\020\306\277o\366\376\231\3122Z"
  75      BF4A0341 
  75      10C6BF6F 
  75      F6FE99CA 
  75      325A
  76 0012 09760A77 		.ascii	"\011v\012w/\023Am\344<\360\\HPLi\221\213ZX\246V\020"
  76      2F13416D 
  76      E43CF05C 
  76      48504C69 
  76      918B5A58 
  77 0029 7C004D6B 		.ascii	"|\000Mkig\245\242e\252<\200\344\001\264\210\263\033"
  77      6967A5A2 
  77      65AA3C80 
  77      E401B488 
  77      B31B
  78 003b 4F416E60 		.ascii	"OAn`\347\333\235\235\337\314\354\012\004\377mE\327\001"
  78      E7DB9D9D 
  78      DFCCEC0A 
  78      04FF6D45 
  78      D701
  79 004d 8155551A 		.ascii	"\201UU\032PF/\3000\021\322m@\014\204\203\035\372\334"
  79      50462FC0 
  79      3011D26D 
  79      400C8483 
  79      1DFADC
  80 0060 B13C4EE7 		.ascii	"\261<N\347\363\373\367\247\361\007o\244%\354\021\006"
  80      F3FBF7A7 
  80      F1076FA4 
  80      25EC1106 
  81 0070 9608D431 		.ascii	"\226\010\3241T'\221:\023\273c\242\267\016\013qQU\243"
  81      5427913A 
  81      13BB63A2 
  81      B70E0B71 
  81      5155A3
  82 0083 B51EB577 		.ascii	"\265\036\265w\341\353t\324\273\342[\032R5\3178\233<"
  82      E1EB74D4 
  82      BBE25B1A 
  82      5235CF38 
  82      9B3C
  83 0095 7CB573DE 		.ascii	"|\265s\336j\215\222f\023\033\226\3015\256h\031\226\224"
  83      6A8D9266 
  83      131B96C1 
  83      35AE6819 
ARM GAS  /tmp/cc5GaSAK.s 			page 6


  83      9694
  84 00a7 6DD5C80F 		.ascii	"m\325\310\017\260\317zlevk \360@\334\014\260\001\010"
  84      B0CF7A6C 
  84      65766B20 
  84      F040DC0C 
  84      B00108
  85 00ba 3D903403 		.ascii	"=\2204\003\362\007\314LMD\012\271\320\371\335o(\326"
  85      F207CC4C 
  85      4D440AB9 
  85      D0F9DD6F 
  85      28D6
  86 00cc C6A5A35E 		.ascii	"\306\245\243^\021-b\300)>\253\313j\331r\251\370i\254"
  86      112D62C0 
  86      293EABCB 
  86      6AD972A9 
  86      F869AC
  87 00df CFF1A989 		.ascii	"\317\361\251\211e\013x\303p:[\257\263\027\326\321L\375"
  87      650B78C3 
  87      703A5BAF 
  87      B317D6D1 
  87      4CFD
  88 00f1 05D7B69D 		.ascii	"\005\327\266\235\246\331Q?;\314\273Y\377\244p\272w\234"
  88      A6D9513F 
  88      3BCCBB59 
  88      FFA470BA 
  88      779C
  89 0103 77D302DF 		.ascii	"w\323\002\337A\012MN"
  89      410A4D4E 
  90              		.text
  91              		.section	.gnu.lto_.symbol_nodes.e9c92c7affc735eb,"",%progbits
  92 0000 789C6362 		.ascii	"x\234cb`bpe\200\002\246\333\214\365\014\014\023\316"
  92      60627065 
  92      8002A6DB 
  92      8CF50C0C 
  92      13CE
  93 0012 3130D4D7 		.ascii	"10\324\327\317\353`d\272\303X\317\210\304\275\313X\317"
  93      CFEB6064 
  93      BAC358CF 
  93      88C4BDCB 
  93      58CF
  94 0024 84E0323E 		.ascii	"\204\3402>`\254g\206p\033\032\030\231\231\230\031\026"
  94      60AC6786 
  94      701B1A18 
  94      99999819 
  94      16
  95 0035 3FFCC7C8 		.ascii	"?\374\307\310\000\000\002\020\025\275"
  95      00000210 
  95      15BD
  96              		.text
  97              		.section	.gnu.lto_.refs.e9c92c7affc735eb,"",%progbits
  98 0000 789C6362 		.ascii	"x\234cb`b`d\200\002\000\000F\000\006"
  98      60626064 
  98      80020000 
  98      460006
  99              		.text
 100              		.section	.gnu.lto_.decls.e9c92c7affc735eb,"",%progbits
 101 0000 789CB557 		.ascii	"x\234\265WoL\024G\024\237\331=\352\035\236\224\232h"
ARM GAS  /tmp/cc5GaSAK.s 			page 7


 101      6F4C1447 
 101      149FD93D 
 101      EA1D9E94 
 101      9A68
 102 0012 68622336 		.ascii	"hb#6\325\017$e\371\023\033\374\342\007 \025\"Vsh\352"
 102      D50F2465 
 102      F9131BFC 
 102      E2072015 
 102      22567368 
 103 0027 B7ED72B7 		.ascii	"\267\355r\267W.=8\302\355\265\364C\323\021,\032MSJ\305"
 103      572E3D38 
 103      C2EDB5F4 
 103      43D3112C 
 103      1A4D534A 
 104 003c 68D23628 		.ascii	"h\3226(U\254\037\320 h\254\320\\\211U#\306\240I\261"
 104      55AC1FD0 
 104      2068ACD0 
 104      5C895523 
 104      C6A049B1 
 105 0050 34B6BD50 		.ascii	"4\266\275PJ\323\232T\033\251\0324^\337\314\356\336\355"
 105      4AD39A54 
 105      1BA91A34 
 105      5EDFCCEE 
 105      DEED
 106 0062 2E7BC79D 		.ascii	".{\307\235I'ys3;\363~\357\367\336\274\371s\034\342\220"
 106      49277973 
 106      333BF37E 
 106      EFF7DEBC 
 106      F9731CE2 
 107 0077 82118A43 		.ascii	"\202\021\212Cq\344#4\007m\007Bh#J\026\332?\0022\005"
 107      71E42334 
 107      076D0742 
 107      68234A16 
 107      DA3F0232 
 108 008c 320DF237 		.ascii	"2\015\3627ZX\350\370R\220k K@r4\275>\220a\220S \003"
 108      5A58E8F8 
 108      52906B20 
 108      4B407234 
 108      BD3E9061 
 109 00a4 20232067 		.ascii	" # gAnh\343C Q\220\011\220\353 X\303\342@&A\346,v\246"
 109      416E68E3 
 109      43205190 
 109      0990EB20 
 109      58C3E240 
 110 00be 52D831DA 		.ascii	"R\3301\332\350\323\360u[\272\235\353\232\235\213\232"
 110      E8D3F075 
 110      5BBA9DEB 
 110      9A9D8B9A 
 111 00ce 1D8AC583 		.ascii	"\035\212\305\203\374\002\362+\310S\213\255\351,l\361"
 111      FC02F22B 
 111      C8538BAD 
 111      E92C6CF1 
 112 00de 007857C3 		.ascii	"\000xW\3033\332\342\0141\243c\177\201\334\2418\330l"
 112      33DAE20C 
 112      31A3637F 
 112      81DCA138 
 112      D86C
ARM GAS  /tmp/cc5GaSAK.s 			page 8


 113 00f0 6B35FA92 		.ascii	"k5\372\222\364\306b\307\246\357\341\303$\272\233\304"
 113      F4C662C7 
 113      A6EFE1C3 
 113      24BA9BC4 
 114 0100 E31FA295 		.ascii	"\343\037\242\225\250\207@\351\355$\004+.\264\227\220"
 114      A88740E9 
 114      ED24042B 
 114      2EB49790 
 115 0110 76DAA9B9 		.ascii	"v\332\251\271\222\207\320N,\341<\027*d\015\267\213\361"
 115      9287D04E 
 115      2CE13C17 
 115      2A640DB7 
 115      8BF1
 116 0122 5A8BBE22 		.ascii	"Z\213\276\"\244+\366\360DO\021!N\011\367a\027\330\337"
 116      A42BF6F0 
 116      444F1121 
 116      4E09F761 
 116      17D8DF
 117 0135 8C5111FA 		.ascii	"\214Q\021\372\032p\272@\277\330b\226\225\314\241\343"
 117      1A70BA40 
 117      BFD86296 
 117      95CCA1E3 
 118 0145 9DDF7F87 		.ascii	"\235\337\177\207\333\201\216\204\373\031\370\007\030"
 118      DB818E84 
 118      FB19F807 
 118      18
 119 0152 49F8382E 		.ascii	"I\3708.\312\032\351\213}#\033\030\311\223\014g\010\233"
 119      CA1AE98B 
 119      7D231B18 
 119      C9930C67 
 119      089B
 120 0164 8124BCC4 		.ascii	"\201$\274\304e\244\310\372\372\004\212\306\206\265\006"
 120      65A4C8FA 
 120      FA048AC6 
 120      86B506
 121 0173 CDDDE7D1 		.ascii	"\315\335\347\321\377<\335\316\027\252y\024\257d-\236"
 121      FF3CDDCE 
 121      17AA7914 
 121      AF642D9E 
 122 0183 2D35E4CB 		.ascii	"-5\344\313\276d\004\226\243O\351\002\026\032b\361\226"
 122      BE640496 
 122      A34FE902 
 122      161A62F1 
 122      96
 123 0194 AEEF3644 		.ascii	"\256\3576Du\374v\031\213\305)\274\034Pn[b\261\030\012"
 123      75FC7619 
 123      8BC529BC 
 123      1C506E5B 
 123      62B1180A 
 124 01a8 6531089A 		.ascii	"e1\010\232\252\016\303$\321\341\253n\342P\277#\023\232"
 124      AA0EC324 
 124      D1E1AB6E 
 124      E250BF23 
 124      139A
 125 01ba A9AC41BD 		.ascii	"\251\254A\275\3006:z\365\363\027I\357\030^\214|\014"
 125      C0363A7A 
 125      F5F31749 
ARM GAS  /tmp/cc5GaSAK.s 			page 9


 125      EF185E8C 
 125      7C0C
 126 01cc EB765725 		.ascii	"\353vW%\331\367|2\273\236\261?\313\330\367p\213\262"
 126      D9F77C32 
 126      BB9EB13F 
 126      CBD8F770 
 126      8BB2
 127 01de 37C3507A 		.ascii	"7\303Pz\347\255\364\037N2\372\347\027\247\277\273#\372"
 127      E7ADF41F 
 127      4E32FAE7 
 127      17A7BFBB 
 127      23FA
 128 01f0 78F200A3 		.ascii	"x\362\000\243\317\262\257#m\366I\370\004^\233\321zs"
 128      CFB2AF23 
 128      6DF649F8 
 128      045E9BD1 
 128      7A73
 129 0202 E828F384 		.ascii	"\350(\363\204R\260C\322\232j\321&\230i=\231twI\022\036"
 129      52B043D2 
 129      9A6AD126 
 129      98693D99 
 129      74774912 
 130 0217 61097E3C 		.ascii	"a\011~<k\260B\023\330S#\330\311L\300\234\251\231u\335"
 130      6BB04213 
 130      D85323D8 
 130      C94CC09C 
 130      A99975DD 
 131 022b 32800D64 		.ascii	"2\200\015d\015ff\326m\004\033\314\004,?5\263\003F\260"
 131      0D6666D6 
 131      6D041BCC 
 131      042C3F35 
 131      B30346B0 
 132 023f 73598399 		.ascii	"sY\203\231\231\0354\202]\310\004\254\300\206\231]1f"
 132      991D3482 
 132      5DC804AC 
 132      C086995D 
 132      3166
 133 0251 AC84BF61 		.ascii	"\254\204\277a)u\001\257\201\372[VGY=\306\352\213\254"
 133      297501AF 
 133      81FA5B56 
 133      47593DC6 
 133      EA8BAC
 134 0264 BEC4EA2B 		.ascii	"\276\304\352+P'J\272#\374\364\301\012\266\247\206aO"
 134      50274ABA 
 134      23FCF4C1 
 134      0AB6A786 
 134      614F
 135 0276 72286AD9 		.ascii	"r(j\331S\246}\252n\274T\307\3235\000\260\337?\013\306"
 135      53A67DAA 
 135      6EBC54C7 
 135      D33500B0 
 135      DF3F0BC6 
 136 028a 3834CEEC 		.ascii	"84\316\354\014>[\306\223\366X|\377d7\376\254\203\\)"
 136      0C3E5BC6 
 136      93F6587C 
 136      FF6437FE 
 136      AC835C29 
ARM GAS  /tmp/cc5GaSAK.s 			page 10


 137 029e D12F9F9B 		.ascii	"\321/\237\233Y#\026\032\021\243\367\256\302\022fs?\315"
 137      5923161A 
 137      11A3F7AE 
 137      C2126673 
 137      3FCD
 138 02b0 FC833BD8 		.ascii	"\374\203;\330\375t\203\331\277\305Y\357\225\034\313"
 138      FD7483D9 
 138      BFC559EF 
 138      951CCB
 139 02bf BD92633E 		.ascii	"\275\222c>\011r\\\311F\342$\230\311\304\013\273\375"
 139      09725CC9 
 139      46E22498 
 139      C9C40BBB 
 139      FD
 140 02d0 669F3B83 		.ascii	"f\237;\203\206\3349\303rg\210e\307uVO,\226#\024b\000"
 140      86DC39C3 
 140      72678865 
 140      C775564F 
 140      2C962314 
 141 02e6 2F4DE2ED 		.ascii	"/M\342\355\340\023\3639t\307\342\361+\250\217\220nx"
 141      E013F339 
 141      74C7E2F1 
 141      2BA88F90 
 141      6E78
 142 02f8 58441DF0 		.ascii	"XD\035\360\260p\250\252\034z\300\246\035\301\253S\034"
 142      B070A8AA 
 142      1C7AC0A6 
 142      1DC1AB53 
 142      1C
 143 0309 939A8175 		.ascii	"\223\232\201u\350\030\015\375\350\314\266\032uIQ\032"
 143      E8180DFD 
 143      E8CCB61A 
 143      7549511A 
 144 0319 2D8DCE0F 		.ascii	"-\215\316\017\2303\372\253\276l\242\377v\216c\322M\236"
 144      9833FAAB 
 144      BE6CA2FF 
 144      768E63D2 
 144      4D9E
 145 032b C4E3BCF9 		.ascii	"\304\343\274\371a#\341\215+R\372\371\223\371vUy%:*!"
 145      6123E18D 
 145      2B52FAF9 
 145      93F97655 
 145      79253A2A 
 146 0340 6B04E66D 		.ascii	"k\004\346m#@\356\373jTu\011\337\002\206\022\236J\357"
 146      2340EEFB 
 146      6A547509 
 146      DF028612 
 146      9E4AEF
 147 0353 BCA6764E 		.ascii	"\274\246vN\256\321\223\271\223\307i\3254:,f\204|L>\312"
 147      AED193B9 
 147      93C769D5 
 147      343A2C66 
 147      847C4C3E 
 148 0368 C7CC39A4 		.ascii	"\307\3149\244i\231\222\340g\333(\335\274\354\356\332"
 148      699992E0 
 148      67DB28DD 
 148      BCECEEDA 
ARM GAS  /tmp/cc5GaSAK.s 			page 11


 149 0378 158BC757 		.ascii	"\025\213\307Wg\036\242\337\322\204(\213G\343\210\366"
 149      671EA2DF 
 149      D284288B 
 149      47E388F6 
 150 0388 689C65AE 		.ascii	"h\234e\256\356\347\255\373\246\037?\313\203\314\262"
 150      EEE7ADFB 
 150      A61F3FCB 
 150      83CCB2
 151 0397 340778FB 		.ascii	"4\007x\373\344\234\377\221O&\247\276>\323\031\255\317"
 151      E49CFF91 
 151      4F26A7BE 
 151      3ED319AD 
 151      CF
 152 03a8 19BA3E2A 		.ascii	"\031\272>*\351\243\014=\265\332l\232\365\231\266\256"
 152      E9A30C3D 
 152      B5DA6C9A 
 152      F599B6AE 
 153 03b8 CF9F0BD7 		.ascii	"\317\237\013\327'\006a\232\033(8L\306l\336\347i\327"
 153      2706619A 
 153      1B28384C 
 153      C66CDEE7 
 153      69D7
 154 03ca E8AE758D 		.ascii	"\350\256u\215\206m\3228\321\237\265M\353~K\354t\242"
 154      866DD238 
 154      D19FB54D 
 154      EB7E4BEC 
 154      74A2
 155 03dc F7CD445F 		.ascii	"\367\315D_FG\310\304D\354\367\351Cxo\014\336\374O\343"
 155      4647C8C4 
 155      44ECF7E9 
 155      43786F0C 
 155      DEFC4FE3 
 156 03f0 71FC02EA 		.ascii	"q\374\002\352bo\260CyZB\304\216E\013\016%\023\302\251"
 156      626FB043 
 156      795A42C4 
 156      8E450B0E 
 156      2513C2A9 
 157 0404 F3C57A42 		.ascii	"\363\305zB\320?\013\\b2)(\260\237+\341\207\354\374z"
 157      D03F0B5C 
 157      62322928 
 157      B09F2BE1 
 157      87ECFC7A 
 158 0418 A425071D 		.ascii	"\244%\007\035R\333z+\216)\367Q\336\356\177\007\003H"
 158      52DB7A2B 
 158      8E29F751 
 158      DEEE7F07 
 158      0348
 159 042a AFAA19DD 		.ascii	"\257\252\031\335\251\033UO\275\244?\352L\373Y\022\236"
 159      A91B554F 
 159      BDA43FEA 
 159      4CFB5912 
 159      9E
 160 043b 07CF6961 		.ascii	"\007\317ia\216\220\304}\351v\245\\\250\307\0066nW\262"
 160      8E90C47D 
 160      E976A55C 
 160      A8C70636 
 160      6E57B2
ARM GAS  /tmp/cc5GaSAK.s 			page 12


 161 044e 916BE2AC 		.ascii	"\221k\342\254\317\002\317\306x\3139j!\001\227\252\346"
 161      CF02CFC6 
 161      78CB396A 
 161      210197AA 
 161      E6
 162 045f BB8473B1 		.ascii	"\273\204s\261\276<\321G\227\210\3634\331K\323\310\350"
 162      BE3CD147 
 162      9788F334 
 162      D94BD3C8 
 162      E8
 163 0470 CC83A433 		.ascii	"\314\203\2443\226'~\012\227\027\374\021 \\\266.\357"
 163      96277E0A 
 163      9717FC11 
 163      205CB62E 
 163      EF
 164 0481 E2EC5D4E 		.ascii	"\342\354]N\\0\246Y\320|b==-$84er\331\362Z\241{!\025"
 164      5C30A659 
 164      D07C623D 
 164      3D2D2438 
 164      346572D9 
 165 049b 970E2E61 		.ascii	"\227\016.aU\013\324\344\345\305\002\325\242\203\344"
 165      550BD4E4 
 165      E5C502D5 
 165      A283E4
 166 04aa A50B9465 		.ascii	"\245\013\224e\226\204;\263\016\324\236\024\201Zf\012"
 166      96843BB3 
 166      0ED49E14 
 166      815A660A 
 167 04ba D41E6BA0 		.ascii	"\324\036k\240\014\347\221\205\004\207\3760\005\012\025"
 167      0CE79185 
 167      0487FE30 
 167      050A15
 168 04c9 14170BA1 		.ascii	"\024\027\013\241\260\320(\005\205p\253\227\376\212-"
 168      B0D02805 
 168      8570AB97 
 168      FE8A2D
 169 04d8 52B0D88B 		.ascii	"R\260\330\213\204\344@K\250U\011\013\365\333\267\224"
 169      84E4404B 
 169      A855090B 
 169      F5DBB794 
 170 04e8 97097575 		.ascii	"\227\011uu\325\302\246m\265[\337-\325\347\212\301\240"
 170      D5C2A66D 
 170      B55BDF2D 
 170      D5E78AC1 
 170      A0
 171 04f9 AFB811B9 		.ascii	"\257\270\021\271\003!:\257I\012\277#*\317mzcGa\025z"
 171      03213AAF 
 171      490ABF23 
 171      2ACF6D7A 
 171      63476115 
 172 050e 4988845B 		.ascii	"I\210\204[\205@\2637\030\361\311B\263\374^0\320 \204"
 172      8540B337 
 172      18F1C942 
 172      B3FC5E30 
 172      D02084
 173 0521 155FA059 		.ascii	"\025_\240Y\001\015g\004~\313\313D\345U\273iM\222\267"
 173      010D6704 
ARM GAS  /tmp/cc5GaSAK.s 			page 13


 173      7ECBCB44 
 173      E555BB69 
 173      4D92B7
 174 0534 31D02C0B 		.ascii	"1\320,\013\242O\366K\221\240\"*\357\267\310aP\313\025"
 174      A24FF64B 
 174      91A0222A 
 174      EFB7C861 
 174      50CB15
 175 0547 455D7155 		.ascii	"E]qU\222\243\256\255;\320\210rj\267VF\302e\352\024o"
 175      92A3AEAD 
 175      3BD08872 
 175      6AB75646 
 175      C265EA14 
 176 055c A8A929D4 		.ascii	"\250\251)\324,\310m\212P\265\245\276\266\036\274Q\035"
 176      2CC86D8A 
 176      50B5A5BE 
 176      B61EBC51 
 176      1D
 177 056d 7ABDB4AD 		.ascii	"z\275\264\255\015(5\225\227\371KKJ\332\032\250'\324"
 177      0D283595 
 177      97F94B4B 
 177      4ADA1AA8 
 177      27D4
 178 057f 3F713B98 		.ascii	"?q;\230\253\226\375|\225\247\016\244\206\257\255\366"
 178      AB96FD7C 
 178      95A70EA4 
 178      86AFADF6 
 179 058f F05BAB3D 		.ascii	"\360[\253=\216\312z\217\207\257\364x\034uU\233=\271"
 179      8ECA7A8F 
 179      87AFF478 
 179      1C75559B 
 179      3DB9
 180 05a1 AAD3011F 		.ascii	"\252\323\001\037\270\2546\0344\000nJP\364Ka\245\002"
 180      B8AC361C 
 180      34006E4A 
 180      50F44B61 
 180      A502
 181 05b3 06427E7F 		.ascii	"\006B~\177XVr\201\225G\226|\300\211o\210\204\227B\367"
 181      58567281 
 181      9547967C 
 181      C0896F88 
 181      849742F7 
 182 05c7 CDD68022 		.ascii	"\315\326\200\"C\337\321\020P\302\316@\250)\344\223E"
 182      43DFD110 
 182      50C2CE40 
 182      A829E493 
 182      45
 183 05d8 65198CD4 		.ascii	"e\031\214\324\313\012|\337\002}\007\375\270B\217\263"
 183      CB0A7CDF 
 183      027D07FD 
 183      B8428FB3 
 184 05e8 08406FB7 		.ascii	"\010@o\267\206\"-\364\253\303\333(\265:E\321\037i\366"
 184      86222DF4 
 184      ABC3DB28 
 184      B53A45D1 
 184      1F69F6
 185 05fb 8AE232BD 		.ascii	"\212\3422\275Q\374\332\372\212rS\257\302\330\333P\376"
ARM GAS  /tmp/cc5GaSAK.s 			page 14


 185      51FCDAFA 
 185      8A7253AF 
 185      C2D8DB50 
 185      FE
 186 060c 1FBADABA 		.ascii	"\037\272\332\272\035"
 186      1D
 187              		.text
 188              		.section	.gnu.lto_.symtab.e9c92c7affc735eb,"",%progbits
 189 0000 70616C52 		.ascii	"palReadBus\000\000\000\000\000\000\000\000\000\000\000"
 189      65616442 
 189      75730000 
 189      00000000 
 189      00000000 
 190 0015 00A10000 		.ascii	"\000\241\000\000\000palWriteBus\000\000\000\000\000"
 190      0070616C 
 190      57726974 
 190      65427573 
 190      00000000 
 191 002a 00000000 		.ascii	"\000\000\000\000\000\000\000\331\000\000\000palSetB"
 191      000000D9 
 191      00000070 
 191      616C5365 
 191      7442
 192 003c 75734D6F 		.ascii	"usMode\000\000\000\000\000\000\000\000\000\000\000\000"
 192      64650000 
 192      00000000 
 192      00000000 
 192      0000
 193 004e E2000000 		.ascii	"\342\000\000\000_pal_lld_setgroupmode\000\000\002\000"
 193      5F70616C 
 193      5F6C6C64 
 193      5F736574 
 193      67726F75 
 194 006b 00000000 		.ascii	"\000\000\000\000\000\000\000\000\356\000\000\000"
 194      00000000 
 194      EE000000 
 195              		.text
 196              		.section	.gnu.lto_.opts,"",%progbits
 197 0000 272D6D63 		.ascii	"'-mcpu=cortex-m3' '-mno-thumb-interwork' '-mthumb' "
 197      70753D63 
 197      6F727465 
 197      782D6D33 
 197      2720272D 
 198 0033 272D6767 		.ascii	"'-ggdb' '-O2' '-fomit-frame-pointer' '-falign-funct"
 198      64622720 
 198      272D4F32 
 198      2720272D 
 198      666F6D69 
 199 0066 696F6E73 		.ascii	"ions=16' '-ffunction-sections' '-fdata-sections' '-"
 199      3D313627 
 199      20272D66 
 199      66756E63 
 199      74696F6E 
 200 0099 666E6F2D 		.ascii	"fno-common' '-flto'\000"
 200      636F6D6D 
 200      6F6E2720 
 200      272D666C 
ARM GAS  /tmp/cc5GaSAK.s 			page 15


 200      746F2700 
 201              		.text
 202              		.cfi_sections	.debug_frame
 203              		.section	.text.palReadBus,"ax",%progbits
 204              		.align	2
 205              		.p2align 4,,15
 206              		.global	palReadBus
 207              		.thumb
 208              		.thumb_func
 209              		.type	palReadBus, %function
 210              	palReadBus:
 211              	.LFB219:
 212              		.file 1 "../os/hal/src/hal_pal.c"
 213              		.loc 1 65 0
 214              		.cfi_startproc
 215              		@ args = 0, pretend = 0, frame = 0
 216              		@ frame_needed = 0, uses_anonymous_args = 0
 217              		@ link register save eliminated.
 218              	.LVL0:
 219              		.loc 1 69 0
 220 0000 0368     		ldr	r3, [r0]
 221 0002 8268     		ldr	r2, [r0, #8]
 222 0004 9968     		ldr	r1, [r3, #8]
 223 0006 4368     		ldr	r3, [r0, #4]
 224 0008 21FA02F0 		lsr	r0, r1, r2
 225              	.LVL1:
 226              		.loc 1 70 0
 227 000c 1840     		ands	r0, r0, r3
 228 000e 7047     		bx	lr
 229              		.cfi_endproc
 230              	.LFE219:
 231              		.size	palReadBus, .-palReadBus
 232              		.section	.text.palWriteBus,"ax",%progbits
 233              		.align	2
 234              		.p2align 4,,15
 235              		.global	palWriteBus
 236              		.thumb
 237              		.thumb_func
 238              		.type	palWriteBus, %function
 239              	palWriteBus:
 240              	.LFB220:
 241              		.loc 1 90 0
 242              		.cfi_startproc
 243              		@ args = 0, pretend = 0, frame = 0
 244              		@ frame_needed = 0, uses_anonymous_args = 0
 245              		@ link register save eliminated.
 246              	.LVL2:
 247              		.loc 1 94 0
 248 0000 4268     		ldr	r2, [r0, #4]
 249 0002 8368     		ldr	r3, [r0, #8]
 250              		.loc 1 90 0
 251 0004 30B4     		push	{r4, r5}
 252              		.cfi_def_cfa_offset 8
 253              		.cfi_offset 4, -8
 254              		.cfi_offset 5, -4
 255              		.loc 1 94 0
 256 0006 22EA0105 		bic	r5, r2, r1
ARM GAS  /tmp/cc5GaSAK.s 			page 16


 257 000a 03F11004 		add	r4, r3, #16
 258 000e 0A40     		ands	r2, r2, r1
 259 0010 02FA03F3 		lsl	r3, r2, r3
 260 0014 05FA04F2 		lsl	r2, r5, r4
 261              		.loc 1 95 0
 262 0018 30BC     		pop	{r4, r5}
 263              		.loc 1 94 0
 264 001a 0068     		ldr	r0, [r0]
 265              	.LVL3:
 266 001c 1343     		orrs	r3, r3, r2
 267 001e 0361     		str	r3, [r0, #16]
 268              		.loc 1 95 0
 269 0020 7047     		bx	lr
 270              		.cfi_endproc
 271              	.LFE220:
 272              		.size	palWriteBus, .-palWriteBus
 273 0022 00BFAFF3 		.section	.text.palSetBusMode,"ax",%progbits
 273      0080AFF3 
 273      0080AFF3 
 273      0080
 274              		.align	2
 275              		.p2align 4,,15
 276              		.global	palSetBusMode
 277              		.thumb
 278              		.thumb_func
 279              		.type	palSetBusMode, %function
 280              	palSetBusMode:
 281              	.LFB221:
 282              		.loc 1 113 0
 283              		.cfi_startproc
 284              		@ args = 0, pretend = 0, frame = 0
 285              		@ frame_needed = 0, uses_anonymous_args = 0
 286              		@ link register save eliminated.
 287              	.LVL4:
 288 0000 10B4     		push	{r4}
 289              		.cfi_def_cfa_offset 4
 290              		.cfi_offset 4, -4
 291              		.loc 1 117 0
 292 0002 8368     		ldr	r3, [r0, #8]
 293 0004 4468     		ldr	r4, [r0, #4]
 294              		.loc 1 113 0
 295 0006 0A46     		mov	r2, r1
 296              		.loc 1 117 0
 297 0008 0068     		ldr	r0, [r0]
 298              	.LVL5:
 299 000a 04FA03F1 		lsl	r1, r4, r3
 300              	.LVL6:
 301              		.loc 1 118 0
 302 000e 5DF8044B 		ldr	r4, [sp], #4
 303              		.loc 1 117 0
 304 0012 FFF7FEBF 		b	_pal_lld_setgroupmode
 305              	.LVL7:
 306              		.cfi_endproc
 307              	.LFE221:
 308              		.size	palSetBusMode, .-palSetBusMode
 309 0016 00BFAFF3 		.text
 309      0080AFF3 
ARM GAS  /tmp/cc5GaSAK.s 			page 17


 309      0080
 310              	.Letext0:
 311              		.file 2 "/usr/include/newlib/machine/_default_types.h"
 312              		.file 3 "/usr/include/newlib/stdint.h"
 313              		.file 4 "../os/common/ports/ARMCMx/compilers/GCC/chtypes.h"
 314              		.file 5 "../os/rt/include/chsystypes.h"
 315              		.file 6 "../os/rt/include/chschd.h"
 316              		.file 7 "../os/common/ext/CMSIS/ST/STM32F1xx/stm32f100xb.h"
 317              		.file 8 "../os/common/ports/ARMCMx/chcore.h"
 318              		.file 9 "../os/common/ports/ARMCMx/chcore_v7m.h"
 319              		.file 10 "../os/rt/include/chsem.h"
 320              		.file 11 "../os/rt/include/chmtx.h"
 321              		.file 12 "../os/hal/ports/STM32/LLD/GPIOv1/hal_pal_lld.h"
 322              		.file 13 "../os/hal/include/hal_pal.h"
 323              		.file 14 "../os/common/ext/CMSIS/include/core_cm3.h"
 324              		.section	.debug_info,"",%progbits
 325              	.Ldebug_info0:
 326 0000 EC070000 		.4byte	0x7ec
 327 0004 0400     		.2byte	0x4
 328 0006 00000000 		.4byte	.Ldebug_abbrev0
 329 000a 04       		.byte	0x4
 330 000b 01       		.uleb128 0x1
 331 000c 6D020000 		.4byte	.LASF108
 332 0010 01       		.byte	0x1
 333 0011 8E040000 		.4byte	.LASF109
 334 0015 BE030000 		.4byte	.LASF110
 335 0019 00000000 		.4byte	.Ldebug_ranges0+0
 336 001d 00000000 		.4byte	0
 337 0021 00000000 		.4byte	.Ldebug_line0
 338 0025 02       		.uleb128 0x2
 339 0026 04       		.byte	0x4
 340 0027 05       		.byte	0x5
 341 0028 696E7400 		.ascii	"int\000"
 342 002c 03       		.uleb128 0x3
 343 002d 04       		.byte	0x4
 344 002e 07       		.byte	0x7
 345 002f 4D000000 		.4byte	.LASF0
 346 0033 03       		.uleb128 0x3
 347 0034 01       		.byte	0x1
 348 0035 06       		.byte	0x6
 349 0036 E1040000 		.4byte	.LASF1
 350 003a 04       		.uleb128 0x4
 351 003b E8030000 		.4byte	.LASF4
 352 003f 02       		.byte	0x2
 353 0040 1C       		.byte	0x1c
 354 0041 45000000 		.4byte	0x45
 355 0045 03       		.uleb128 0x3
 356 0046 01       		.byte	0x1
 357 0047 08       		.byte	0x8
 358 0048 57040000 		.4byte	.LASF2
 359 004c 03       		.uleb128 0x3
 360 004d 02       		.byte	0x2
 361 004e 05       		.byte	0x5
 362 004f 62030000 		.4byte	.LASF3
 363 0053 04       		.uleb128 0x4
 364 0054 40010000 		.4byte	.LASF5
 365 0058 02       		.byte	0x2
ARM GAS  /tmp/cc5GaSAK.s 			page 18


 366 0059 26       		.byte	0x26
 367 005a 5E000000 		.4byte	0x5e
 368 005e 03       		.uleb128 0x3
 369 005f 02       		.byte	0x2
 370 0060 07       		.byte	0x7
 371 0061 F3040000 		.4byte	.LASF6
 372 0065 04       		.uleb128 0x4
 373 0066 6E000000 		.4byte	.LASF7
 374 006a 02       		.byte	0x2
 375 006b 37       		.byte	0x37
 376 006c 70000000 		.4byte	0x70
 377 0070 03       		.uleb128 0x3
 378 0071 04       		.byte	0x4
 379 0072 05       		.byte	0x5
 380 0073 6C030000 		.4byte	.LASF8
 381 0077 04       		.uleb128 0x4
 382 0078 65040000 		.4byte	.LASF9
 383 007c 02       		.byte	0x2
 384 007d 38       		.byte	0x38
 385 007e 82000000 		.4byte	0x82
 386 0082 03       		.uleb128 0x3
 387 0083 04       		.byte	0x4
 388 0084 07       		.byte	0x7
 389 0085 15040000 		.4byte	.LASF10
 390 0089 03       		.uleb128 0x3
 391 008a 08       		.byte	0x8
 392 008b 05       		.byte	0x5
 393 008c 33020000 		.4byte	.LASF11
 394 0090 04       		.uleb128 0x4
 395 0091 AC010000 		.4byte	.LASF12
 396 0095 02       		.byte	0x2
 397 0096 4E       		.byte	0x4e
 398 0097 9B000000 		.4byte	0x9b
 399 009b 03       		.uleb128 0x3
 400 009c 08       		.byte	0x8
 401 009d 07       		.byte	0x7
 402 009e 29010000 		.4byte	.LASF13
 403 00a2 04       		.uleb128 0x4
 404 00a3 F6010000 		.4byte	.LASF14
 405 00a7 03       		.byte	0x3
 406 00a8 2A       		.byte	0x2a
 407 00a9 3A000000 		.4byte	0x3a
 408 00ad 04       		.uleb128 0x4
 409 00ae 3D030000 		.4byte	.LASF15
 410 00b2 03       		.byte	0x3
 411 00b3 36       		.byte	0x36
 412 00b4 53000000 		.4byte	0x53
 413 00b8 04       		.uleb128 0x4
 414 00b9 3A040000 		.4byte	.LASF16
 415 00bd 03       		.byte	0x3
 416 00be 41       		.byte	0x41
 417 00bf 65000000 		.4byte	0x65
 418 00c3 04       		.uleb128 0x4
 419 00c4 E6000000 		.4byte	.LASF17
 420 00c8 03       		.byte	0x3
 421 00c9 42       		.byte	0x42
 422 00ca 77000000 		.4byte	0x77
ARM GAS  /tmp/cc5GaSAK.s 			page 19


 423 00ce 04       		.uleb128 0x4
 424 00cf AF030000 		.4byte	.LASF18
 425 00d3 03       		.byte	0x3
 426 00d4 4E       		.byte	0x4e
 427 00d5 90000000 		.4byte	0x90
 428 00d9 04       		.uleb128 0x4
 429 00da A6040000 		.4byte	.LASF19
 430 00de 03       		.byte	0x3
 431 00df 60       		.byte	0x60
 432 00e0 2C000000 		.4byte	0x2c
 433 00e4 04       		.uleb128 0x4
 434 00e5 2A030000 		.4byte	.LASF20
 435 00e9 04       		.byte	0x4
 436 00ea 3C       		.byte	0x3c
 437 00eb A2000000 		.4byte	0xa2
 438 00ef 04       		.uleb128 0x4
 439 00f0 ED010000 		.4byte	.LASF21
 440 00f4 04       		.byte	0x4
 441 00f5 3D       		.byte	0x3d
 442 00f6 A2000000 		.4byte	0xa2
 443 00fa 04       		.uleb128 0x4
 444 00fb 0D040000 		.4byte	.LASF22
 445 00ff 04       		.byte	0x4
 446 0100 3E       		.byte	0x3e
 447 0101 A2000000 		.4byte	0xa2
 448 0105 04       		.uleb128 0x4
 449 0106 10010000 		.4byte	.LASF23
 450 010a 04       		.byte	0x4
 451 010b 40       		.byte	0x40
 452 010c C3000000 		.4byte	0xc3
 453 0110 04       		.uleb128 0x4
 454 0111 41020000 		.4byte	.LASF24
 455 0115 04       		.byte	0x4
 456 0116 41       		.byte	0x41
 457 0117 B8000000 		.4byte	0xb8
 458 011b 04       		.uleb128 0x4
 459 011c F7000000 		.4byte	.LASF25
 460 0120 04       		.byte	0x4
 461 0121 43       		.byte	0x43
 462 0122 C3000000 		.4byte	0xc3
 463 0126 04       		.uleb128 0x4
 464 0127 4B010000 		.4byte	.LASF26
 465 012b 04       		.byte	0x4
 466 012c 45       		.byte	0x45
 467 012d B8000000 		.4byte	0xb8
 468 0131 04       		.uleb128 0x4
 469 0132 2B000000 		.4byte	.LASF27
 470 0136 05       		.byte	0x5
 471 0137 35       		.byte	0x35
 472 0138 AD000000 		.4byte	0xad
 473 013c 04       		.uleb128 0x4
 474 013d 86010000 		.4byte	.LASF28
 475 0141 05       		.byte	0x5
 476 0142 3F       		.byte	0x3f
 477 0143 47010000 		.4byte	0x147
 478 0147 05       		.uleb128 0x5
 479 0148 07020000 		.4byte	.LASF46
ARM GAS  /tmp/cc5GaSAK.s 			page 20


 480 014c 44       		.byte	0x44
 481 014d 06       		.byte	0x6
 482 014e 9A       		.byte	0x9a
 483 014f 25020000 		.4byte	0x225
 484 0153 06       		.uleb128 0x6
 485 0154 34040000 		.4byte	.LASF29
 486 0158 06       		.byte	0x6
 487 0159 9B       		.byte	0x9b
 488 015a 5A020000 		.4byte	0x25a
 489 015e 00       		.byte	0
 490 015f 06       		.uleb128 0x6
 491 0160 C9010000 		.4byte	.LASF30
 492 0164 06       		.byte	0x6
 493 0165 9C       		.byte	0x9c
 494 0166 05010000 		.4byte	0x105
 495 016a 08       		.byte	0x8
 496 016b 07       		.uleb128 0x7
 497 016c 63747800 		.ascii	"ctx\000"
 498 0170 06       		.byte	0x6
 499 0171 9D       		.byte	0x9d
 500 0172 BC040000 		.4byte	0x4bc
 501 0176 0C       		.byte	0xc
 502 0177 06       		.uleb128 0x6
 503 0178 51040000 		.4byte	.LASF31
 504 017c 06       		.byte	0x6
 505 017d 9F       		.byte	0x9f
 506 017e 30020000 		.4byte	0x230
 507 0182 10       		.byte	0x10
 508 0183 06       		.uleb128 0x6
 509 0184 25050000 		.4byte	.LASF32
 510 0188 06       		.byte	0x6
 511 0189 A0       		.byte	0xa0
 512 018a 30020000 		.4byte	0x230
 513 018e 14       		.byte	0x14
 514 018f 06       		.uleb128 0x6
 515 0190 F2030000 		.4byte	.LASF33
 516 0194 06       		.byte	0x6
 517 0195 A7       		.byte	0xa7
 518 0196 21060000 		.4byte	0x621
 519 019a 18       		.byte	0x18
 520 019b 06       		.uleb128 0x6
 521 019c E6010000 		.4byte	.LASF34
 522 01a0 06       		.byte	0x6
 523 01a1 B0       		.byte	0xb0
 524 01a2 33060000 		.4byte	0x633
 525 01a6 1C       		.byte	0x1c
 526 01a7 06       		.uleb128 0x6
 527 01a8 B3040000 		.4byte	.LASF35
 528 01ac 06       		.byte	0x6
 529 01ad B5       		.byte	0xb5
 530 01ae EF000000 		.4byte	0xef
 531 01b2 20       		.byte	0x20
 532 01b3 06       		.uleb128 0x6
 533 01b4 25000000 		.4byte	.LASF36
 534 01b8 06       		.byte	0x6
 535 01b9 B9       		.byte	0xb9
 536 01ba E4000000 		.4byte	0xe4
ARM GAS  /tmp/cc5GaSAK.s 			page 21


 537 01be 21       		.byte	0x21
 538 01bf 06       		.uleb128 0x6
 539 01c0 78000000 		.4byte	.LASF37
 540 01c4 06       		.byte	0x6
 541 01c5 BE       		.byte	0xbe
 542 01c6 FA000000 		.4byte	0xfa
 543 01ca 22       		.byte	0x22
 544 01cb 08       		.uleb128 0x8
 545 01cc 7500     		.ascii	"u\000"
 546 01ce 06       		.byte	0x6
 547 01cf 0F01     		.2byte	0x10f
 548 01d1 56050000 		.4byte	0x556
 549 01d5 24       		.byte	0x24
 550 01d6 09       		.uleb128 0x9
 551 01d7 70040000 		.4byte	.LASF38
 552 01db 06       		.byte	0x6
 553 01dc 1401     		.2byte	0x114
 554 01de 36020000 		.4byte	0x236
 555 01e2 28       		.byte	0x28
 556 01e3 09       		.uleb128 0x9
 557 01e4 FE010000 		.4byte	.LASF39
 558 01e8 06       		.byte	0x6
 559 01e9 1A01     		.2byte	0x11a
 560 01eb 5A020000 		.4byte	0x25a
 561 01ef 2C       		.byte	0x2c
 562 01f0 09       		.uleb128 0x9
 563 01f1 44000000 		.4byte	.LASF40
 564 01f5 06       		.byte	0x6
 565 01f6 2001     		.2byte	0x120
 566 01f8 1B010000 		.4byte	0x11b
 567 01fc 34       		.byte	0x34
 568 01fd 09       		.uleb128 0x9
 569 01fe 67010000 		.4byte	.LASF41
 570 0202 06       		.byte	0x6
 571 0203 2701     		.2byte	0x127
 572 0205 1B060000 		.4byte	0x61b
 573 0209 38       		.byte	0x38
 574 020a 09       		.uleb128 0x9
 575 020b 35000000 		.4byte	.LASF42
 576 020f 06       		.byte	0x6
 577 0210 2B01     		.2byte	0x12b
 578 0212 05010000 		.4byte	0x105
 579 0216 3C       		.byte	0x3c
 580 0217 09       		.uleb128 0x9
 581 0218 39050000 		.4byte	.LASF43
 582 021c 06       		.byte	0x6
 583 021d 3201     		.2byte	0x132
 584 021f 0D030000 		.4byte	0x30d
 585 0223 40       		.byte	0x40
 586 0224 00       		.byte	0
 587 0225 04       		.uleb128 0x4
 588 0226 D3010000 		.4byte	.LASF44
 589 022a 05       		.byte	0x5
 590 022b 44       		.byte	0x44
 591 022c 30020000 		.4byte	0x230
 592 0230 0A       		.uleb128 0xa
 593 0231 04       		.byte	0x4
ARM GAS  /tmp/cc5GaSAK.s 			page 22


 594 0232 3C010000 		.4byte	0x13c
 595 0236 04       		.uleb128 0x4
 596 0237 5F000000 		.4byte	.LASF45
 597 023b 05       		.byte	0x5
 598 023c 49       		.byte	0x49
 599 023d 41020000 		.4byte	0x241
 600 0241 05       		.uleb128 0x5
 601 0242 00000000 		.4byte	.LASF47
 602 0246 04       		.byte	0x4
 603 0247 06       		.byte	0x6
 604 0248 88       		.byte	0x88
 605 0249 5A020000 		.4byte	0x25a
 606 024d 06       		.uleb128 0x6
 607 024e 5A000000 		.4byte	.LASF48
 608 0252 06       		.byte	0x6
 609 0253 89       		.byte	0x89
 610 0254 30020000 		.4byte	0x230
 611 0258 00       		.byte	0
 612 0259 00       		.byte	0
 613 025a 04       		.uleb128 0x4
 614 025b 57010000 		.4byte	.LASF49
 615 025f 05       		.byte	0x5
 616 0260 50       		.byte	0x50
 617 0261 65020000 		.4byte	0x265
 618 0265 05       		.uleb128 0x5
 619 0266 BC000000 		.4byte	.LASF50
 620 026a 08       		.byte	0x8
 621 026b 06       		.byte	0x6
 622 026c 8F       		.byte	0x8f
 623 026d 8A020000 		.4byte	0x28a
 624 0271 06       		.uleb128 0x6
 625 0272 5A000000 		.4byte	.LASF48
 626 0276 06       		.byte	0x6
 627 0277 90       		.byte	0x90
 628 0278 30020000 		.4byte	0x230
 629 027c 00       		.byte	0
 630 027d 06       		.uleb128 0x6
 631 027e B7000000 		.4byte	.LASF51
 632 0282 06       		.byte	0x6
 633 0283 91       		.byte	0x91
 634 0284 30020000 		.4byte	0x230
 635 0288 04       		.byte	0x4
 636 0289 00       		.byte	0
 637 028a 04       		.uleb128 0x4
 638 028b 27040000 		.4byte	.LASF52
 639 028f 05       		.byte	0x5
 640 0290 57       		.byte	0x57
 641 0291 95020000 		.4byte	0x295
 642 0295 0B       		.uleb128 0xb
 643 0296 98000000 		.4byte	.LASF53
 644 029a 1C       		.byte	0x1c
 645 029b 06       		.byte	0x6
 646 029c 6A01     		.2byte	0x16a
 647 029e F1020000 		.4byte	0x2f1
 648 02a2 09       		.uleb128 0x9
 649 02a3 34040000 		.4byte	.LASF29
 650 02a7 06       		.byte	0x6
ARM GAS  /tmp/cc5GaSAK.s 			page 23


 651 02a8 6B01     		.2byte	0x16b
 652 02aa 5A020000 		.4byte	0x25a
 653 02ae 00       		.byte	0
 654 02af 09       		.uleb128 0x9
 655 02b0 C9010000 		.4byte	.LASF30
 656 02b4 06       		.byte	0x6
 657 02b5 6C01     		.2byte	0x16c
 658 02b7 05010000 		.4byte	0x105
 659 02bb 08       		.byte	0x8
 660 02bc 08       		.uleb128 0x8
 661 02bd 63747800 		.ascii	"ctx\000"
 662 02c1 06       		.byte	0x6
 663 02c2 6E01     		.2byte	0x16e
 664 02c4 BC040000 		.4byte	0x4bc
 665 02c8 0C       		.byte	0xc
 666 02c9 09       		.uleb128 0x9
 667 02ca 51040000 		.4byte	.LASF31
 668 02ce 06       		.byte	0x6
 669 02cf 7101     		.2byte	0x171
 670 02d1 30020000 		.4byte	0x230
 671 02d5 10       		.byte	0x10
 672 02d6 09       		.uleb128 0x9
 673 02d7 25050000 		.4byte	.LASF32
 674 02db 06       		.byte	0x6
 675 02dc 7201     		.2byte	0x172
 676 02de 30020000 		.4byte	0x230
 677 02e2 14       		.byte	0x14
 678 02e3 09       		.uleb128 0x9
 679 02e4 11050000 		.4byte	.LASF54
 680 02e8 06       		.byte	0x6
 681 02e9 7501     		.2byte	0x175
 682 02eb 30020000 		.4byte	0x230
 683 02ef 18       		.byte	0x18
 684 02f0 00       		.byte	0
 685 02f1 04       		.uleb128 0x4
 686 02f2 CD000000 		.4byte	.LASF55
 687 02f6 05       		.byte	0x5
 688 02f7 5C       		.byte	0x5c
 689 02f8 FC020000 		.4byte	0x2fc
 690 02fc 0A       		.uleb128 0xa
 691 02fd 04       		.byte	0x4
 692 02fe 02030000 		.4byte	0x302
 693 0302 0C       		.uleb128 0xc
 694 0303 0D030000 		.4byte	0x30d
 695 0307 0D       		.uleb128 0xd
 696 0308 0D030000 		.4byte	0x30d
 697 030c 00       		.byte	0
 698 030d 0E       		.uleb128 0xe
 699 030e 04       		.byte	0x4
 700 030f 04       		.uleb128 0x4
 701 0310 47020000 		.4byte	.LASF56
 702 0314 05       		.byte	0x5
 703 0315 61       		.byte	0x61
 704 0316 1A030000 		.4byte	0x31a
 705 031a 0B       		.uleb128 0xb
 706 031b 18010000 		.4byte	.LASF57
 707 031f 14       		.byte	0x14
ARM GAS  /tmp/cc5GaSAK.s 			page 24


 708 0320 06       		.byte	0x6
 709 0321 4501     		.2byte	0x145
 710 0323 69030000 		.4byte	0x369
 711 0327 09       		.uleb128 0x9
 712 0328 5A000000 		.4byte	.LASF48
 713 032c 06       		.byte	0x6
 714 032d 4601     		.2byte	0x146
 715 032f 39060000 		.4byte	0x639
 716 0333 00       		.byte	0
 717 0334 09       		.uleb128 0x9
 718 0335 B7000000 		.4byte	.LASF51
 719 0339 06       		.byte	0x6
 720 033a 4701     		.2byte	0x147
 721 033c 39060000 		.4byte	0x639
 722 0340 04       		.byte	0x4
 723 0341 09       		.uleb128 0x9
 724 0342 ED040000 		.4byte	.LASF58
 725 0346 06       		.byte	0x6
 726 0347 4801     		.2byte	0x148
 727 0349 31010000 		.4byte	0x131
 728 034d 08       		.byte	0x8
 729 034e 09       		.uleb128 0x9
 730 034f A6000000 		.4byte	.LASF59
 731 0353 06       		.byte	0x6
 732 0354 4901     		.2byte	0x149
 733 0356 F1020000 		.4byte	0x2f1
 734 035a 0C       		.byte	0xc
 735 035b 08       		.uleb128 0x8
 736 035c 70617200 		.ascii	"par\000"
 737 0360 06       		.byte	0x6
 738 0361 4B01     		.2byte	0x14b
 739 0363 0D030000 		.4byte	0x30d
 740 0367 10       		.byte	0x10
 741 0368 00       		.byte	0
 742 0369 04       		.uleb128 0x4
 743 036a 78040000 		.4byte	.LASF60
 744 036e 05       		.byte	0x5
 745 036f 66       		.byte	0x66
 746 0370 74030000 		.4byte	0x374
 747 0374 0B       		.uleb128 0xb
 748 0375 6F010000 		.4byte	.LASF61
 749 0379 0C       		.byte	0xc
 750 037a 06       		.byte	0x6
 751 037b 5501     		.2byte	0x155
 752 037d B6030000 		.4byte	0x3b6
 753 0381 09       		.uleb128 0x9
 754 0382 5A000000 		.4byte	.LASF48
 755 0386 06       		.byte	0x6
 756 0387 5601     		.2byte	0x156
 757 0389 39060000 		.4byte	0x639
 758 038d 00       		.byte	0
 759 038e 09       		.uleb128 0x9
 760 038f B7000000 		.4byte	.LASF51
 761 0393 06       		.byte	0x6
 762 0394 5801     		.2byte	0x158
 763 0396 39060000 		.4byte	0x639
 764 039a 04       		.byte	0x4
ARM GAS  /tmp/cc5GaSAK.s 			page 25


 765 039b 09       		.uleb128 0x9
 766 039c ED040000 		.4byte	.LASF58
 767 03a0 06       		.byte	0x6
 768 03a1 5A01     		.2byte	0x15a
 769 03a3 31010000 		.4byte	0x131
 770 03a7 08       		.byte	0x8
 771 03a8 09       		.uleb128 0x9
 772 03a9 98030000 		.4byte	.LASF62
 773 03ad 06       		.byte	0x6
 774 03ae 6201     		.2byte	0x162
 775 03b0 31010000 		.4byte	0x131
 776 03b4 0A       		.byte	0xa
 777 03b5 00       		.byte	0
 778 03b6 04       		.uleb128 0x4
 779 03b7 24020000 		.4byte	.LASF63
 780 03bb 05       		.byte	0x5
 781 03bc 6B       		.byte	0x6b
 782 03bd C1030000 		.4byte	0x3c1
 783 03c1 0B       		.uleb128 0xb
 784 03c2 D6000000 		.4byte	.LASF64
 785 03c6 04       		.byte	0x4
 786 03c7 06       		.byte	0x6
 787 03c8 7C01     		.2byte	0x17c
 788 03ca DC030000 		.4byte	0x3dc
 789 03ce 09       		.uleb128 0x9
 790 03cf 20030000 		.4byte	.LASF65
 791 03d3 06       		.byte	0x6
 792 03d4 8401     		.2byte	0x184
 793 03d6 3F060000 		.4byte	0x63f
 794 03da 00       		.byte	0
 795 03db 00       		.byte	0
 796 03dc 04       		.uleb128 0x4
 797 03dd CF040000 		.4byte	.LASF66
 798 03e1 05       		.byte	0x5
 799 03e2 70       		.byte	0x70
 800 03e3 E7030000 		.4byte	0x3e7
 801 03e7 0B       		.uleb128 0xb
 802 03e8 8E030000 		.4byte	.LASF67
 803 03ec 70       		.byte	0x70
 804 03ed 06       		.byte	0x6
 805 03ee 9C01     		.2byte	0x19c
 806 03f0 29040000 		.4byte	0x429
 807 03f4 09       		.uleb128 0x9
 808 03f5 B8030000 		.4byte	.LASF68
 809 03f9 06       		.byte	0x6
 810 03fa A001     		.2byte	0x1a0
 811 03fc 8A020000 		.4byte	0x28a
 812 0400 00       		.byte	0
 813 0401 09       		.uleb128 0x9
 814 0402 84000000 		.4byte	.LASF69
 815 0406 06       		.byte	0x6
 816 0407 A401     		.2byte	0x1a4
 817 0409 69030000 		.4byte	0x369
 818 040d 1C       		.byte	0x1c
 819 040e 08       		.uleb128 0x8
 820 040f 64626700 		.ascii	"dbg\000"
 821 0413 06       		.byte	0x6
ARM GAS  /tmp/cc5GaSAK.s 			page 26


 822 0414 A801     		.2byte	0x1a8
 823 0416 B6030000 		.4byte	0x3b6
 824 041a 28       		.byte	0x28
 825 041b 09       		.uleb128 0x9
 826 041c 32030000 		.4byte	.LASF70
 827 0420 06       		.byte	0x6
 828 0421 AC01     		.2byte	0x1ac
 829 0423 3C010000 		.4byte	0x13c
 830 0427 2C       		.byte	0x2c
 831 0428 00       		.byte	0
 832 0429 03       		.uleb128 0x3
 833 042a 04       		.byte	0x4
 834 042b 07       		.byte	0x7
 835 042c 04040000 		.4byte	.LASF71
 836 0430 0F       		.uleb128 0xf
 837 0431 C3000000 		.4byte	0xc3
 838 0435 10       		.uleb128 0x10
 839 0436 1C       		.byte	0x1c
 840 0437 07       		.byte	0x7
 841 0438 5B01     		.2byte	0x15b
 842 043a 9A040000 		.4byte	0x49a
 843 043e 08       		.uleb128 0x8
 844 043f 43524C00 		.ascii	"CRL\000"
 845 0443 07       		.byte	0x7
 846 0444 5D01     		.2byte	0x15d
 847 0446 30040000 		.4byte	0x430
 848 044a 00       		.byte	0
 849 044b 08       		.uleb128 0x8
 850 044c 43524800 		.ascii	"CRH\000"
 851 0450 07       		.byte	0x7
 852 0451 5E01     		.2byte	0x15e
 853 0453 30040000 		.4byte	0x430
 854 0457 04       		.byte	0x4
 855 0458 08       		.uleb128 0x8
 856 0459 49445200 		.ascii	"IDR\000"
 857 045d 07       		.byte	0x7
 858 045e 5F01     		.2byte	0x15f
 859 0460 30040000 		.4byte	0x430
 860 0464 08       		.byte	0x8
 861 0465 08       		.uleb128 0x8
 862 0466 4F445200 		.ascii	"ODR\000"
 863 046a 07       		.byte	0x7
 864 046b 6001     		.2byte	0x160
 865 046d 30040000 		.4byte	0x430
 866 0471 0C       		.byte	0xc
 867 0472 09       		.uleb128 0x9
 868 0473 17000000 		.4byte	.LASF72
 869 0477 07       		.byte	0x7
 870 0478 6101     		.2byte	0x161
 871 047a 30040000 		.4byte	0x430
 872 047e 10       		.byte	0x10
 873 047f 08       		.uleb128 0x8
 874 0480 42525200 		.ascii	"BRR\000"
 875 0484 07       		.byte	0x7
 876 0485 6201     		.2byte	0x162
 877 0487 30040000 		.4byte	0x430
 878 048b 14       		.byte	0x14
ARM GAS  /tmp/cc5GaSAK.s 			page 27


 879 048c 09       		.uleb128 0x9
 880 048d 34050000 		.4byte	.LASF73
 881 0491 07       		.byte	0x7
 882 0492 6301     		.2byte	0x163
 883 0494 30040000 		.4byte	0x430
 884 0498 18       		.byte	0x18
 885 0499 00       		.byte	0
 886 049a 11       		.uleb128 0x11
 887 049b F7030000 		.4byte	.LASF74
 888 049f 07       		.byte	0x7
 889 04a0 6401     		.2byte	0x164
 890 04a2 35040000 		.4byte	0x435
 891 04a6 04       		.uleb128 0x4
 892 04a7 1C000000 		.4byte	.LASF75
 893 04ab 08       		.byte	0x8
 894 04ac 65       		.byte	0x65
 895 04ad 0D030000 		.4byte	0x30d
 896 04b1 04       		.uleb128 0x4
 897 04b2 06050000 		.4byte	.LASF76
 898 04b6 08       		.byte	0x8
 899 04b7 6D       		.byte	0x6d
 900 04b8 CE000000 		.4byte	0xce
 901 04bc 05       		.uleb128 0x5
 902 04bd 8B000000 		.4byte	.LASF77
 903 04c1 04       		.byte	0x4
 904 04c2 08       		.byte	0x8
 905 04c3 89       		.byte	0x89
 906 04c4 D4040000 		.4byte	0x4d4
 907 04c8 07       		.uleb128 0x7
 908 04c9 737000   		.ascii	"sp\000"
 909 04cc 08       		.byte	0x8
 910 04cd 8A       		.byte	0x8a
 911 04ce 50050000 		.4byte	0x550
 912 04d2 00       		.byte	0
 913 04d3 00       		.byte	0
 914 04d4 0B       		.uleb128 0xb
 915 04d5 75030000 		.4byte	.LASF78
 916 04d9 24       		.byte	0x24
 917 04da 09       		.byte	0x9
 918 04db 5901     		.2byte	0x159
 919 04dd 50050000 		.4byte	0x550
 920 04e1 08       		.uleb128 0x8
 921 04e2 723400   		.ascii	"r4\000"
 922 04e5 09       		.byte	0x9
 923 04e6 6C01     		.2byte	0x16c
 924 04e8 A6040000 		.4byte	0x4a6
 925 04ec 00       		.byte	0
 926 04ed 08       		.uleb128 0x8
 927 04ee 723500   		.ascii	"r5\000"
 928 04f1 09       		.byte	0x9
 929 04f2 6D01     		.2byte	0x16d
 930 04f4 A6040000 		.4byte	0x4a6
 931 04f8 04       		.byte	0x4
 932 04f9 08       		.uleb128 0x8
 933 04fa 723600   		.ascii	"r6\000"
 934 04fd 09       		.byte	0x9
 935 04fe 6E01     		.2byte	0x16e
ARM GAS  /tmp/cc5GaSAK.s 			page 28


 936 0500 A6040000 		.4byte	0x4a6
 937 0504 08       		.byte	0x8
 938 0505 08       		.uleb128 0x8
 939 0506 723700   		.ascii	"r7\000"
 940 0509 09       		.byte	0x9
 941 050a 6F01     		.2byte	0x16f
 942 050c A6040000 		.4byte	0x4a6
 943 0510 0C       		.byte	0xc
 944 0511 08       		.uleb128 0x8
 945 0512 723800   		.ascii	"r8\000"
 946 0515 09       		.byte	0x9
 947 0516 7001     		.2byte	0x170
 948 0518 A6040000 		.4byte	0x4a6
 949 051c 10       		.byte	0x10
 950 051d 08       		.uleb128 0x8
 951 051e 723900   		.ascii	"r9\000"
 952 0521 09       		.byte	0x9
 953 0522 7101     		.2byte	0x171
 954 0524 A6040000 		.4byte	0x4a6
 955 0528 14       		.byte	0x14
 956 0529 08       		.uleb128 0x8
 957 052a 72313000 		.ascii	"r10\000"
 958 052e 09       		.byte	0x9
 959 052f 7201     		.2byte	0x172
 960 0531 A6040000 		.4byte	0x4a6
 961 0535 18       		.byte	0x18
 962 0536 08       		.uleb128 0x8
 963 0537 72313100 		.ascii	"r11\000"
 964 053b 09       		.byte	0x9
 965 053c 7301     		.2byte	0x173
 966 053e A6040000 		.4byte	0x4a6
 967 0542 1C       		.byte	0x1c
 968 0543 08       		.uleb128 0x8
 969 0544 6C7200   		.ascii	"lr\000"
 970 0547 09       		.byte	0x9
 971 0548 7401     		.2byte	0x174
 972 054a A6040000 		.4byte	0x4a6
 973 054e 20       		.byte	0x20
 974 054f 00       		.byte	0
 975 0550 0A       		.uleb128 0xa
 976 0551 04       		.byte	0x4
 977 0552 D4040000 		.4byte	0x4d4
 978 0556 12       		.uleb128 0x12
 979 0557 04       		.byte	0x4
 980 0558 06       		.byte	0x6
 981 0559 D2       		.byte	0xd2
 982 055a B9050000 		.4byte	0x5b9
 983 055e 13       		.uleb128 0x13
 984 055f 8F010000 		.4byte	.LASF79
 985 0563 06       		.byte	0x6
 986 0564 D9       		.byte	0xd9
 987 0565 10010000 		.4byte	0x110
 988 0569 13       		.uleb128 0x13
 989 056a 2B050000 		.4byte	.LASF80
 990 056e 06       		.byte	0x6
 991 056f E0       		.byte	0xe0
 992 0570 10010000 		.4byte	0x110
ARM GAS  /tmp/cc5GaSAK.s 			page 29


 993 0574 13       		.uleb128 0x13
 994 0575 7D000000 		.4byte	.LASF81
 995 0579 06       		.byte	0x6
 996 057a E7       		.byte	0xe7
 997 057b 0D030000 		.4byte	0x30d
 998 057f 13       		.uleb128 0x13
 999 0580 DB040000 		.4byte	.LASF82
 1000 0584 06       		.byte	0x6
 1001 0585 EE       		.byte	0xee
 1002 0586 B9050000 		.4byte	0x5b9
 1003 058a 13       		.uleb128 0x13
 1004 058b EF000000 		.4byte	.LASF83
 1005 058f 06       		.byte	0x6
 1006 0590 F3       		.byte	0xf3
 1007 0591 10010000 		.4byte	0x110
 1008 0595 13       		.uleb128 0x13
 1009 0596 42040000 		.4byte	.LASF84
 1010 059a 06       		.byte	0x6
 1011 059b FC       		.byte	0xfc
 1012 059c E4050000 		.4byte	0x5e4
 1013 05a0 14       		.uleb128 0x14
 1014 05a1 10000000 		.4byte	.LASF85
 1015 05a5 06       		.byte	0x6
 1016 05a6 0501     		.2byte	0x105
 1017 05a8 1B060000 		.4byte	0x61b
 1018 05ac 14       		.uleb128 0x14
 1019 05ad AB000000 		.4byte	.LASF86
 1020 05b1 06       		.byte	0x6
 1021 05b2 0D01     		.2byte	0x10d
 1022 05b4 1B010000 		.4byte	0x11b
 1023 05b8 00       		.byte	0
 1024 05b9 0A       		.uleb128 0xa
 1025 05ba 04       		.byte	0x4
 1026 05bb 25020000 		.4byte	0x225
 1027 05bf 05       		.uleb128 0x5
 1028 05c0 03010000 		.4byte	.LASF87
 1029 05c4 0C       		.byte	0xc
 1030 05c5 0A       		.byte	0xa
 1031 05c6 34       		.byte	0x34
 1032 05c7 E4050000 		.4byte	0x5e4
 1033 05cb 06       		.uleb128 0x6
 1034 05cc 34040000 		.4byte	.LASF29
 1035 05d0 0A       		.byte	0xa
 1036 05d1 35       		.byte	0x35
 1037 05d2 5A020000 		.4byte	0x25a
 1038 05d6 00       		.byte	0
 1039 05d7 07       		.uleb128 0x7
 1040 05d8 636E7400 		.ascii	"cnt\000"
 1041 05dc 0A       		.byte	0xa
 1042 05dd 37       		.byte	0x37
 1043 05de 26010000 		.4byte	0x126
 1044 05e2 08       		.byte	0x8
 1045 05e3 00       		.byte	0
 1046 05e4 0A       		.uleb128 0xa
 1047 05e5 04       		.byte	0x4
 1048 05e6 BF050000 		.4byte	0x5bf
 1049 05ea 05       		.uleb128 0x5
ARM GAS  /tmp/cc5GaSAK.s 			page 30


 1050 05eb A3010000 		.4byte	.LASF88
 1051 05ef 10       		.byte	0x10
 1052 05f0 0B       		.byte	0xb
 1053 05f1 39       		.byte	0x39
 1054 05f2 1B060000 		.4byte	0x61b
 1055 05f6 06       		.uleb128 0x6
 1056 05f7 34040000 		.4byte	.LASF29
 1057 05fb 0B       		.byte	0xb
 1058 05fc 3A       		.byte	0x3a
 1059 05fd 5A020000 		.4byte	0x25a
 1060 0601 00       		.byte	0
 1061 0602 06       		.uleb128 0x6
 1062 0603 51010000 		.4byte	.LASF89
 1063 0607 0B       		.byte	0xb
 1064 0608 3C       		.byte	0x3c
 1065 0609 30020000 		.4byte	0x230
 1066 060d 08       		.byte	0x8
 1067 060e 06       		.uleb128 0x6
 1068 060f 5A000000 		.4byte	.LASF48
 1069 0613 0B       		.byte	0xb
 1070 0614 3E       		.byte	0x3e
 1071 0615 4F060000 		.4byte	0x64f
 1072 0619 0C       		.byte	0xc
 1073 061a 00       		.byte	0
 1074 061b 0A       		.uleb128 0xa
 1075 061c 04       		.byte	0x4
 1076 061d EA050000 		.4byte	0x5ea
 1077 0621 0A       		.uleb128 0xa
 1078 0622 04       		.byte	0x4
 1079 0623 27060000 		.4byte	0x627
 1080 0627 15       		.uleb128 0x15
 1081 0628 2C060000 		.4byte	0x62c
 1082 062c 03       		.uleb128 0x3
 1083 062d 01       		.byte	0x1
 1084 062e 08       		.byte	0x8
 1085 062f CE010000 		.4byte	.LASF90
 1086 0633 0A       		.uleb128 0xa
 1087 0634 04       		.byte	0x4
 1088 0635 B1040000 		.4byte	0x4b1
 1089 0639 0A       		.uleb128 0xa
 1090 063a 04       		.byte	0x4
 1091 063b 0F030000 		.4byte	0x30f
 1092 063f 0F       		.uleb128 0xf
 1093 0640 21060000 		.4byte	0x621
 1094 0644 04       		.uleb128 0x4
 1095 0645 49040000 		.4byte	.LASF91
 1096 0649 0B       		.byte	0xb
 1097 064a 34       		.byte	0x34
 1098 064b EA050000 		.4byte	0x5ea
 1099 064f 0A       		.uleb128 0xa
 1100 0650 04       		.byte	0x4
 1101 0651 44060000 		.4byte	0x644
 1102 0655 03       		.uleb128 0x3
 1103 0656 01       		.byte	0x1
 1104 0657 02       		.byte	0x2
 1105 0658 9D010000 		.4byte	.LASF92
 1106 065c 04       		.uleb128 0x4
ARM GAS  /tmp/cc5GaSAK.s 			page 31


 1107 065d 57020000 		.4byte	.LASF93
 1108 0661 0C       		.byte	0xc
 1109 0662 92       		.byte	0x92
 1110 0663 C3000000 		.4byte	0xc3
 1111 0667 04       		.uleb128 0x4
 1112 0668 64020000 		.4byte	.LASF94
 1113 066c 0C       		.byte	0xc
 1114 066d 97       		.byte	0x97
 1115 066e C3000000 		.4byte	0xc3
 1116 0672 04       		.uleb128 0x4
 1117 0673 B7010000 		.4byte	.LASF95
 1118 0677 0C       		.byte	0xc
 1119 0678 A4       		.byte	0xa4
 1120 0679 7D060000 		.4byte	0x67d
 1121 067d 0A       		.uleb128 0xa
 1122 067e 04       		.byte	0x4
 1123 067f 9A040000 		.4byte	0x49a
 1124 0683 16       		.uleb128 0x16
 1125 0684 0C       		.byte	0xc
 1126 0685 0D       		.byte	0xd
 1127 0686 8A       		.byte	0x8a
 1128 0687 B0060000 		.4byte	0x6b0
 1129 068b 06       		.uleb128 0x6
 1130 068c C2010000 		.4byte	.LASF96
 1131 0690 0D       		.byte	0xd
 1132 0691 8E       		.byte	0x8e
 1133 0692 72060000 		.4byte	0x672
 1134 0696 00       		.byte	0
 1135 0697 06       		.uleb128 0x6
 1136 0698 10030000 		.4byte	.LASF97
 1137 069c 0D       		.byte	0xd
 1138 069d 94       		.byte	0x94
 1139 069e 5C060000 		.4byte	0x65c
 1140 06a2 04       		.byte	0x4
 1141 06a3 06       		.uleb128 0x6
 1142 06a4 96010000 		.4byte	.LASF98
 1143 06a8 0D       		.byte	0xd
 1144 06a9 98       		.byte	0x98
 1145 06aa D9000000 		.4byte	0xd9
 1146 06ae 08       		.byte	0x8
 1147 06af 00       		.byte	0
 1148 06b0 04       		.uleb128 0x4
 1149 06b1 3E000000 		.4byte	.LASF99
 1150 06b5 0D       		.byte	0xd
 1151 06b6 99       		.byte	0x99
 1152 06b7 83060000 		.4byte	0x683
 1153 06bb 17       		.uleb128 0x17
 1154 06bc 15030000 		.4byte	.LASF111
 1155 06c0 01       		.byte	0x1
 1156 06c1 41       		.byte	0x41
 1157 06c2 5C060000 		.4byte	0x65c
 1158 06c6 00000000 		.4byte	.LFB219
 1159 06ca 10000000 		.4byte	.LFE219-.LFB219
 1160 06ce 01       		.uleb128 0x1
 1161 06cf 9C       		.byte	0x9c
 1162 06d0 ED060000 		.4byte	0x6ed
 1163 06d4 18       		.uleb128 0x18
ARM GAS  /tmp/cc5GaSAK.s 			page 32


 1164 06d5 62757300 		.ascii	"bus\000"
 1165 06d9 01       		.byte	0x1
 1166 06da 41       		.byte	0x41
 1167 06db ED060000 		.4byte	0x6ed
 1168 06df 00000000 		.4byte	.LLST0
 1169 06e3 19       		.uleb128 0x19
 1170 06e4 46030000 		.4byte	.LASF101
 1171 06e8 03070000 		.4byte	0x703
 1172 06ec 00       		.byte	0
 1173 06ed 0A       		.uleb128 0xa
 1174 06ee 04       		.byte	0x4
 1175 06ef B0060000 		.4byte	0x6b0
 1176 06f3 1A       		.uleb128 0x1a
 1177 06f4 2C060000 		.4byte	0x62c
 1178 06f8 03070000 		.4byte	0x703
 1179 06fc 1B       		.uleb128 0x1b
 1180 06fd 29040000 		.4byte	0x429
 1181 0701 0A       		.byte	0xa
 1182 0702 00       		.byte	0
 1183 0703 15       		.uleb128 0x15
 1184 0704 F3060000 		.4byte	0x6f3
 1185 0708 1C       		.uleb128 0x1c
 1186 0709 19050000 		.4byte	.LASF103
 1187 070d 01       		.byte	0x1
 1188 070e 5A       		.byte	0x5a
 1189 070f 00000000 		.4byte	.LFB220
 1190 0713 22000000 		.4byte	.LFE220-.LFB220
 1191 0717 01       		.uleb128 0x1
 1192 0718 9C       		.byte	0x9c
 1193 0719 43070000 		.4byte	0x743
 1194 071d 18       		.uleb128 0x18
 1195 071e 62757300 		.ascii	"bus\000"
 1196 0722 01       		.byte	0x1
 1197 0723 5A       		.byte	0x5a
 1198 0724 ED060000 		.4byte	0x6ed
 1199 0728 21000000 		.4byte	.LLST1
 1200 072c 1D       		.uleb128 0x1d
 1201 072d 11020000 		.4byte	.LASF100
 1202 0731 01       		.byte	0x1
 1203 0732 5A       		.byte	0x5a
 1204 0733 5C060000 		.4byte	0x65c
 1205 0737 01       		.uleb128 0x1
 1206 0738 51       		.byte	0x51
 1207 0739 19       		.uleb128 0x19
 1208 073a 54030000 		.4byte	.LASF102
 1209 073e 53070000 		.4byte	0x753
 1210 0742 00       		.byte	0
 1211 0743 1A       		.uleb128 0x1a
 1212 0744 2C060000 		.4byte	0x62c
 1213 0748 53070000 		.4byte	0x753
 1214 074c 1B       		.uleb128 0x1b
 1215 074d 29040000 		.4byte	0x429
 1216 0751 0B       		.byte	0xb
 1217 0752 00       		.byte	0
 1218 0753 15       		.uleb128 0x15
 1219 0754 43070000 		.4byte	0x743
 1220 0758 1C       		.uleb128 0x1c
ARM GAS  /tmp/cc5GaSAK.s 			page 33


 1221 0759 16020000 		.4byte	.LASF104
 1222 075d 01       		.byte	0x1
 1223 075e 71       		.byte	0x71
 1224 075f 00000000 		.4byte	.LFB221
 1225 0763 16000000 		.4byte	.LFE221-.LFB221
 1226 0767 01       		.uleb128 0x1
 1227 0768 9C       		.byte	0x9c
 1228 0769 A6070000 		.4byte	0x7a6
 1229 076d 18       		.uleb128 0x18
 1230 076e 62757300 		.ascii	"bus\000"
 1231 0772 01       		.byte	0x1
 1232 0773 71       		.byte	0x71
 1233 0774 ED060000 		.4byte	0x6ed
 1234 0778 42000000 		.4byte	.LLST2
 1235 077c 1E       		.uleb128 0x1e
 1236 077d B2000000 		.4byte	.LASF105
 1237 0781 01       		.byte	0x1
 1238 0782 71       		.byte	0x71
 1239 0783 67060000 		.4byte	0x667
 1240 0787 63000000 		.4byte	.LLST3
 1241 078b 19       		.uleb128 0x19
 1242 078c A1030000 		.4byte	.LASF106
 1243 0790 B6070000 		.4byte	0x7b6
 1244 0794 1F       		.uleb128 0x1f
 1245 0795 16000000 		.4byte	.LVL7
 1246 0799 D7070000 		.4byte	0x7d7
 1247 079d 20       		.uleb128 0x20
 1248 079e 01       		.uleb128 0x1
 1249 079f 52       		.byte	0x52
 1250 07a0 03       		.uleb128 0x3
 1251 07a1 F3       		.byte	0xf3
 1252 07a2 01       		.uleb128 0x1
 1253 07a3 51       		.byte	0x51
 1254 07a4 00       		.byte	0
 1255 07a5 00       		.byte	0
 1256 07a6 1A       		.uleb128 0x1a
 1257 07a7 2C060000 		.4byte	0x62c
 1258 07ab B6070000 		.4byte	0x7b6
 1259 07af 1B       		.uleb128 0x1b
 1260 07b0 29040000 		.4byte	0x429
 1261 07b4 0D       		.byte	0xd
 1262 07b5 00       		.byte	0
 1263 07b6 15       		.uleb128 0x15
 1264 07b7 A6070000 		.4byte	0x7a6
 1265 07bb 21       		.uleb128 0x21
 1266 07bc 81030000 		.4byte	.LASF107
 1267 07c0 0E       		.byte	0xe
 1268 07c1 9606     		.2byte	0x696
 1269 07c3 C7070000 		.4byte	0x7c7
 1270 07c7 0F       		.uleb128 0xf
 1271 07c8 B8000000 		.4byte	0xb8
 1272 07cc 22       		.uleb128 0x22
 1273 07cd 636800   		.ascii	"ch\000"
 1274 07d0 06       		.byte	0x6
 1275 07d1 D201     		.2byte	0x1d2
 1276 07d3 DC030000 		.4byte	0x3dc
 1277 07d7 23       		.uleb128 0x23
ARM GAS  /tmp/cc5GaSAK.s 			page 34


 1278 07d8 B9040000 		.4byte	.LASF112
 1279 07dc 0C       		.byte	0xc
 1280 07dd 6D01     		.2byte	0x16d
 1281 07df 0D       		.uleb128 0xd
 1282 07e0 72060000 		.4byte	0x672
 1283 07e4 0D       		.uleb128 0xd
 1284 07e5 5C060000 		.4byte	0x65c
 1285 07e9 0D       		.uleb128 0xd
 1286 07ea 67060000 		.4byte	0x667
 1287 07ee 00       		.byte	0
 1288 07ef 00       		.byte	0
 1289              		.section	.debug_abbrev,"",%progbits
 1290              	.Ldebug_abbrev0:
 1291 0000 01       		.uleb128 0x1
 1292 0001 11       		.uleb128 0x11
 1293 0002 01       		.byte	0x1
 1294 0003 25       		.uleb128 0x25
 1295 0004 0E       		.uleb128 0xe
 1296 0005 13       		.uleb128 0x13
 1297 0006 0B       		.uleb128 0xb
 1298 0007 03       		.uleb128 0x3
 1299 0008 0E       		.uleb128 0xe
 1300 0009 1B       		.uleb128 0x1b
 1301 000a 0E       		.uleb128 0xe
 1302 000b 55       		.uleb128 0x55
 1303 000c 17       		.uleb128 0x17
 1304 000d 11       		.uleb128 0x11
 1305 000e 01       		.uleb128 0x1
 1306 000f 10       		.uleb128 0x10
 1307 0010 17       		.uleb128 0x17
 1308 0011 00       		.byte	0
 1309 0012 00       		.byte	0
 1310 0013 02       		.uleb128 0x2
 1311 0014 24       		.uleb128 0x24
 1312 0015 00       		.byte	0
 1313 0016 0B       		.uleb128 0xb
 1314 0017 0B       		.uleb128 0xb
 1315 0018 3E       		.uleb128 0x3e
 1316 0019 0B       		.uleb128 0xb
 1317 001a 03       		.uleb128 0x3
 1318 001b 08       		.uleb128 0x8
 1319 001c 00       		.byte	0
 1320 001d 00       		.byte	0
 1321 001e 03       		.uleb128 0x3
 1322 001f 24       		.uleb128 0x24
 1323 0020 00       		.byte	0
 1324 0021 0B       		.uleb128 0xb
 1325 0022 0B       		.uleb128 0xb
 1326 0023 3E       		.uleb128 0x3e
 1327 0024 0B       		.uleb128 0xb
 1328 0025 03       		.uleb128 0x3
 1329 0026 0E       		.uleb128 0xe
 1330 0027 00       		.byte	0
 1331 0028 00       		.byte	0
 1332 0029 04       		.uleb128 0x4
 1333 002a 16       		.uleb128 0x16
 1334 002b 00       		.byte	0
ARM GAS  /tmp/cc5GaSAK.s 			page 35


 1335 002c 03       		.uleb128 0x3
 1336 002d 0E       		.uleb128 0xe
 1337 002e 3A       		.uleb128 0x3a
 1338 002f 0B       		.uleb128 0xb
 1339 0030 3B       		.uleb128 0x3b
 1340 0031 0B       		.uleb128 0xb
 1341 0032 49       		.uleb128 0x49
 1342 0033 13       		.uleb128 0x13
 1343 0034 00       		.byte	0
 1344 0035 00       		.byte	0
 1345 0036 05       		.uleb128 0x5
 1346 0037 13       		.uleb128 0x13
 1347 0038 01       		.byte	0x1
 1348 0039 03       		.uleb128 0x3
 1349 003a 0E       		.uleb128 0xe
 1350 003b 0B       		.uleb128 0xb
 1351 003c 0B       		.uleb128 0xb
 1352 003d 3A       		.uleb128 0x3a
 1353 003e 0B       		.uleb128 0xb
 1354 003f 3B       		.uleb128 0x3b
 1355 0040 0B       		.uleb128 0xb
 1356 0041 01       		.uleb128 0x1
 1357 0042 13       		.uleb128 0x13
 1358 0043 00       		.byte	0
 1359 0044 00       		.byte	0
 1360 0045 06       		.uleb128 0x6
 1361 0046 0D       		.uleb128 0xd
 1362 0047 00       		.byte	0
 1363 0048 03       		.uleb128 0x3
 1364 0049 0E       		.uleb128 0xe
 1365 004a 3A       		.uleb128 0x3a
 1366 004b 0B       		.uleb128 0xb
 1367 004c 3B       		.uleb128 0x3b
 1368 004d 0B       		.uleb128 0xb
 1369 004e 49       		.uleb128 0x49
 1370 004f 13       		.uleb128 0x13
 1371 0050 38       		.uleb128 0x38
 1372 0051 0B       		.uleb128 0xb
 1373 0052 00       		.byte	0
 1374 0053 00       		.byte	0
 1375 0054 07       		.uleb128 0x7
 1376 0055 0D       		.uleb128 0xd
 1377 0056 00       		.byte	0
 1378 0057 03       		.uleb128 0x3
 1379 0058 08       		.uleb128 0x8
 1380 0059 3A       		.uleb128 0x3a
 1381 005a 0B       		.uleb128 0xb
 1382 005b 3B       		.uleb128 0x3b
 1383 005c 0B       		.uleb128 0xb
 1384 005d 49       		.uleb128 0x49
 1385 005e 13       		.uleb128 0x13
 1386 005f 38       		.uleb128 0x38
 1387 0060 0B       		.uleb128 0xb
 1388 0061 00       		.byte	0
 1389 0062 00       		.byte	0
 1390 0063 08       		.uleb128 0x8
 1391 0064 0D       		.uleb128 0xd
ARM GAS  /tmp/cc5GaSAK.s 			page 36


 1392 0065 00       		.byte	0
 1393 0066 03       		.uleb128 0x3
 1394 0067 08       		.uleb128 0x8
 1395 0068 3A       		.uleb128 0x3a
 1396 0069 0B       		.uleb128 0xb
 1397 006a 3B       		.uleb128 0x3b
 1398 006b 05       		.uleb128 0x5
 1399 006c 49       		.uleb128 0x49
 1400 006d 13       		.uleb128 0x13
 1401 006e 38       		.uleb128 0x38
 1402 006f 0B       		.uleb128 0xb
 1403 0070 00       		.byte	0
 1404 0071 00       		.byte	0
 1405 0072 09       		.uleb128 0x9
 1406 0073 0D       		.uleb128 0xd
 1407 0074 00       		.byte	0
 1408 0075 03       		.uleb128 0x3
 1409 0076 0E       		.uleb128 0xe
 1410 0077 3A       		.uleb128 0x3a
 1411 0078 0B       		.uleb128 0xb
 1412 0079 3B       		.uleb128 0x3b
 1413 007a 05       		.uleb128 0x5
 1414 007b 49       		.uleb128 0x49
 1415 007c 13       		.uleb128 0x13
 1416 007d 38       		.uleb128 0x38
 1417 007e 0B       		.uleb128 0xb
 1418 007f 00       		.byte	0
 1419 0080 00       		.byte	0
 1420 0081 0A       		.uleb128 0xa
 1421 0082 0F       		.uleb128 0xf
 1422 0083 00       		.byte	0
 1423 0084 0B       		.uleb128 0xb
 1424 0085 0B       		.uleb128 0xb
 1425 0086 49       		.uleb128 0x49
 1426 0087 13       		.uleb128 0x13
 1427 0088 00       		.byte	0
 1428 0089 00       		.byte	0
 1429 008a 0B       		.uleb128 0xb
 1430 008b 13       		.uleb128 0x13
 1431 008c 01       		.byte	0x1
 1432 008d 03       		.uleb128 0x3
 1433 008e 0E       		.uleb128 0xe
 1434 008f 0B       		.uleb128 0xb
 1435 0090 0B       		.uleb128 0xb
 1436 0091 3A       		.uleb128 0x3a
 1437 0092 0B       		.uleb128 0xb
 1438 0093 3B       		.uleb128 0x3b
 1439 0094 05       		.uleb128 0x5
 1440 0095 01       		.uleb128 0x1
 1441 0096 13       		.uleb128 0x13
 1442 0097 00       		.byte	0
 1443 0098 00       		.byte	0
 1444 0099 0C       		.uleb128 0xc
 1445 009a 15       		.uleb128 0x15
 1446 009b 01       		.byte	0x1
 1447 009c 27       		.uleb128 0x27
 1448 009d 19       		.uleb128 0x19
ARM GAS  /tmp/cc5GaSAK.s 			page 37


 1449 009e 01       		.uleb128 0x1
 1450 009f 13       		.uleb128 0x13
 1451 00a0 00       		.byte	0
 1452 00a1 00       		.byte	0
 1453 00a2 0D       		.uleb128 0xd
 1454 00a3 05       		.uleb128 0x5
 1455 00a4 00       		.byte	0
 1456 00a5 49       		.uleb128 0x49
 1457 00a6 13       		.uleb128 0x13
 1458 00a7 00       		.byte	0
 1459 00a8 00       		.byte	0
 1460 00a9 0E       		.uleb128 0xe
 1461 00aa 0F       		.uleb128 0xf
 1462 00ab 00       		.byte	0
 1463 00ac 0B       		.uleb128 0xb
 1464 00ad 0B       		.uleb128 0xb
 1465 00ae 00       		.byte	0
 1466 00af 00       		.byte	0
 1467 00b0 0F       		.uleb128 0xf
 1468 00b1 35       		.uleb128 0x35
 1469 00b2 00       		.byte	0
 1470 00b3 49       		.uleb128 0x49
 1471 00b4 13       		.uleb128 0x13
 1472 00b5 00       		.byte	0
 1473 00b6 00       		.byte	0
 1474 00b7 10       		.uleb128 0x10
 1475 00b8 13       		.uleb128 0x13
 1476 00b9 01       		.byte	0x1
 1477 00ba 0B       		.uleb128 0xb
 1478 00bb 0B       		.uleb128 0xb
 1479 00bc 3A       		.uleb128 0x3a
 1480 00bd 0B       		.uleb128 0xb
 1481 00be 3B       		.uleb128 0x3b
 1482 00bf 05       		.uleb128 0x5
 1483 00c0 01       		.uleb128 0x1
 1484 00c1 13       		.uleb128 0x13
 1485 00c2 00       		.byte	0
 1486 00c3 00       		.byte	0
 1487 00c4 11       		.uleb128 0x11
 1488 00c5 16       		.uleb128 0x16
 1489 00c6 00       		.byte	0
 1490 00c7 03       		.uleb128 0x3
 1491 00c8 0E       		.uleb128 0xe
 1492 00c9 3A       		.uleb128 0x3a
 1493 00ca 0B       		.uleb128 0xb
 1494 00cb 3B       		.uleb128 0x3b
 1495 00cc 05       		.uleb128 0x5
 1496 00cd 49       		.uleb128 0x49
 1497 00ce 13       		.uleb128 0x13
 1498 00cf 00       		.byte	0
 1499 00d0 00       		.byte	0
 1500 00d1 12       		.uleb128 0x12
 1501 00d2 17       		.uleb128 0x17
 1502 00d3 01       		.byte	0x1
 1503 00d4 0B       		.uleb128 0xb
 1504 00d5 0B       		.uleb128 0xb
 1505 00d6 3A       		.uleb128 0x3a
ARM GAS  /tmp/cc5GaSAK.s 			page 38


 1506 00d7 0B       		.uleb128 0xb
 1507 00d8 3B       		.uleb128 0x3b
 1508 00d9 0B       		.uleb128 0xb
 1509 00da 01       		.uleb128 0x1
 1510 00db 13       		.uleb128 0x13
 1511 00dc 00       		.byte	0
 1512 00dd 00       		.byte	0
 1513 00de 13       		.uleb128 0x13
 1514 00df 0D       		.uleb128 0xd
 1515 00e0 00       		.byte	0
 1516 00e1 03       		.uleb128 0x3
 1517 00e2 0E       		.uleb128 0xe
 1518 00e3 3A       		.uleb128 0x3a
 1519 00e4 0B       		.uleb128 0xb
 1520 00e5 3B       		.uleb128 0x3b
 1521 00e6 0B       		.uleb128 0xb
 1522 00e7 49       		.uleb128 0x49
 1523 00e8 13       		.uleb128 0x13
 1524 00e9 00       		.byte	0
 1525 00ea 00       		.byte	0
 1526 00eb 14       		.uleb128 0x14
 1527 00ec 0D       		.uleb128 0xd
 1528 00ed 00       		.byte	0
 1529 00ee 03       		.uleb128 0x3
 1530 00ef 0E       		.uleb128 0xe
 1531 00f0 3A       		.uleb128 0x3a
 1532 00f1 0B       		.uleb128 0xb
 1533 00f2 3B       		.uleb128 0x3b
 1534 00f3 05       		.uleb128 0x5
 1535 00f4 49       		.uleb128 0x49
 1536 00f5 13       		.uleb128 0x13
 1537 00f6 00       		.byte	0
 1538 00f7 00       		.byte	0
 1539 00f8 15       		.uleb128 0x15
 1540 00f9 26       		.uleb128 0x26
 1541 00fa 00       		.byte	0
 1542 00fb 49       		.uleb128 0x49
 1543 00fc 13       		.uleb128 0x13
 1544 00fd 00       		.byte	0
 1545 00fe 00       		.byte	0
 1546 00ff 16       		.uleb128 0x16
 1547 0100 13       		.uleb128 0x13
 1548 0101 01       		.byte	0x1
 1549 0102 0B       		.uleb128 0xb
 1550 0103 0B       		.uleb128 0xb
 1551 0104 3A       		.uleb128 0x3a
 1552 0105 0B       		.uleb128 0xb
 1553 0106 3B       		.uleb128 0x3b
 1554 0107 0B       		.uleb128 0xb
 1555 0108 01       		.uleb128 0x1
 1556 0109 13       		.uleb128 0x13
 1557 010a 00       		.byte	0
 1558 010b 00       		.byte	0
 1559 010c 17       		.uleb128 0x17
 1560 010d 2E       		.uleb128 0x2e
 1561 010e 01       		.byte	0x1
 1562 010f 3F       		.uleb128 0x3f
ARM GAS  /tmp/cc5GaSAK.s 			page 39


 1563 0110 19       		.uleb128 0x19
 1564 0111 03       		.uleb128 0x3
 1565 0112 0E       		.uleb128 0xe
 1566 0113 3A       		.uleb128 0x3a
 1567 0114 0B       		.uleb128 0xb
 1568 0115 3B       		.uleb128 0x3b
 1569 0116 0B       		.uleb128 0xb
 1570 0117 27       		.uleb128 0x27
 1571 0118 19       		.uleb128 0x19
 1572 0119 49       		.uleb128 0x49
 1573 011a 13       		.uleb128 0x13
 1574 011b 11       		.uleb128 0x11
 1575 011c 01       		.uleb128 0x1
 1576 011d 12       		.uleb128 0x12
 1577 011e 06       		.uleb128 0x6
 1578 011f 40       		.uleb128 0x40
 1579 0120 18       		.uleb128 0x18
 1580 0121 9742     		.uleb128 0x2117
 1581 0123 19       		.uleb128 0x19
 1582 0124 01       		.uleb128 0x1
 1583 0125 13       		.uleb128 0x13
 1584 0126 00       		.byte	0
 1585 0127 00       		.byte	0
 1586 0128 18       		.uleb128 0x18
 1587 0129 05       		.uleb128 0x5
 1588 012a 00       		.byte	0
 1589 012b 03       		.uleb128 0x3
 1590 012c 08       		.uleb128 0x8
 1591 012d 3A       		.uleb128 0x3a
 1592 012e 0B       		.uleb128 0xb
 1593 012f 3B       		.uleb128 0x3b
 1594 0130 0B       		.uleb128 0xb
 1595 0131 49       		.uleb128 0x49
 1596 0132 13       		.uleb128 0x13
 1597 0133 02       		.uleb128 0x2
 1598 0134 17       		.uleb128 0x17
 1599 0135 00       		.byte	0
 1600 0136 00       		.byte	0
 1601 0137 19       		.uleb128 0x19
 1602 0138 34       		.uleb128 0x34
 1603 0139 00       		.byte	0
 1604 013a 03       		.uleb128 0x3
 1605 013b 0E       		.uleb128 0xe
 1606 013c 49       		.uleb128 0x49
 1607 013d 13       		.uleb128 0x13
 1608 013e 34       		.uleb128 0x34
 1609 013f 19       		.uleb128 0x19
 1610 0140 00       		.byte	0
 1611 0141 00       		.byte	0
 1612 0142 1A       		.uleb128 0x1a
 1613 0143 01       		.uleb128 0x1
 1614 0144 01       		.byte	0x1
 1615 0145 49       		.uleb128 0x49
 1616 0146 13       		.uleb128 0x13
 1617 0147 01       		.uleb128 0x1
 1618 0148 13       		.uleb128 0x13
 1619 0149 00       		.byte	0
ARM GAS  /tmp/cc5GaSAK.s 			page 40


 1620 014a 00       		.byte	0
 1621 014b 1B       		.uleb128 0x1b
 1622 014c 21       		.uleb128 0x21
 1623 014d 00       		.byte	0
 1624 014e 49       		.uleb128 0x49
 1625 014f 13       		.uleb128 0x13
 1626 0150 2F       		.uleb128 0x2f
 1627 0151 0B       		.uleb128 0xb
 1628 0152 00       		.byte	0
 1629 0153 00       		.byte	0
 1630 0154 1C       		.uleb128 0x1c
 1631 0155 2E       		.uleb128 0x2e
 1632 0156 01       		.byte	0x1
 1633 0157 3F       		.uleb128 0x3f
 1634 0158 19       		.uleb128 0x19
 1635 0159 03       		.uleb128 0x3
 1636 015a 0E       		.uleb128 0xe
 1637 015b 3A       		.uleb128 0x3a
 1638 015c 0B       		.uleb128 0xb
 1639 015d 3B       		.uleb128 0x3b
 1640 015e 0B       		.uleb128 0xb
 1641 015f 27       		.uleb128 0x27
 1642 0160 19       		.uleb128 0x19
 1643 0161 11       		.uleb128 0x11
 1644 0162 01       		.uleb128 0x1
 1645 0163 12       		.uleb128 0x12
 1646 0164 06       		.uleb128 0x6
 1647 0165 40       		.uleb128 0x40
 1648 0166 18       		.uleb128 0x18
 1649 0167 9742     		.uleb128 0x2117
 1650 0169 19       		.uleb128 0x19
 1651 016a 01       		.uleb128 0x1
 1652 016b 13       		.uleb128 0x13
 1653 016c 00       		.byte	0
 1654 016d 00       		.byte	0
 1655 016e 1D       		.uleb128 0x1d
 1656 016f 05       		.uleb128 0x5
 1657 0170 00       		.byte	0
 1658 0171 03       		.uleb128 0x3
 1659 0172 0E       		.uleb128 0xe
 1660 0173 3A       		.uleb128 0x3a
 1661 0174 0B       		.uleb128 0xb
 1662 0175 3B       		.uleb128 0x3b
 1663 0176 0B       		.uleb128 0xb
 1664 0177 49       		.uleb128 0x49
 1665 0178 13       		.uleb128 0x13
 1666 0179 02       		.uleb128 0x2
 1667 017a 18       		.uleb128 0x18
 1668 017b 00       		.byte	0
 1669 017c 00       		.byte	0
 1670 017d 1E       		.uleb128 0x1e
 1671 017e 05       		.uleb128 0x5
 1672 017f 00       		.byte	0
 1673 0180 03       		.uleb128 0x3
 1674 0181 0E       		.uleb128 0xe
 1675 0182 3A       		.uleb128 0x3a
 1676 0183 0B       		.uleb128 0xb
ARM GAS  /tmp/cc5GaSAK.s 			page 41


 1677 0184 3B       		.uleb128 0x3b
 1678 0185 0B       		.uleb128 0xb
 1679 0186 49       		.uleb128 0x49
 1680 0187 13       		.uleb128 0x13
 1681 0188 02       		.uleb128 0x2
 1682 0189 17       		.uleb128 0x17
 1683 018a 00       		.byte	0
 1684 018b 00       		.byte	0
 1685 018c 1F       		.uleb128 0x1f
 1686 018d 898201   		.uleb128 0x4109
 1687 0190 01       		.byte	0x1
 1688 0191 11       		.uleb128 0x11
 1689 0192 01       		.uleb128 0x1
 1690 0193 9542     		.uleb128 0x2115
 1691 0195 19       		.uleb128 0x19
 1692 0196 31       		.uleb128 0x31
 1693 0197 13       		.uleb128 0x13
 1694 0198 00       		.byte	0
 1695 0199 00       		.byte	0
 1696 019a 20       		.uleb128 0x20
 1697 019b 8A8201   		.uleb128 0x410a
 1698 019e 00       		.byte	0
 1699 019f 02       		.uleb128 0x2
 1700 01a0 18       		.uleb128 0x18
 1701 01a1 9142     		.uleb128 0x2111
 1702 01a3 18       		.uleb128 0x18
 1703 01a4 00       		.byte	0
 1704 01a5 00       		.byte	0
 1705 01a6 21       		.uleb128 0x21
 1706 01a7 34       		.uleb128 0x34
 1707 01a8 00       		.byte	0
 1708 01a9 03       		.uleb128 0x3
 1709 01aa 0E       		.uleb128 0xe
 1710 01ab 3A       		.uleb128 0x3a
 1711 01ac 0B       		.uleb128 0xb
 1712 01ad 3B       		.uleb128 0x3b
 1713 01ae 05       		.uleb128 0x5
 1714 01af 49       		.uleb128 0x49
 1715 01b0 13       		.uleb128 0x13
 1716 01b1 3F       		.uleb128 0x3f
 1717 01b2 19       		.uleb128 0x19
 1718 01b3 3C       		.uleb128 0x3c
 1719 01b4 19       		.uleb128 0x19
 1720 01b5 00       		.byte	0
 1721 01b6 00       		.byte	0
 1722 01b7 22       		.uleb128 0x22
 1723 01b8 34       		.uleb128 0x34
 1724 01b9 00       		.byte	0
 1725 01ba 03       		.uleb128 0x3
 1726 01bb 08       		.uleb128 0x8
 1727 01bc 3A       		.uleb128 0x3a
 1728 01bd 0B       		.uleb128 0xb
 1729 01be 3B       		.uleb128 0x3b
 1730 01bf 05       		.uleb128 0x5
 1731 01c0 49       		.uleb128 0x49
 1732 01c1 13       		.uleb128 0x13
 1733 01c2 3F       		.uleb128 0x3f
ARM GAS  /tmp/cc5GaSAK.s 			page 42


 1734 01c3 19       		.uleb128 0x19
 1735 01c4 3C       		.uleb128 0x3c
 1736 01c5 19       		.uleb128 0x19
 1737 01c6 00       		.byte	0
 1738 01c7 00       		.byte	0
 1739 01c8 23       		.uleb128 0x23
 1740 01c9 2E       		.uleb128 0x2e
 1741 01ca 01       		.byte	0x1
 1742 01cb 3F       		.uleb128 0x3f
 1743 01cc 19       		.uleb128 0x19
 1744 01cd 03       		.uleb128 0x3
 1745 01ce 0E       		.uleb128 0xe
 1746 01cf 3A       		.uleb128 0x3a
 1747 01d0 0B       		.uleb128 0xb
 1748 01d1 3B       		.uleb128 0x3b
 1749 01d2 05       		.uleb128 0x5
 1750 01d3 27       		.uleb128 0x27
 1751 01d4 19       		.uleb128 0x19
 1752 01d5 3C       		.uleb128 0x3c
 1753 01d6 19       		.uleb128 0x19
 1754 01d7 00       		.byte	0
 1755 01d8 00       		.byte	0
 1756 01d9 00       		.byte	0
 1757              		.section	.debug_loc,"",%progbits
 1758              	.Ldebug_loc0:
 1759              	.LLST0:
 1760 0000 00000000 		.4byte	.LVL0
 1761 0004 0C000000 		.4byte	.LVL1
 1762 0008 0100     		.2byte	0x1
 1763 000a 50       		.byte	0x50
 1764 000b 0C000000 		.4byte	.LVL1
 1765 000f 10000000 		.4byte	.LFE219
 1766 0013 0400     		.2byte	0x4
 1767 0015 F3       		.byte	0xf3
 1768 0016 01       		.uleb128 0x1
 1769 0017 50       		.byte	0x50
 1770 0018 9F       		.byte	0x9f
 1771 0019 00000000 		.4byte	0
 1772 001d 00000000 		.4byte	0
 1773              	.LLST1:
 1774 0021 00000000 		.4byte	.LVL2
 1775 0025 1C000000 		.4byte	.LVL3
 1776 0029 0100     		.2byte	0x1
 1777 002b 50       		.byte	0x50
 1778 002c 1C000000 		.4byte	.LVL3
 1779 0030 22000000 		.4byte	.LFE220
 1780 0034 0400     		.2byte	0x4
 1781 0036 F3       		.byte	0xf3
 1782 0037 01       		.uleb128 0x1
 1783 0038 50       		.byte	0x50
 1784 0039 9F       		.byte	0x9f
 1785 003a 00000000 		.4byte	0
 1786 003e 00000000 		.4byte	0
 1787              	.LLST2:
 1788 0042 00000000 		.4byte	.LVL4
 1789 0046 0A000000 		.4byte	.LVL5
 1790 004a 0100     		.2byte	0x1
ARM GAS  /tmp/cc5GaSAK.s 			page 43


 1791 004c 50       		.byte	0x50
 1792 004d 0A000000 		.4byte	.LVL5
 1793 0051 16000000 		.4byte	.LFE221
 1794 0055 0400     		.2byte	0x4
 1795 0057 F3       		.byte	0xf3
 1796 0058 01       		.uleb128 0x1
 1797 0059 50       		.byte	0x50
 1798 005a 9F       		.byte	0x9f
 1799 005b 00000000 		.4byte	0
 1800 005f 00000000 		.4byte	0
 1801              	.LLST3:
 1802 0063 00000000 		.4byte	.LVL4
 1803 0067 0E000000 		.4byte	.LVL6
 1804 006b 0100     		.2byte	0x1
 1805 006d 51       		.byte	0x51
 1806 006e 0E000000 		.4byte	.LVL6
 1807 0072 15000000 		.4byte	.LVL7-1
 1808 0076 0100     		.2byte	0x1
 1809 0078 52       		.byte	0x52
 1810 0079 15000000 		.4byte	.LVL7-1
 1811 007d 16000000 		.4byte	.LFE221
 1812 0081 0400     		.2byte	0x4
 1813 0083 F3       		.byte	0xf3
 1814 0084 01       		.uleb128 0x1
 1815 0085 51       		.byte	0x51
 1816 0086 9F       		.byte	0x9f
 1817 0087 00000000 		.4byte	0
 1818 008b 00000000 		.4byte	0
 1819              		.section	.debug_aranges,"",%progbits
 1820 0000 2C000000 		.4byte	0x2c
 1821 0004 0200     		.2byte	0x2
 1822 0006 00000000 		.4byte	.Ldebug_info0
 1823 000a 04       		.byte	0x4
 1824 000b 00       		.byte	0
 1825 000c 0000     		.2byte	0
 1826 000e 0000     		.2byte	0
 1827 0010 00000000 		.4byte	.LFB219
 1828 0014 10000000 		.4byte	.LFE219-.LFB219
 1829 0018 00000000 		.4byte	.LFB220
 1830 001c 22000000 		.4byte	.LFE220-.LFB220
 1831 0020 00000000 		.4byte	.LFB221
 1832 0024 16000000 		.4byte	.LFE221-.LFB221
 1833 0028 00000000 		.4byte	0
 1834 002c 00000000 		.4byte	0
 1835              		.section	.debug_ranges,"",%progbits
 1836              	.Ldebug_ranges0:
 1837 0000 00000000 		.4byte	.LFB219
 1838 0004 10000000 		.4byte	.LFE219
 1839 0008 00000000 		.4byte	.LFB220
 1840 000c 22000000 		.4byte	.LFE220
 1841 0010 00000000 		.4byte	.LFB221
 1842 0014 16000000 		.4byte	.LFE221
 1843 0018 00000000 		.4byte	0
 1844 001c 00000000 		.4byte	0
 1845              		.section	.debug_line,"",%progbits
 1846              	.Ldebug_line0:
 1847 0000 22020000 		.section	.debug_str,"MS",%progbits,1
ARM GAS  /tmp/cc5GaSAK.s 			page 44


 1847      0200DF01 
 1847      00000201 
 1847      FB0E0D00 
 1847      01010101 
 1848              	.LASF47:
 1849 0000 63685F74 		.ascii	"ch_threads_list\000"
 1849      68726561 
 1849      64735F6C 
 1849      69737400 
 1850              	.LASF85:
 1851 0010 77746D74 		.ascii	"wtmtxp\000"
 1851      787000
 1852              	.LASF72:
 1853 0017 42535252 		.ascii	"BSRR\000"
 1853      00
 1854              	.LASF75:
 1855 001c 72656761 		.ascii	"regarm_t\000"
 1855      726D5F74 
 1855      00
 1856              	.LASF36:
 1857 0025 666C6167 		.ascii	"flags\000"
 1857      7300
 1858              	.LASF27:
 1859 002b 73797374 		.ascii	"systime_t\000"
 1859      696D655F 
 1859      7400
 1860              	.LASF42:
 1861 0035 7265616C 		.ascii	"realprio\000"
 1861      7072696F 
 1861      00
 1862              	.LASF99:
 1863 003e 494F4275 		.ascii	"IOBus\000"
 1863      7300
 1864              	.LASF40:
 1865 0044 6570656E 		.ascii	"epending\000"
 1865      64696E67 
 1865      00
 1866              	.LASF0:
 1867 004d 756E7369 		.ascii	"unsigned int\000"
 1867      676E6564 
 1867      20696E74 
 1867      00
 1868              	.LASF48:
 1869 005a 6E657874 		.ascii	"next\000"
 1869      00
 1870              	.LASF45:
 1871 005f 74687265 		.ascii	"threads_list_t\000"
 1871      6164735F 
 1871      6C697374 
 1871      5F7400
 1872              	.LASF7:
 1873 006e 5F5F696E 		.ascii	"__int32_t\000"
 1873      7433325F 
 1873      7400
 1874              	.LASF37:
 1875 0078 72656673 		.ascii	"refs\000"
 1875      00
ARM GAS  /tmp/cc5GaSAK.s 			page 45


 1876              	.LASF81:
 1877 007d 77746F62 		.ascii	"wtobjp\000"
 1877      6A7000
 1878              	.LASF69:
 1879 0084 76746C69 		.ascii	"vtlist\000"
 1879      737400
 1880              	.LASF77:
 1881 008b 706F7274 		.ascii	"port_context\000"
 1881      5F636F6E 
 1881      74657874 
 1881      00
 1882              	.LASF53:
 1883 0098 63685F72 		.ascii	"ch_ready_list\000"
 1883      65616479 
 1883      5F6C6973 
 1883      7400
 1884              	.LASF59:
 1885 00a6 66756E63 		.ascii	"func\000"
 1885      00
 1886              	.LASF86:
 1887 00ab 65776D61 		.ascii	"ewmask\000"
 1887      736B00
 1888              	.LASF105:
 1889 00b2 6D6F6465 		.ascii	"mode\000"
 1889      00
 1890              	.LASF51:
 1891 00b7 70726576 		.ascii	"prev\000"
 1891      00
 1892              	.LASF50:
 1893 00bc 63685F74 		.ascii	"ch_threads_queue\000"
 1893      68726561 
 1893      64735F71 
 1893      75657565 
 1893      00
 1894              	.LASF55:
 1895 00cd 76746675 		.ascii	"vtfunc_t\000"
 1895      6E635F74 
 1895      00
 1896              	.LASF64:
 1897 00d6 63685F73 		.ascii	"ch_system_debug\000"
 1897      79737465 
 1897      6D5F6465 
 1897      62756700 
 1898              	.LASF17:
 1899 00e6 75696E74 		.ascii	"uint32_t\000"
 1899      33325F74 
 1899      00
 1900              	.LASF83:
 1901 00ef 73656E74 		.ascii	"sentmsg\000"
 1901      6D736700 
 1902              	.LASF25:
 1903 00f7 6576656E 		.ascii	"eventmask_t\000"
 1903      746D6173 
 1903      6B5F7400 
 1904              	.LASF87:
 1905 0103 63685F73 		.ascii	"ch_semaphore\000"
 1905      656D6170 
ARM GAS  /tmp/cc5GaSAK.s 			page 46


 1905      686F7265 
 1905      00
 1906              	.LASF23:
 1907 0110 74707269 		.ascii	"tprio_t\000"
 1907      6F5F7400 
 1908              	.LASF57:
 1909 0118 63685F76 		.ascii	"ch_virtual_timer\000"
 1909      69727475 
 1909      616C5F74 
 1909      696D6572 
 1909      00
 1910              	.LASF13:
 1911 0129 6C6F6E67 		.ascii	"long long unsigned int\000"
 1911      206C6F6E 
 1911      6720756E 
 1911      7369676E 
 1911      65642069 
 1912              	.LASF5:
 1913 0140 5F5F7569 		.ascii	"__uint16_t\000"
 1913      6E743136 
 1913      5F7400
 1914              	.LASF26:
 1915 014b 636E745F 		.ascii	"cnt_t\000"
 1915      7400
 1916              	.LASF89:
 1917 0151 6F776E65 		.ascii	"owner\000"
 1917      7200
 1918              	.LASF49:
 1919 0157 74687265 		.ascii	"threads_queue_t\000"
 1919      6164735F 
 1919      71756575 
 1919      655F7400 
 1920              	.LASF41:
 1921 0167 6D74786C 		.ascii	"mtxlist\000"
 1921      69737400 
 1922              	.LASF61:
 1923 016f 63685F76 		.ascii	"ch_virtual_timers_list\000"
 1923      69727475 
 1923      616C5F74 
 1923      696D6572 
 1923      735F6C69 
 1924              	.LASF28:
 1925 0186 74687265 		.ascii	"thread_t\000"
 1925      61645F74 
 1925      00
 1926              	.LASF79:
 1927 018f 7264796D 		.ascii	"rdymsg\000"
 1927      736700
 1928              	.LASF98:
 1929 0196 6F666673 		.ascii	"offset\000"
 1929      657400
 1930              	.LASF92:
 1931 019d 5F426F6F 		.ascii	"_Bool\000"
 1931      6C00
 1932              	.LASF88:
 1933 01a3 63685F6D 		.ascii	"ch_mutex\000"
 1933      75746578 
ARM GAS  /tmp/cc5GaSAK.s 			page 47


 1933      00
 1934              	.LASF12:
 1935 01ac 5F5F7569 		.ascii	"__uint64_t\000"
 1935      6E743634 
 1935      5F7400
 1936              	.LASF95:
 1937 01b7 696F706F 		.ascii	"ioportid_t\000"
 1937      72746964 
 1937      5F7400
 1938              	.LASF96:
 1939 01c2 706F7274 		.ascii	"portid\000"
 1939      696400
 1940              	.LASF30:
 1941 01c9 7072696F 		.ascii	"prio\000"
 1941      00
 1942              	.LASF90:
 1943 01ce 63686172 		.ascii	"char\000"
 1943      00
 1944              	.LASF44:
 1945 01d3 74687265 		.ascii	"thread_reference_t\000"
 1945      61645F72 
 1945      65666572 
 1945      656E6365 
 1945      5F7400
 1946              	.LASF34:
 1947 01e6 77616261 		.ascii	"wabase\000"
 1947      736500
 1948              	.LASF21:
 1949 01ed 74737461 		.ascii	"tstate_t\000"
 1949      74655F74 
 1949      00
 1950              	.LASF14:
 1951 01f6 75696E74 		.ascii	"uint8_t\000"
 1951      385F7400 
 1952              	.LASF39:
 1953 01fe 6D736771 		.ascii	"msgqueue\000"
 1953      75657565 
 1953      00
 1954              	.LASF46:
 1955 0207 63685F74 		.ascii	"ch_thread\000"
 1955      68726561 
 1955      6400
 1956              	.LASF100:
 1957 0211 62697473 		.ascii	"bits\000"
 1957      00
 1958              	.LASF104:
 1959 0216 70616C53 		.ascii	"palSetBusMode\000"
 1959      65744275 
 1959      734D6F64 
 1959      6500
 1960              	.LASF63:
 1961 0224 73797374 		.ascii	"system_debug_t\000"
 1961      656D5F64 
 1961      65627567 
 1961      5F7400
 1962              	.LASF11:
 1963 0233 6C6F6E67 		.ascii	"long long int\000"
ARM GAS  /tmp/cc5GaSAK.s 			page 48


 1963      206C6F6E 
 1963      6720696E 
 1963      7400
 1964              	.LASF24:
 1965 0241 6D73675F 		.ascii	"msg_t\000"
 1965      7400
 1966              	.LASF56:
 1967 0247 76697274 		.ascii	"virtual_timer_t\000"
 1967      75616C5F 
 1967      74696D65 
 1967      725F7400 
 1968              	.LASF93:
 1969 0257 696F706F 		.ascii	"ioportmask_t\000"
 1969      72746D61 
 1969      736B5F74 
 1969      00
 1970              	.LASF94:
 1971 0264 696F6D6F 		.ascii	"iomode_t\000"
 1971      64655F74 
 1971      00
 1972              	.LASF108:
 1973 026d 474E5520 		.ascii	"GNU C 4.8.2 -mcpu=cortex-m3 -mno-thumb-interwork -m"
 1973      4320342E 
 1973      382E3220 
 1973      2D6D6370 
 1973      753D636F 
 1974 02a0 7468756D 		.ascii	"thumb -ggdb -O2 -fomit-frame-pointer -falign-functi"
 1974      62202D67 
 1974      67646220 
 1974      2D4F3220 
 1974      2D666F6D 
 1975 02d3 6F6E733D 		.ascii	"ons=16 -ffunction-sections -fdata-sections -fno-com"
 1975      3136202D 
 1975      6666756E 
 1975      6374696F 
 1975      6E2D7365 
 1976 0306 6D6F6E20 		.ascii	"mon -flto\000"
 1976      2D666C74 
 1976      6F00
 1977              	.LASF97:
 1978 0310 6D61736B 		.ascii	"mask\000"
 1978      00
 1979              	.LASF111:
 1980 0315 70616C52 		.ascii	"palReadBus\000"
 1980      65616442 
 1980      757300
 1981              	.LASF65:
 1982 0320 70616E69 		.ascii	"panic_msg\000"
 1982      635F6D73 
 1982      6700
 1983              	.LASF20:
 1984 032a 746D6F64 		.ascii	"tmode_t\000"
 1984      655F7400 
 1985              	.LASF70:
 1986 0332 6D61696E 		.ascii	"mainthread\000"
 1986      74687265 
 1986      616400
ARM GAS  /tmp/cc5GaSAK.s 			page 49


 1987              	.LASF15:
 1988 033d 75696E74 		.ascii	"uint16_t\000"
 1988      31365F74 
 1988      00
 1989              	.LASF101:
 1990 0346 5F5F6675 		.ascii	"__func__.6583\000"
 1990      6E635F5F 
 1990      2E363538 
 1990      3300
 1991              	.LASF102:
 1992 0354 5F5F6675 		.ascii	"__func__.6588\000"
 1992      6E635F5F 
 1992      2E363538 
 1992      3800
 1993              	.LASF3:
 1994 0362 73686F72 		.ascii	"short int\000"
 1994      7420696E 
 1994      7400
 1995              	.LASF8:
 1996 036c 6C6F6E67 		.ascii	"long int\000"
 1996      20696E74 
 1996      00
 1997              	.LASF78:
 1998 0375 706F7274 		.ascii	"port_intctx\000"
 1998      5F696E74 
 1998      63747800 
 1999              	.LASF107:
 2000 0381 49544D5F 		.ascii	"ITM_RxBuffer\000"
 2000      52784275 
 2000      66666572 
 2000      00
 2001              	.LASF67:
 2002 038e 63685F73 		.ascii	"ch_system\000"
 2002      79737465 
 2002      6D00
 2003              	.LASF62:
 2004 0398 6C617374 		.ascii	"lasttime\000"
 2004      74696D65 
 2004      00
 2005              	.LASF106:
 2006 03a1 5F5F6675 		.ascii	"__func__.6593\000"
 2006      6E635F5F 
 2006      2E363539 
 2006      3300
 2007              	.LASF18:
 2008 03af 75696E74 		.ascii	"uint64_t\000"
 2008      36345F74 
 2008      00
 2009              	.LASF68:
 2010 03b8 726C6973 		.ascii	"rlist\000"
 2010      7400
 2011              	.LASF110:
 2012 03be 2F686F6D 		.ascii	"/home/jerson/ChibiOS/rt_stm32f100rb_onion\000"
 2012      652F6A65 
 2012      72736F6E 
 2012      2F436869 
 2012      62694F53 
ARM GAS  /tmp/cc5GaSAK.s 			page 50


 2013              	.LASF4:
 2014 03e8 5F5F7569 		.ascii	"__uint8_t\000"
 2014      6E74385F 
 2014      7400
 2015              	.LASF33:
 2016 03f2 6E616D65 		.ascii	"name\000"
 2016      00
 2017              	.LASF74:
 2018 03f7 4750494F 		.ascii	"GPIO_TypeDef\000"
 2018      5F547970 
 2018      65446566 
 2018      00
 2019              	.LASF71:
 2020 0404 73697A65 		.ascii	"sizetype\000"
 2020      74797065 
 2020      00
 2021              	.LASF22:
 2022 040d 74726566 		.ascii	"trefs_t\000"
 2022      735F7400 
 2023              	.LASF10:
 2024 0415 6C6F6E67 		.ascii	"long unsigned int\000"
 2024      20756E73 
 2024      69676E65 
 2024      6420696E 
 2024      7400
 2025              	.LASF52:
 2026 0427 72656164 		.ascii	"ready_list_t\000"
 2026      795F6C69 
 2026      73745F74 
 2026      00
 2027              	.LASF29:
 2028 0434 71756575 		.ascii	"queue\000"
 2028      6500
 2029              	.LASF16:
 2030 043a 696E7433 		.ascii	"int32_t\000"
 2030      325F7400 
 2031              	.LASF84:
 2032 0442 77747365 		.ascii	"wtsemp\000"
 2032      6D7000
 2033              	.LASF91:
 2034 0449 6D757465 		.ascii	"mutex_t\000"
 2034      785F7400 
 2035              	.LASF31:
 2036 0451 6E657765 		.ascii	"newer\000"
 2036      7200
 2037              	.LASF2:
 2038 0457 756E7369 		.ascii	"unsigned char\000"
 2038      676E6564 
 2038      20636861 
 2038      7200
 2039              	.LASF9:
 2040 0465 5F5F7569 		.ascii	"__uint32_t\000"
 2040      6E743332 
 2040      5F7400
 2041              	.LASF38:
 2042 0470 77616974 		.ascii	"waiting\000"
 2042      696E6700 
ARM GAS  /tmp/cc5GaSAK.s 			page 51


 2043              	.LASF60:
 2044 0478 76697274 		.ascii	"virtual_timers_list_t\000"
 2044      75616C5F 
 2044      74696D65 
 2044      72735F6C 
 2044      6973745F 
 2045              	.LASF109:
 2046 048e 2E2E2F6F 		.ascii	"../os/hal/src/hal_pal.c\000"
 2046      732F6861 
 2046      6C2F7372 
 2046      632F6861 
 2046      6C5F7061 
 2047              	.LASF19:
 2048 04a6 75696E74 		.ascii	"uint_fast8_t\000"
 2048      5F666173 
 2048      74385F74 
 2048      00
 2049              	.LASF35:
 2050 04b3 73746174 		.ascii	"state\000"
 2050      6500
 2051              	.LASF112:
 2052 04b9 5F70616C 		.ascii	"_pal_lld_setgroupmode\000"
 2052      5F6C6C64 
 2052      5F736574 
 2052      67726F75 
 2052      706D6F64 
 2053              	.LASF66:
 2054 04cf 63685F73 		.ascii	"ch_system_t\000"
 2054      79737465 
 2054      6D5F7400 
 2055              	.LASF82:
 2056 04db 77747472 		.ascii	"wttrp\000"
 2056      7000
 2057              	.LASF1:
 2058 04e1 7369676E 		.ascii	"signed char\000"
 2058      65642063 
 2058      68617200 
 2059              	.LASF58:
 2060 04ed 64656C74 		.ascii	"delta\000"
 2060      6100
 2061              	.LASF6:
 2062 04f3 73686F72 		.ascii	"short unsigned int\000"
 2062      7420756E 
 2062      7369676E 
 2062      65642069 
 2062      6E7400
 2063              	.LASF76:
 2064 0506 73746B61 		.ascii	"stkalign_t\000"
 2064      6C69676E 
 2064      5F7400
 2065              	.LASF54:
 2066 0511 63757272 		.ascii	"current\000"
 2066      656E7400 
 2067              	.LASF103:
 2068 0519 70616C57 		.ascii	"palWriteBus\000"
 2068      72697465 
 2068      42757300 
ARM GAS  /tmp/cc5GaSAK.s 			page 52


 2069              	.LASF32:
 2070 0525 6F6C6465 		.ascii	"older\000"
 2070      7200
 2071              	.LASF80:
 2072 052b 65786974 		.ascii	"exitcode\000"
 2072      636F6465 
 2072      00
 2073              	.LASF73:
 2074 0534 4C434B52 		.ascii	"LCKR\000"
 2074      00
 2075              	.LASF43:
 2076 0539 6D706F6F 		.ascii	"mpool\000"
 2076      6C00
 2077              		.comm	__gnu_lto_v1,1,1
 2078              		.ident	"GCC: (4.8.2-14ubuntu1+6) 4.8.2"
ARM GAS  /tmp/cc5GaSAK.s 			page 53


DEFINED SYMBOLS
                            *ABS*:0000000000000000 hal_pal.c
     /tmp/cc5GaSAK.s:204    .text.palReadBus:0000000000000000 $t
     /tmp/cc5GaSAK.s:210    .text.palReadBus:0000000000000000 palReadBus
     /tmp/cc5GaSAK.s:233    .text.palWriteBus:0000000000000000 $t
     /tmp/cc5GaSAK.s:239    .text.palWriteBus:0000000000000000 palWriteBus
     /tmp/cc5GaSAK.s:274    .text.palSetBusMode:0000000000000000 $t
     /tmp/cc5GaSAK.s:280    .text.palSetBusMode:0000000000000000 palSetBusMode
                            *COM*:0000000000000001 __gnu_lto_v1
                     .debug_frame:0000000000000010 $d

UNDEFINED SYMBOLS
_pal_lld_setgroupmode
