ARM GAS  /tmp/ccmPlb1v.s 			page 1


   1              		.syntax unified
   2              		.cpu cortex-m3
   3              		.fpu softvfp
   4              		.eabi_attribute 20, 1
   5              		.eabi_attribute 21, 1
   6              		.eabi_attribute 23, 3
   7              		.eabi_attribute 24, 1
   8              		.eabi_attribute 25, 1
   9              		.eabi_attribute 26, 1
  10              		.eabi_attribute 30, 2
  11              		.eabi_attribute 34, 1
  12              		.eabi_attribute 18, 4
  13              		.thumb
  14              		.file	"board.c"
  15              		.text
  16              	.Ltext0:
  17              		.section	.gnu.lto_.jmpfuncs.5276e3087c855643,"",%progbits
  18 0000 789C6362 		.ascii	"x\234cb`b\300\006\330\2414H\226\221\201\001\000\001"
  18      6062C006 
  18      D8A13448 
  18      96918101 
  18      0001
  19 0012 39000F   		.ascii	"9\000\017"
  20              		.text
  21              		.section	.gnu.lto_.inline.5276e3087c855643,"",%progbits
  22 0000 789C6362 		.ascii	"x\234cb`b\300\006\264\2414P\226\205\207\021\254\210"
  22      6062C006 
  22      B4A13450 
  22      96858711 
  22      AC88
  23 0012 6D813C58 		.ascii	"m\201<X-#\027\210``fB\025f\000\000,\340\001\347"
  23      2D231788 
  23      60606642 
  23      15660000 
  23      2CE001E7 
  24              		.text
  25              		.section	.gnu.lto_.pureconst.5276e3087c855643,"",%progbits
  26 0000 789C6362 		.ascii	"x\234cb`b`e\200\000&\006\011F\006\000\000\346\000%"
  26      60626065 
  26      80002606 
  26      09460600 
  26      00E60025 
  27              		.text
  28              		.section	.gnu.lto___early_init.5276e3087c855643,"",%progbits
  29 0000 789C6362 		.ascii	"x\234cb`b@\007\222@\\\011\304f@\314\310\314\300\310"
  29      60624007 
  29      92405C09 
  29      C46640CC 
  29      C8CCC0C8 
  30 0014 34E11C03 		.ascii	"4\341\034\003C#\007\023##\210\301\300\310P\317\304X"
  30      43230713 
  30      232388C1 
  30      C0C850CF 
  30      C458
  31 0026 1FC90856 		.ascii	"\037\311\010V\273\236\351\300\203\377\377\327mx\372"
  31      BB9EE9C0 
  31      83FFFFD7 
ARM GAS  /tmp/ccmPlb1v.s 			page 2


  31      6D78FA
  32 0035 301AA894 		.ascii	"0\032\250\224\201\201\225\241\245\241a\202\002\003C"
  32      818195A1 
  32      A5A16182 
  32      020343
  33 0044 32583E04 		.ascii	"2X>\004H\2024\20522\201h\346\363\014\315\017n\205%2"
  33      48823485 
  33      32328168 
  33      E6F30CCD 
  33      0F6E8525 
  34 0059 2E646405 		.ascii	".dd\005\312V3\374j\350h\020\310d\004\252\206\030\227"
  34      CA5633FC 
  34      6AE86810 
  34      C86404AA 
  34      861897
  35 006c 09A22F32 		.ascii	"\011\242/24>\270\315\004S\004\001!@\011\240\001 \307"
  35      343EB8CD 
  35      04530401 
  35      214009A0 
  35      0120C7
  36 007f 9AE8E9E9 		.ascii	"\232\350\351\351CP~\261~Fb\216~R~bQJ\261~pH|p\210\257"
  36      43507EB1 
  36      7E46628E 
  36      7E527E62 
  36      514AB17E 
  37 0099 B151984F 		.ascii	"\261Q\230O\274\213g\260\263\177\230kP$DN/\231\001\000"
  37      BC8B67B0 
  37      B37F986B 
  37      5024444E 
  37      2F990100 
  38 00ad 46DF31A8 		.ascii	"F\3371\250"
  39              		.text
  40              		.section	.gnu.lto_boardInit.5276e3087c855643,"",%progbits
  41 0000 789C6362 		.ascii	"x\234cb`b@\007\222@\034\010\304f@\314\310\314\300\310"
  41      60624007 
  41      92401C08 
  41      C46640CC 
  41      C8CCC0C8 
  42 0014 34E11C03 		.ascii	"4\341\034\003C#\007\023##\210\301\300\310P\317\304X"
  42      43230713 
  42      232388C1 
  42      C0C850CF 
  42      C458
  43 0026 1FC90856 		.ascii	"\037\311\010V\273\236\351\300\203\377\377\327]\330\371"
  43      BB9EE9C0 
  43      83FFFFD7 
  43      5DD8F9
  44 0035 30931164 		.ascii	"0\223\021d\022+CKC\303\004\005\006\206d\260|\010\220"
  44      122B434B 
  44      43C30405 
  44      068664B0 
  44      7C0890
  45 0048 04690A05 		.ascii	"\004i\012\005J\002i\346\213\014\214\211\214\013\031"
  45      4A0269E6 
  45      8B0C8C89 
  45      8C0B19
  46 0057 59E17685 		.ascii	"Y\341v\20502\202$@ZM\364\364\364!(\277X?#1G?)?\261("
ARM GAS  /tmp/ccmPlb1v.s 			page 3


  46      30328224 
  46      405A4DF4 
  46      F4F42128 
  46      BF583F23 
  47 0072 A5583F38 		.ascii	"\245X?8$>8\304\327\330(\314'\336\3053\330\331?\3145"
  47      243E38C4 
  47      D7D828CC 
  47      27DEC533 
  47      D8D93FCC 
  48 0087 281222A7 		.ascii	"(\022\"\247\227\314\000\000\267\010&\222"
  48      97CC0000 
  48      B7082692 
  49              		.text
  50              		.section	.gnu.lto_.symbol_nodes.5276e3087c855643,"",%progbits
  51 0000 789C6362 		.ascii	"x\234cb`b\260e\200\002\246;\214\365\014\014\023\316"
  51      6062B065 
  51      8002A63B 
  51      8CF50C0C 
  51      13CE
  52 0012 3130D4D7 		.ascii	"10\324\327\317\353`d\272\313X\317\210\340\262\336fd"
  52      CFEB6064 
  52      BACB58CF 
  52      88E0B2DE 
  52      6664
  53 0024 60AD6760 		.ascii	"`\255g`\274\307X\317\004\021mh`df`fh~\360\217\221\001"
  53      BCC758CF 
  53      04116D68 
  53      60646660 
  53      66687EF0 
  54 003b 003FAE12 		.ascii	"\000?\256\022\022"
  54      12
  55              		.text
  56              		.section	.gnu.lto_.refs.5276e3087c855643,"",%progbits
  57 0000 789C6362 		.ascii	"x\234cb`b`d\200\002\000\000F\000\006"
  57      60626064 
  57      80020000 
  57      460006
  58              		.text
  59              		.section	.gnu.lto_.decls.5276e3087c855643,"",%progbits
  60 0000 789CAD96 		.ascii	"x\234\255\226_h[U\030\300\277s3jb\303&\005\207\012\272"
  60      5F685B55 
  60      18C0BF73 
  60      336A62C3 
  60      2605870A 
  61 0015 4C990F03 		.ascii	"L\231\017\003s\273n\"\202\014f;k\265\272`\2671\237\256"
  61      73BB6E22 
  61      820C663B 
  61      6BB5BA60 
  61      B7319FAE 
  62 0029 6749B606 		.ascii	"gI\266\006\357\222\220\334\350\366vh\265\304!\230\224"
  62      EF9290DC 
  62      E8F67668 
  62      B5C42198 
  62      94
  63 003a 395FFC93 		.ascii	"9_\374\223\326\265Zu\254st\016\034,\223n\011\325\026"
  63      D6B55A75 
  63      AC73740E 
ARM GAS  /tmp/ccmPlb1v.s 			page 4


  63      1C2C936E 
  63      09D516
  64 004d 41F6A2C2 		.ascii	"A\366\242\302\256\370\342\223\177\036|(\214\305\357"
  64      AEF8E293 
  64      7F1E7C28 
  64      8CC5EF
  65 005c FCB94D6E 		.ascii	"\374\271Mn\232\264\267\340G\317\377\357\373}\337\371"
  65      9AB4B7E0 
  65      47CFFFEF 
  65      FB7DDFF9 
  66 006c CEB927D5 		.ascii	"\316\271'\325@\203<\000\324P~\367\003L\023\000\037\216"
  66      40833C00 
  66      D4507EF7 
  66      034C1300 
  66      1F8E
  67 007e F7425DF8 		.ascii	"\367B]\370x\002\3134\226\031,\250\002_\202[\370\272"
  67      7802CB34 
  67      96192CA8 
  67      025F825B 
  67      F8BA
  68 0090 86E51696 		.ascii	"\206\345\026\226I5\247\251\371\031X-\323\015}\3224v"
  68      4935A7A9 
  68      F919582D 
  68      D30D7DD2 
  68      3476
  69 00a2 641B7CCC 		.ascii	"d\033|\314J\266\375\366\331\357\011\033gwj5\037l\205"
  69      4AB6FDF6 
  69      D9EF091B 
  69      67776A35 
  69      1F6C85
  70 00b5 F7194A69 		.ascii	"\367\031Ji\2141bQ\262\367~8B(\331\034\200\220\350\004"
  70      8C316251 
  70      B2F77E38 
  70      4228D91C 
  70      8090E804 
  71 00c9 03B04998 		.ascii	"\003\260I\230R2I\266\252\336!\237\023\316S\004v\302"
  71      523249B6 
  71      AADE219F 
  71      13CE5304 
  71      76C2
  72 00db 0CDA1718 		.ascii	"\014\332\027\030\033y\214\264p\011\3608Lq\017\354s\346"
  72      1B798CB4 
  72      7009F038 
  72      4C710FEC 
  72      73E6
  73 00ed 137C4E98 		.ascii	"\023|N\230 \333\032U(\371\224h\315\201\316\332\345\037"
  73      20DB1A55 
  73      28F99468 
  73      CD81CEDA 
  73      E51F
  74 00ff E355F677 		.ascii	"\343U\366w\255\266E:\327\340E\202\252\347\310\3165\331"
  74      ADB6453A 
  74      D7E04582 
  74      AAE7C8CE 
  74      35D9
  75 0111 D3CDECCF 		.ascii	"\323\315\354\317V\263\355\202\375\313\330\257\243\244"
  75      56B3ED82 
ARM GAS  /tmp/ccmPlb1v.s 			page 5


  75      FDCBD8AF 
  75      A3A4
  76 011f 385A921E 		.ascii	"8Z\222\036\300q1F\232}H\310\027n\310\2430\301f\313\366"
  76      C0713146 
  76      9A7D48C8 
  76      176EC8A3 
  76      30C166CB 
  77 0134 D4D219C2 		.ascii	"\324\322\031\302J#\214\335\255\325H\027\024E*1\223\325"
  77      4A238CDD 
  77      ADD54817 
  77      14452A31 
  77      93D5
  78 0146 CDE0E4D1 		.ascii	"\315\340\344\321\3669\211|\006\355v\3009L\226}{a\251"
  78      F639897C 
  78      06ED76C0 
  78      394C967D 
  78      7B61A9
  79 0159 8731BFB2 		.ascii	"\2071\277\262\010\265U\247\344<\331\001\353\252q\305"
  79      08B555A7 
  79      E43CD901 
  79      EBAA71C5 
  80 0169 0BE85F06 		.ascii	"\013\350_\006.|\260\362?\225 \333$\347\241\305\226\224"
  80      2E7CB0F2 
  80      3F9520DB 
  80      24E7A1C5 
  80      9694
  81 017b 6C871257 		.ascii	"l\207\022W\376\267\362!n\344;\322\302\325k\216\247\340"
  81      FEB7F221 
  81      6EE43BD2 
  81      C2D56B8E 
  81      A7E0
  82 018d 4AFCE56B 		.ascii	"J\374\345k\025\022\242\344kT\327`\261)c\353!x0s\315"
  82      1512A2E4 
  82      6B54D760 
  82      B12963EB 
  82      21783073 
  83 01a2 C15E94C1 		.ascii	"\301^\224\301\316y\010v\244<W9\363 \0176\000y\034\362"
  83      CE790876 
  83      A43C5739 
  83      F3200F36 
  83      00791CF2 
  84 01b6 BBFB7C83 		.ascii	"\273\373|\2033\327\305U\371.\276w\343:\301c\302\205"
  84      33D7C555 
  84      F92EBE77 
  84      E33AC163 
  84      C285
  85 01c8 2B68A6C1 		.ascii	"+h\246\301\335\246\240\275\243>\031\277\3724\036\035"
  85      DDA6A0BD 
  85      A33E19BF 
  85      FA341E1D 
  86 01d8 25DF0AD0 		.ascii	"%\337\012\320\234\346\006QrO\300}sp\354(p\232XV\035"
  86      9CE60651 
  86      724FC07D 
  86      7370EC28 
  86      709A5856 
  87 01ed FE466C81 		.ascii	"\376Fl\201\215\252kP\026Ny\262Z\005\252\272R\224\202"
  87      8DAA6B50 
ARM GAS  /tmp/ccmPlb1v.s 			page 6


  87      164E79B2 
  87      5A05AABA 
  87      529482
  88 0200 2B81F6ED 		.ascii	"+\201\366\355\323\177\026\311\370(\253v;\371\230\337"
  88      D37F16C9 
  88      F828AB76 
  88      3BF998DF 
  89 0210 3031E43A 		.ascii	"01\344:\222\253\225`\201:\260\252\027\230\277Ex\255"
  89      92AB9560 
  89      813AB0AA 
  89      1798BF45 
  89      78AD
  90 0222 A4F1B250 		.ascii	"\244\361\262Pr\031?\007J\276!\333\261\276&\352\353X"
  90      72193F07 
  90      4ABE21DB 
  90      B1BE26EA 
  90      EB58
  91 0234 AF88063F 		.ascii	"\257\210\006?\010\337\027\352\276]wo\275\324\260\362"
  91      08DF17EA 
  91      BE5D776F 
  91      BDD4B0F2 
  92 0244 B2FA109C 		.ascii	"\262\372\020\234\333\375\223\027\236k/!\027\357N?\317"
  92      DBFD9317 
  92      9E6B2F21 
  92      17EF4E3F 
  92      CF
  93 0255 8B64FDEC 		.ascii	"\213d\375\354\205\365@\373\330\012/\324Y\277ya\205\332"
  93      85F540FB 
  93      D80A2FD4 
  93      59BF7961 
  93      85DA
  94 0267 C775B681 		.ascii	"\307u\266\201\365\207\027V\367Z\347\345\034\317\254"
  94      F5871756 
  94      F75AE7E5 
  94      1CCFAC
  95 0276 389E8BE2 		.ascii	"8\236\213\342`\346E}S\324UQ/\270\217\352\257U\237\216"
  95      60E6457D 
  95      53D45551 
  95      2FB88FEA 
  95      AF559F8E 
  96 028a 7CAB1AA8 		.ascii	"|\253\032\250\365G\015\274s\227W\270m\037\313E|\315"
  96      F5470DBC 
  96      739757B8 
  96      6D1FCB45 
  96      7CCD
  97 029c 1F81777D 		.ascii	"\037\201w}\0371yt{\340\022\313\227#\224|%\034rGr\252"
  97      1F317974 
  97      7BE012CB 
  97      9723947C 
  97      251C7247 
  98 02b2 5BE6485E 		.ascii	"[\346H^9\327g(\357\237\232z\353\203\305\251Nu\031\325"
  98      39D76728 
  98      EF9F9A7A 
  98      EB83C5A9 
  98      4E7519D5 
  99 02c6 D4957726 		.ascii	"\324\225w&\347\375\240\342\335\020,_\344\226.X\276\270"
  99      E7FDA0E2 
ARM GAS  /tmp/ccmPlb1v.s 			page 7


  99      DD102C5F 
  99      E4962E58 
  99      BEB8
 100 02d8 847CB5ED 		.ascii	"\204|\265\3555`\313^`\227\012*\262\352F#\233/\264\210"
 100      3560CB5E 
 100      60970A2A 
 100      B2EA4623 
 100      9B2FB488 
 101 02ec 4CC116FE 		.ascii	"L\301\026\376\227m\012\030@'\234\256?\307\362\247\271"
 101      976D0A18 
 101      40279CAE 
 101      3FC7F2A7 
 101      B9
 102 02fd DDBF25B7 		.ascii	"\335\277%\267H\247\353\026\355\011\207u\371\227\312"
 102      48A7EB16 
 102      ED098775 
 102      F997CA
 103 030c EAC3D4D4 		.ascii	"\352\303\324\324\217\246h&\226\325\207\016\032C\007"
 103      8FA66826 
 103      96D5870E 
 103      1A4307
 104 031b 5FDADD73 		.ascii	"_\332\335sx\320\350\033\030\352=px\377+\257\312\265"
 104      78D0E81B 
 104      18EA3D70 
 104      78FF2BAF 
 104      CAB5
 105 032d 70148286 		.ascii	"p\024\202\206\021\247\031\363\224\221H&\254\216\376"
 105      11A719F3 
 105      94914826 
 105      AC8EFE
 106 033c 970F857A 		.ascii	"\227\017\205z! \026\007p\242\273\031\231Ne,ND\234\254"
 106      21201607 
 106      70A2BB19 
 106      994E652C 
 106      4E449CAC 
 107 0350 9FDB75F2 		.ascii	"\237\333u\362$_1L3\026\036\206\373\262\326\211\335="
 107      245F314C 
 107      33161E86 
 107      FBB2D689 
 107      DD3D
 108 0362 46D44C45 		.ascii	"F\324LE_\027\310'\327\"\014\016\366\351\375\221\201"
 108      5F17C827 
 108      D7220C0E 
 108      F6E9FD91 
 108      81
 109 0373 036FEC12 		.ascii	"\003o\354\022\210\364\012\246Kb\216\247\023)#\033\267"
 109      88F40AA6 
 109      4B628EA7 
 109      1329231B 
 109      B7
 110 0384 7269C37A 		.ascii	"ri\303zX\317e3z\"\0315s\261\270\236\214\277i&\216\352"
 110      58CF6533 
 110      7A221935 
 110      73B1B89E 
 110      8CBF6926 
 111 039a 592B9648 		.ascii	"Y+\226HZh\340\317a\213\026\326\023\255\324N\320\350"
 111      5A68E0CF 
ARM GAS  /tmp/ccmPlb1v.s 			page 8


 111      618B16D6 
 111      13ADD44E 
 111      D0E8
 112 03ac 702219D7 		.ascii	"p\"\031\327\215X\374\030\315\231\226a\235J\307\263h"
 112      8D58FC18 
 112      CD999661 
 112      9D4AC7B3 
 112      68
 113 03bd 76AF6138 		.ascii	"v\257a8\206\276T,\343\213fL,\303\035\221}}\324\242\035"
 113      86BE542C 
 113      E38B664C 
 113      2CC31D91 
 113      7D7DD4A2 
 114 03d2 916765D3 		.ascii	"\221ge\323+\233>\331\354\347M \262o\2607\225<\2268\336"
 114      2B9B3ED9 
 114      ECE74D20 
 114      B26FB037 
 114      953C9638 
 115 03e7 C5C376C0 		.ascii	"\305\303v\300Q1\365P8\223\212\241Rx\365\322\177\177"
 115      5131F550 
 115      38938AA1 
 115      5278F5D2 
 115      7F7F
 116 03f9 7C5DDE   		.ascii	"|]\336"
 117              		.text
 118              		.section	.gnu.lto_.symtab.5276e3087c855643,"",%progbits
 119 0000 5F5F6561 		.ascii	"__early_init\000\000\000\000\000\000\000\000\000\000"
 119      726C795F 
 119      696E6974 
 119      00000000 
 119      00000000 
 120 0016 0000A100 		.ascii	"\000\000\241\000\000\000boardInit\000\000\000\000\000"
 120      0000626F 
 120      61726449 
 120      6E697400 
 120      00000000 
 121 002a 00000000 		.ascii	"\000\000\000\000\000\000\000\246\000\000\000pal_def"
 121      000000A6 
 121      00000070 
 121      616C5F64 
 121      6566
 122 003c 61756C74 		.ascii	"ault_config\000\000\000\000\000\000\000\000\000\000"
 122      5F636F6E 
 122      66696700 
 122      00000000 
 122      00000000 
 123 0051 0000AB00 		.ascii	"\000\000\253\000\000\000stm32_clock_init\000\000\002"
 123      00007374 
 123      6D33325F 
 123      636C6F63 
 123      6B5F696E 
 124 006a 00000000 		.ascii	"\000\000\000\000\000\000\000\000\000\251\000\000\000"
 124      00000000 
 124      00A90000 
 124      00
 125              		.text
 126              		.section	.gnu.lto_.opts,"",%progbits
ARM GAS  /tmp/ccmPlb1v.s 			page 9


 127 0000 272D6D63 		.ascii	"'-mcpu=cortex-m3' '-mno-thumb-interwork' '-mthumb' "
 127      70753D63 
 127      6F727465 
 127      782D6D33 
 127      2720272D 
 128 0033 272D6767 		.ascii	"'-ggdb' '-O2' '-fomit-frame-pointer' '-falign-funct"
 128      64622720 
 128      272D4F32 
 128      2720272D 
 128      666F6D69 
 129 0066 696F6E73 		.ascii	"ions=16' '-ffunction-sections' '-fdata-sections' '-"
 129      3D313627 
 129      20272D66 
 129      66756E63 
 129      74696F6E 
 130 0099 666E6F2D 		.ascii	"fno-common' '-flto'\000"
 130      636F6D6D 
 130      6F6E2720 
 130      272D666C 
 130      746F2700 
 131              		.text
 132              		.cfi_sections	.debug_frame
 133              		.section	.text.__early_init,"ax",%progbits
 134              		.align	2
 135              		.p2align 4,,15
 136              		.global	__early_init
 137              		.thumb
 138              		.thumb_func
 139              		.type	__early_init, %function
 140              	__early_init:
 141              	.LFB219:
 142              		.file 1 "../../../os/hal/boards/ST_STM32VL_DISCOVERY/board.c"
 143              		.loc 1 40 0
 144              		.cfi_startproc
 145              		@ args = 0, pretend = 0, frame = 0
 146              		@ frame_needed = 0, uses_anonymous_args = 0
 147              		@ link register save eliminated.
 148              		.loc 1 42 0
 149 0000 FFF7FEBF 		b	stm32_clock_init
 150              	.LVL0:
 151              		.cfi_endproc
 152              	.LFE219:
 153              		.size	__early_init, .-__early_init
 154 0004 AFF30080 		.section	.text.boardInit,"ax",%progbits
 154      AFF30080 
 154      AFF30080 
 155              		.align	2
 156              		.p2align 4,,15
 157              		.global	boardInit
 158              		.thumb
 159              		.thumb_func
 160              		.type	boardInit, %function
 161              	boardInit:
 162              	.LFB220:
 163              		.loc 1 48 0
 164              		.cfi_startproc
 165              		@ args = 0, pretend = 0, frame = 0
ARM GAS  /tmp/ccmPlb1v.s 			page 10


 166              		@ frame_needed = 0, uses_anonymous_args = 0
 167              		@ link register save eliminated.
 168 0000 7047     		bx	lr
 169              		.cfi_endproc
 170              	.LFE220:
 171              		.size	boardInit, .-boardInit
 172              		.global	pal_default_config
 173 0002 00BFAFF3 		.section	.rodata.pal_default_config,"a",%progbits
 173      0080AFF3 
 173      0080AFF3 
 173      0080
 174              		.align	2
 175              		.type	pal_default_config, %object
 176              		.size	pal_default_config, 60
 177              	pal_default_config:
 178 0000 FFFFFFFF 		.word	-1
 179 0004 844BB3B4 		.word	-1263318140
 180 0008 B8848888 		.word	-2004319048
 181 000c FFFFFFFF 		.word	-1
 182 0010 88888888 		.word	-2004318072
 183 0014 8888B3B4 		.word	-1263302520
 184 0018 FFFCFFFF 		.word	-769
 185 001c 88888888 		.word	-2004318072
 186 0020 33888888 		.word	-2004318157
 187 0024 FFFFFFFF 		.word	-1
 188 0028 44888888 		.word	-2004318140
 189 002c 88888888 		.word	-2004318072
 190 0030 FFFFFFFF 		.word	-1
 191 0034 88888888 		.word	-2004318072
 192 0038 88888888 		.word	-2004318072
 193              		.text
 194              	.Letext0:
 195              		.file 2 "/usr/include/newlib/machine/_default_types.h"
 196              		.file 3 "/usr/include/newlib/stdint.h"
 197              		.file 4 "../../../os/common/ports/ARMCMx/compilers/GCC/chtypes.h"
 198              		.file 5 "../../../os/rt/include/chsystypes.h"
 199              		.file 6 "../../../os/rt/include/chschd.h"
 200              		.file 7 "../../../os/common/ports/ARMCMx/chcore.h"
 201              		.file 8 "../../../os/common/ports/ARMCMx/chcore_v7m.h"
 202              		.file 9 "../../../os/rt/include/chsem.h"
 203              		.file 10 "../../../os/rt/include/chmtx.h"
 204              		.file 11 "../../../os/hal/ports/STM32/LLD/GPIOv1/hal_pal_lld.h"
 205              		.file 12 "../../../os/common/ext/CMSIS/include/core_cm3.h"
 206              		.file 13 "../../../os/hal/ports/STM32/STM32F1xx/hal_lld.h"
 207              		.section	.debug_info,"",%progbits
 208              	.Ldebug_info0:
 209 0000 C9060000 		.4byte	0x6c9
 210 0004 0400     		.2byte	0x4
 211 0006 00000000 		.4byte	.Ldebug_abbrev0
 212 000a 04       		.byte	0x4
 213 000b 01       		.uleb128 0x1
 214 000c 61000000 		.4byte	.LASF98
 215 0010 01       		.byte	0x1
 216 0011 79010000 		.4byte	.LASF99
 217 0015 04010000 		.4byte	.LASF100
 218 0019 00000000 		.4byte	.Ldebug_ranges0+0
 219 001d 00000000 		.4byte	0
ARM GAS  /tmp/ccmPlb1v.s 			page 11


 220 0021 00000000 		.4byte	.Ldebug_line0
 221 0025 02       		.uleb128 0x2
 222 0026 04       		.byte	0x4
 223 0027 05       		.byte	0x5
 224 0028 696E7400 		.ascii	"int\000"
 225 002c 03       		.uleb128 0x3
 226 002d 04       		.byte	0x4
 227 002e 07       		.byte	0x7
 228 002f 27030000 		.4byte	.LASF0
 229 0033 03       		.uleb128 0x3
 230 0034 01       		.byte	0x1
 231 0035 06       		.byte	0x6
 232 0036 0C030000 		.4byte	.LASF1
 233 003a 04       		.uleb128 0x4
 234 003b A5020000 		.4byte	.LASF4
 235 003f 02       		.byte	0x2
 236 0040 1C       		.byte	0x1c
 237 0041 45000000 		.4byte	0x45
 238 0045 03       		.uleb128 0x3
 239 0046 01       		.byte	0x1
 240 0047 08       		.byte	0x8
 241 0048 F1020000 		.4byte	.LASF2
 242 004c 03       		.uleb128 0x3
 243 004d 02       		.byte	0x2
 244 004e 05       		.byte	0x5
 245 004f 57000000 		.4byte	.LASF3
 246 0053 04       		.uleb128 0x4
 247 0054 62010000 		.4byte	.LASF5
 248 0058 02       		.byte	0x2
 249 0059 26       		.byte	0x26
 250 005a 5E000000 		.4byte	0x5e
 251 005e 03       		.uleb128 0x3
 252 005f 02       		.byte	0x2
 253 0060 07       		.byte	0x7
 254 0061 76030000 		.4byte	.LASF6
 255 0065 04       		.uleb128 0x4
 256 0066 41040000 		.4byte	.LASF7
 257 006a 02       		.byte	0x2
 258 006b 37       		.byte	0x37
 259 006c 70000000 		.4byte	0x70
 260 0070 03       		.uleb128 0x3
 261 0071 04       		.byte	0x4
 262 0072 05       		.byte	0x5
 263 0073 64020000 		.4byte	.LASF8
 264 0077 04       		.uleb128 0x4
 265 0078 17040000 		.4byte	.LASF9
 266 007c 02       		.byte	0x2
 267 007d 38       		.byte	0x38
 268 007e 82000000 		.4byte	0x82
 269 0082 03       		.uleb128 0x3
 270 0083 04       		.byte	0x4
 271 0084 07       		.byte	0x7
 272 0085 FB030000 		.4byte	.LASF10
 273 0089 03       		.uleb128 0x3
 274 008a 08       		.byte	0x8
 275 008b 05       		.byte	0x5
 276 008c 2E020000 		.4byte	.LASF11
ARM GAS  /tmp/ccmPlb1v.s 			page 12


 277 0090 04       		.uleb128 0x4
 278 0091 DB030000 		.4byte	.LASF12
 279 0095 02       		.byte	0x2
 280 0096 4E       		.byte	0x4e
 281 0097 9B000000 		.4byte	0x9b
 282 009b 03       		.uleb128 0x3
 283 009c 08       		.byte	0x8
 284 009d 07       		.byte	0x7
 285 009e 3C020000 		.4byte	.LASF13
 286 00a2 04       		.uleb128 0x4
 287 00a3 F0010000 		.4byte	.LASF14
 288 00a7 03       		.byte	0x3
 289 00a8 2A       		.byte	0x2a
 290 00a9 3A000000 		.4byte	0x3a
 291 00ad 04       		.uleb128 0x4
 292 00ae 34030000 		.4byte	.LASF15
 293 00b2 03       		.byte	0x3
 294 00b3 36       		.byte	0x36
 295 00b4 53000000 		.4byte	0x53
 296 00b8 04       		.uleb128 0x4
 297 00b9 B7030000 		.4byte	.LASF16
 298 00bd 03       		.byte	0x3
 299 00be 41       		.byte	0x41
 300 00bf 65000000 		.4byte	0x65
 301 00c3 04       		.uleb128 0x4
 302 00c4 1E030000 		.4byte	.LASF17
 303 00c8 03       		.byte	0x3
 304 00c9 42       		.byte	0x42
 305 00ca 77000000 		.4byte	0x77
 306 00ce 04       		.uleb128 0x4
 307 00cf 43000000 		.4byte	.LASF18
 308 00d3 03       		.byte	0x3
 309 00d4 4E       		.byte	0x4e
 310 00d5 90000000 		.4byte	0x90
 311 00d9 04       		.uleb128 0x4
 312 00da AD010000 		.4byte	.LASF19
 313 00de 04       		.byte	0x4
 314 00df 3C       		.byte	0x3c
 315 00e0 A2000000 		.4byte	0xa2
 316 00e4 04       		.uleb128 0x4
 317 00e5 F2030000 		.4byte	.LASF20
 318 00e9 04       		.byte	0x4
 319 00ea 3D       		.byte	0x3d
 320 00eb A2000000 		.4byte	0xa2
 321 00ef 04       		.uleb128 0x4
 322 00f0 09000000 		.4byte	.LASF21
 323 00f4 04       		.byte	0x4
 324 00f5 3E       		.byte	0x3e
 325 00f6 A2000000 		.4byte	0xa2
 326 00fa 04       		.uleb128 0x4
 327 00fb 53020000 		.4byte	.LASF22
 328 00ff 04       		.byte	0x4
 329 0100 40       		.byte	0x40
 330 0101 C3000000 		.4byte	0xc3
 331 0105 04       		.uleb128 0x4
 332 0106 F8040000 		.4byte	.LASF23
 333 010a 04       		.byte	0x4
ARM GAS  /tmp/ccmPlb1v.s 			page 13


 334 010b 41       		.byte	0x41
 335 010c B8000000 		.4byte	0xb8
 336 0110 04       		.uleb128 0x4
 337 0111 6D010000 		.4byte	.LASF24
 338 0115 04       		.byte	0x4
 339 0116 43       		.byte	0x43
 340 0117 C3000000 		.4byte	0xc3
 341 011b 04       		.uleb128 0x4
 342 011c BF030000 		.4byte	.LASF25
 343 0120 04       		.byte	0x4
 344 0121 45       		.byte	0x45
 345 0122 B8000000 		.4byte	0xb8
 346 0126 04       		.uleb128 0x4
 347 0127 89030000 		.4byte	.LASF26
 348 012b 05       		.byte	0x5
 349 012c 35       		.byte	0x35
 350 012d AD000000 		.4byte	0xad
 351 0131 04       		.uleb128 0x4
 352 0132 00000000 		.4byte	.LASF27
 353 0136 05       		.byte	0x5
 354 0137 3F       		.byte	0x3f
 355 0138 3C010000 		.4byte	0x13c
 356 013c 05       		.uleb128 0x5
 357 013d 12020000 		.4byte	.LASF45
 358 0141 44       		.byte	0x44
 359 0142 06       		.byte	0x6
 360 0143 9A       		.byte	0x9a
 361 0144 1A020000 		.4byte	0x21a
 362 0148 06       		.uleb128 0x6
 363 0149 CE020000 		.4byte	.LASF28
 364 014d 06       		.byte	0x6
 365 014e 9B       		.byte	0x9b
 366 014f 4F020000 		.4byte	0x24f
 367 0153 00       		.byte	0
 368 0154 06       		.uleb128 0x6
 369 0155 FE040000 		.4byte	.LASF29
 370 0159 06       		.byte	0x6
 371 015a 9C       		.byte	0x9c
 372 015b FA000000 		.4byte	0xfa
 373 015f 08       		.byte	0x8
 374 0160 07       		.uleb128 0x7
 375 0161 63747800 		.ascii	"ctx\000"
 376 0165 06       		.byte	0x6
 377 0166 9D       		.byte	0x9d
 378 0167 3B040000 		.4byte	0x43b
 379 016b 0C       		.byte	0xc
 380 016c 06       		.uleb128 0x6
 381 016d C8020000 		.4byte	.LASF30
 382 0171 06       		.byte	0x6
 383 0172 9F       		.byte	0x9f
 384 0173 25020000 		.4byte	0x225
 385 0177 10       		.byte	0x10
 386 0178 06       		.uleb128 0x6
 387 0179 1C020000 		.4byte	.LASF31
 388 017d 06       		.byte	0x6
 389 017e A0       		.byte	0xa0
 390 017f 25020000 		.4byte	0x225
ARM GAS  /tmp/ccmPlb1v.s 			page 14


 391 0183 14       		.byte	0x14
 392 0184 06       		.uleb128 0x6
 393 0185 D4020000 		.4byte	.LASF32
 394 0189 06       		.byte	0x6
 395 018a A7       		.byte	0xa7
 396 018b A0050000 		.4byte	0x5a0
 397 018f 18       		.byte	0x18
 398 0190 06       		.uleb128 0x6
 399 0191 22020000 		.4byte	.LASF33
 400 0195 06       		.byte	0x6
 401 0196 B0       		.byte	0xb0
 402 0197 B2050000 		.4byte	0x5b2
 403 019b 1C       		.byte	0x1c
 404 019c 06       		.uleb128 0x6
 405 019d 3D000000 		.4byte	.LASF34
 406 01a1 06       		.byte	0x6
 407 01a2 B5       		.byte	0xb5
 408 01a3 E4000000 		.4byte	0xe4
 409 01a7 20       		.byte	0x20
 410 01a8 06       		.uleb128 0x6
 411 01a9 18030000 		.4byte	.LASF35
 412 01ad 06       		.byte	0x6
 413 01ae B9       		.byte	0xb9
 414 01af D9000000 		.4byte	0xd9
 415 01b3 21       		.byte	0x21
 416 01b4 06       		.uleb128 0x6
 417 01b5 E6030000 		.4byte	.LASF36
 418 01b9 06       		.byte	0x6
 419 01ba BE       		.byte	0xbe
 420 01bb EF000000 		.4byte	0xef
 421 01bf 22       		.byte	0x22
 422 01c0 08       		.uleb128 0x8
 423 01c1 7500     		.ascii	"u\000"
 424 01c3 06       		.byte	0x6
 425 01c4 0F01     		.2byte	0x10f
 426 01c6 D5040000 		.4byte	0x4d5
 427 01ca 24       		.byte	0x24
 428 01cb 09       		.uleb128 0x9
 429 01cc B2040000 		.4byte	.LASF37
 430 01d0 06       		.byte	0x6
 431 01d1 1401     		.2byte	0x114
 432 01d3 2B020000 		.4byte	0x22b
 433 01d7 28       		.byte	0x28
 434 01d8 09       		.uleb128 0x9
 435 01d9 D8010000 		.4byte	.LASF38
 436 01dd 06       		.byte	0x6
 437 01de 1A01     		.2byte	0x11a
 438 01e0 4F020000 		.4byte	0x24f
 439 01e4 2C       		.byte	0x2c
 440 01e5 09       		.uleb128 0x9
 441 01e6 21000000 		.4byte	.LASF39
 442 01ea 06       		.byte	0x6
 443 01eb 2001     		.2byte	0x120
 444 01ed 10010000 		.4byte	0x110
 445 01f1 34       		.byte	0x34
 446 01f2 09       		.uleb128 0x9
 447 01f3 65040000 		.4byte	.LASF40
ARM GAS  /tmp/ccmPlb1v.s 			page 15


 448 01f7 06       		.byte	0x6
 449 01f8 2701     		.2byte	0x127
 450 01fa 9A050000 		.4byte	0x59a
 451 01fe 38       		.byte	0x38
 452 01ff 09       		.uleb128 0x9
 453 0200 C5030000 		.4byte	.LASF41
 454 0204 06       		.byte	0x6
 455 0205 2B01     		.2byte	0x12b
 456 0207 FA000000 		.4byte	0xfa
 457 020b 3C       		.byte	0x3c
 458 020c 09       		.uleb128 0x9
 459 020d 81040000 		.4byte	.LASF42
 460 0211 06       		.byte	0x6
 461 0212 3201     		.2byte	0x132
 462 0214 02030000 		.4byte	0x302
 463 0218 40       		.byte	0x40
 464 0219 00       		.byte	0
 465 021a 04       		.uleb128 0x4
 466 021b 4B040000 		.4byte	.LASF43
 467 021f 05       		.byte	0x5
 468 0220 44       		.byte	0x44
 469 0221 25020000 		.4byte	0x225
 470 0225 0A       		.uleb128 0xa
 471 0226 04       		.byte	0x4
 472 0227 31010000 		.4byte	0x131
 473 022b 04       		.uleb128 0x4
 474 022c 0F050000 		.4byte	.LASF44
 475 0230 05       		.byte	0x5
 476 0231 49       		.byte	0x49
 477 0232 36020000 		.4byte	0x236
 478 0236 05       		.uleb128 0x5
 479 0237 B5010000 		.4byte	.LASF46
 480 023b 04       		.byte	0x4
 481 023c 06       		.byte	0x6
 482 023d 88       		.byte	0x88
 483 023e 4F020000 		.4byte	0x24f
 484 0242 06       		.uleb128 0x6
 485 0243 03050000 		.4byte	.LASF47
 486 0247 06       		.byte	0x6
 487 0248 89       		.byte	0x89
 488 0249 25020000 		.4byte	0x225
 489 024d 00       		.byte	0
 490 024e 00       		.byte	0
 491 024f 04       		.uleb128 0x4
 492 0250 66030000 		.4byte	.LASF48
 493 0254 05       		.byte	0x5
 494 0255 50       		.byte	0x50
 495 0256 5A020000 		.4byte	0x25a
 496 025a 05       		.uleb128 0x5
 497 025b F8010000 		.4byte	.LASF49
 498 025f 08       		.byte	0x8
 499 0260 06       		.byte	0x6
 500 0261 8F       		.byte	0x8f
 501 0262 7F020000 		.4byte	0x27f
 502 0266 06       		.uleb128 0x6
 503 0267 03050000 		.4byte	.LASF47
 504 026b 06       		.byte	0x6
ARM GAS  /tmp/ccmPlb1v.s 			page 16


 505 026c 90       		.byte	0x90
 506 026d 25020000 		.4byte	0x225
 507 0271 00       		.byte	0
 508 0272 06       		.uleb128 0x6
 509 0273 D5040000 		.4byte	.LASF50
 510 0277 06       		.byte	0x6
 511 0278 91       		.byte	0x91
 512 0279 25020000 		.4byte	0x225
 513 027d 04       		.byte	0x4
 514 027e 00       		.byte	0
 515 027f 04       		.uleb128 0x4
 516 0280 90040000 		.4byte	.LASF51
 517 0284 05       		.byte	0x5
 518 0285 57       		.byte	0x57
 519 0286 8A020000 		.4byte	0x28a
 520 028a 0B       		.uleb128 0xb
 521 028b BA040000 		.4byte	.LASF52
 522 028f 1C       		.byte	0x1c
 523 0290 06       		.byte	0x6
 524 0291 6A01     		.2byte	0x16a
 525 0293 E6020000 		.4byte	0x2e6
 526 0297 09       		.uleb128 0x9
 527 0298 CE020000 		.4byte	.LASF28
 528 029c 06       		.byte	0x6
 529 029d 6B01     		.2byte	0x16b
 530 029f 4F020000 		.4byte	0x24f
 531 02a3 00       		.byte	0
 532 02a4 09       		.uleb128 0x9
 533 02a5 FE040000 		.4byte	.LASF29
 534 02a9 06       		.byte	0x6
 535 02aa 6C01     		.2byte	0x16c
 536 02ac FA000000 		.4byte	0xfa
 537 02b0 08       		.byte	0x8
 538 02b1 08       		.uleb128 0x8
 539 02b2 63747800 		.ascii	"ctx\000"
 540 02b6 06       		.byte	0x6
 541 02b7 6E01     		.2byte	0x16e
 542 02b9 3B040000 		.4byte	0x43b
 543 02bd 0C       		.byte	0xc
 544 02be 09       		.uleb128 0x9
 545 02bf C8020000 		.4byte	.LASF30
 546 02c3 06       		.byte	0x6
 547 02c4 7101     		.2byte	0x171
 548 02c6 25020000 		.4byte	0x225
 549 02ca 10       		.byte	0x10
 550 02cb 09       		.uleb128 0x9
 551 02cc 1C020000 		.4byte	.LASF31
 552 02d0 06       		.byte	0x6
 553 02d1 7201     		.2byte	0x172
 554 02d3 25020000 		.4byte	0x225
 555 02d7 14       		.byte	0x14
 556 02d8 09       		.uleb128 0x9
 557 02d9 9D040000 		.4byte	.LASF53
 558 02dd 06       		.byte	0x6
 559 02de 7501     		.2byte	0x175
 560 02e0 25020000 		.4byte	0x225
 561 02e4 18       		.byte	0x18
ARM GAS  /tmp/ccmPlb1v.s 			page 17


 562 02e5 00       		.byte	0
 563 02e6 04       		.uleb128 0x4
 564 02e7 87040000 		.4byte	.LASF54
 565 02eb 05       		.byte	0x5
 566 02ec 5C       		.byte	0x5c
 567 02ed F1020000 		.4byte	0x2f1
 568 02f1 0A       		.uleb128 0xa
 569 02f2 04       		.byte	0x4
 570 02f3 F7020000 		.4byte	0x2f7
 571 02f7 0C       		.uleb128 0xc
 572 02f8 02030000 		.4byte	0x302
 573 02fc 0D       		.uleb128 0xd
 574 02fd 02030000 		.4byte	0x302
 575 0301 00       		.byte	0
 576 0302 0E       		.uleb128 0xe
 577 0303 04       		.byte	0x4
 578 0304 04       		.uleb128 0x4
 579 0305 8B020000 		.4byte	.LASF55
 580 0309 05       		.byte	0x5
 581 030a 61       		.byte	0x61
 582 030b 0F030000 		.4byte	0x30f
 583 030f 0B       		.uleb128 0xb
 584 0310 A6030000 		.4byte	.LASF56
 585 0314 14       		.byte	0x14
 586 0315 06       		.byte	0x6
 587 0316 4501     		.2byte	0x145
 588 0318 5E030000 		.4byte	0x35e
 589 031c 09       		.uleb128 0x9
 590 031d 03050000 		.4byte	.LASF47
 591 0321 06       		.byte	0x6
 592 0322 4601     		.2byte	0x146
 593 0324 B8050000 		.4byte	0x5b8
 594 0328 00       		.byte	0
 595 0329 09       		.uleb128 0x9
 596 032a D5040000 		.4byte	.LASF50
 597 032e 06       		.byte	0x6
 598 032f 4701     		.2byte	0x147
 599 0331 B8050000 		.4byte	0x5b8
 600 0335 04       		.byte	0x4
 601 0336 09       		.uleb128 0x9
 602 0337 EA010000 		.4byte	.LASF57
 603 033b 06       		.byte	0x6
 604 033c 4801     		.2byte	0x148
 605 033e 26010000 		.4byte	0x126
 606 0342 08       		.byte	0x8
 607 0343 09       		.uleb128 0x9
 608 0344 29020000 		.4byte	.LASF58
 609 0348 06       		.byte	0x6
 610 0349 4901     		.2byte	0x149
 611 034b E6020000 		.4byte	0x2e6
 612 034f 0C       		.byte	0xc
 613 0350 08       		.uleb128 0x8
 614 0351 70617200 		.ascii	"par\000"
 615 0355 06       		.byte	0x6
 616 0356 4B01     		.2byte	0x14b
 617 0358 02030000 		.4byte	0x302
 618 035c 10       		.byte	0x10
ARM GAS  /tmp/ccmPlb1v.s 			page 18


 619 035d 00       		.byte	0
 620 035e 04       		.uleb128 0x4
 621 035f 50030000 		.4byte	.LASF59
 622 0363 05       		.byte	0x5
 623 0364 66       		.byte	0x66
 624 0365 69030000 		.4byte	0x369
 625 0369 0B       		.uleb128 0xb
 626 036a DA040000 		.4byte	.LASF60
 627 036e 0C       		.byte	0xc
 628 036f 06       		.byte	0x6
 629 0370 5501     		.2byte	0x155
 630 0372 AB030000 		.4byte	0x3ab
 631 0376 09       		.uleb128 0x9
 632 0377 03050000 		.4byte	.LASF47
 633 037b 06       		.byte	0x6
 634 037c 5601     		.2byte	0x156
 635 037e B8050000 		.4byte	0x5b8
 636 0382 00       		.byte	0
 637 0383 09       		.uleb128 0x9
 638 0384 D5040000 		.4byte	.LASF50
 639 0388 06       		.byte	0x6
 640 0389 5801     		.2byte	0x158
 641 038b B8050000 		.4byte	0x5b8
 642 038f 04       		.byte	0x4
 643 0390 09       		.uleb128 0x9
 644 0391 EA010000 		.4byte	.LASF57
 645 0395 06       		.byte	0x6
 646 0396 5A01     		.2byte	0x15a
 647 0398 26010000 		.4byte	0x126
 648 039c 08       		.byte	0x8
 649 039d 09       		.uleb128 0x9
 650 039e 5B020000 		.4byte	.LASF61
 651 03a2 06       		.byte	0x6
 652 03a3 6201     		.2byte	0x162
 653 03a5 26010000 		.4byte	0x126
 654 03a9 0A       		.byte	0xa
 655 03aa 00       		.byte	0
 656 03ab 04       		.uleb128 0x4
 657 03ac 43010000 		.4byte	.LASF62
 658 03b0 05       		.byte	0x5
 659 03b1 6B       		.byte	0x6b
 660 03b2 B6030000 		.4byte	0x3b6
 661 03b6 0B       		.uleb128 0xb
 662 03b7 11000000 		.4byte	.LASF63
 663 03bb 04       		.byte	0x4
 664 03bc 06       		.byte	0x6
 665 03bd 7C01     		.2byte	0x17c
 666 03bf D1030000 		.4byte	0x3d1
 667 03c3 09       		.uleb128 0x9
 668 03c4 0D040000 		.4byte	.LASF64
 669 03c8 06       		.byte	0x6
 670 03c9 8401     		.2byte	0x184
 671 03cb BE050000 		.4byte	0x5be
 672 03cf 00       		.byte	0
 673 03d0 00       		.byte	0
 674 03d1 04       		.uleb128 0x4
 675 03d2 CC010000 		.4byte	.LASF65
ARM GAS  /tmp/ccmPlb1v.s 			page 19


 676 03d6 05       		.byte	0x5
 677 03d7 70       		.byte	0x70
 678 03d8 DC030000 		.4byte	0x3dc
 679 03dc 0B       		.uleb128 0xb
 680 03dd 74020000 		.4byte	.LASF66
 681 03e1 70       		.byte	0x70
 682 03e2 06       		.byte	0x6
 683 03e3 9C01     		.2byte	0x19c
 684 03e5 1E040000 		.4byte	0x41e
 685 03e9 09       		.uleb128 0x9
 686 03ea 93030000 		.4byte	.LASF67
 687 03ee 06       		.byte	0x6
 688 03ef A001     		.2byte	0x1a0
 689 03f1 7F020000 		.4byte	0x27f
 690 03f5 00       		.byte	0
 691 03f6 09       		.uleb128 0x9
 692 03f7 C5010000 		.4byte	.LASF68
 693 03fb 06       		.byte	0x6
 694 03fc A401     		.2byte	0x1a4
 695 03fe 5E030000 		.4byte	0x35e
 696 0402 1C       		.byte	0x1c
 697 0403 08       		.uleb128 0x8
 698 0404 64626700 		.ascii	"dbg\000"
 699 0408 06       		.byte	0x6
 700 0409 A801     		.2byte	0x1a8
 701 040b AB030000 		.4byte	0x3ab
 702 040f 28       		.byte	0x28
 703 0410 09       		.uleb128 0x9
 704 0411 4C000000 		.4byte	.LASF69
 705 0415 06       		.byte	0x6
 706 0416 AC01     		.2byte	0x1ac
 707 0418 31010000 		.4byte	0x131
 708 041c 2C       		.byte	0x2c
 709 041d 00       		.byte	0
 710 041e 03       		.uleb128 0x3
 711 041f 04       		.byte	0x4
 712 0420 07       		.byte	0x7
 713 0421 52010000 		.4byte	.LASF70
 714 0425 04       		.uleb128 0x4
 715 0426 E1010000 		.4byte	.LASF71
 716 042a 07       		.byte	0x7
 717 042b 65       		.byte	0x65
 718 042c 02030000 		.4byte	0x302
 719 0430 04       		.uleb128 0x4
 720 0431 6D040000 		.4byte	.LASF72
 721 0435 07       		.byte	0x7
 722 0436 6D       		.byte	0x6d
 723 0437 CE000000 		.4byte	0xce
 724 043b 05       		.uleb128 0x5
 725 043c 7E020000 		.4byte	.LASF73
 726 0440 04       		.byte	0x4
 727 0441 07       		.byte	0x7
 728 0442 89       		.byte	0x89
 729 0443 53040000 		.4byte	0x453
 730 0447 07       		.uleb128 0x7
 731 0448 737000   		.ascii	"sp\000"
 732 044b 07       		.byte	0x7
ARM GAS  /tmp/ccmPlb1v.s 			page 20


 733 044c 8A       		.byte	0x8a
 734 044d CF040000 		.4byte	0x4cf
 735 0451 00       		.byte	0
 736 0452 00       		.byte	0
 737 0453 0B       		.uleb128 0xb
 738 0454 35040000 		.4byte	.LASF74
 739 0458 24       		.byte	0x24
 740 0459 08       		.byte	0x8
 741 045a 5901     		.2byte	0x159
 742 045c CF040000 		.4byte	0x4cf
 743 0460 08       		.uleb128 0x8
 744 0461 723400   		.ascii	"r4\000"
 745 0464 08       		.byte	0x8
 746 0465 6C01     		.2byte	0x16c
 747 0467 25040000 		.4byte	0x425
 748 046b 00       		.byte	0
 749 046c 08       		.uleb128 0x8
 750 046d 723500   		.ascii	"r5\000"
 751 0470 08       		.byte	0x8
 752 0471 6D01     		.2byte	0x16d
 753 0473 25040000 		.4byte	0x425
 754 0477 04       		.byte	0x4
 755 0478 08       		.uleb128 0x8
 756 0479 723600   		.ascii	"r6\000"
 757 047c 08       		.byte	0x8
 758 047d 6E01     		.2byte	0x16e
 759 047f 25040000 		.4byte	0x425
 760 0483 08       		.byte	0x8
 761 0484 08       		.uleb128 0x8
 762 0485 723700   		.ascii	"r7\000"
 763 0488 08       		.byte	0x8
 764 0489 6F01     		.2byte	0x16f
 765 048b 25040000 		.4byte	0x425
 766 048f 0C       		.byte	0xc
 767 0490 08       		.uleb128 0x8
 768 0491 723800   		.ascii	"r8\000"
 769 0494 08       		.byte	0x8
 770 0495 7001     		.2byte	0x170
 771 0497 25040000 		.4byte	0x425
 772 049b 10       		.byte	0x10
 773 049c 08       		.uleb128 0x8
 774 049d 723900   		.ascii	"r9\000"
 775 04a0 08       		.byte	0x8
 776 04a1 7101     		.2byte	0x171
 777 04a3 25040000 		.4byte	0x425
 778 04a7 14       		.byte	0x14
 779 04a8 08       		.uleb128 0x8
 780 04a9 72313000 		.ascii	"r10\000"
 781 04ad 08       		.byte	0x8
 782 04ae 7201     		.2byte	0x172
 783 04b0 25040000 		.4byte	0x425
 784 04b4 18       		.byte	0x18
 785 04b5 08       		.uleb128 0x8
 786 04b6 72313100 		.ascii	"r11\000"
 787 04ba 08       		.byte	0x8
 788 04bb 7301     		.2byte	0x173
 789 04bd 25040000 		.4byte	0x425
ARM GAS  /tmp/ccmPlb1v.s 			page 21


 790 04c1 1C       		.byte	0x1c
 791 04c2 08       		.uleb128 0x8
 792 04c3 6C7200   		.ascii	"lr\000"
 793 04c6 08       		.byte	0x8
 794 04c7 7401     		.2byte	0x174
 795 04c9 25040000 		.4byte	0x425
 796 04cd 20       		.byte	0x20
 797 04ce 00       		.byte	0
 798 04cf 0A       		.uleb128 0xa
 799 04d0 04       		.byte	0x4
 800 04d1 53040000 		.4byte	0x453
 801 04d5 0F       		.uleb128 0xf
 802 04d6 04       		.byte	0x4
 803 04d7 06       		.byte	0x6
 804 04d8 D2       		.byte	0xd2
 805 04d9 38050000 		.4byte	0x538
 806 04dd 10       		.uleb128 0x10
 807 04de F1040000 		.4byte	.LASF75
 808 04e2 06       		.byte	0x6
 809 04e3 D9       		.byte	0xd9
 810 04e4 05010000 		.4byte	0x105
 811 04e8 10       		.uleb128 0x10
 812 04e9 78040000 		.4byte	.LASF76
 813 04ed 06       		.byte	0x6
 814 04ee E0       		.byte	0xe0
 815 04ef 05010000 		.4byte	0x105
 816 04f3 10       		.uleb128 0x10
 817 04f4 5E040000 		.4byte	.LASF77
 818 04f8 06       		.byte	0x6
 819 04f9 E7       		.byte	0xe7
 820 04fa 02030000 		.4byte	0x302
 821 04fe 10       		.uleb128 0x10
 822 04ff 22040000 		.4byte	.LASF78
 823 0503 06       		.byte	0x6
 824 0504 EE       		.byte	0xee
 825 0505 38050000 		.4byte	0x538
 826 0509 10       		.uleb128 0x10
 827 050a C0020000 		.4byte	.LASF79
 828 050e 06       		.byte	0x6
 829 050f F3       		.byte	0xf3
 830 0510 05010000 		.4byte	0x105
 831 0514 10       		.uleb128 0x10
 832 0515 5B010000 		.4byte	.LASF80
 833 0519 06       		.byte	0x6
 834 051a FC       		.byte	0xfc
 835 051b 63050000 		.4byte	0x563
 836 051f 11       		.uleb128 0x11
 837 0520 08050000 		.4byte	.LASF81
 838 0524 06       		.byte	0x6
 839 0525 0501     		.2byte	0x105
 840 0527 9A050000 		.4byte	0x59a
 841 052b 11       		.uleb128 0x11
 842 052c 05030000 		.4byte	.LASF82
 843 0530 06       		.byte	0x6
 844 0531 0D01     		.2byte	0x10d
 845 0533 10010000 		.4byte	0x110
 846 0537 00       		.byte	0
ARM GAS  /tmp/ccmPlb1v.s 			page 22


 847 0538 0A       		.uleb128 0xa
 848 0539 04       		.byte	0x4
 849 053a 1A020000 		.4byte	0x21a
 850 053e 05       		.uleb128 0x5
 851 053f 28040000 		.4byte	.LASF83
 852 0543 0C       		.byte	0xc
 853 0544 09       		.byte	0x9
 854 0545 34       		.byte	0x34
 855 0546 63050000 		.4byte	0x563
 856 054a 06       		.uleb128 0x6
 857 054b CE020000 		.4byte	.LASF28
 858 054f 09       		.byte	0x9
 859 0550 35       		.byte	0x35
 860 0551 4F020000 		.4byte	0x24f
 861 0555 00       		.byte	0
 862 0556 07       		.uleb128 0x7
 863 0557 636E7400 		.ascii	"cnt\000"
 864 055b 09       		.byte	0x9
 865 055c 37       		.byte	0x37
 866 055d 1B010000 		.4byte	0x11b
 867 0561 08       		.byte	0x8
 868 0562 00       		.byte	0
 869 0563 0A       		.uleb128 0xa
 870 0564 04       		.byte	0x4
 871 0565 3E050000 		.4byte	0x53e
 872 0569 05       		.uleb128 0x5
 873 056a 09020000 		.4byte	.LASF84
 874 056e 10       		.byte	0x10
 875 056f 0A       		.byte	0xa
 876 0570 39       		.byte	0x39
 877 0571 9A050000 		.4byte	0x59a
 878 0575 06       		.uleb128 0x6
 879 0576 CE020000 		.4byte	.LASF28
 880 057a 0A       		.byte	0xa
 881 057b 3A       		.byte	0x3a
 882 057c 4F020000 		.4byte	0x24f
 883 0580 00       		.byte	0
 884 0581 06       		.uleb128 0x6
 885 0582 FF020000 		.4byte	.LASF85
 886 0586 0A       		.byte	0xa
 887 0587 3C       		.byte	0x3c
 888 0588 25020000 		.4byte	0x225
 889 058c 08       		.byte	0x8
 890 058d 06       		.uleb128 0x6
 891 058e 03050000 		.4byte	.LASF47
 892 0592 0A       		.byte	0xa
 893 0593 3E       		.byte	0x3e
 894 0594 CE050000 		.4byte	0x5ce
 895 0598 0C       		.byte	0xc
 896 0599 00       		.byte	0
 897 059a 0A       		.uleb128 0xa
 898 059b 04       		.byte	0x4
 899 059c 69050000 		.4byte	0x569
 900 05a0 0A       		.uleb128 0xa
 901 05a1 04       		.byte	0x4
 902 05a2 A6050000 		.4byte	0x5a6
 903 05a6 12       		.uleb128 0x12
ARM GAS  /tmp/ccmPlb1v.s 			page 23


 904 05a7 AB050000 		.4byte	0x5ab
 905 05ab 03       		.uleb128 0x3
 906 05ac 01       		.byte	0x1
 907 05ad 08       		.byte	0x8
 908 05ae 99030000 		.4byte	.LASF86
 909 05b2 0A       		.uleb128 0xa
 910 05b3 04       		.byte	0x4
 911 05b4 30040000 		.4byte	0x430
 912 05b8 0A       		.uleb128 0xa
 913 05b9 04       		.byte	0x4
 914 05ba 04030000 		.4byte	0x304
 915 05be 13       		.uleb128 0x13
 916 05bf A0050000 		.4byte	0x5a0
 917 05c3 04       		.uleb128 0x4
 918 05c4 9E030000 		.4byte	.LASF87
 919 05c8 0A       		.byte	0xa
 920 05c9 34       		.byte	0x34
 921 05ca 69050000 		.4byte	0x569
 922 05ce 0A       		.uleb128 0xa
 923 05cf 04       		.byte	0x4
 924 05d0 C3050000 		.4byte	0x5c3
 925 05d4 03       		.uleb128 0x3
 926 05d5 01       		.byte	0x1
 927 05d6 02       		.byte	0x2
 928 05d7 D5030000 		.4byte	.LASF88
 929 05db 14       		.uleb128 0x14
 930 05dc 0C       		.byte	0xc
 931 05dd 0B       		.byte	0xb
 932 05de 68       		.byte	0x68
 933 05df 08060000 		.4byte	0x608
 934 05e3 07       		.uleb128 0x7
 935 05e4 6F647200 		.ascii	"odr\000"
 936 05e8 0B       		.byte	0xb
 937 05e9 6A       		.byte	0x6a
 938 05ea C3000000 		.4byte	0xc3
 939 05ee 00       		.byte	0
 940 05ef 07       		.uleb128 0x7
 941 05f0 63726C00 		.ascii	"crl\000"
 942 05f4 0B       		.byte	0xb
 943 05f5 6C       		.byte	0x6c
 944 05f6 C3000000 		.4byte	0xc3
 945 05fa 04       		.byte	0x4
 946 05fb 07       		.uleb128 0x7
 947 05fc 63726800 		.ascii	"crh\000"
 948 0600 0B       		.byte	0xb
 949 0601 6E       		.byte	0x6e
 950 0602 C3000000 		.4byte	0xc3
 951 0606 08       		.byte	0x8
 952 0607 00       		.byte	0
 953 0608 04       		.uleb128 0x4
 954 0609 3D030000 		.4byte	.LASF89
 955 060d 0B       		.byte	0xb
 956 060e 6F       		.byte	0x6f
 957 060f DB050000 		.4byte	0x5db
 958 0613 14       		.uleb128 0x14
 959 0614 3C       		.byte	0x3c
 960 0615 0B       		.byte	0xb
ARM GAS  /tmp/ccmPlb1v.s 			page 24


 961 0616 78       		.byte	0x78
 962 0617 58060000 		.4byte	0x658
 963 061b 06       		.uleb128 0x6
 964 061c D9020000 		.4byte	.LASF90
 965 0620 0B       		.byte	0xb
 966 0621 7A       		.byte	0x7a
 967 0622 08060000 		.4byte	0x608
 968 0626 00       		.byte	0
 969 0627 06       		.uleb128 0x6
 970 0628 CE030000 		.4byte	.LASF91
 971 062c 0B       		.byte	0xb
 972 062d 7C       		.byte	0x7c
 973 062e 08060000 		.4byte	0x608
 974 0632 0C       		.byte	0xc
 975 0633 06       		.uleb128 0x6
 976 0634 E0020000 		.4byte	.LASF92
 977 0638 0B       		.byte	0xb
 978 0639 7E       		.byte	0x7e
 979 063a 08060000 		.4byte	0x608
 980 063e 18       		.byte	0x18
 981 063f 06       		.uleb128 0x6
 982 0640 6D020000 		.4byte	.LASF93
 983 0644 0B       		.byte	0xb
 984 0645 80       		.byte	0x80
 985 0646 08060000 		.4byte	0x608
 986 064a 24       		.byte	0x24
 987 064b 06       		.uleb128 0x6
 988 064c EB030000 		.4byte	.LASF94
 989 0650 0B       		.byte	0xb
 990 0651 83       		.byte	0x83
 991 0652 08060000 		.4byte	0x608
 992 0656 30       		.byte	0x30
 993 0657 00       		.byte	0
 994 0658 04       		.uleb128 0x4
 995 0659 E7020000 		.4byte	.LASF95
 996 065d 0B       		.byte	0xb
 997 065e 8D       		.byte	0x8d
 998 065f 13060000 		.4byte	0x613
 999 0663 15       		.uleb128 0x15
 1000 0664 A5040000 		.4byte	.LASF101
 1001 0668 01       		.byte	0x1
 1002 0669 28       		.byte	0x28
 1003 066a 00000000 		.4byte	.LFB219
 1004 066e 04000000 		.4byte	.LFE219-.LFB219
 1005 0672 01       		.uleb128 0x1
 1006 0673 9C       		.byte	0x9c
 1007 0674 82060000 		.4byte	0x682
 1008 0678 16       		.uleb128 0x16
 1009 0679 04000000 		.4byte	.LVL0
 1010 067d C5060000 		.4byte	0x6c5
 1011 0681 00       		.byte	0
 1012 0682 17       		.uleb128 0x17
 1013 0683 9B020000 		.4byte	.LASF102
 1014 0687 01       		.byte	0x1
 1015 0688 30       		.byte	0x30
 1016 0689 00000000 		.4byte	.LFB220
 1017 068d 02000000 		.4byte	.LFE220-.LFB220
ARM GAS  /tmp/ccmPlb1v.s 			page 25


 1018 0691 01       		.uleb128 0x1
 1019 0692 9C       		.byte	0x9c
 1020 0693 18       		.uleb128 0x18
 1021 0694 C8040000 		.4byte	.LASF96
 1022 0698 0C       		.byte	0xc
 1023 0699 9606     		.2byte	0x696
 1024 069b 9F060000 		.4byte	0x69f
 1025 069f 13       		.uleb128 0x13
 1026 06a0 B8000000 		.4byte	0xb8
 1027 06a4 19       		.uleb128 0x19
 1028 06a5 636800   		.ascii	"ch\000"
 1029 06a8 06       		.byte	0x6
 1030 06a9 D201     		.2byte	0x1d2
 1031 06ab D1030000 		.4byte	0x3d1
 1032 06af 1A       		.uleb128 0x1a
 1033 06b0 2A000000 		.4byte	.LASF97
 1034 06b4 01       		.byte	0x1
 1035 06b5 19       		.byte	0x19
 1036 06b6 C0060000 		.4byte	0x6c0
 1037 06ba 05       		.uleb128 0x5
 1038 06bb 03       		.byte	0x3
 1039 06bc 00000000 		.4byte	pal_default_config
 1040 06c0 12       		.uleb128 0x12
 1041 06c1 58060000 		.4byte	0x658
 1042 06c5 1B       		.uleb128 0x1b
 1043 06c6 AF020000 		.4byte	.LASF103
 1044 06ca 0D       		.byte	0xd
 1045 06cb D8       		.byte	0xd8
 1046 06cc 00       		.byte	0
 1047              		.section	.debug_abbrev,"",%progbits
 1048              	.Ldebug_abbrev0:
 1049 0000 01       		.uleb128 0x1
 1050 0001 11       		.uleb128 0x11
 1051 0002 01       		.byte	0x1
 1052 0003 25       		.uleb128 0x25
 1053 0004 0E       		.uleb128 0xe
 1054 0005 13       		.uleb128 0x13
 1055 0006 0B       		.uleb128 0xb
 1056 0007 03       		.uleb128 0x3
 1057 0008 0E       		.uleb128 0xe
 1058 0009 1B       		.uleb128 0x1b
 1059 000a 0E       		.uleb128 0xe
 1060 000b 55       		.uleb128 0x55
 1061 000c 17       		.uleb128 0x17
 1062 000d 11       		.uleb128 0x11
 1063 000e 01       		.uleb128 0x1
 1064 000f 10       		.uleb128 0x10
 1065 0010 17       		.uleb128 0x17
 1066 0011 00       		.byte	0
 1067 0012 00       		.byte	0
 1068 0013 02       		.uleb128 0x2
 1069 0014 24       		.uleb128 0x24
 1070 0015 00       		.byte	0
 1071 0016 0B       		.uleb128 0xb
 1072 0017 0B       		.uleb128 0xb
 1073 0018 3E       		.uleb128 0x3e
 1074 0019 0B       		.uleb128 0xb
ARM GAS  /tmp/ccmPlb1v.s 			page 26


 1075 001a 03       		.uleb128 0x3
 1076 001b 08       		.uleb128 0x8
 1077 001c 00       		.byte	0
 1078 001d 00       		.byte	0
 1079 001e 03       		.uleb128 0x3
 1080 001f 24       		.uleb128 0x24
 1081 0020 00       		.byte	0
 1082 0021 0B       		.uleb128 0xb
 1083 0022 0B       		.uleb128 0xb
 1084 0023 3E       		.uleb128 0x3e
 1085 0024 0B       		.uleb128 0xb
 1086 0025 03       		.uleb128 0x3
 1087 0026 0E       		.uleb128 0xe
 1088 0027 00       		.byte	0
 1089 0028 00       		.byte	0
 1090 0029 04       		.uleb128 0x4
 1091 002a 16       		.uleb128 0x16
 1092 002b 00       		.byte	0
 1093 002c 03       		.uleb128 0x3
 1094 002d 0E       		.uleb128 0xe
 1095 002e 3A       		.uleb128 0x3a
 1096 002f 0B       		.uleb128 0xb
 1097 0030 3B       		.uleb128 0x3b
 1098 0031 0B       		.uleb128 0xb
 1099 0032 49       		.uleb128 0x49
 1100 0033 13       		.uleb128 0x13
 1101 0034 00       		.byte	0
 1102 0035 00       		.byte	0
 1103 0036 05       		.uleb128 0x5
 1104 0037 13       		.uleb128 0x13
 1105 0038 01       		.byte	0x1
 1106 0039 03       		.uleb128 0x3
 1107 003a 0E       		.uleb128 0xe
 1108 003b 0B       		.uleb128 0xb
 1109 003c 0B       		.uleb128 0xb
 1110 003d 3A       		.uleb128 0x3a
 1111 003e 0B       		.uleb128 0xb
 1112 003f 3B       		.uleb128 0x3b
 1113 0040 0B       		.uleb128 0xb
 1114 0041 01       		.uleb128 0x1
 1115 0042 13       		.uleb128 0x13
 1116 0043 00       		.byte	0
 1117 0044 00       		.byte	0
 1118 0045 06       		.uleb128 0x6
 1119 0046 0D       		.uleb128 0xd
 1120 0047 00       		.byte	0
 1121 0048 03       		.uleb128 0x3
 1122 0049 0E       		.uleb128 0xe
 1123 004a 3A       		.uleb128 0x3a
 1124 004b 0B       		.uleb128 0xb
 1125 004c 3B       		.uleb128 0x3b
 1126 004d 0B       		.uleb128 0xb
 1127 004e 49       		.uleb128 0x49
 1128 004f 13       		.uleb128 0x13
 1129 0050 38       		.uleb128 0x38
 1130 0051 0B       		.uleb128 0xb
 1131 0052 00       		.byte	0
ARM GAS  /tmp/ccmPlb1v.s 			page 27


 1132 0053 00       		.byte	0
 1133 0054 07       		.uleb128 0x7
 1134 0055 0D       		.uleb128 0xd
 1135 0056 00       		.byte	0
 1136 0057 03       		.uleb128 0x3
 1137 0058 08       		.uleb128 0x8
 1138 0059 3A       		.uleb128 0x3a
 1139 005a 0B       		.uleb128 0xb
 1140 005b 3B       		.uleb128 0x3b
 1141 005c 0B       		.uleb128 0xb
 1142 005d 49       		.uleb128 0x49
 1143 005e 13       		.uleb128 0x13
 1144 005f 38       		.uleb128 0x38
 1145 0060 0B       		.uleb128 0xb
 1146 0061 00       		.byte	0
 1147 0062 00       		.byte	0
 1148 0063 08       		.uleb128 0x8
 1149 0064 0D       		.uleb128 0xd
 1150 0065 00       		.byte	0
 1151 0066 03       		.uleb128 0x3
 1152 0067 08       		.uleb128 0x8
 1153 0068 3A       		.uleb128 0x3a
 1154 0069 0B       		.uleb128 0xb
 1155 006a 3B       		.uleb128 0x3b
 1156 006b 05       		.uleb128 0x5
 1157 006c 49       		.uleb128 0x49
 1158 006d 13       		.uleb128 0x13
 1159 006e 38       		.uleb128 0x38
 1160 006f 0B       		.uleb128 0xb
 1161 0070 00       		.byte	0
 1162 0071 00       		.byte	0
 1163 0072 09       		.uleb128 0x9
 1164 0073 0D       		.uleb128 0xd
 1165 0074 00       		.byte	0
 1166 0075 03       		.uleb128 0x3
 1167 0076 0E       		.uleb128 0xe
 1168 0077 3A       		.uleb128 0x3a
 1169 0078 0B       		.uleb128 0xb
 1170 0079 3B       		.uleb128 0x3b
 1171 007a 05       		.uleb128 0x5
 1172 007b 49       		.uleb128 0x49
 1173 007c 13       		.uleb128 0x13
 1174 007d 38       		.uleb128 0x38
 1175 007e 0B       		.uleb128 0xb
 1176 007f 00       		.byte	0
 1177 0080 00       		.byte	0
 1178 0081 0A       		.uleb128 0xa
 1179 0082 0F       		.uleb128 0xf
 1180 0083 00       		.byte	0
 1181 0084 0B       		.uleb128 0xb
 1182 0085 0B       		.uleb128 0xb
 1183 0086 49       		.uleb128 0x49
 1184 0087 13       		.uleb128 0x13
 1185 0088 00       		.byte	0
 1186 0089 00       		.byte	0
 1187 008a 0B       		.uleb128 0xb
 1188 008b 13       		.uleb128 0x13
ARM GAS  /tmp/ccmPlb1v.s 			page 28


 1189 008c 01       		.byte	0x1
 1190 008d 03       		.uleb128 0x3
 1191 008e 0E       		.uleb128 0xe
 1192 008f 0B       		.uleb128 0xb
 1193 0090 0B       		.uleb128 0xb
 1194 0091 3A       		.uleb128 0x3a
 1195 0092 0B       		.uleb128 0xb
 1196 0093 3B       		.uleb128 0x3b
 1197 0094 05       		.uleb128 0x5
 1198 0095 01       		.uleb128 0x1
 1199 0096 13       		.uleb128 0x13
 1200 0097 00       		.byte	0
 1201 0098 00       		.byte	0
 1202 0099 0C       		.uleb128 0xc
 1203 009a 15       		.uleb128 0x15
 1204 009b 01       		.byte	0x1
 1205 009c 27       		.uleb128 0x27
 1206 009d 19       		.uleb128 0x19
 1207 009e 01       		.uleb128 0x1
 1208 009f 13       		.uleb128 0x13
 1209 00a0 00       		.byte	0
 1210 00a1 00       		.byte	0
 1211 00a2 0D       		.uleb128 0xd
 1212 00a3 05       		.uleb128 0x5
 1213 00a4 00       		.byte	0
 1214 00a5 49       		.uleb128 0x49
 1215 00a6 13       		.uleb128 0x13
 1216 00a7 00       		.byte	0
 1217 00a8 00       		.byte	0
 1218 00a9 0E       		.uleb128 0xe
 1219 00aa 0F       		.uleb128 0xf
 1220 00ab 00       		.byte	0
 1221 00ac 0B       		.uleb128 0xb
 1222 00ad 0B       		.uleb128 0xb
 1223 00ae 00       		.byte	0
 1224 00af 00       		.byte	0
 1225 00b0 0F       		.uleb128 0xf
 1226 00b1 17       		.uleb128 0x17
 1227 00b2 01       		.byte	0x1
 1228 00b3 0B       		.uleb128 0xb
 1229 00b4 0B       		.uleb128 0xb
 1230 00b5 3A       		.uleb128 0x3a
 1231 00b6 0B       		.uleb128 0xb
 1232 00b7 3B       		.uleb128 0x3b
 1233 00b8 0B       		.uleb128 0xb
 1234 00b9 01       		.uleb128 0x1
 1235 00ba 13       		.uleb128 0x13
 1236 00bb 00       		.byte	0
 1237 00bc 00       		.byte	0
 1238 00bd 10       		.uleb128 0x10
 1239 00be 0D       		.uleb128 0xd
 1240 00bf 00       		.byte	0
 1241 00c0 03       		.uleb128 0x3
 1242 00c1 0E       		.uleb128 0xe
 1243 00c2 3A       		.uleb128 0x3a
 1244 00c3 0B       		.uleb128 0xb
 1245 00c4 3B       		.uleb128 0x3b
ARM GAS  /tmp/ccmPlb1v.s 			page 29


 1246 00c5 0B       		.uleb128 0xb
 1247 00c6 49       		.uleb128 0x49
 1248 00c7 13       		.uleb128 0x13
 1249 00c8 00       		.byte	0
 1250 00c9 00       		.byte	0
 1251 00ca 11       		.uleb128 0x11
 1252 00cb 0D       		.uleb128 0xd
 1253 00cc 00       		.byte	0
 1254 00cd 03       		.uleb128 0x3
 1255 00ce 0E       		.uleb128 0xe
 1256 00cf 3A       		.uleb128 0x3a
 1257 00d0 0B       		.uleb128 0xb
 1258 00d1 3B       		.uleb128 0x3b
 1259 00d2 05       		.uleb128 0x5
 1260 00d3 49       		.uleb128 0x49
 1261 00d4 13       		.uleb128 0x13
 1262 00d5 00       		.byte	0
 1263 00d6 00       		.byte	0
 1264 00d7 12       		.uleb128 0x12
 1265 00d8 26       		.uleb128 0x26
 1266 00d9 00       		.byte	0
 1267 00da 49       		.uleb128 0x49
 1268 00db 13       		.uleb128 0x13
 1269 00dc 00       		.byte	0
 1270 00dd 00       		.byte	0
 1271 00de 13       		.uleb128 0x13
 1272 00df 35       		.uleb128 0x35
 1273 00e0 00       		.byte	0
 1274 00e1 49       		.uleb128 0x49
 1275 00e2 13       		.uleb128 0x13
 1276 00e3 00       		.byte	0
 1277 00e4 00       		.byte	0
 1278 00e5 14       		.uleb128 0x14
 1279 00e6 13       		.uleb128 0x13
 1280 00e7 01       		.byte	0x1
 1281 00e8 0B       		.uleb128 0xb
 1282 00e9 0B       		.uleb128 0xb
 1283 00ea 3A       		.uleb128 0x3a
 1284 00eb 0B       		.uleb128 0xb
 1285 00ec 3B       		.uleb128 0x3b
 1286 00ed 0B       		.uleb128 0xb
 1287 00ee 01       		.uleb128 0x1
 1288 00ef 13       		.uleb128 0x13
 1289 00f0 00       		.byte	0
 1290 00f1 00       		.byte	0
 1291 00f2 15       		.uleb128 0x15
 1292 00f3 2E       		.uleb128 0x2e
 1293 00f4 01       		.byte	0x1
 1294 00f5 3F       		.uleb128 0x3f
 1295 00f6 19       		.uleb128 0x19
 1296 00f7 03       		.uleb128 0x3
 1297 00f8 0E       		.uleb128 0xe
 1298 00f9 3A       		.uleb128 0x3a
 1299 00fa 0B       		.uleb128 0xb
 1300 00fb 3B       		.uleb128 0x3b
 1301 00fc 0B       		.uleb128 0xb
 1302 00fd 27       		.uleb128 0x27
ARM GAS  /tmp/ccmPlb1v.s 			page 30


 1303 00fe 19       		.uleb128 0x19
 1304 00ff 11       		.uleb128 0x11
 1305 0100 01       		.uleb128 0x1
 1306 0101 12       		.uleb128 0x12
 1307 0102 06       		.uleb128 0x6
 1308 0103 40       		.uleb128 0x40
 1309 0104 18       		.uleb128 0x18
 1310 0105 9742     		.uleb128 0x2117
 1311 0107 19       		.uleb128 0x19
 1312 0108 01       		.uleb128 0x1
 1313 0109 13       		.uleb128 0x13
 1314 010a 00       		.byte	0
 1315 010b 00       		.byte	0
 1316 010c 16       		.uleb128 0x16
 1317 010d 898201   		.uleb128 0x4109
 1318 0110 00       		.byte	0
 1319 0111 11       		.uleb128 0x11
 1320 0112 01       		.uleb128 0x1
 1321 0113 9542     		.uleb128 0x2115
 1322 0115 19       		.uleb128 0x19
 1323 0116 31       		.uleb128 0x31
 1324 0117 13       		.uleb128 0x13
 1325 0118 00       		.byte	0
 1326 0119 00       		.byte	0
 1327 011a 17       		.uleb128 0x17
 1328 011b 2E       		.uleb128 0x2e
 1329 011c 00       		.byte	0
 1330 011d 3F       		.uleb128 0x3f
 1331 011e 19       		.uleb128 0x19
 1332 011f 03       		.uleb128 0x3
 1333 0120 0E       		.uleb128 0xe
 1334 0121 3A       		.uleb128 0x3a
 1335 0122 0B       		.uleb128 0xb
 1336 0123 3B       		.uleb128 0x3b
 1337 0124 0B       		.uleb128 0xb
 1338 0125 27       		.uleb128 0x27
 1339 0126 19       		.uleb128 0x19
 1340 0127 11       		.uleb128 0x11
 1341 0128 01       		.uleb128 0x1
 1342 0129 12       		.uleb128 0x12
 1343 012a 06       		.uleb128 0x6
 1344 012b 40       		.uleb128 0x40
 1345 012c 18       		.uleb128 0x18
 1346 012d 9742     		.uleb128 0x2117
 1347 012f 19       		.uleb128 0x19
 1348 0130 00       		.byte	0
 1349 0131 00       		.byte	0
 1350 0132 18       		.uleb128 0x18
 1351 0133 34       		.uleb128 0x34
 1352 0134 00       		.byte	0
 1353 0135 03       		.uleb128 0x3
 1354 0136 0E       		.uleb128 0xe
 1355 0137 3A       		.uleb128 0x3a
 1356 0138 0B       		.uleb128 0xb
 1357 0139 3B       		.uleb128 0x3b
 1358 013a 05       		.uleb128 0x5
 1359 013b 49       		.uleb128 0x49
ARM GAS  /tmp/ccmPlb1v.s 			page 31


 1360 013c 13       		.uleb128 0x13
 1361 013d 3F       		.uleb128 0x3f
 1362 013e 19       		.uleb128 0x19
 1363 013f 3C       		.uleb128 0x3c
 1364 0140 19       		.uleb128 0x19
 1365 0141 00       		.byte	0
 1366 0142 00       		.byte	0
 1367 0143 19       		.uleb128 0x19
 1368 0144 34       		.uleb128 0x34
 1369 0145 00       		.byte	0
 1370 0146 03       		.uleb128 0x3
 1371 0147 08       		.uleb128 0x8
 1372 0148 3A       		.uleb128 0x3a
 1373 0149 0B       		.uleb128 0xb
 1374 014a 3B       		.uleb128 0x3b
 1375 014b 05       		.uleb128 0x5
 1376 014c 49       		.uleb128 0x49
 1377 014d 13       		.uleb128 0x13
 1378 014e 3F       		.uleb128 0x3f
 1379 014f 19       		.uleb128 0x19
 1380 0150 3C       		.uleb128 0x3c
 1381 0151 19       		.uleb128 0x19
 1382 0152 00       		.byte	0
 1383 0153 00       		.byte	0
 1384 0154 1A       		.uleb128 0x1a
 1385 0155 34       		.uleb128 0x34
 1386 0156 00       		.byte	0
 1387 0157 03       		.uleb128 0x3
 1388 0158 0E       		.uleb128 0xe
 1389 0159 3A       		.uleb128 0x3a
 1390 015a 0B       		.uleb128 0xb
 1391 015b 3B       		.uleb128 0x3b
 1392 015c 0B       		.uleb128 0xb
 1393 015d 49       		.uleb128 0x49
 1394 015e 13       		.uleb128 0x13
 1395 015f 3F       		.uleb128 0x3f
 1396 0160 19       		.uleb128 0x19
 1397 0161 02       		.uleb128 0x2
 1398 0162 18       		.uleb128 0x18
 1399 0163 00       		.byte	0
 1400 0164 00       		.byte	0
 1401 0165 1B       		.uleb128 0x1b
 1402 0166 2E       		.uleb128 0x2e
 1403 0167 00       		.byte	0
 1404 0168 3F       		.uleb128 0x3f
 1405 0169 19       		.uleb128 0x19
 1406 016a 03       		.uleb128 0x3
 1407 016b 0E       		.uleb128 0xe
 1408 016c 3A       		.uleb128 0x3a
 1409 016d 0B       		.uleb128 0xb
 1410 016e 3B       		.uleb128 0x3b
 1411 016f 0B       		.uleb128 0xb
 1412 0170 27       		.uleb128 0x27
 1413 0171 19       		.uleb128 0x19
 1414 0172 3C       		.uleb128 0x3c
 1415 0173 19       		.uleb128 0x19
 1416 0174 00       		.byte	0
ARM GAS  /tmp/ccmPlb1v.s 			page 32


 1417 0175 00       		.byte	0
 1418 0176 00       		.byte	0
 1419              		.section	.debug_aranges,"",%progbits
 1420 0000 24000000 		.4byte	0x24
 1421 0004 0200     		.2byte	0x2
 1422 0006 00000000 		.4byte	.Ldebug_info0
 1423 000a 04       		.byte	0x4
 1424 000b 00       		.byte	0
 1425 000c 0000     		.2byte	0
 1426 000e 0000     		.2byte	0
 1427 0010 00000000 		.4byte	.LFB219
 1428 0014 04000000 		.4byte	.LFE219-.LFB219
 1429 0018 00000000 		.4byte	.LFB220
 1430 001c 02000000 		.4byte	.LFE220-.LFB220
 1431 0020 00000000 		.4byte	0
 1432 0024 00000000 		.4byte	0
 1433              		.section	.debug_ranges,"",%progbits
 1434              	.Ldebug_ranges0:
 1435 0000 00000000 		.4byte	.LFB219
 1436 0004 04000000 		.4byte	.LFE219
 1437 0008 00000000 		.4byte	.LFB220
 1438 000c 02000000 		.4byte	.LFE220
 1439 0010 00000000 		.4byte	0
 1440 0014 00000000 		.4byte	0
 1441              		.section	.debug_line,"",%progbits
 1442              	.Ldebug_line0:
 1443 0000 1D020000 		.section	.debug_str,"MS",%progbits,1
 1443      0200F801 
 1443      00000201 
 1443      FB0E0D00 
 1443      01010101 
 1444              	.LASF27:
 1445 0000 74687265 		.ascii	"thread_t\000"
 1445      61645F74 
 1445      00
 1446              	.LASF21:
 1447 0009 74726566 		.ascii	"trefs_t\000"
 1447      735F7400 
 1448              	.LASF63:
 1449 0011 63685F73 		.ascii	"ch_system_debug\000"
 1449      79737465 
 1449      6D5F6465 
 1449      62756700 
 1450              	.LASF39:
 1451 0021 6570656E 		.ascii	"epending\000"
 1451      64696E67 
 1451      00
 1452              	.LASF97:
 1453 002a 70616C5F 		.ascii	"pal_default_config\000"
 1453      64656661 
 1453      756C745F 
 1453      636F6E66 
 1453      696700
 1454              	.LASF34:
 1455 003d 73746174 		.ascii	"state\000"
 1455      6500
 1456              	.LASF18:
ARM GAS  /tmp/ccmPlb1v.s 			page 33


 1457 0043 75696E74 		.ascii	"uint64_t\000"
 1457      36345F74 
 1457      00
 1458              	.LASF69:
 1459 004c 6D61696E 		.ascii	"mainthread\000"
 1459      74687265 
 1459      616400
 1460              	.LASF3:
 1461 0057 73686F72 		.ascii	"short int\000"
 1461      7420696E 
 1461      7400
 1462              	.LASF98:
 1463 0061 474E5520 		.ascii	"GNU C 4.8.2 -mcpu=cortex-m3 -mno-thumb-interwork -m"
 1463      4320342E 
 1463      382E3220 
 1463      2D6D6370 
 1463      753D636F 
 1464 0094 7468756D 		.ascii	"thumb -ggdb -O2 -fomit-frame-pointer -falign-functi"
 1464      62202D67 
 1464      67646220 
 1464      2D4F3220 
 1464      2D666F6D 
 1465 00c7 6F6E733D 		.ascii	"ons=16 -ffunction-sections -fdata-sections -fno-com"
 1465      3136202D 
 1465      6666756E 
 1465      6374696F 
 1465      6E2D7365 
 1466 00fa 6D6F6E20 		.ascii	"mon -flto\000"
 1466      2D666C74 
 1466      6F00
 1467              	.LASF100:
 1468 0104 2F686F6D 		.ascii	"/home/jerson/ChibiOS_17.6.2/demos/STM32/RT-STM32F10"
 1468      652F6A65 
 1468      72736F6E 
 1468      2F436869 
 1468      62694F53 
 1469 0137 302D4449 		.ascii	"0-DISCOVERY\000"
 1469      53434F56 
 1469      45525900 
 1470              	.LASF62:
 1471 0143 73797374 		.ascii	"system_debug_t\000"
 1471      656D5F64 
 1471      65627567 
 1471      5F7400
 1472              	.LASF70:
 1473 0152 73697A65 		.ascii	"sizetype\000"
 1473      74797065 
 1473      00
 1474              	.LASF80:
 1475 015b 77747365 		.ascii	"wtsemp\000"
 1475      6D7000
 1476              	.LASF5:
 1477 0162 5F5F7569 		.ascii	"__uint16_t\000"
 1477      6E743136 
 1477      5F7400
 1478              	.LASF24:
 1479 016d 6576656E 		.ascii	"eventmask_t\000"
ARM GAS  /tmp/ccmPlb1v.s 			page 34


 1479      746D6173 
 1479      6B5F7400 
 1480              	.LASF99:
 1481 0179 2E2E2F2E 		.ascii	"../../../os/hal/boards/ST_STM32VL_DISCOVERY/board.c"
 1481      2E2F2E2E 
 1481      2F6F732F 
 1481      68616C2F 
 1481      626F6172 
 1482 01ac 00       		.ascii	"\000"
 1483              	.LASF19:
 1484 01ad 746D6F64 		.ascii	"tmode_t\000"
 1484      655F7400 
 1485              	.LASF46:
 1486 01b5 63685F74 		.ascii	"ch_threads_list\000"
 1486      68726561 
 1486      64735F6C 
 1486      69737400 
 1487              	.LASF68:
 1488 01c5 76746C69 		.ascii	"vtlist\000"
 1488      737400
 1489              	.LASF65:
 1490 01cc 63685F73 		.ascii	"ch_system_t\000"
 1490      79737465 
 1490      6D5F7400 
 1491              	.LASF38:
 1492 01d8 6D736771 		.ascii	"msgqueue\000"
 1492      75657565 
 1492      00
 1493              	.LASF71:
 1494 01e1 72656761 		.ascii	"regarm_t\000"
 1494      726D5F74 
 1494      00
 1495              	.LASF57:
 1496 01ea 64656C74 		.ascii	"delta\000"
 1496      6100
 1497              	.LASF14:
 1498 01f0 75696E74 		.ascii	"uint8_t\000"
 1498      385F7400 
 1499              	.LASF49:
 1500 01f8 63685F74 		.ascii	"ch_threads_queue\000"
 1500      68726561 
 1500      64735F71 
 1500      75657565 
 1500      00
 1501              	.LASF84:
 1502 0209 63685F6D 		.ascii	"ch_mutex\000"
 1502      75746578 
 1502      00
 1503              	.LASF45:
 1504 0212 63685F74 		.ascii	"ch_thread\000"
 1504      68726561 
 1504      6400
 1505              	.LASF31:
 1506 021c 6F6C6465 		.ascii	"older\000"
 1506      7200
 1507              	.LASF33:
 1508 0222 77616261 		.ascii	"wabase\000"
ARM GAS  /tmp/ccmPlb1v.s 			page 35


 1508      736500
 1509              	.LASF58:
 1510 0229 66756E63 		.ascii	"func\000"
 1510      00
 1511              	.LASF11:
 1512 022e 6C6F6E67 		.ascii	"long long int\000"
 1512      206C6F6E 
 1512      6720696E 
 1512      7400
 1513              	.LASF13:
 1514 023c 6C6F6E67 		.ascii	"long long unsigned int\000"
 1514      206C6F6E 
 1514      6720756E 
 1514      7369676E 
 1514      65642069 
 1515              	.LASF22:
 1516 0253 74707269 		.ascii	"tprio_t\000"
 1516      6F5F7400 
 1517              	.LASF61:
 1518 025b 6C617374 		.ascii	"lasttime\000"
 1518      74696D65 
 1518      00
 1519              	.LASF8:
 1520 0264 6C6F6E67 		.ascii	"long int\000"
 1520      20696E74 
 1520      00
 1521              	.LASF93:
 1522 026d 50444461 		.ascii	"PDData\000"
 1522      746100
 1523              	.LASF66:
 1524 0274 63685F73 		.ascii	"ch_system\000"
 1524      79737465 
 1524      6D00
 1525              	.LASF73:
 1526 027e 706F7274 		.ascii	"port_context\000"
 1526      5F636F6E 
 1526      74657874 
 1526      00
 1527              	.LASF55:
 1528 028b 76697274 		.ascii	"virtual_timer_t\000"
 1528      75616C5F 
 1528      74696D65 
 1528      725F7400 
 1529              	.LASF102:
 1530 029b 626F6172 		.ascii	"boardInit\000"
 1530      64496E69 
 1530      7400
 1531              	.LASF4:
 1532 02a5 5F5F7569 		.ascii	"__uint8_t\000"
 1532      6E74385F 
 1532      7400
 1533              	.LASF103:
 1534 02af 73746D33 		.ascii	"stm32_clock_init\000"
 1534      325F636C 
 1534      6F636B5F 
 1534      696E6974 
 1534      00
ARM GAS  /tmp/ccmPlb1v.s 			page 36


 1535              	.LASF79:
 1536 02c0 73656E74 		.ascii	"sentmsg\000"
 1536      6D736700 
 1537              	.LASF30:
 1538 02c8 6E657765 		.ascii	"newer\000"
 1538      7200
 1539              	.LASF28:
 1540 02ce 71756575 		.ascii	"queue\000"
 1540      6500
 1541              	.LASF32:
 1542 02d4 6E616D65 		.ascii	"name\000"
 1542      00
 1543              	.LASF90:
 1544 02d9 50414461 		.ascii	"PAData\000"
 1544      746100
 1545              	.LASF92:
 1546 02e0 50434461 		.ascii	"PCData\000"
 1546      746100
 1547              	.LASF95:
 1548 02e7 50414C43 		.ascii	"PALConfig\000"
 1548      6F6E6669 
 1548      6700
 1549              	.LASF2:
 1550 02f1 756E7369 		.ascii	"unsigned char\000"
 1550      676E6564 
 1550      20636861 
 1550      7200
 1551              	.LASF85:
 1552 02ff 6F776E65 		.ascii	"owner\000"
 1552      7200
 1553              	.LASF82:
 1554 0305 65776D61 		.ascii	"ewmask\000"
 1554      736B00
 1555              	.LASF1:
 1556 030c 7369676E 		.ascii	"signed char\000"
 1556      65642063 
 1556      68617200 
 1557              	.LASF35:
 1558 0318 666C6167 		.ascii	"flags\000"
 1558      7300
 1559              	.LASF17:
 1560 031e 75696E74 		.ascii	"uint32_t\000"
 1560      33325F74 
 1560      00
 1561              	.LASF0:
 1562 0327 756E7369 		.ascii	"unsigned int\000"
 1562      676E6564 
 1562      20696E74 
 1562      00
 1563              	.LASF15:
 1564 0334 75696E74 		.ascii	"uint16_t\000"
 1564      31365F74 
 1564      00
 1565              	.LASF89:
 1566 033d 73746D33 		.ascii	"stm32_gpio_setup_t\000"
 1566      325F6770 
 1566      696F5F73 
ARM GAS  /tmp/ccmPlb1v.s 			page 37


 1566      65747570 
 1566      5F7400
 1567              	.LASF59:
 1568 0350 76697274 		.ascii	"virtual_timers_list_t\000"
 1568      75616C5F 
 1568      74696D65 
 1568      72735F6C 
 1568      6973745F 
 1569              	.LASF48:
 1570 0366 74687265 		.ascii	"threads_queue_t\000"
 1570      6164735F 
 1570      71756575 
 1570      655F7400 
 1571              	.LASF6:
 1572 0376 73686F72 		.ascii	"short unsigned int\000"
 1572      7420756E 
 1572      7369676E 
 1572      65642069 
 1572      6E7400
 1573              	.LASF26:
 1574 0389 73797374 		.ascii	"systime_t\000"
 1574      696D655F 
 1574      7400
 1575              	.LASF67:
 1576 0393 726C6973 		.ascii	"rlist\000"
 1576      7400
 1577              	.LASF86:
 1578 0399 63686172 		.ascii	"char\000"
 1578      00
 1579              	.LASF87:
 1580 039e 6D757465 		.ascii	"mutex_t\000"
 1580      785F7400 
 1581              	.LASF56:
 1582 03a6 63685F76 		.ascii	"ch_virtual_timer\000"
 1582      69727475 
 1582      616C5F74 
 1582      696D6572 
 1582      00
 1583              	.LASF16:
 1584 03b7 696E7433 		.ascii	"int32_t\000"
 1584      325F7400 
 1585              	.LASF25:
 1586 03bf 636E745F 		.ascii	"cnt_t\000"
 1586      7400
 1587              	.LASF41:
 1588 03c5 7265616C 		.ascii	"realprio\000"
 1588      7072696F 
 1588      00
 1589              	.LASF91:
 1590 03ce 50424461 		.ascii	"PBData\000"
 1590      746100
 1591              	.LASF88:
 1592 03d5 5F426F6F 		.ascii	"_Bool\000"
 1592      6C00
 1593              	.LASF12:
 1594 03db 5F5F7569 		.ascii	"__uint64_t\000"
 1594      6E743634 
ARM GAS  /tmp/ccmPlb1v.s 			page 38


 1594      5F7400
 1595              	.LASF36:
 1596 03e6 72656673 		.ascii	"refs\000"
 1596      00
 1597              	.LASF94:
 1598 03eb 50454461 		.ascii	"PEData\000"
 1598      746100
 1599              	.LASF20:
 1600 03f2 74737461 		.ascii	"tstate_t\000"
 1600      74655F74 
 1600      00
 1601              	.LASF10:
 1602 03fb 6C6F6E67 		.ascii	"long unsigned int\000"
 1602      20756E73 
 1602      69676E65 
 1602      6420696E 
 1602      7400
 1603              	.LASF64:
 1604 040d 70616E69 		.ascii	"panic_msg\000"
 1604      635F6D73 
 1604      6700
 1605              	.LASF9:
 1606 0417 5F5F7569 		.ascii	"__uint32_t\000"
 1606      6E743332 
 1606      5F7400
 1607              	.LASF78:
 1608 0422 77747472 		.ascii	"wttrp\000"
 1608      7000
 1609              	.LASF83:
 1610 0428 63685F73 		.ascii	"ch_semaphore\000"
 1610      656D6170 
 1610      686F7265 
 1610      00
 1611              	.LASF74:
 1612 0435 706F7274 		.ascii	"port_intctx\000"
 1612      5F696E74 
 1612      63747800 
 1613              	.LASF7:
 1614 0441 5F5F696E 		.ascii	"__int32_t\000"
 1614      7433325F 
 1614      7400
 1615              	.LASF43:
 1616 044b 74687265 		.ascii	"thread_reference_t\000"
 1616      61645F72 
 1616      65666572 
 1616      656E6365 
 1616      5F7400
 1617              	.LASF77:
 1618 045e 77746F62 		.ascii	"wtobjp\000"
 1618      6A7000
 1619              	.LASF40:
 1620 0465 6D74786C 		.ascii	"mtxlist\000"
 1620      69737400 
 1621              	.LASF72:
 1622 046d 73746B61 		.ascii	"stkalign_t\000"
 1622      6C69676E 
 1622      5F7400
ARM GAS  /tmp/ccmPlb1v.s 			page 39


 1623              	.LASF76:
 1624 0478 65786974 		.ascii	"exitcode\000"
 1624      636F6465 
 1624      00
 1625              	.LASF42:
 1626 0481 6D706F6F 		.ascii	"mpool\000"
 1626      6C00
 1627              	.LASF54:
 1628 0487 76746675 		.ascii	"vtfunc_t\000"
 1628      6E635F74 
 1628      00
 1629              	.LASF51:
 1630 0490 72656164 		.ascii	"ready_list_t\000"
 1630      795F6C69 
 1630      73745F74 
 1630      00
 1631              	.LASF53:
 1632 049d 63757272 		.ascii	"current\000"
 1632      656E7400 
 1633              	.LASF101:
 1634 04a5 5F5F6561 		.ascii	"__early_init\000"
 1634      726C795F 
 1634      696E6974 
 1634      00
 1635              	.LASF37:
 1636 04b2 77616974 		.ascii	"waiting\000"
 1636      696E6700 
 1637              	.LASF52:
 1638 04ba 63685F72 		.ascii	"ch_ready_list\000"
 1638      65616479 
 1638      5F6C6973 
 1638      7400
 1639              	.LASF96:
 1640 04c8 49544D5F 		.ascii	"ITM_RxBuffer\000"
 1640      52784275 
 1640      66666572 
 1640      00
 1641              	.LASF50:
 1642 04d5 70726576 		.ascii	"prev\000"
 1642      00
 1643              	.LASF60:
 1644 04da 63685F76 		.ascii	"ch_virtual_timers_list\000"
 1644      69727475 
 1644      616C5F74 
 1644      696D6572 
 1644      735F6C69 
 1645              	.LASF75:
 1646 04f1 7264796D 		.ascii	"rdymsg\000"
 1646      736700
 1647              	.LASF23:
 1648 04f8 6D73675F 		.ascii	"msg_t\000"
 1648      7400
 1649              	.LASF29:
 1650 04fe 7072696F 		.ascii	"prio\000"
 1650      00
 1651              	.LASF47:
 1652 0503 6E657874 		.ascii	"next\000"
ARM GAS  /tmp/ccmPlb1v.s 			page 40


 1652      00
 1653              	.LASF81:
 1654 0508 77746D74 		.ascii	"wtmtxp\000"
 1654      787000
 1655              	.LASF44:
 1656 050f 74687265 		.ascii	"threads_list_t\000"
 1656      6164735F 
 1656      6C697374 
 1656      5F7400
 1657              		.comm	__gnu_lto_v1,1,1
 1658              		.ident	"GCC: (4.8.2-14ubuntu1+6) 4.8.2"
ARM GAS  /tmp/ccmPlb1v.s 			page 41


DEFINED SYMBOLS
                            *ABS*:0000000000000000 board.c
     /tmp/ccmPlb1v.s:134    .text.__early_init:0000000000000000 $t
     /tmp/ccmPlb1v.s:140    .text.__early_init:0000000000000000 __early_init
     /tmp/ccmPlb1v.s:155    .text.boardInit:0000000000000000 $t
     /tmp/ccmPlb1v.s:161    .text.boardInit:0000000000000000 boardInit
     /tmp/ccmPlb1v.s:177    .rodata.pal_default_config:0000000000000000 pal_default_config
     /tmp/ccmPlb1v.s:174    .rodata.pal_default_config:0000000000000000 $d
                            *COM*:0000000000000001 __gnu_lto_v1
                     .debug_frame:0000000000000010 $d

UNDEFINED SYMBOLS
stm32_clock_init
