ARM GAS  /tmp/ccxWy3OR.s 			page 1


   1              		.syntax unified
   2              		.cpu cortex-m3
   3              		.fpu softvfp
   4              		.eabi_attribute 20, 1
   5              		.eabi_attribute 21, 1
   6              		.eabi_attribute 23, 3
   7              		.eabi_attribute 24, 1
   8              		.eabi_attribute 25, 1
   9              		.eabi_attribute 26, 1
  10              		.eabi_attribute 30, 2
  11              		.eabi_attribute 34, 1
  12              		.eabi_attribute 18, 4
  13              		.thumb
  14              		.file	"chdebug.c"
  15              		.text
  16              	.Ltext0:
  17              		.section	.gnu.lto_.inline.809b6f8292bbf673,"",%progbits
  18 0000 789C6362 		.ascii	"x\234cb`b\300\006\020\242\000\000\272\000\007"
  18      6062C006 
  18      10A20000 
  18      BA0007
  19              		.text
  20              		.section	.gnu.lto_.pureconst.809b6f8292bbf673,"",%progbits
  21 0000 789C6362 		.ascii	"x\234cb`b`d\200\002\000\000F\000\006"
  21      60626064 
  21      80020000 
  21      460006
  22              		.text
  23              		.section	.gnu.lto_.symbol_nodes.809b6f8292bbf673,"",%progbits
  24 0000 789C6362 		.ascii	"x\234cb`\002B\030\000\000\000V\000\007"
  24      60024218 
  24      00000056 
  24      0007
  25              		.text
  26              		.section	.gnu.lto_.refs.809b6f8292bbf673,"",%progbits
  27 0000 789C6362 		.ascii	"x\234cb`b`d\200\002\000\000F\000\006"
  27      60626064 
  27      80020000 
  27      460006
  28              		.text
  29              		.section	.gnu.lto_.decls.809b6f8292bbf673,"",%progbits
  30 0000 789C6362 		.ascii	"x\234cb`bPa``\370\017\004@\212\201\021\212\355\030\010"
  30      60625061 
  30      6060F80F 
  30      04408A81 
  30      118AED18 
  31 0015 0000CE1B 		.ascii	"\000\000\316\033\004e"
  31      0465
  32              		.text
  33              		.section	.gnu.lto_.symtab.809b6f8292bbf673,"",%progbits
  34              		.text
  35              		.section	.gnu.lto_.opts,"",%progbits
  36 0000 272D6D63 		.ascii	"'-mcpu=cortex-m3' '-mno-thumb-interwork' '-mthumb' "
  36      70753D63 
  36      6F727465 
  36      782D6D33 
  36      2720272D 
ARM GAS  /tmp/ccxWy3OR.s 			page 2


  37 0033 272D6767 		.ascii	"'-ggdb' '-O2' '-fomit-frame-pointer' '-falign-funct"
  37      64622720 
  37      272D4F32 
  37      2720272D 
  37      666F6D69 
  38 0066 696F6E73 		.ascii	"ions=16' '-ffunction-sections' '-fdata-sections' '-"
  38      3D313627 
  38      20272D66 
  38      66756E63 
  38      74696F6E 
  39 0099 666E6F2D 		.ascii	"fno-common' '-flto'\000"
  39      636F6D6D 
  39      6F6E2720 
  39      272D666C 
  39      746F2700 
  40              		.text
  41              		.cfi_sections	.debug_frame
  42              	.Letext0:
  43              		.file 1 "/usr/include/newlib/machine/_default_types.h"
  44              		.file 2 "/usr/include/newlib/stdint.h"
  45              		.file 3 "../../../os/common/ports/ARMCMx/compilers/GCC/chtypes.h"
  46              		.file 4 "../../../os/rt/include/chsystypes.h"
  47              		.file 5 "../../../os/rt/include/chschd.h"
  48              		.file 6 "../../../os/common/ports/ARMCMx/chcore.h"
  49              		.file 7 "../../../os/common/ports/ARMCMx/chcore_v7m.h"
  50              		.file 8 "../../../os/rt/include/chsem.h"
  51              		.file 9 "../../../os/rt/include/chmtx.h"
  52              		.file 10 "../../../os/common/ext/CMSIS/include/core_cm3.h"
  53              		.section	.debug_info,"",%progbits
  54              	.Ldebug_info0:
  55 0000 EC050000 		.4byte	0x5ec
  56 0004 0400     		.2byte	0x4
  57 0006 00000000 		.4byte	.Ldebug_abbrev0
  58 000a 04       		.byte	0x4
  59 000b 01       		.uleb128 0x1
  60 000c 2A000000 		.4byte	.LASF90
  61 0010 01       		.byte	0x1
  62 0011 A9030000 		.4byte	.LASF91
  63 0015 CD010000 		.4byte	.LASF92
  64 0019 00000000 		.4byte	.Ldebug_line0
  65 001d 02       		.uleb128 0x2
  66 001e 04       		.byte	0x4
  67 001f 05       		.byte	0x5
  68 0020 696E7400 		.ascii	"int\000"
  69 0024 03       		.uleb128 0x3
  70 0025 04       		.byte	0x4
  71 0026 07       		.byte	0x7
  72 0027 9D020000 		.4byte	.LASF0
  73 002b 03       		.uleb128 0x3
  74 002c 01       		.byte	0x1
  75 002d 06       		.byte	0x6
  76 002e 82020000 		.4byte	.LASF1
  77 0032 04       		.uleb128 0x4
  78 0033 44020000 		.4byte	.LASF4
  79 0037 01       		.byte	0x1
  80 0038 1C       		.byte	0x1c
  81 0039 3D000000 		.4byte	0x3d
ARM GAS  /tmp/ccxWy3OR.s 			page 3


  82 003d 03       		.uleb128 0x3
  83 003e 01       		.byte	0x1
  84 003f 08       		.byte	0x8
  85 0040 67020000 		.4byte	.LASF2
  86 0044 03       		.uleb128 0x3
  87 0045 02       		.byte	0x2
  88 0046 05       		.byte	0x5
  89 0047 E7000000 		.4byte	.LASF3
  90 004b 04       		.uleb128 0x4
  91 004c 16010000 		.4byte	.LASF5
  92 0050 01       		.byte	0x1
  93 0051 26       		.byte	0x26
  94 0052 56000000 		.4byte	0x56
  95 0056 03       		.uleb128 0x3
  96 0057 02       		.byte	0x2
  97 0058 07       		.byte	0x7
  98 0059 D9020000 		.4byte	.LASF6
  99 005d 04       		.uleb128 0x4
 100 005e 9F030000 		.4byte	.LASF7
 101 0062 01       		.byte	0x1
 102 0063 37       		.byte	0x37
 103 0064 68000000 		.4byte	0x68
 104 0068 03       		.uleb128 0x3
 105 0069 04       		.byte	0x4
 106 006a 05       		.byte	0x5
 107 006b 14020000 		.4byte	.LASF8
 108 006f 04       		.uleb128 0x4
 109 0070 75030000 		.4byte	.LASF9
 110 0074 01       		.byte	0x1
 111 0075 38       		.byte	0x38
 112 0076 7A000000 		.4byte	0x7a
 113 007a 03       		.uleb128 0x3
 114 007b 04       		.byte	0x4
 115 007c 07       		.byte	0x7
 116 007d 59030000 		.4byte	.LASF10
 117 0081 03       		.uleb128 0x3
 118 0082 08       		.byte	0x8
 119 0083 05       		.byte	0x5
 120 0084 A8010000 		.4byte	.LASF11
 121 0088 04       		.uleb128 0x4
 122 0089 37030000 		.4byte	.LASF12
 123 008d 01       		.byte	0x1
 124 008e 4E       		.byte	0x4e
 125 008f 93000000 		.4byte	0x93
 126 0093 03       		.uleb128 0x3
 127 0094 08       		.byte	0x8
 128 0095 07       		.byte	0x7
 129 0096 B6010000 		.4byte	.LASF13
 130 009a 04       		.uleb128 0x4
 131 009b 6A010000 		.4byte	.LASF14
 132 009f 02       		.byte	0x2
 133 00a0 2A       		.byte	0x2a
 134 00a1 32000000 		.4byte	0x32
 135 00a5 04       		.uleb128 0x4
 136 00a6 AA020000 		.4byte	.LASF15
 137 00aa 02       		.byte	0x2
 138 00ab 36       		.byte	0x36
ARM GAS  /tmp/ccxWy3OR.s 			page 4


 139 00ac 4B000000 		.4byte	0x4b
 140 00b0 04       		.uleb128 0x4
 141 00b1 1A030000 		.4byte	.LASF16
 142 00b5 02       		.byte	0x2
 143 00b6 41       		.byte	0x41
 144 00b7 5D000000 		.4byte	0x5d
 145 00bb 04       		.uleb128 0x4
 146 00bc 94020000 		.4byte	.LASF17
 147 00c0 02       		.byte	0x2
 148 00c1 42       		.byte	0x42
 149 00c2 6F000000 		.4byte	0x6f
 150 00c6 04       		.uleb128 0x4
 151 00c7 D3000000 		.4byte	.LASF18
 152 00cb 02       		.byte	0x2
 153 00cc 4E       		.byte	0x4e
 154 00cd 88000000 		.4byte	0x88
 155 00d1 04       		.uleb128 0x4
 156 00d2 2D010000 		.4byte	.LASF19
 157 00d6 03       		.byte	0x3
 158 00d7 3C       		.byte	0x3c
 159 00d8 9A000000 		.4byte	0x9a
 160 00dc 04       		.uleb128 0x4
 161 00dd 50030000 		.4byte	.LASF20
 162 00e1 03       		.byte	0x3
 163 00e2 3D       		.byte	0x3d
 164 00e3 9A000000 		.4byte	0x9a
 165 00e7 04       		.uleb128 0x4
 166 00e8 09000000 		.4byte	.LASF21
 167 00ec 03       		.byte	0x3
 168 00ed 3E       		.byte	0x3e
 169 00ee 9A000000 		.4byte	0x9a
 170 00f2 04       		.uleb128 0x4
 171 00f3 0C020000 		.4byte	.LASF22
 172 00f7 03       		.byte	0x3
 173 00f8 40       		.byte	0x40
 174 00f9 BB000000 		.4byte	0xbb
 175 00fd 04       		.uleb128 0x4
 176 00fe 66040000 		.4byte	.LASF23
 177 0102 03       		.byte	0x3
 178 0103 41       		.byte	0x41
 179 0104 B0000000 		.4byte	0xb0
 180 0108 04       		.uleb128 0x4
 181 0109 21010000 		.4byte	.LASF24
 182 010d 03       		.byte	0x3
 183 010e 43       		.byte	0x43
 184 010f BB000000 		.4byte	0xbb
 185 0113 04       		.uleb128 0x4
 186 0114 22030000 		.4byte	.LASF25
 187 0118 03       		.byte	0x3
 188 0119 45       		.byte	0x45
 189 011a B0000000 		.4byte	0xb0
 190 011e 04       		.uleb128 0x4
 191 011f EC020000 		.4byte	.LASF26
 192 0123 04       		.byte	0x4
 193 0124 35       		.byte	0x35
 194 0125 A5000000 		.4byte	0xa5
 195 0129 04       		.uleb128 0x4
ARM GAS  /tmp/ccxWy3OR.s 			page 5


 196 012a 00000000 		.4byte	.LASF27
 197 012e 04       		.byte	0x4
 198 012f 3F       		.byte	0x3f
 199 0130 34010000 		.4byte	0x134
 200 0134 05       		.uleb128 0x5
 201 0135 8C010000 		.4byte	.LASF45
 202 0139 44       		.byte	0x44
 203 013a 05       		.byte	0x5
 204 013b 9A       		.byte	0x9a
 205 013c 12020000 		.4byte	0x212
 206 0140 06       		.uleb128 0x6
 207 0141 5C020000 		.4byte	.LASF28
 208 0145 05       		.byte	0x5
 209 0146 9B       		.byte	0x9b
 210 0147 47020000 		.4byte	0x247
 211 014b 00       		.byte	0
 212 014c 06       		.uleb128 0x6
 213 014d 6C040000 		.4byte	.LASF29
 214 0151 05       		.byte	0x5
 215 0152 9C       		.byte	0x9c
 216 0153 F2000000 		.4byte	0xf2
 217 0157 08       		.byte	0x8
 218 0158 07       		.uleb128 0x7
 219 0159 63747800 		.ascii	"ctx\000"
 220 015d 05       		.byte	0x5
 221 015e 9D       		.byte	0x9d
 222 015f 33040000 		.4byte	0x433
 223 0163 0C       		.byte	0xc
 224 0164 06       		.uleb128 0x6
 225 0165 56020000 		.4byte	.LASF30
 226 0169 05       		.byte	0x5
 227 016a 9F       		.byte	0x9f
 228 016b 1D020000 		.4byte	0x21d
 229 016f 10       		.byte	0x10
 230 0170 06       		.uleb128 0x6
 231 0171 96010000 		.4byte	.LASF31
 232 0175 05       		.byte	0x5
 233 0176 A0       		.byte	0xa0
 234 0177 1D020000 		.4byte	0x21d
 235 017b 14       		.byte	0x14
 236 017c 06       		.uleb128 0x6
 237 017d 62020000 		.4byte	.LASF32
 238 0181 05       		.byte	0x5
 239 0182 A7       		.byte	0xa7
 240 0183 98050000 		.4byte	0x598
 241 0187 18       		.byte	0x18
 242 0188 06       		.uleb128 0x6
 243 0189 9C010000 		.4byte	.LASF33
 244 018d 05       		.byte	0x5
 245 018e B0       		.byte	0xb0
 246 018f AA050000 		.4byte	0x5aa
 247 0193 1C       		.byte	0x1c
 248 0194 06       		.uleb128 0x6
 249 0195 CD000000 		.4byte	.LASF34
 250 0199 05       		.byte	0x5
 251 019a B5       		.byte	0xb5
 252 019b DC000000 		.4byte	0xdc
ARM GAS  /tmp/ccxWy3OR.s 			page 6


 253 019f 20       		.byte	0x20
 254 01a0 06       		.uleb128 0x6
 255 01a1 8E020000 		.4byte	.LASF35
 256 01a5 05       		.byte	0x5
 257 01a6 B9       		.byte	0xb9
 258 01a7 D1000000 		.4byte	0xd1
 259 01ab 21       		.byte	0x21
 260 01ac 06       		.uleb128 0x6
 261 01ad 42030000 		.4byte	.LASF36
 262 01b1 05       		.byte	0x5
 263 01b2 BE       		.byte	0xbe
 264 01b3 E7000000 		.4byte	0xe7
 265 01b7 22       		.byte	0x22
 266 01b8 08       		.uleb128 0x8
 267 01b9 7500     		.ascii	"u\000"
 268 01bb 05       		.byte	0x5
 269 01bc 0F01     		.2byte	0x10f
 270 01be CD040000 		.4byte	0x4cd
 271 01c2 24       		.byte	0x24
 272 01c3 09       		.uleb128 0x9
 273 01c4 20040000 		.4byte	.LASF37
 274 01c8 05       		.byte	0x5
 275 01c9 1401     		.2byte	0x114
 276 01cb 23020000 		.4byte	0x223
 277 01cf 28       		.byte	0x28
 278 01d0 09       		.uleb128 0x9
 279 01d1 58010000 		.4byte	.LASF38
 280 01d5 05       		.byte	0x5
 281 01d6 1A01     		.2byte	0x11a
 282 01d8 47020000 		.4byte	0x247
 283 01dc 2C       		.byte	0x2c
 284 01dd 09       		.uleb128 0x9
 285 01de 21000000 		.4byte	.LASF39
 286 01e2 05       		.byte	0x5
 287 01e3 2001     		.2byte	0x120
 288 01e5 08010000 		.4byte	0x108
 289 01e9 34       		.byte	0x34
 290 01ea 09       		.uleb128 0x9
 291 01eb E0030000 		.4byte	.LASF40
 292 01ef 05       		.byte	0x5
 293 01f0 2701     		.2byte	0x127
 294 01f2 92050000 		.4byte	0x592
 295 01f6 38       		.byte	0x38
 296 01f7 09       		.uleb128 0x9
 297 01f8 28030000 		.4byte	.LASF41
 298 01fc 05       		.byte	0x5
 299 01fd 2B01     		.2byte	0x12b
 300 01ff F2000000 		.4byte	0xf2
 301 0203 3C       		.byte	0x3c
 302 0204 09       		.uleb128 0x9
 303 0205 FC030000 		.4byte	.LASF42
 304 0209 05       		.byte	0x5
 305 020a 3201     		.2byte	0x132
 306 020c FA020000 		.4byte	0x2fa
 307 0210 40       		.byte	0x40
 308 0211 00       		.byte	0
 309 0212 04       		.uleb128 0x4
ARM GAS  /tmp/ccxWy3OR.s 			page 7


 310 0213 C6030000 		.4byte	.LASF43
 311 0217 04       		.byte	0x4
 312 0218 44       		.byte	0x44
 313 0219 1D020000 		.4byte	0x21d
 314 021d 0A       		.uleb128 0xa
 315 021e 04       		.byte	0x4
 316 021f 29010000 		.4byte	0x129
 317 0223 04       		.uleb128 0x4
 318 0224 7D040000 		.4byte	.LASF44
 319 0228 04       		.byte	0x4
 320 0229 49       		.byte	0x49
 321 022a 2E020000 		.4byte	0x22e
 322 022e 05       		.uleb128 0x5
 323 022f 35010000 		.4byte	.LASF46
 324 0233 04       		.byte	0x4
 325 0234 05       		.byte	0x5
 326 0235 88       		.byte	0x88
 327 0236 47020000 		.4byte	0x247
 328 023a 06       		.uleb128 0x6
 329 023b 71040000 		.4byte	.LASF47
 330 023f 05       		.byte	0x5
 331 0240 89       		.byte	0x89
 332 0241 1D020000 		.4byte	0x21d
 333 0245 00       		.byte	0
 334 0246 00       		.byte	0
 335 0247 04       		.uleb128 0x4
 336 0248 C9020000 		.4byte	.LASF48
 337 024c 04       		.byte	0x4
 338 024d 50       		.byte	0x50
 339 024e 52020000 		.4byte	0x252
 340 0252 05       		.uleb128 0x5
 341 0253 72010000 		.4byte	.LASF49
 342 0257 08       		.byte	0x8
 343 0258 05       		.byte	0x5
 344 0259 8F       		.byte	0x8f
 345 025a 77020000 		.4byte	0x277
 346 025e 06       		.uleb128 0x6
 347 025f 71040000 		.4byte	.LASF47
 348 0263 05       		.byte	0x5
 349 0264 90       		.byte	0x90
 350 0265 1D020000 		.4byte	0x21d
 351 0269 00       		.byte	0
 352 026a 06       		.uleb128 0x6
 353 026b 43040000 		.4byte	.LASF50
 354 026f 05       		.byte	0x5
 355 0270 91       		.byte	0x91
 356 0271 1D020000 		.4byte	0x21d
 357 0275 04       		.byte	0x4
 358 0276 00       		.byte	0
 359 0277 04       		.uleb128 0x4
 360 0278 0B040000 		.4byte	.LASF51
 361 027c 04       		.byte	0x4
 362 027d 57       		.byte	0x57
 363 027e 82020000 		.4byte	0x282
 364 0282 0B       		.uleb128 0xb
 365 0283 28040000 		.4byte	.LASF52
 366 0287 1C       		.byte	0x1c
ARM GAS  /tmp/ccxWy3OR.s 			page 8


 367 0288 05       		.byte	0x5
 368 0289 6A01     		.2byte	0x16a
 369 028b DE020000 		.4byte	0x2de
 370 028f 09       		.uleb128 0x9
 371 0290 5C020000 		.4byte	.LASF28
 372 0294 05       		.byte	0x5
 373 0295 6B01     		.2byte	0x16b
 374 0297 47020000 		.4byte	0x247
 375 029b 00       		.byte	0
 376 029c 09       		.uleb128 0x9
 377 029d 6C040000 		.4byte	.LASF29
 378 02a1 05       		.byte	0x5
 379 02a2 6C01     		.2byte	0x16c
 380 02a4 F2000000 		.4byte	0xf2
 381 02a8 08       		.byte	0x8
 382 02a9 08       		.uleb128 0x8
 383 02aa 63747800 		.ascii	"ctx\000"
 384 02ae 05       		.byte	0x5
 385 02af 6E01     		.2byte	0x16e
 386 02b1 33040000 		.4byte	0x433
 387 02b5 0C       		.byte	0xc
 388 02b6 09       		.uleb128 0x9
 389 02b7 56020000 		.4byte	.LASF30
 390 02bb 05       		.byte	0x5
 391 02bc 7101     		.2byte	0x171
 392 02be 1D020000 		.4byte	0x21d
 393 02c2 10       		.byte	0x10
 394 02c3 09       		.uleb128 0x9
 395 02c4 96010000 		.4byte	.LASF31
 396 02c8 05       		.byte	0x5
 397 02c9 7201     		.2byte	0x172
 398 02cb 1D020000 		.4byte	0x21d
 399 02cf 14       		.byte	0x14
 400 02d0 09       		.uleb128 0x9
 401 02d1 18040000 		.4byte	.LASF53
 402 02d5 05       		.byte	0x5
 403 02d6 7501     		.2byte	0x175
 404 02d8 1D020000 		.4byte	0x21d
 405 02dc 18       		.byte	0x18
 406 02dd 00       		.byte	0
 407 02de 04       		.uleb128 0x4
 408 02df 02040000 		.4byte	.LASF54
 409 02e3 04       		.byte	0x4
 410 02e4 5C       		.byte	0x5c
 411 02e5 E9020000 		.4byte	0x2e9
 412 02e9 0A       		.uleb128 0xa
 413 02ea 04       		.byte	0x4
 414 02eb EF020000 		.4byte	0x2ef
 415 02ef 0C       		.uleb128 0xc
 416 02f0 FA020000 		.4byte	0x2fa
 417 02f4 0D       		.uleb128 0xd
 418 02f5 FA020000 		.4byte	0x2fa
 419 02f9 00       		.byte	0
 420 02fa 0E       		.uleb128 0xe
 421 02fb 04       		.byte	0x4
 422 02fc 04       		.uleb128 0x4
 423 02fd 34020000 		.4byte	.LASF55
ARM GAS  /tmp/ccxWy3OR.s 			page 9


 424 0301 04       		.byte	0x4
 425 0302 61       		.byte	0x61
 426 0303 07030000 		.4byte	0x307
 427 0307 0B       		.uleb128 0xb
 428 0308 09030000 		.4byte	.LASF56
 429 030c 14       		.byte	0x14
 430 030d 05       		.byte	0x5
 431 030e 4501     		.2byte	0x145
 432 0310 56030000 		.4byte	0x356
 433 0314 09       		.uleb128 0x9
 434 0315 71040000 		.4byte	.LASF47
 435 0319 05       		.byte	0x5
 436 031a 4601     		.2byte	0x146
 437 031c B0050000 		.4byte	0x5b0
 438 0320 00       		.byte	0
 439 0321 09       		.uleb128 0x9
 440 0322 43040000 		.4byte	.LASF50
 441 0326 05       		.byte	0x5
 442 0327 4701     		.2byte	0x147
 443 0329 B0050000 		.4byte	0x5b0
 444 032d 04       		.byte	0x4
 445 032e 09       		.uleb128 0x9
 446 032f 09010000 		.4byte	.LASF57
 447 0333 05       		.byte	0x5
 448 0334 4801     		.2byte	0x148
 449 0336 1E010000 		.4byte	0x11e
 450 033a 08       		.byte	0x8
 451 033b 09       		.uleb128 0x9
 452 033c A3010000 		.4byte	.LASF58
 453 0340 05       		.byte	0x5
 454 0341 4901     		.2byte	0x149
 455 0343 DE020000 		.4byte	0x2de
 456 0347 0C       		.byte	0xc
 457 0348 08       		.uleb128 0x8
 458 0349 70617200 		.ascii	"par\000"
 459 034d 05       		.byte	0x5
 460 034e 4B01     		.2byte	0x14b
 461 0350 FA020000 		.4byte	0x2fa
 462 0354 10       		.byte	0x10
 463 0355 00       		.byte	0
 464 0356 04       		.uleb128 0x4
 465 0357 B3020000 		.4byte	.LASF59
 466 035b 04       		.byte	0x4
 467 035c 66       		.byte	0x66
 468 035d 61030000 		.4byte	0x361
 469 0361 0B       		.uleb128 0xb
 470 0362 48040000 		.4byte	.LASF60
 471 0366 0C       		.byte	0xc
 472 0367 05       		.byte	0x5
 473 0368 5501     		.2byte	0x155
 474 036a A3030000 		.4byte	0x3a3
 475 036e 09       		.uleb128 0x9
 476 036f 71040000 		.4byte	.LASF47
 477 0373 05       		.byte	0x5
 478 0374 5601     		.2byte	0x156
 479 0376 B0050000 		.4byte	0x5b0
 480 037a 00       		.byte	0
ARM GAS  /tmp/ccxWy3OR.s 			page 10


 481 037b 09       		.uleb128 0x9
 482 037c 43040000 		.4byte	.LASF50
 483 0380 05       		.byte	0x5
 484 0381 5801     		.2byte	0x158
 485 0383 B0050000 		.4byte	0x5b0
 486 0387 04       		.byte	0x4
 487 0388 09       		.uleb128 0x9
 488 0389 09010000 		.4byte	.LASF57
 489 038d 05       		.byte	0x5
 490 038e 5A01     		.2byte	0x15a
 491 0390 1E010000 		.4byte	0x11e
 492 0394 08       		.byte	0x8
 493 0395 09       		.uleb128 0x9
 494 0396 47030000 		.4byte	.LASF61
 495 039a 05       		.byte	0x5
 496 039b 6201     		.2byte	0x162
 497 039d 1E010000 		.4byte	0x11e
 498 03a1 0A       		.byte	0xa
 499 03a2 00       		.byte	0
 500 03a3 04       		.uleb128 0x4
 501 03a4 FA000000 		.4byte	.LASF62
 502 03a8 04       		.byte	0x4
 503 03a9 6B       		.byte	0x6b
 504 03aa AE030000 		.4byte	0x3ae
 505 03ae 0B       		.uleb128 0xb
 506 03af 11000000 		.4byte	.LASF63
 507 03b3 04       		.byte	0x4
 508 03b4 05       		.byte	0x5
 509 03b5 7C01     		.2byte	0x17c
 510 03b7 C9030000 		.4byte	0x3c9
 511 03bb 09       		.uleb128 0x9
 512 03bc 6B030000 		.4byte	.LASF64
 513 03c0 05       		.byte	0x5
 514 03c1 8401     		.2byte	0x184
 515 03c3 B6050000 		.4byte	0x5b6
 516 03c7 00       		.byte	0
 517 03c8 00       		.byte	0
 518 03c9 04       		.uleb128 0x4
 519 03ca 4C010000 		.4byte	.LASF65
 520 03ce 04       		.byte	0x4
 521 03cf 70       		.byte	0x70
 522 03d0 D4030000 		.4byte	0x3d4
 523 03d4 0B       		.uleb128 0xb
 524 03d5 1D020000 		.4byte	.LASF66
 525 03d9 70       		.byte	0x70
 526 03da 05       		.byte	0x5
 527 03db 9C01     		.2byte	0x19c
 528 03dd 16040000 		.4byte	0x416
 529 03e1 09       		.uleb128 0x9
 530 03e2 F6020000 		.4byte	.LASF67
 531 03e6 05       		.byte	0x5
 532 03e7 A001     		.2byte	0x1a0
 533 03e9 77020000 		.4byte	0x277
 534 03ed 00       		.byte	0
 535 03ee 09       		.uleb128 0x9
 536 03ef 45010000 		.4byte	.LASF68
 537 03f3 05       		.byte	0x5
ARM GAS  /tmp/ccxWy3OR.s 			page 11


 538 03f4 A401     		.2byte	0x1a4
 539 03f6 56030000 		.4byte	0x356
 540 03fa 1C       		.byte	0x1c
 541 03fb 08       		.uleb128 0x8
 542 03fc 64626700 		.ascii	"dbg\000"
 543 0400 05       		.byte	0x5
 544 0401 A801     		.2byte	0x1a8
 545 0403 A3030000 		.4byte	0x3a3
 546 0407 28       		.byte	0x28
 547 0408 09       		.uleb128 0x9
 548 0409 DC000000 		.4byte	.LASF69
 549 040d 05       		.byte	0x5
 550 040e AC01     		.2byte	0x1ac
 551 0410 29010000 		.4byte	0x129
 552 0414 2C       		.byte	0x2c
 553 0415 00       		.byte	0
 554 0416 03       		.uleb128 0x3
 555 0417 04       		.byte	0x4
 556 0418 07       		.byte	0x7
 557 0419 F1000000 		.4byte	.LASF70
 558 041d 04       		.uleb128 0x4
 559 041e 61010000 		.4byte	.LASF71
 560 0422 06       		.byte	0x6
 561 0423 65       		.byte	0x65
 562 0424 FA020000 		.4byte	0x2fa
 563 0428 04       		.uleb128 0x4
 564 0429 E8030000 		.4byte	.LASF72
 565 042d 06       		.byte	0x6
 566 042e 6D       		.byte	0x6d
 567 042f C6000000 		.4byte	0xc6
 568 0433 05       		.uleb128 0x5
 569 0434 27020000 		.4byte	.LASF73
 570 0438 04       		.byte	0x4
 571 0439 06       		.byte	0x6
 572 043a 89       		.byte	0x89
 573 043b 4B040000 		.4byte	0x44b
 574 043f 07       		.uleb128 0x7
 575 0440 737000   		.ascii	"sp\000"
 576 0443 06       		.byte	0x6
 577 0444 8A       		.byte	0x8a
 578 0445 C7040000 		.4byte	0x4c7
 579 0449 00       		.byte	0
 580 044a 00       		.byte	0
 581 044b 0B       		.uleb128 0xb
 582 044c 93030000 		.4byte	.LASF74
 583 0450 24       		.byte	0x24
 584 0451 07       		.byte	0x7
 585 0452 5901     		.2byte	0x159
 586 0454 C7040000 		.4byte	0x4c7
 587 0458 08       		.uleb128 0x8
 588 0459 723400   		.ascii	"r4\000"
 589 045c 07       		.byte	0x7
 590 045d 6C01     		.2byte	0x16c
 591 045f 1D040000 		.4byte	0x41d
 592 0463 00       		.byte	0
 593 0464 08       		.uleb128 0x8
 594 0465 723500   		.ascii	"r5\000"
ARM GAS  /tmp/ccxWy3OR.s 			page 12


 595 0468 07       		.byte	0x7
 596 0469 6D01     		.2byte	0x16d
 597 046b 1D040000 		.4byte	0x41d
 598 046f 04       		.byte	0x4
 599 0470 08       		.uleb128 0x8
 600 0471 723600   		.ascii	"r6\000"
 601 0474 07       		.byte	0x7
 602 0475 6E01     		.2byte	0x16e
 603 0477 1D040000 		.4byte	0x41d
 604 047b 08       		.byte	0x8
 605 047c 08       		.uleb128 0x8
 606 047d 723700   		.ascii	"r7\000"
 607 0480 07       		.byte	0x7
 608 0481 6F01     		.2byte	0x16f
 609 0483 1D040000 		.4byte	0x41d
 610 0487 0C       		.byte	0xc
 611 0488 08       		.uleb128 0x8
 612 0489 723800   		.ascii	"r8\000"
 613 048c 07       		.byte	0x7
 614 048d 7001     		.2byte	0x170
 615 048f 1D040000 		.4byte	0x41d
 616 0493 10       		.byte	0x10
 617 0494 08       		.uleb128 0x8
 618 0495 723900   		.ascii	"r9\000"
 619 0498 07       		.byte	0x7
 620 0499 7101     		.2byte	0x171
 621 049b 1D040000 		.4byte	0x41d
 622 049f 14       		.byte	0x14
 623 04a0 08       		.uleb128 0x8
 624 04a1 72313000 		.ascii	"r10\000"
 625 04a5 07       		.byte	0x7
 626 04a6 7201     		.2byte	0x172
 627 04a8 1D040000 		.4byte	0x41d
 628 04ac 18       		.byte	0x18
 629 04ad 08       		.uleb128 0x8
 630 04ae 72313100 		.ascii	"r11\000"
 631 04b2 07       		.byte	0x7
 632 04b3 7301     		.2byte	0x173
 633 04b5 1D040000 		.4byte	0x41d
 634 04b9 1C       		.byte	0x1c
 635 04ba 08       		.uleb128 0x8
 636 04bb 6C7200   		.ascii	"lr\000"
 637 04be 07       		.byte	0x7
 638 04bf 7401     		.2byte	0x174
 639 04c1 1D040000 		.4byte	0x41d
 640 04c5 20       		.byte	0x20
 641 04c6 00       		.byte	0
 642 04c7 0A       		.uleb128 0xa
 643 04c8 04       		.byte	0x4
 644 04c9 4B040000 		.4byte	0x44b
 645 04cd 0F       		.uleb128 0xf
 646 04ce 04       		.byte	0x4
 647 04cf 05       		.byte	0x5
 648 04d0 D2       		.byte	0xd2
 649 04d1 30050000 		.4byte	0x530
 650 04d5 10       		.uleb128 0x10
 651 04d6 5F040000 		.4byte	.LASF75
ARM GAS  /tmp/ccxWy3OR.s 			page 13


 652 04da 05       		.byte	0x5
 653 04db D9       		.byte	0xd9
 654 04dc FD000000 		.4byte	0xfd
 655 04e0 10       		.uleb128 0x10
 656 04e1 F3030000 		.4byte	.LASF76
 657 04e5 05       		.byte	0x5
 658 04e6 E0       		.byte	0xe0
 659 04e7 FD000000 		.4byte	0xfd
 660 04eb 10       		.uleb128 0x10
 661 04ec D9030000 		.4byte	.LASF77
 662 04f0 05       		.byte	0x5
 663 04f1 E7       		.byte	0xe7
 664 04f2 FA020000 		.4byte	0x2fa
 665 04f6 10       		.uleb128 0x10
 666 04f7 80030000 		.4byte	.LASF78
 667 04fb 05       		.byte	0x5
 668 04fc EE       		.byte	0xee
 669 04fd 30050000 		.4byte	0x530
 670 0501 10       		.uleb128 0x10
 671 0502 4E020000 		.4byte	.LASF79
 672 0506 05       		.byte	0x5
 673 0507 F3       		.byte	0xf3
 674 0508 FD000000 		.4byte	0xfd
 675 050c 10       		.uleb128 0x10
 676 050d 0F010000 		.4byte	.LASF80
 677 0511 05       		.byte	0x5
 678 0512 FC       		.byte	0xfc
 679 0513 5B050000 		.4byte	0x55b
 680 0517 11       		.uleb128 0x11
 681 0518 76040000 		.4byte	.LASF81
 682 051c 05       		.byte	0x5
 683 051d 0501     		.2byte	0x105
 684 051f 92050000 		.4byte	0x592
 685 0523 11       		.uleb128 0x11
 686 0524 7B020000 		.4byte	.LASF82
 687 0528 05       		.byte	0x5
 688 0529 0D01     		.2byte	0x10d
 689 052b 08010000 		.4byte	0x108
 690 052f 00       		.byte	0
 691 0530 0A       		.uleb128 0xa
 692 0531 04       		.byte	0x4
 693 0532 12020000 		.4byte	0x212
 694 0536 05       		.uleb128 0x5
 695 0537 86030000 		.4byte	.LASF83
 696 053b 0C       		.byte	0xc
 697 053c 08       		.byte	0x8
 698 053d 34       		.byte	0x34
 699 053e 5B050000 		.4byte	0x55b
 700 0542 06       		.uleb128 0x6
 701 0543 5C020000 		.4byte	.LASF28
 702 0547 08       		.byte	0x8
 703 0548 35       		.byte	0x35
 704 0549 47020000 		.4byte	0x247
 705 054d 00       		.byte	0
 706 054e 07       		.uleb128 0x7
 707 054f 636E7400 		.ascii	"cnt\000"
 708 0553 08       		.byte	0x8
ARM GAS  /tmp/ccxWy3OR.s 			page 14


 709 0554 37       		.byte	0x37
 710 0555 13010000 		.4byte	0x113
 711 0559 08       		.byte	0x8
 712 055a 00       		.byte	0
 713 055b 0A       		.uleb128 0xa
 714 055c 04       		.byte	0x4
 715 055d 36050000 		.4byte	0x536
 716 0561 05       		.uleb128 0x5
 717 0562 83010000 		.4byte	.LASF84
 718 0566 10       		.byte	0x10
 719 0567 09       		.byte	0x9
 720 0568 39       		.byte	0x39
 721 0569 92050000 		.4byte	0x592
 722 056d 06       		.uleb128 0x6
 723 056e 5C020000 		.4byte	.LASF28
 724 0572 09       		.byte	0x9
 725 0573 3A       		.byte	0x3a
 726 0574 47020000 		.4byte	0x247
 727 0578 00       		.byte	0
 728 0579 06       		.uleb128 0x6
 729 057a 75020000 		.4byte	.LASF85
 730 057e 09       		.byte	0x9
 731 057f 3C       		.byte	0x3c
 732 0580 1D020000 		.4byte	0x21d
 733 0584 08       		.byte	0x8
 734 0585 06       		.uleb128 0x6
 735 0586 71040000 		.4byte	.LASF47
 736 058a 09       		.byte	0x9
 737 058b 3E       		.byte	0x3e
 738 058c C6050000 		.4byte	0x5c6
 739 0590 0C       		.byte	0xc
 740 0591 00       		.byte	0
 741 0592 0A       		.uleb128 0xa
 742 0593 04       		.byte	0x4
 743 0594 61050000 		.4byte	0x561
 744 0598 0A       		.uleb128 0xa
 745 0599 04       		.byte	0x4
 746 059a 9E050000 		.4byte	0x59e
 747 059e 12       		.uleb128 0x12
 748 059f A3050000 		.4byte	0x5a3
 749 05a3 03       		.uleb128 0x3
 750 05a4 01       		.byte	0x1
 751 05a5 08       		.byte	0x8
 752 05a6 FC020000 		.4byte	.LASF86
 753 05aa 0A       		.uleb128 0xa
 754 05ab 04       		.byte	0x4
 755 05ac 28040000 		.4byte	0x428
 756 05b0 0A       		.uleb128 0xa
 757 05b1 04       		.byte	0x4
 758 05b2 FC020000 		.4byte	0x2fc
 759 05b6 13       		.uleb128 0x13
 760 05b7 98050000 		.4byte	0x598
 761 05bb 04       		.uleb128 0x4
 762 05bc 01030000 		.4byte	.LASF87
 763 05c0 09       		.byte	0x9
 764 05c1 34       		.byte	0x34
 765 05c2 61050000 		.4byte	0x561
ARM GAS  /tmp/ccxWy3OR.s 			page 15


 766 05c6 0A       		.uleb128 0xa
 767 05c7 04       		.byte	0x4
 768 05c8 BB050000 		.4byte	0x5bb
 769 05cc 03       		.uleb128 0x3
 770 05cd 01       		.byte	0x1
 771 05ce 02       		.byte	0x2
 772 05cf 31030000 		.4byte	.LASF88
 773 05d3 14       		.uleb128 0x14
 774 05d4 36040000 		.4byte	.LASF89
 775 05d8 0A       		.byte	0xa
 776 05d9 9606     		.2byte	0x696
 777 05db DF050000 		.4byte	0x5df
 778 05df 13       		.uleb128 0x13
 779 05e0 B0000000 		.4byte	0xb0
 780 05e4 15       		.uleb128 0x15
 781 05e5 636800   		.ascii	"ch\000"
 782 05e8 05       		.byte	0x5
 783 05e9 D201     		.2byte	0x1d2
 784 05eb C9030000 		.4byte	0x3c9
 785 05ef 00       		.byte	0
 786              		.section	.debug_abbrev,"",%progbits
 787              	.Ldebug_abbrev0:
 788 0000 01       		.uleb128 0x1
 789 0001 11       		.uleb128 0x11
 790 0002 01       		.byte	0x1
 791 0003 25       		.uleb128 0x25
 792 0004 0E       		.uleb128 0xe
 793 0005 13       		.uleb128 0x13
 794 0006 0B       		.uleb128 0xb
 795 0007 03       		.uleb128 0x3
 796 0008 0E       		.uleb128 0xe
 797 0009 1B       		.uleb128 0x1b
 798 000a 0E       		.uleb128 0xe
 799 000b 10       		.uleb128 0x10
 800 000c 17       		.uleb128 0x17
 801 000d 00       		.byte	0
 802 000e 00       		.byte	0
 803 000f 02       		.uleb128 0x2
 804 0010 24       		.uleb128 0x24
 805 0011 00       		.byte	0
 806 0012 0B       		.uleb128 0xb
 807 0013 0B       		.uleb128 0xb
 808 0014 3E       		.uleb128 0x3e
 809 0015 0B       		.uleb128 0xb
 810 0016 03       		.uleb128 0x3
 811 0017 08       		.uleb128 0x8
 812 0018 00       		.byte	0
 813 0019 00       		.byte	0
 814 001a 03       		.uleb128 0x3
 815 001b 24       		.uleb128 0x24
 816 001c 00       		.byte	0
 817 001d 0B       		.uleb128 0xb
 818 001e 0B       		.uleb128 0xb
 819 001f 3E       		.uleb128 0x3e
 820 0020 0B       		.uleb128 0xb
 821 0021 03       		.uleb128 0x3
 822 0022 0E       		.uleb128 0xe
ARM GAS  /tmp/ccxWy3OR.s 			page 16


 823 0023 00       		.byte	0
 824 0024 00       		.byte	0
 825 0025 04       		.uleb128 0x4
 826 0026 16       		.uleb128 0x16
 827 0027 00       		.byte	0
 828 0028 03       		.uleb128 0x3
 829 0029 0E       		.uleb128 0xe
 830 002a 3A       		.uleb128 0x3a
 831 002b 0B       		.uleb128 0xb
 832 002c 3B       		.uleb128 0x3b
 833 002d 0B       		.uleb128 0xb
 834 002e 49       		.uleb128 0x49
 835 002f 13       		.uleb128 0x13
 836 0030 00       		.byte	0
 837 0031 00       		.byte	0
 838 0032 05       		.uleb128 0x5
 839 0033 13       		.uleb128 0x13
 840 0034 01       		.byte	0x1
 841 0035 03       		.uleb128 0x3
 842 0036 0E       		.uleb128 0xe
 843 0037 0B       		.uleb128 0xb
 844 0038 0B       		.uleb128 0xb
 845 0039 3A       		.uleb128 0x3a
 846 003a 0B       		.uleb128 0xb
 847 003b 3B       		.uleb128 0x3b
 848 003c 0B       		.uleb128 0xb
 849 003d 01       		.uleb128 0x1
 850 003e 13       		.uleb128 0x13
 851 003f 00       		.byte	0
 852 0040 00       		.byte	0
 853 0041 06       		.uleb128 0x6
 854 0042 0D       		.uleb128 0xd
 855 0043 00       		.byte	0
 856 0044 03       		.uleb128 0x3
 857 0045 0E       		.uleb128 0xe
 858 0046 3A       		.uleb128 0x3a
 859 0047 0B       		.uleb128 0xb
 860 0048 3B       		.uleb128 0x3b
 861 0049 0B       		.uleb128 0xb
 862 004a 49       		.uleb128 0x49
 863 004b 13       		.uleb128 0x13
 864 004c 38       		.uleb128 0x38
 865 004d 0B       		.uleb128 0xb
 866 004e 00       		.byte	0
 867 004f 00       		.byte	0
 868 0050 07       		.uleb128 0x7
 869 0051 0D       		.uleb128 0xd
 870 0052 00       		.byte	0
 871 0053 03       		.uleb128 0x3
 872 0054 08       		.uleb128 0x8
 873 0055 3A       		.uleb128 0x3a
 874 0056 0B       		.uleb128 0xb
 875 0057 3B       		.uleb128 0x3b
 876 0058 0B       		.uleb128 0xb
 877 0059 49       		.uleb128 0x49
 878 005a 13       		.uleb128 0x13
 879 005b 38       		.uleb128 0x38
ARM GAS  /tmp/ccxWy3OR.s 			page 17


 880 005c 0B       		.uleb128 0xb
 881 005d 00       		.byte	0
 882 005e 00       		.byte	0
 883 005f 08       		.uleb128 0x8
 884 0060 0D       		.uleb128 0xd
 885 0061 00       		.byte	0
 886 0062 03       		.uleb128 0x3
 887 0063 08       		.uleb128 0x8
 888 0064 3A       		.uleb128 0x3a
 889 0065 0B       		.uleb128 0xb
 890 0066 3B       		.uleb128 0x3b
 891 0067 05       		.uleb128 0x5
 892 0068 49       		.uleb128 0x49
 893 0069 13       		.uleb128 0x13
 894 006a 38       		.uleb128 0x38
 895 006b 0B       		.uleb128 0xb
 896 006c 00       		.byte	0
 897 006d 00       		.byte	0
 898 006e 09       		.uleb128 0x9
 899 006f 0D       		.uleb128 0xd
 900 0070 00       		.byte	0
 901 0071 03       		.uleb128 0x3
 902 0072 0E       		.uleb128 0xe
 903 0073 3A       		.uleb128 0x3a
 904 0074 0B       		.uleb128 0xb
 905 0075 3B       		.uleb128 0x3b
 906 0076 05       		.uleb128 0x5
 907 0077 49       		.uleb128 0x49
 908 0078 13       		.uleb128 0x13
 909 0079 38       		.uleb128 0x38
 910 007a 0B       		.uleb128 0xb
 911 007b 00       		.byte	0
 912 007c 00       		.byte	0
 913 007d 0A       		.uleb128 0xa
 914 007e 0F       		.uleb128 0xf
 915 007f 00       		.byte	0
 916 0080 0B       		.uleb128 0xb
 917 0081 0B       		.uleb128 0xb
 918 0082 49       		.uleb128 0x49
 919 0083 13       		.uleb128 0x13
 920 0084 00       		.byte	0
 921 0085 00       		.byte	0
 922 0086 0B       		.uleb128 0xb
 923 0087 13       		.uleb128 0x13
 924 0088 01       		.byte	0x1
 925 0089 03       		.uleb128 0x3
 926 008a 0E       		.uleb128 0xe
 927 008b 0B       		.uleb128 0xb
 928 008c 0B       		.uleb128 0xb
 929 008d 3A       		.uleb128 0x3a
 930 008e 0B       		.uleb128 0xb
 931 008f 3B       		.uleb128 0x3b
 932 0090 05       		.uleb128 0x5
 933 0091 01       		.uleb128 0x1
 934 0092 13       		.uleb128 0x13
 935 0093 00       		.byte	0
 936 0094 00       		.byte	0
ARM GAS  /tmp/ccxWy3OR.s 			page 18


 937 0095 0C       		.uleb128 0xc
 938 0096 15       		.uleb128 0x15
 939 0097 01       		.byte	0x1
 940 0098 27       		.uleb128 0x27
 941 0099 19       		.uleb128 0x19
 942 009a 01       		.uleb128 0x1
 943 009b 13       		.uleb128 0x13
 944 009c 00       		.byte	0
 945 009d 00       		.byte	0
 946 009e 0D       		.uleb128 0xd
 947 009f 05       		.uleb128 0x5
 948 00a0 00       		.byte	0
 949 00a1 49       		.uleb128 0x49
 950 00a2 13       		.uleb128 0x13
 951 00a3 00       		.byte	0
 952 00a4 00       		.byte	0
 953 00a5 0E       		.uleb128 0xe
 954 00a6 0F       		.uleb128 0xf
 955 00a7 00       		.byte	0
 956 00a8 0B       		.uleb128 0xb
 957 00a9 0B       		.uleb128 0xb
 958 00aa 00       		.byte	0
 959 00ab 00       		.byte	0
 960 00ac 0F       		.uleb128 0xf
 961 00ad 17       		.uleb128 0x17
 962 00ae 01       		.byte	0x1
 963 00af 0B       		.uleb128 0xb
 964 00b0 0B       		.uleb128 0xb
 965 00b1 3A       		.uleb128 0x3a
 966 00b2 0B       		.uleb128 0xb
 967 00b3 3B       		.uleb128 0x3b
 968 00b4 0B       		.uleb128 0xb
 969 00b5 01       		.uleb128 0x1
 970 00b6 13       		.uleb128 0x13
 971 00b7 00       		.byte	0
 972 00b8 00       		.byte	0
 973 00b9 10       		.uleb128 0x10
 974 00ba 0D       		.uleb128 0xd
 975 00bb 00       		.byte	0
 976 00bc 03       		.uleb128 0x3
 977 00bd 0E       		.uleb128 0xe
 978 00be 3A       		.uleb128 0x3a
 979 00bf 0B       		.uleb128 0xb
 980 00c0 3B       		.uleb128 0x3b
 981 00c1 0B       		.uleb128 0xb
 982 00c2 49       		.uleb128 0x49
 983 00c3 13       		.uleb128 0x13
 984 00c4 00       		.byte	0
 985 00c5 00       		.byte	0
 986 00c6 11       		.uleb128 0x11
 987 00c7 0D       		.uleb128 0xd
 988 00c8 00       		.byte	0
 989 00c9 03       		.uleb128 0x3
 990 00ca 0E       		.uleb128 0xe
 991 00cb 3A       		.uleb128 0x3a
 992 00cc 0B       		.uleb128 0xb
 993 00cd 3B       		.uleb128 0x3b
ARM GAS  /tmp/ccxWy3OR.s 			page 19


 994 00ce 05       		.uleb128 0x5
 995 00cf 49       		.uleb128 0x49
 996 00d0 13       		.uleb128 0x13
 997 00d1 00       		.byte	0
 998 00d2 00       		.byte	0
 999 00d3 12       		.uleb128 0x12
 1000 00d4 26       		.uleb128 0x26
 1001 00d5 00       		.byte	0
 1002 00d6 49       		.uleb128 0x49
 1003 00d7 13       		.uleb128 0x13
 1004 00d8 00       		.byte	0
 1005 00d9 00       		.byte	0
 1006 00da 13       		.uleb128 0x13
 1007 00db 35       		.uleb128 0x35
 1008 00dc 00       		.byte	0
 1009 00dd 49       		.uleb128 0x49
 1010 00de 13       		.uleb128 0x13
 1011 00df 00       		.byte	0
 1012 00e0 00       		.byte	0
 1013 00e1 14       		.uleb128 0x14
 1014 00e2 34       		.uleb128 0x34
 1015 00e3 00       		.byte	0
 1016 00e4 03       		.uleb128 0x3
 1017 00e5 0E       		.uleb128 0xe
 1018 00e6 3A       		.uleb128 0x3a
 1019 00e7 0B       		.uleb128 0xb
 1020 00e8 3B       		.uleb128 0x3b
 1021 00e9 05       		.uleb128 0x5
 1022 00ea 49       		.uleb128 0x49
 1023 00eb 13       		.uleb128 0x13
 1024 00ec 3F       		.uleb128 0x3f
 1025 00ed 19       		.uleb128 0x19
 1026 00ee 3C       		.uleb128 0x3c
 1027 00ef 19       		.uleb128 0x19
 1028 00f0 00       		.byte	0
 1029 00f1 00       		.byte	0
 1030 00f2 15       		.uleb128 0x15
 1031 00f3 34       		.uleb128 0x34
 1032 00f4 00       		.byte	0
 1033 00f5 03       		.uleb128 0x3
 1034 00f6 08       		.uleb128 0x8
 1035 00f7 3A       		.uleb128 0x3a
 1036 00f8 0B       		.uleb128 0xb
 1037 00f9 3B       		.uleb128 0x3b
 1038 00fa 05       		.uleb128 0x5
 1039 00fb 49       		.uleb128 0x49
 1040 00fc 13       		.uleb128 0x13
 1041 00fd 3F       		.uleb128 0x3f
 1042 00fe 19       		.uleb128 0x19
 1043 00ff 3C       		.uleb128 0x3c
 1044 0100 19       		.uleb128 0x19
 1045 0101 00       		.byte	0
 1046 0102 00       		.byte	0
 1047 0103 00       		.byte	0
 1048              		.section	.debug_aranges,"",%progbits
 1049 0000 14000000 		.4byte	0x14
 1050 0004 0200     		.2byte	0x2
ARM GAS  /tmp/ccxWy3OR.s 			page 20


 1051 0006 00000000 		.4byte	.Ldebug_info0
 1052 000a 04       		.byte	0x4
 1053 000b 00       		.byte	0
 1054 000c 0000     		.2byte	0
 1055 000e 0000     		.2byte	0
 1056 0010 00000000 		.4byte	0
 1057 0014 00000000 		.4byte	0
 1058              		.section	.debug_line,"",%progbits
 1059              	.Ldebug_line0:
 1060 0000 5C010000 		.section	.debug_str,"MS",%progbits,1
 1060      02005601 
 1060      00000201 
 1060      FB0E0D00 
 1060      01010101 
 1061              	.LASF27:
 1062 0000 74687265 		.ascii	"thread_t\000"
 1062      61645F74 
 1062      00
 1063              	.LASF21:
 1064 0009 74726566 		.ascii	"trefs_t\000"
 1064      735F7400 
 1065              	.LASF63:
 1066 0011 63685F73 		.ascii	"ch_system_debug\000"
 1066      79737465 
 1066      6D5F6465 
 1066      62756700 
 1067              	.LASF39:
 1068 0021 6570656E 		.ascii	"epending\000"
 1068      64696E67 
 1068      00
 1069              	.LASF90:
 1070 002a 474E5520 		.ascii	"GNU C 4.8.2 -mcpu=cortex-m3 -mno-thumb-interwork -m"
 1070      4320342E 
 1070      382E3220 
 1070      2D6D6370 
 1070      753D636F 
 1071 005d 7468756D 		.ascii	"thumb -ggdb -O2 -fomit-frame-pointer -falign-functi"
 1071      62202D67 
 1071      67646220 
 1071      2D4F3220 
 1071      2D666F6D 
 1072 0090 6F6E733D 		.ascii	"ons=16 -ffunction-sections -fdata-sections -fno-com"
 1072      3136202D 
 1072      6666756E 
 1072      6374696F 
 1072      6E2D7365 
 1073 00c3 6D6F6E20 		.ascii	"mon -flto\000"
 1073      2D666C74 
 1073      6F00
 1074              	.LASF34:
 1075 00cd 73746174 		.ascii	"state\000"
 1075      6500
 1076              	.LASF18:
 1077 00d3 75696E74 		.ascii	"uint64_t\000"
 1077      36345F74 
 1077      00
 1078              	.LASF69:
ARM GAS  /tmp/ccxWy3OR.s 			page 21


 1079 00dc 6D61696E 		.ascii	"mainthread\000"
 1079      74687265 
 1079      616400
 1080              	.LASF3:
 1081 00e7 73686F72 		.ascii	"short int\000"
 1081      7420696E 
 1081      7400
 1082              	.LASF70:
 1083 00f1 73697A65 		.ascii	"sizetype\000"
 1083      74797065 
 1083      00
 1084              	.LASF62:
 1085 00fa 73797374 		.ascii	"system_debug_t\000"
 1085      656D5F64 
 1085      65627567 
 1085      5F7400
 1086              	.LASF57:
 1087 0109 64656C74 		.ascii	"delta\000"
 1087      6100
 1088              	.LASF80:
 1089 010f 77747365 		.ascii	"wtsemp\000"
 1089      6D7000
 1090              	.LASF5:
 1091 0116 5F5F7569 		.ascii	"__uint16_t\000"
 1091      6E743136 
 1091      5F7400
 1092              	.LASF24:
 1093 0121 6576656E 		.ascii	"eventmask_t\000"
 1093      746D6173 
 1093      6B5F7400 
 1094              	.LASF19:
 1095 012d 746D6F64 		.ascii	"tmode_t\000"
 1095      655F7400 
 1096              	.LASF46:
 1097 0135 63685F74 		.ascii	"ch_threads_list\000"
 1097      68726561 
 1097      64735F6C 
 1097      69737400 
 1098              	.LASF68:
 1099 0145 76746C69 		.ascii	"vtlist\000"
 1099      737400
 1100              	.LASF65:
 1101 014c 63685F73 		.ascii	"ch_system_t\000"
 1101      79737465 
 1101      6D5F7400 
 1102              	.LASF38:
 1103 0158 6D736771 		.ascii	"msgqueue\000"
 1103      75657565 
 1103      00
 1104              	.LASF71:
 1105 0161 72656761 		.ascii	"regarm_t\000"
 1105      726D5F74 
 1105      00
 1106              	.LASF14:
 1107 016a 75696E74 		.ascii	"uint8_t\000"
 1107      385F7400 
 1108              	.LASF49:
ARM GAS  /tmp/ccxWy3OR.s 			page 22


 1109 0172 63685F74 		.ascii	"ch_threads_queue\000"
 1109      68726561 
 1109      64735F71 
 1109      75657565 
 1109      00
 1110              	.LASF84:
 1111 0183 63685F6D 		.ascii	"ch_mutex\000"
 1111      75746578 
 1111      00
 1112              	.LASF45:
 1113 018c 63685F74 		.ascii	"ch_thread\000"
 1113      68726561 
 1113      6400
 1114              	.LASF31:
 1115 0196 6F6C6465 		.ascii	"older\000"
 1115      7200
 1116              	.LASF33:
 1117 019c 77616261 		.ascii	"wabase\000"
 1117      736500
 1118              	.LASF58:
 1119 01a3 66756E63 		.ascii	"func\000"
 1119      00
 1120              	.LASF11:
 1121 01a8 6C6F6E67 		.ascii	"long long int\000"
 1121      206C6F6E 
 1121      6720696E 
 1121      7400
 1122              	.LASF13:
 1123 01b6 6C6F6E67 		.ascii	"long long unsigned int\000"
 1123      206C6F6E 
 1123      6720756E 
 1123      7369676E 
 1123      65642069 
 1124              	.LASF92:
 1125 01cd 2F686F6D 		.ascii	"/home/jerson/ChibiOS_17.6.2/demos/STM32/RT-STM32F10"
 1125      652F6A65 
 1125      72736F6E 
 1125      2F436869 
 1125      62694F53 
 1126 0200 302D4449 		.ascii	"0-DISCOVERY\000"
 1126      53434F56 
 1126      45525900 
 1127              	.LASF22:
 1128 020c 74707269 		.ascii	"tprio_t\000"
 1128      6F5F7400 
 1129              	.LASF8:
 1130 0214 6C6F6E67 		.ascii	"long int\000"
 1130      20696E74 
 1130      00
 1131              	.LASF66:
 1132 021d 63685F73 		.ascii	"ch_system\000"
 1132      79737465 
 1132      6D00
 1133              	.LASF73:
 1134 0227 706F7274 		.ascii	"port_context\000"
 1134      5F636F6E 
 1134      74657874 
ARM GAS  /tmp/ccxWy3OR.s 			page 23


 1134      00
 1135              	.LASF55:
 1136 0234 76697274 		.ascii	"virtual_timer_t\000"
 1136      75616C5F 
 1136      74696D65 
 1136      725F7400 
 1137              	.LASF4:
 1138 0244 5F5F7569 		.ascii	"__uint8_t\000"
 1138      6E74385F 
 1138      7400
 1139              	.LASF79:
 1140 024e 73656E74 		.ascii	"sentmsg\000"
 1140      6D736700 
 1141              	.LASF30:
 1142 0256 6E657765 		.ascii	"newer\000"
 1142      7200
 1143              	.LASF28:
 1144 025c 71756575 		.ascii	"queue\000"
 1144      6500
 1145              	.LASF32:
 1146 0262 6E616D65 		.ascii	"name\000"
 1146      00
 1147              	.LASF2:
 1148 0267 756E7369 		.ascii	"unsigned char\000"
 1148      676E6564 
 1148      20636861 
 1148      7200
 1149              	.LASF85:
 1150 0275 6F776E65 		.ascii	"owner\000"
 1150      7200
 1151              	.LASF82:
 1152 027b 65776D61 		.ascii	"ewmask\000"
 1152      736B00
 1153              	.LASF1:
 1154 0282 7369676E 		.ascii	"signed char\000"
 1154      65642063 
 1154      68617200 
 1155              	.LASF35:
 1156 028e 666C6167 		.ascii	"flags\000"
 1156      7300
 1157              	.LASF17:
 1158 0294 75696E74 		.ascii	"uint32_t\000"
 1158      33325F74 
 1158      00
 1159              	.LASF0:
 1160 029d 756E7369 		.ascii	"unsigned int\000"
 1160      676E6564 
 1160      20696E74 
 1160      00
 1161              	.LASF15:
 1162 02aa 75696E74 		.ascii	"uint16_t\000"
 1162      31365F74 
 1162      00
 1163              	.LASF59:
 1164 02b3 76697274 		.ascii	"virtual_timers_list_t\000"
 1164      75616C5F 
 1164      74696D65 
ARM GAS  /tmp/ccxWy3OR.s 			page 24


 1164      72735F6C 
 1164      6973745F 
 1165              	.LASF48:
 1166 02c9 74687265 		.ascii	"threads_queue_t\000"
 1166      6164735F 
 1166      71756575 
 1166      655F7400 
 1167              	.LASF6:
 1168 02d9 73686F72 		.ascii	"short unsigned int\000"
 1168      7420756E 
 1168      7369676E 
 1168      65642069 
 1168      6E7400
 1169              	.LASF26:
 1170 02ec 73797374 		.ascii	"systime_t\000"
 1170      696D655F 
 1170      7400
 1171              	.LASF67:
 1172 02f6 726C6973 		.ascii	"rlist\000"
 1172      7400
 1173              	.LASF86:
 1174 02fc 63686172 		.ascii	"char\000"
 1174      00
 1175              	.LASF87:
 1176 0301 6D757465 		.ascii	"mutex_t\000"
 1176      785F7400 
 1177              	.LASF56:
 1178 0309 63685F76 		.ascii	"ch_virtual_timer\000"
 1178      69727475 
 1178      616C5F74 
 1178      696D6572 
 1178      00
 1179              	.LASF16:
 1180 031a 696E7433 		.ascii	"int32_t\000"
 1180      325F7400 
 1181              	.LASF25:
 1182 0322 636E745F 		.ascii	"cnt_t\000"
 1182      7400
 1183              	.LASF41:
 1184 0328 7265616C 		.ascii	"realprio\000"
 1184      7072696F 
 1184      00
 1185              	.LASF88:
 1186 0331 5F426F6F 		.ascii	"_Bool\000"
 1186      6C00
 1187              	.LASF12:
 1188 0337 5F5F7569 		.ascii	"__uint64_t\000"
 1188      6E743634 
 1188      5F7400
 1189              	.LASF36:
 1190 0342 72656673 		.ascii	"refs\000"
 1190      00
 1191              	.LASF61:
 1192 0347 6C617374 		.ascii	"lasttime\000"
 1192      74696D65 
 1192      00
 1193              	.LASF20:
ARM GAS  /tmp/ccxWy3OR.s 			page 25


 1194 0350 74737461 		.ascii	"tstate_t\000"
 1194      74655F74 
 1194      00
 1195              	.LASF10:
 1196 0359 6C6F6E67 		.ascii	"long unsigned int\000"
 1196      20756E73 
 1196      69676E65 
 1196      6420696E 
 1196      7400
 1197              	.LASF64:
 1198 036b 70616E69 		.ascii	"panic_msg\000"
 1198      635F6D73 
 1198      6700
 1199              	.LASF9:
 1200 0375 5F5F7569 		.ascii	"__uint32_t\000"
 1200      6E743332 
 1200      5F7400
 1201              	.LASF78:
 1202 0380 77747472 		.ascii	"wttrp\000"
 1202      7000
 1203              	.LASF83:
 1204 0386 63685F73 		.ascii	"ch_semaphore\000"
 1204      656D6170 
 1204      686F7265 
 1204      00
 1205              	.LASF74:
 1206 0393 706F7274 		.ascii	"port_intctx\000"
 1206      5F696E74 
 1206      63747800 
 1207              	.LASF7:
 1208 039f 5F5F696E 		.ascii	"__int32_t\000"
 1208      7433325F 
 1208      7400
 1209              	.LASF91:
 1210 03a9 2E2E2F2E 		.ascii	"../../../os/rt/src/chdebug.c\000"
 1210      2E2F2E2E 
 1210      2F6F732F 
 1210      72742F73 
 1210      72632F63 
 1211              	.LASF43:
 1212 03c6 74687265 		.ascii	"thread_reference_t\000"
 1212      61645F72 
 1212      65666572 
 1212      656E6365 
 1212      5F7400
 1213              	.LASF77:
 1214 03d9 77746F62 		.ascii	"wtobjp\000"
 1214      6A7000
 1215              	.LASF40:
 1216 03e0 6D74786C 		.ascii	"mtxlist\000"
 1216      69737400 
 1217              	.LASF72:
 1218 03e8 73746B61 		.ascii	"stkalign_t\000"
 1218      6C69676E 
 1218      5F7400
 1219              	.LASF76:
 1220 03f3 65786974 		.ascii	"exitcode\000"
ARM GAS  /tmp/ccxWy3OR.s 			page 26


 1220      636F6465 
 1220      00
 1221              	.LASF42:
 1222 03fc 6D706F6F 		.ascii	"mpool\000"
 1222      6C00
 1223              	.LASF54:
 1224 0402 76746675 		.ascii	"vtfunc_t\000"
 1224      6E635F74 
 1224      00
 1225              	.LASF51:
 1226 040b 72656164 		.ascii	"ready_list_t\000"
 1226      795F6C69 
 1226      73745F74 
 1226      00
 1227              	.LASF53:
 1228 0418 63757272 		.ascii	"current\000"
 1228      656E7400 
 1229              	.LASF37:
 1230 0420 77616974 		.ascii	"waiting\000"
 1230      696E6700 
 1231              	.LASF52:
 1232 0428 63685F72 		.ascii	"ch_ready_list\000"
 1232      65616479 
 1232      5F6C6973 
 1232      7400
 1233              	.LASF89:
 1234 0436 49544D5F 		.ascii	"ITM_RxBuffer\000"
 1234      52784275 
 1234      66666572 
 1234      00
 1235              	.LASF50:
 1236 0443 70726576 		.ascii	"prev\000"
 1236      00
 1237              	.LASF60:
 1238 0448 63685F76 		.ascii	"ch_virtual_timers_list\000"
 1238      69727475 
 1238      616C5F74 
 1238      696D6572 
 1238      735F6C69 
 1239              	.LASF75:
 1240 045f 7264796D 		.ascii	"rdymsg\000"
 1240      736700
 1241              	.LASF23:
 1242 0466 6D73675F 		.ascii	"msg_t\000"
 1242      7400
 1243              	.LASF29:
 1244 046c 7072696F 		.ascii	"prio\000"
 1244      00
 1245              	.LASF47:
 1246 0471 6E657874 		.ascii	"next\000"
 1246      00
 1247              	.LASF81:
 1248 0476 77746D74 		.ascii	"wtmtxp\000"
 1248      787000
 1249              	.LASF44:
 1250 047d 74687265 		.ascii	"threads_list_t\000"
 1250      6164735F 
ARM GAS  /tmp/ccxWy3OR.s 			page 27


 1250      6C697374 
 1250      5F7400
 1251              		.comm	__gnu_lto_v1,1,1
 1252              		.ident	"GCC: (4.8.2-14ubuntu1+6) 4.8.2"
ARM GAS  /tmp/ccxWy3OR.s 			page 28


DEFINED SYMBOLS
                            *ABS*:0000000000000000 chdebug.c
                            *COM*:0000000000000001 __gnu_lto_v1

NO UNDEFINED SYMBOLS
