ARM GAS  /tmp/ccFOXUbZ.s 			page 1


   1              		.syntax unified
   2              		.cpu cortex-m3
   3              		.fpu softvfp
   4              		.eabi_attribute 20, 1
   5              		.eabi_attribute 21, 1
   6              		.eabi_attribute 23, 3
   7              		.eabi_attribute 24, 1
   8              		.eabi_attribute 25, 1
   9              		.eabi_attribute 26, 1
  10              		.eabi_attribute 30, 2
  11              		.eabi_attribute 34, 1
  12              		.eabi_attribute 18, 4
  13              		.thumb
  14              		.file	"hal.c"
  15              		.text
  16              	.Ltext0:
  17              		.section	.gnu.lto_.jmpfuncs.b29334fafa6c781,"",%progbits
  18 0000 789C6362 		.ascii	"x\234cb`b\300\006\244\2414#\204d\252f\370\3250\243A"
  18      6062C006 
  18      A4A13423 
  18      8464AA66 
  18      F8D530A3 
  19 0015 20939121 		.ascii	" \223\221!\227\021*\005\000@s\004\031"
  19      97112A05 
  19      00407304 
  19      19
  20              		.text
  21              		.section	.gnu.lto_.inline.b29334fafa6c781,"",%progbits
  22 0000 789C6362 		.ascii	"x\234cb`b\300\006\364\2404#\003\003\247)#X\021\333\002"
  22      6062C006 
  22      F4A03423 
  22      0303A729 
  22      235811DB 
  23 0015 79B05A46 		.ascii	"y\260ZF.\024\202\211\033\244\012\314d\000\0003\352\001"
  23      2E148289 
  23      1BA40ACC 
  23      64000033 
  23      EA01
  24 0027 76       		.ascii	"v"
  25              		.text
  26              		.section	.gnu.lto_.pureconst.b29334fafa6c781,"",%progbits
  27 0000 789C6362 		.ascii	"x\234cb`b`f\200\000F\006\011\000\000\203\000!"
  27      60626066 
  27      80004606 
  27      09000083 
  27      0021
  28              		.text
  29              		.section	.gnu.lto_halInit.b29334fafa6c781,"",%progbits
  30 0000 789C6362 		.ascii	"x\234cb`b@\007\222@\254\314\310\300 \003\244\031\231"
  30      60624007 
  30      9240ACCC 
  30      C8C02003 
  30      A41999
  31 0013 19189926 		.ascii	"\031\030\231&\234c`h\344`bd\0041\030\030\031\352\231"
  31      9C636068 
  31      E4606264 
  31      04311818 
ARM GAS  /tmp/ccFOXUbZ.s 			page 2


  31      19EA99
  32 0026 18EB2319 		.ascii	"\030\353#\031\301j\3273\035x\360\377\377\272\017\033"
  32      C16AD733 
  32      1D78F0FF 
  32      FFBA0F1B 
  33 0036 1FAE6414 		.ascii	"\037\256d\024b\007\012\2602\26444LP``H\006+\010\001"
  33      62070AB0 
  33      32B43434 
  33      4C506060 
  33      48062B08 
  34 004b 92205DA1 		.ascii	"\222 ]\241\214L \232\371<C\363\203\177v\211\214\013"
  34      8C4C209A 
  34      F93C43F3 
  34      837F7689 
  34      8C0B
  35 005d 195981B2 		.ascii	"\031Y\201\262\325\014\277\032:\032\0042\031\201\252"
  35      D50CBF1A 
  35      3A1A0432 
  35      1981AA
  36 006c 21E66582 		.ascii	"!\346e\202\350\363\014-\017:\2231\0241%3B\034\013\022"
  36      E8F30C2D 
  36      0F3A9331 
  36      14312533 
  36      421C0B12 
  37 0080 91C86464 		.ascii	"\221\310dd\316ed\200*\312dd\001ik~pv1\0336\303\231\221"
  37      CE656480 
  37      2ACA6464 
  37      01696B7E 
  37      7076311B 
  38 0098 0D6F7E30 		.ascii	"\015o~0\243\225\035\233*\026TU\363\227b5\213\025\241"
  38      A3951D9B 
  38      2A165455 
  38      F3976235 
  38      8B15A1
  39 00ab EA2243E3 		.ascii	"\352\"C\343\203\225\2520E\020\020\002\224\000\372\024"
  39      8395AA30 
  39      45101002 
  39      9400FA14 
  40 00bb E452293D 		.ascii	"\344R)==}\010\312/\326\317H\314\321/.J\006\321z\311"
  40      3D7D08CA 
  40      2FD6CF48 
  40      CCD12F2E 
  40      4A06D17A 
  41 00d0 0C00C0F8 		.ascii	"\014\000\300\370P\030"
  41      5018
  42              		.text
  43              		.section	.gnu.lto_.symbol_nodes.b29334fafa6c781,"",%progbits
  44 0000 789C45C8 		.ascii	"x\234E\310\313\015\200 \020\204\341\231\005l{IH\214"
  44      CB0D8020 
  44      1084E199 
  44      056C7B49 
  44      488C
  45 0012 472BF062 		.ascii	"G+\360b)\336m\300\027\304>\210\004\215\354\345\337o"
  45      29DE6DC0 
  45      17C43E88 
  45      048DECE5 
  45      DF6F
ARM GAS  /tmp/ccFOXUbZ.s 			page 3


  46 0024 04821EDF 		.ascii	"\004\202\036\337\311F\005\306\025P\235\006\272\223\345"
  46      C94605C6 
  46      15509D06 
  46      BA93E5
  47 0033 031395EF 		.ascii	"\003\023\225\357\352=\031\251\322tQM\323A\265M;\325"
  47      EA3D19A9 
  47      D274514D 
  47      D341B54D 
  47      3BD5
  48 0045 FD32E810 		.ascii	"\3752\350\020b.u\230k-\226Z\203\273V\020R&\036\250\252"
  48      622E7598 
  48      6B2D965A 
  48      83BB5610 
  48      52261EA8 
  49 005a 28DF     		.ascii	"(\337"
  50              		.text
  51              		.section	.gnu.lto_.refs.b29334fafa6c781,"",%progbits
  52 0000 789C6362 		.ascii	"x\234cb`b`e\200\000F\006&F\006\000\000\237\000\016"
  52      60626065 
  52      80004606 
  52      26460600 
  52      009F000E 
  53              		.text
  54              		.section	.gnu.lto_.decls.b29334fafa6c781,"",%progbits
  55 0000 789C9556 		.ascii	"x\234\225VohSW\024?\367\275.63\253PP\346`3\035t\037"
  55      6F685357 
  55      143FF7BD 
  55      2E3633AB 
  55      5050E660 
  56 0018 04FBFCB7 		.ascii	"\004\373\374\267\017\2028\\\253\265\243\233eN\331>="
  56      0F82385C 
  56      ABB5A39B 
  56      654ED93E 
  56      3D
  57 0029 9F49340F 		.ascii	"\237I4\017b\022\362^6\367i\327\316u\342\027\243\270"
  57      6212F25E 
  57      36F769D7 
  57      CE75E217 
  57      A3B8
  58 003b C140463A 		.ascii	"\301@F:\227UA\367G\320\311\254\032\213]2\255\026[5\260"
  58      975541F7 
  58      47D0C9AC 
  58      1A8B5D32 
  58      AD165B35 
  59 0050 8D9109FB 		.ascii	"\215\221\011\373&\250\310\220\201\220\235{\357{I^\372"
  59      26A8C890 
  59      81909D7B 
  59      EF7B495E 
  59      FA
  60 0061 5E9B5E7A 		.ascii	"^\233^z\356\275\351\373\235\337\371\235s\356}\211\004"
  60      EEBDE9FB 
  60      9DDFF99D 
  60      73EE7D89 
  60      04
  61 0072 121C0380 		.ascii	"\022\034\003\200\012\2163\255\000D\002\374\017\300\006"
  61      0A8E33AD 
  61      004402FC 
ARM GAS  /tmp/ccFOXUbZ.s 			page 4


  61      0FC006
  62 0081 3482360C 		.ascii	"4\2026\014b\370\320\256\241\025\321\256\243M\240\335"
  62      62F8D0AE 
  62      A115D1AE 
  62      A34DA0DD 
  63 0091 429BB270 		.ascii	"B\233\262pw\3009\030\3669\264{h\343h%\213k\262\201o"
  63      77C03918 
  63      F639B47B 
  63      68E36825 
  63      8B6BB281 
  64 00a6 CAE299B0 		.ascii	"\312\342\231\260x\213\036|\013\341\020\245\2034;D\267"
  64      788B1E7C 
  64      0BE110A5 
  64      83343B44 
  64      B7
  65 00b7 14DBDAE1 		.ascii	"\024\333\332\341\010\305\221\245\224\024\333\000\336"
  65      08C591A5 
  65      9414DB00 
  65      DE
  66 00c4 271A69F3 		.ascii	"'\032i\363CY\346\273\200\037\326\243C'|Ki\246\234\033"
  66      4359E6BB 
  66      801FD6A3 
  66      43277C4B 
  66      69A69C1B 
  67 00d8 594A5B2C 		.ascii	"YJ[,|\320\023\254\221\023\244\023\346\2041`\216\264"
  67      7CD013AC 
  67      9113A413 
  67      E6843160 
  67      8EB4
  68 00ea C3723885 		.ascii	"\303r8\205\270\014\012z\305!\222\307\244\371\307\205"
  68      B80C0A7A 
  68      C52192C7 
  68      A4F9C785 
  69 00fa 006D1148 		.ascii	"\000m\021H\346\361\035Y\016.\243\003\262\014\374o\341"
  69      E6F11D59 
  69      0E2EA303 
  69      B20CFC6F 
  69      E1
  70 010b 38A1D931 		.ascii	"8\241\3311\342\022|\247\035;P\315'\177\245@\202\032"
  70      E2127CA7 
  70      1D3B50CD 
  70      277FA540 
  70      821A
  71 011d 39857009 		.ascii	"9\205p\011\336 \016\366\271\030\230\226\323\350(|,\255"
  71      DE200EF6 
  71      B9189896 
  71      D3E8287C 
  71      2CAD
  72 012f 3F09ADA7 		.ascii	"?\011\255\247\233\320:\230?W8\266\224i\365\303\301Z"
  72      9BD03A98 
  72      3F5738B6 
  72      9469F5C3 
  72      C15A
  73 0141 33AAC182 		.ascii	"3\252\301\202v\260\226Z\371\357\016\215_%\203\330'\215"
  73      76B0965A 
  73      F9EF0E8D 
  73      5F2583D8 
ARM GAS  /tmp/ccFOXUbZ.s 			page 5


  73      278D
  74 0153 FC806E12 		.ascii	"\374\200n\022$\235\232\233gz\362\371\350:J[5r\226\363"
  74      249D9A9B 
  74      677AF2F9 
  74      E83A4A5B 
  74      357296F3 
  75 0167 8C102791 		.ascii	"\214\020'\221F\026\370\353\025\363\3176\200\261\361"
  75      4616F8EB 
  75      15F3CF36 
  75      80B1F1
  76 0176 C7D6861D 		.ascii	"\307\326\206\035\366E0_\270\004gyPV+7\241\326V\014\013"
  76      F645305F 
  76      B8046779 
  76      50562B37 
  76      A1D6560C 
  77 018b E0A85FF9 		.ascii	"\340\250_\371\263\247E\351+\232? \333\3258?o\302\240"
  77      B3A745E9 
  77      2B9A3F20 
  77      DBD5383F 
  77      6FC2A0
  78 019e A321A385 		.ascii	"\243!\243\205@F\263\311~i\206\254\325E\235\333\250?"
  78      4046B3C9 
  78      7E6986AC 
  78      D5459DDB 
  78      A83F
  79 01b0 2A1A3983 		.ascii	"*\0329\203\267C#\337\223\016\234\317\363\371\002\316"
  79      B74323DF 
  79      930E9CCF 
  79      F3F902CE 
  80 01c0 D521C165 		.ascii	"\325!\301e\036;W\213\3558ysU\206\346\377\263n\201}\264"
  80      1E3B578B 
  80      ED387973 
  80      5586E6FF 
  80      B36E817D 
  81 01d5 C79BE173 		.ascii	"\307\233\341s\344\022t\360=\353eu\021\\\023\315p\275"
  81      E41274F0 
  81      3DEB6575 
  81      115C13CD 
  81      70BD
  82 01e7 E8AD2DF3 		.ascii	"\350\255-\363V\215k\272\031\256\240\267\256/\353\270"
  82      568D6BBA 
  82      19AEA0B7 
  82      AE2FEBB8 
  83 01f7 7E6F866B 		.ascii	"~o\206k\345l\375\262\3333\302\333s\2227\346\"\237/\361"
  83      E56CFDB2 
  83      DB33C2DB 
  83      739237E6 
  83      229F2FF1 
  84 020b F90A9FAF 		.ascii	"\371\012\237\257:[\365\367\214\233#^Tu\254\271j\353"
  84      3A5BF5F7 
  84      8C9B235E 
  84      5475ACB9 
  84      6AEB
  85 021d A1595EB7 		.ascii	"\241Y^\267#\307\234\207\311B\033\262\014\276\246\331"
  85      23C79C87 
  85      C9421BB2 
  85      0CBEA6D9 
ARM GAS  /tmp/ccFOXUbZ.s 			page 6


  86 022d 72F9E7C3 		.ascii	"r\371\347\303\243>v\011h\245\362\011,\201/\370\233|"
  86      A33E7609 
  86      68A5F209 
  86      2C812FF8 
  86      9B7C
  87 023f 085F11A6 		.ascii	"\010_\021\246F6,\366$\032'K\254\335v\331NeHr\246\002"
  87      46362CF6 
  87      241A274B 
  87      ACDD76D9 
  87      4E654872 
  88 0255 F01AE418 		.ascii	"\360\032\344\030\037=Ie\316\306\360\327\3102gz\277\262"
  88      1F3D4965 
  88      CEC6F0D7 
  88      C832677A 
  88      BFB2
  89 0267 2FB9DA60 		.ascii	"/\271\332`\272\312\231\362\245\243\245\375\344\310\247"
  89      BACA99F2 
  89      A5A3A5FD 
  89      E4C8A7
  90 0276 D9227DC4 		.ascii	"\331\"}\304\256\273\210(\301\2173b\010\222\337\\I\376"
  90      AEBB8828 
  90      C18F3362 
  90      0892DF5C 
  90      49FE
  91 0288 9A9EC01B 		.ascii	"\232\236\300\033>&\222\263)\036xP\334p\245\370\263t"
  91      3E2692B3 
  91      291E7850 
  91      DC70A5F8 
  91      B374
  92 029a A76506C5 		.ascii	"\247e\006\305q\331\235\342\246+\305\201\247\327\311"
  92      71D99DE2 
  92      A62BC581 
  92      A7D7C9
  93 02a9 C1A3F459 		.ascii	"\301\243\364Y\245\"\317\243\302\223V\205e\376\003\300"
  93      A522CFA3 
  93      C2935685 
  93      65FE03C0 
  94 02b9 EA5DADDC 		.ascii	"\352]\255\334\274\342'<t\334v\3251\365GI\236\221\312"
  94      BCE2273C 
  94      74DC76D5 
  94      31F54749 
  94      9E91CA
  95 02cc 7D0F8A69 		.ascii	"}\017\212i'\305\2530L\037e\312\377<\031\223\3673\012"
  95      27C5AB30 
  95      4C1F65CA 
  95      FF3C1993 
  95      F7330A
  96 02df 960D41C1 		.ascii	"\226\015A\301\337\360\273\363\260J\342\371E}\267\306"
  96      DFF0BBF3 
  96      B04AE2F9 
  96      457DB7C6 
  97 02ef E7F8F120 		.ascii	"\347\370\361 tx\025\341\036\317\271\252\256\301sr\026"
  97      747815E1 
  97      1ECFB9AA 
  97      AEC17372 
  97      16
  98 0300 CF52EDA4 		.ascii	"\317R\355\244\303\353]]\212\370K\030JT\213)\311D\312"
ARM GAS  /tmp/ccFOXUbZ.s 			page 7


  98      C3EB5D5D 
  98      8AF84B18 
  98      4A548B29 
  98      C944CA
  99 0313 34946DEF 		.ascii	"4\224m\357\275\275f\265\322\337\337\243\364\016\364"
  99      BDBD66B5 
  99      D2DFDFA3 
  99      F40EF4
 100 0322 6DFD7015 		.ascii	"m\375p\025{\244&\321b\261pW\024|\275\357l\017vC\273"
 100      7BA426D1 
 100      62B17057 
 100      147CBDEF 
 100      6C0F7643 
 101 0337 61EE5DB3 		.ascii	"a\356]\263Z\335\223\324\023\252\0211\323I\325|YI\033"
 101      5ADD93D4 
 101      13AA1131 
 101      D349D57C 
 101      59491B
 102 034a 29458F87 		.ascii	")E\217\207b\351pD\211G>\212\351\273\024\303\014\353"
 102      62E97044 
 102      89473E8A 
 102      E9BB14C3 
 102      0CEB
 103 035c 7113FD5A 		.ascii	"q\023\375Z\323\270\242\207\271\302\015\266W\013E\365"
 103      D3B8A287 
 103      B9C20DB6 
 103      570B45F5 
 104 036c 784451C3 		.ascii	"xDQ\303\221\335Z:f\252\346\307\311\210\201n\317\253"
 104      91DD5A3A 
 104      66AAE6C7 
 104      C988816E 
 104      CFAB
 105 037e AAED2827 		.ascii	"\252\355('\302)9\224\212\241E}\003\033{4S\363\015\274"
 105      C2293994 
 105      8AA1457D 
 105      031B7B34 
 105      53F30DBC 
 106 0392 29966EB1 		.ascii	")\226n\261\364\210e\023[\374\003\033\373\273\023\361"
 106      F4886513 
 106      5BFC031B 
 106      FBBB13F1 
 107 03a2 DDFA9E97 		.ascii	"\335\372\236\227\032\0235R!\266v\205`\001.}q\335\354"
 107      1A133552 
 107      21B67685 
 107      60012E7D 
 107      71DDEC
 108 03b5 6884D8FA 		.ascii	"h\204\330\372X\362\006\323\3573L\006\\\333\010\334\225"
 108      58F206D3 
 108      EF334C06 
 108      5CDB08DC 
 108      95
 109 03c6 D0526156 		.ascii	"\320RaV5\225\027nG\277\332\323\267\255{\353\216M\357"
 109      3595176E 
 109      47BFDAD3 
 109      B7AD7BEB 
 109      8E4DEF
 110 03d9 7E209EA1 		.ascii	"~ \236\241\257\237o\230{\347\254q\")\035U\261X\034\374"
ARM GAS  /tmp/ccFOXUbZ.s 			page 8


 110      AF9F6F98 
 110      7BE7AC71 
 110      22291D55 
 110      B1581CFC 
 111 03ed 825D7655 		.ascii	"\202]vU\307O+gk\027\2377\257\332\267\217\023\211N\005"
 111      C74F2B67 
 111      6B179F37 
 111      AFDAB78F 
 111      13894E05 
 112 0401 A275DEED 		.ascii	"\242u\336\355\214\312.n\210\227\345\177\313pY\201"
 112      8CCA2E6E 
 112      8897E57F 
 112      CB705981 
 113              		.text
 114              		.section	.gnu.lto_.symtab.b29334fafa6c781,"",%progbits
 115 0000 68616C49 		.ascii	"halInit\000\000\000\000\000\000\000\000\000\000\000"
 115      6E697400 
 115      00000000 
 115      00000000 
 115      0000
 116 0012 00C40000 		.ascii	"\000\304\000\000\000pal_default_config\000\000\002\000"
 116      0070616C 
 116      5F646566 
 116      61756C74 
 116      5F636F6E 
 117 002d 00000000 		.ascii	"\000\000\000\000\000\000\000\000\324\000\000\000stI"
 117      00000000 
 117      D4000000 
 117      737449
 118 003c 6E697400 		.ascii	"nit\000\000\002\000\000\000\000\000\000\000\000\000"
 118      00020000 
 118      00000000 
 118      000000
 119 004b C8000000 		.ascii	"\310\000\000\000boardInit\000\000\002\000\000\000\000"
 119      626F6172 
 119      64496E69 
 119      74000002 
 119      00000000 
 120 005f 00000000 		.ascii	"\000\000\000\000\000\312\000\000\000sdInit\000\000\002"
 120      00CA0000 
 120      00736449 
 120      6E697400 
 120      0002
 121 0071 00000000 		.ascii	"\000\000\000\000\000\000\000\000\000\314\000\000\000"
 121      00000000 
 121      00CC0000 
 121      00
 122 007e 5F70616C 		.ascii	"_pal_lld_init\000\000\002\000\000\000\000\000\000\000"
 122      5F6C6C64 
 122      5F696E69 
 122      74000002 
 122      00000000 
 123 0095 0000CE00 		.ascii	"\000\000\316\000\000\000hal_lld_init\000\000\002\000"
 123      00006861 
 123      6C5F6C6C 
 123      645F696E 
 123      69740000 
ARM GAS  /tmp/ccFOXUbZ.s 			page 9


 124 00ab 00000000 		.ascii	"\000\000\000\000\000\000\000\000\322\000\000\000"
 124      00000000 
 124      D2000000 
 125              		.text
 126              		.section	.gnu.lto_.opts,"",%progbits
 127 0000 272D6D63 		.ascii	"'-mcpu=cortex-m3' '-mno-thumb-interwork' '-mthumb' "
 127      70753D63 
 127      6F727465 
 127      782D6D33 
 127      2720272D 
 128 0033 272D6767 		.ascii	"'-ggdb' '-O2' '-fomit-frame-pointer' '-falign-funct"
 128      64622720 
 128      272D4F32 
 128      2720272D 
 128      666F6D69 
 129 0066 696F6E73 		.ascii	"ions=16' '-ffunction-sections' '-fdata-sections' '-"
 129      3D313627 
 129      20272D66 
 129      66756E63 
 129      74696F6E 
 130 0099 666E6F2D 		.ascii	"fno-common' '-flto'\000"
 130      636F6D6D 
 130      6F6E2720 
 130      272D666C 
 130      746F2700 
 131              		.text
 132              		.cfi_sections	.debug_frame
 133              		.section	.text.halInit,"ax",%progbits
 134              		.align	2
 135              		.p2align 4,,15
 136              		.global	halInit
 137              		.thumb
 138              		.thumb_func
 139              		.type	halInit, %function
 140              	halInit:
 141              	.LFB219:
 142              		.file 1 "../../../os/hal/src/hal.c"
 143              		.loc 1 56 0
 144              		.cfi_startproc
 145              		@ args = 0, pretend = 0, frame = 0
 146              		@ frame_needed = 0, uses_anonymous_args = 0
 147 0000 08B5     		push	{r3, lr}
 148              		.cfi_def_cfa_offset 8
 149              		.cfi_offset 3, -8
 150              		.cfi_offset 14, -4
 151              		.loc 1 62 0
 152 0002 FFF7FEFF 		bl	hal_lld_init
 153              	.LVL0:
 154              		.loc 1 65 0
 155 0006 40F20000 		movw	r0, #:lower16:pal_default_config
 156 000a C0F20000 		movt	r0, #:upper16:pal_default_config
 157 000e FFF7FEFF 		bl	_pal_lld_init
 158              	.LVL1:
 159              		.loc 1 101 0
 160 0012 FFF7FEFF 		bl	sdInit
 161              	.LVL2:
 162              		.loc 1 136 0
ARM GAS  /tmp/ccFOXUbZ.s 			page 10


 163 0016 FFF7FEFF 		bl	boardInit
 164              	.LVL3:
 165              		.loc 1 145 0
 166 001a BDE80840 		pop	{r3, lr}
 167              		.loc 1 143 0
 168 001e FFF7FEBF 		b	stInit
 169              	.LVL4:
 170              		.cfi_endproc
 171              	.LFE219:
 172              		.size	halInit, .-halInit
 173 0022 00BFAFF3 		.text
 173      0080AFF3 
 173      0080AFF3 
 173      0080
 174              	.Letext0:
 175              		.file 2 "/usr/include/newlib/machine/_default_types.h"
 176              		.file 3 "/usr/include/newlib/stdint.h"
 177              		.file 4 "../../../os/common/ports/ARMCMx/compilers/GCC/chtypes.h"
 178              		.file 5 "../../../os/rt/include/chsystypes.h"
 179              		.file 6 "../../../os/rt/include/chschd.h"
 180              		.file 7 "../../../os/common/ports/ARMCMx/chcore.h"
 181              		.file 8 "../../../os/common/ports/ARMCMx/chcore_v7m.h"
 182              		.file 9 "../../../os/rt/include/chsem.h"
 183              		.file 10 "../../../os/rt/include/chmtx.h"
 184              		.file 11 "../../../os/hal/ports/STM32/LLD/GPIOv1/hal_pal_lld.h"
 185              		.file 12 "../../../os/common/ext/CMSIS/include/core_cm3.h"
 186              		.file 13 "../../../os/hal/ports/STM32/STM32F1xx/hal_lld.h"
 187              		.file 14 "../../../os/hal/include/hal_serial.h"
 188              		.file 15 "../../../os/hal/boards/ST_STM32VL_DISCOVERY/board.h"
 189              		.file 16 "../../../os/hal/include/hal_st.h"
 190              		.file 17 "../../../os/hal/osal/rt/osal.h"
 191              		.section	.debug_info,"",%progbits
 192              	.Ldebug_info0:
 193 0000 0E070000 		.4byte	0x70e
 194 0004 0400     		.2byte	0x4
 195 0006 00000000 		.4byte	.Ldebug_abbrev0
 196 000a 04       		.byte	0x4
 197 000b 01       		.uleb128 0x1
 198 000c 88020000 		.4byte	.LASF102
 199 0010 01       		.byte	0x1
 200 0011 27010000 		.4byte	.LASF103
 201 0015 48030000 		.4byte	.LASF104
 202 0019 00000000 		.4byte	.Ldebug_ranges0+0
 203 001d 00000000 		.4byte	0
 204 0021 00000000 		.4byte	.Ldebug_line0
 205 0025 02       		.uleb128 0x2
 206 0026 04       		.byte	0x4
 207 0027 05       		.byte	0x5
 208 0028 696E7400 		.ascii	"int\000"
 209 002c 03       		.uleb128 0x3
 210 002d 04       		.byte	0x4
 211 002e 07       		.byte	0x7
 212 002f 50000000 		.4byte	.LASF0
 213 0033 03       		.uleb128 0x3
 214 0034 01       		.byte	0x1
 215 0035 06       		.byte	0x6
 216 0036 D3040000 		.4byte	.LASF1
ARM GAS  /tmp/ccFOXUbZ.s 			page 11


 217 003a 04       		.uleb128 0x4
 218 003b 02040000 		.4byte	.LASF4
 219 003f 02       		.byte	0x2
 220 0040 1C       		.byte	0x1c
 221 0041 45000000 		.4byte	0x45
 222 0045 03       		.uleb128 0x3
 223 0046 01       		.byte	0x1
 224 0047 08       		.byte	0x8
 225 0048 84040000 		.4byte	.LASF2
 226 004c 03       		.uleb128 0x3
 227 004d 02       		.byte	0x2
 228 004e 05       		.byte	0x5
 229 004f 97030000 		.4byte	.LASF3
 230 0053 04       		.uleb128 0x4
 231 0054 58010000 		.4byte	.LASF5
 232 0058 02       		.byte	0x2
 233 0059 26       		.byte	0x26
 234 005a 5E000000 		.4byte	0x5e
 235 005e 03       		.uleb128 0x3
 236 005f 02       		.byte	0x2
 237 0060 07       		.byte	0x7
 238 0061 E5040000 		.4byte	.LASF6
 239 0065 04       		.uleb128 0x4
 240 0066 71000000 		.4byte	.LASF7
 241 006a 02       		.byte	0x2
 242 006b 37       		.byte	0x37
 243 006c 70000000 		.4byte	0x70
 244 0070 03       		.uleb128 0x3
 245 0071 04       		.byte	0x4
 246 0072 05       		.byte	0x5
 247 0073 A1030000 		.4byte	.LASF8
 248 0077 04       		.uleb128 0x4
 249 0078 92040000 		.4byte	.LASF9
 250 007c 02       		.byte	0x2
 251 007d 38       		.byte	0x38
 252 007e 82000000 		.4byte	0x82
 253 0082 03       		.uleb128 0x3
 254 0083 04       		.byte	0x4
 255 0084 07       		.byte	0x7
 256 0085 35040000 		.4byte	.LASF10
 257 0089 03       		.uleb128 0x3
 258 008a 08       		.byte	0x8
 259 008b 05       		.byte	0x5
 260 008c 64020000 		.4byte	.LASF11
 261 0090 04       		.uleb128 0x4
 262 0091 DE010000 		.4byte	.LASF12
 263 0095 02       		.byte	0x2
 264 0096 4E       		.byte	0x4e
 265 0097 9B000000 		.4byte	0x9b
 266 009b 03       		.uleb128 0x3
 267 009c 08       		.byte	0x8
 268 009d 07       		.byte	0x7
 269 009e 41010000 		.4byte	.LASF13
 270 00a2 04       		.uleb128 0x4
 271 00a3 3A020000 		.4byte	.LASF14
 272 00a7 03       		.byte	0x3
 273 00a8 2A       		.byte	0x2a
ARM GAS  /tmp/ccFOXUbZ.s 			page 12


 274 00a9 3A000000 		.4byte	0x3a
 275 00ad 04       		.uleb128 0x4
 276 00ae 87030000 		.4byte	.LASF15
 277 00b2 03       		.byte	0x3
 278 00b3 36       		.byte	0x36
 279 00b4 53000000 		.4byte	0x53
 280 00b8 04       		.uleb128 0x4
 281 00b9 67040000 		.4byte	.LASF16
 282 00bd 03       		.byte	0x3
 283 00be 41       		.byte	0x41
 284 00bf 65000000 		.4byte	0x65
 285 00c3 04       		.uleb128 0x4
 286 00c4 E4000000 		.4byte	.LASF17
 287 00c8 03       		.byte	0x3
 288 00c9 42       		.byte	0x42
 289 00ca 77000000 		.4byte	0x77
 290 00ce 04       		.uleb128 0x4
 291 00cf DD030000 		.4byte	.LASF18
 292 00d3 03       		.byte	0x3
 293 00d4 4E       		.byte	0x4e
 294 00d5 90000000 		.4byte	0x90
 295 00d9 04       		.uleb128 0x4
 296 00da 35030000 		.4byte	.LASF19
 297 00de 04       		.byte	0x4
 298 00df 3C       		.byte	0x3c
 299 00e0 A2000000 		.4byte	0xa2
 300 00e4 04       		.uleb128 0x4
 301 00e5 2A020000 		.4byte	.LASF20
 302 00e9 04       		.byte	0x4
 303 00ea 3D       		.byte	0x3d
 304 00eb A2000000 		.4byte	0xa2
 305 00ef 04       		.uleb128 0x4
 306 00f0 2D040000 		.4byte	.LASF21
 307 00f4 04       		.byte	0x4
 308 00f5 3E       		.byte	0x3e
 309 00f6 A2000000 		.4byte	0xa2
 310 00fa 04       		.uleb128 0x4
 311 00fb 0E010000 		.4byte	.LASF22
 312 00ff 04       		.byte	0x4
 313 0100 40       		.byte	0x40
 314 0101 C3000000 		.4byte	0xc3
 315 0105 04       		.uleb128 0x4
 316 0106 72020000 		.4byte	.LASF23
 317 010a 04       		.byte	0x4
 318 010b 41       		.byte	0x41
 319 010c B8000000 		.4byte	0xb8
 320 0110 04       		.uleb128 0x4
 321 0111 F5000000 		.4byte	.LASF24
 322 0115 04       		.byte	0x4
 323 0116 43       		.byte	0x43
 324 0117 C3000000 		.4byte	0xc3
 325 011b 04       		.uleb128 0x4
 326 011c 63010000 		.4byte	.LASF25
 327 0120 04       		.byte	0x4
 328 0121 45       		.byte	0x45
 329 0122 B8000000 		.4byte	0xb8
 330 0126 04       		.uleb128 0x4
ARM GAS  /tmp/ccFOXUbZ.s 			page 13


 331 0127 34000000 		.4byte	.LASF26
 332 012b 05       		.byte	0x5
 333 012c 35       		.byte	0x35
 334 012d AD000000 		.4byte	0xad
 335 0131 04       		.uleb128 0x4
 336 0132 B1010000 		.4byte	.LASF27
 337 0136 05       		.byte	0x5
 338 0137 3F       		.byte	0x3f
 339 0138 3C010000 		.4byte	0x13c
 340 013c 05       		.uleb128 0x5
 341 013d 4B020000 		.4byte	.LASF45
 342 0141 44       		.byte	0x44
 343 0142 06       		.byte	0x6
 344 0143 9A       		.byte	0x9a
 345 0144 1A020000 		.4byte	0x21a
 346 0148 06       		.uleb128 0x6
 347 0149 61040000 		.4byte	.LASF28
 348 014d 06       		.byte	0x6
 349 014e 9B       		.byte	0x9b
 350 014f 4F020000 		.4byte	0x24f
 351 0153 00       		.byte	0
 352 0154 06       		.uleb128 0x6
 353 0155 FC010000 		.4byte	.LASF29
 354 0159 06       		.byte	0x6
 355 015a 9C       		.byte	0x9c
 356 015b FA000000 		.4byte	0xfa
 357 015f 08       		.byte	0x8
 358 0160 07       		.uleb128 0x7
 359 0161 63747800 		.ascii	"ctx\000"
 360 0165 06       		.byte	0x6
 361 0166 9D       		.byte	0x9d
 362 0167 3B040000 		.4byte	0x43b
 363 016b 0C       		.byte	0xc
 364 016c 06       		.uleb128 0x6
 365 016d 7E040000 		.4byte	.LASF30
 366 0171 06       		.byte	0x6
 367 0172 9F       		.byte	0x9f
 368 0173 25020000 		.4byte	0x225
 369 0177 10       		.byte	0x10
 370 0178 06       		.uleb128 0x6
 371 0179 0B050000 		.4byte	.LASF31
 372 017d 06       		.byte	0x6
 373 017e A0       		.byte	0xa0
 374 017f 25020000 		.4byte	0x225
 375 0183 14       		.byte	0x14
 376 0184 06       		.uleb128 0x6
 377 0185 15040000 		.4byte	.LASF32
 378 0189 06       		.byte	0x6
 379 018a A7       		.byte	0xa7
 380 018b A0050000 		.4byte	0x5a0
 381 018f 18       		.byte	0x18
 382 0190 06       		.uleb128 0x6
 383 0191 23020000 		.4byte	.LASF33
 384 0195 06       		.byte	0x6
 385 0196 B0       		.byte	0xb0
 386 0197 B2050000 		.4byte	0x5b2
 387 019b 1C       		.byte	0x1c
ARM GAS  /tmp/ccFOXUbZ.s 			page 14


 388 019c 06       		.uleb128 0x6
 389 019d BB040000 		.4byte	.LASF34
 390 01a1 06       		.byte	0x6
 391 01a2 B5       		.byte	0xb5
 392 01a3 E4000000 		.4byte	0xe4
 393 01a7 20       		.byte	0x20
 394 01a8 06       		.uleb128 0x6
 395 01a9 2E000000 		.4byte	.LASF35
 396 01ad 06       		.byte	0x6
 397 01ae B9       		.byte	0xb9
 398 01af D9000000 		.4byte	0xd9
 399 01b3 21       		.byte	0x21
 400 01b4 06       		.uleb128 0x6
 401 01b5 7B000000 		.4byte	.LASF36
 402 01b9 06       		.byte	0x6
 403 01ba BE       		.byte	0xbe
 404 01bb EF000000 		.4byte	0xef
 405 01bf 22       		.byte	0x22
 406 01c0 08       		.uleb128 0x8
 407 01c1 7500     		.ascii	"u\000"
 408 01c3 06       		.byte	0x6
 409 01c4 0F01     		.2byte	0x10f
 410 01c6 D5040000 		.4byte	0x4d5
 411 01ca 24       		.byte	0x24
 412 01cb 09       		.uleb128 0x9
 413 01cc 9D040000 		.4byte	.LASF37
 414 01d0 06       		.byte	0x6
 415 01d1 1401     		.2byte	0x114
 416 01d3 2B020000 		.4byte	0x22b
 417 01d7 28       		.byte	0x28
 418 01d8 09       		.uleb128 0x9
 419 01d9 42020000 		.4byte	.LASF38
 420 01dd 06       		.byte	0x6
 421 01de 1A01     		.2byte	0x11a
 422 01e0 4F020000 		.4byte	0x24f
 423 01e4 2C       		.byte	0x2c
 424 01e5 09       		.uleb128 0x9
 425 01e6 47000000 		.4byte	.LASF39
 426 01ea 06       		.byte	0x6
 427 01eb 2001     		.2byte	0x120
 428 01ed 10010000 		.4byte	0x110
 429 01f1 34       		.byte	0x34
 430 01f2 09       		.uleb128 0x9
 431 01f3 92010000 		.4byte	.LASF40
 432 01f7 06       		.byte	0x6
 433 01f8 2701     		.2byte	0x127
 434 01fa 9A050000 		.4byte	0x59a
 435 01fe 38       		.byte	0x38
 436 01ff 09       		.uleb128 0x9
 437 0200 3E000000 		.4byte	.LASF41
 438 0204 06       		.byte	0x6
 439 0205 2B01     		.2byte	0x12b
 440 0207 FA000000 		.4byte	0xfa
 441 020b 3C       		.byte	0x3c
 442 020c 09       		.uleb128 0x9
 443 020d 1A050000 		.4byte	.LASF42
 444 0211 06       		.byte	0x6
ARM GAS  /tmp/ccFOXUbZ.s 			page 15


 445 0212 3201     		.2byte	0x132
 446 0214 02030000 		.4byte	0x302
 447 0218 40       		.byte	0x40
 448 0219 00       		.byte	0
 449 021a 04       		.uleb128 0x4
 450 021b 10020000 		.4byte	.LASF43
 451 021f 05       		.byte	0x5
 452 0220 44       		.byte	0x44
 453 0221 25020000 		.4byte	0x225
 454 0225 0A       		.uleb128 0xa
 455 0226 04       		.byte	0x4
 456 0227 31010000 		.4byte	0x131
 457 022b 04       		.uleb128 0x4
 458 022c 62000000 		.4byte	.LASF44
 459 0230 05       		.byte	0x5
 460 0231 49       		.byte	0x49
 461 0232 36020000 		.4byte	0x236
 462 0236 05       		.uleb128 0x5
 463 0237 00000000 		.4byte	.LASF46
 464 023b 04       		.byte	0x4
 465 023c 06       		.byte	0x6
 466 023d 88       		.byte	0x88
 467 023e 4F020000 		.4byte	0x24f
 468 0242 06       		.uleb128 0x6
 469 0243 5D000000 		.4byte	.LASF47
 470 0247 06       		.byte	0x6
 471 0248 89       		.byte	0x89
 472 0249 25020000 		.4byte	0x225
 473 024d 00       		.byte	0
 474 024e 00       		.byte	0
 475 024f 04       		.uleb128 0x4
 476 0250 82010000 		.4byte	.LASF48
 477 0254 05       		.byte	0x5
 478 0255 50       		.byte	0x50
 479 0256 5A020000 		.4byte	0x25a
 480 025a 05       		.uleb128 0x5
 481 025b BA000000 		.4byte	.LASF49
 482 025f 08       		.byte	0x8
 483 0260 06       		.byte	0x6
 484 0261 8F       		.byte	0x8f
 485 0262 7F020000 		.4byte	0x27f
 486 0266 06       		.uleb128 0x6
 487 0267 5D000000 		.4byte	.LASF47
 488 026b 06       		.byte	0x6
 489 026c 90       		.byte	0x90
 490 026d 25020000 		.4byte	0x225
 491 0271 00       		.byte	0
 492 0272 06       		.uleb128 0x6
 493 0273 B5000000 		.4byte	.LASF50
 494 0277 06       		.byte	0x6
 495 0278 91       		.byte	0x91
 496 0279 25020000 		.4byte	0x225
 497 027d 04       		.byte	0x4
 498 027e 00       		.byte	0
 499 027f 04       		.uleb128 0x4
 500 0280 54040000 		.4byte	.LASF51
 501 0284 05       		.byte	0x5
ARM GAS  /tmp/ccFOXUbZ.s 			page 16


 502 0285 57       		.byte	0x57
 503 0286 8A020000 		.4byte	0x28a
 504 028a 0B       		.uleb128 0xb
 505 028b 9B000000 		.4byte	.LASF52
 506 028f 1C       		.byte	0x1c
 507 0290 06       		.byte	0x6
 508 0291 6A01     		.2byte	0x16a
 509 0293 E6020000 		.4byte	0x2e6
 510 0297 09       		.uleb128 0x9
 511 0298 61040000 		.4byte	.LASF28
 512 029c 06       		.byte	0x6
 513 029d 6B01     		.2byte	0x16b
 514 029f 4F020000 		.4byte	0x24f
 515 02a3 00       		.byte	0
 516 02a4 09       		.uleb128 0x9
 517 02a5 FC010000 		.4byte	.LASF29
 518 02a9 06       		.byte	0x6
 519 02aa 6C01     		.2byte	0x16c
 520 02ac FA000000 		.4byte	0xfa
 521 02b0 08       		.byte	0x8
 522 02b1 08       		.uleb128 0x8
 523 02b2 63747800 		.ascii	"ctx\000"
 524 02b6 06       		.byte	0x6
 525 02b7 6E01     		.2byte	0x16e
 526 02b9 3B040000 		.4byte	0x43b
 527 02bd 0C       		.byte	0xc
 528 02be 09       		.uleb128 0x9
 529 02bf 7E040000 		.4byte	.LASF30
 530 02c3 06       		.byte	0x6
 531 02c4 7101     		.2byte	0x171
 532 02c6 25020000 		.4byte	0x225
 533 02ca 10       		.byte	0x10
 534 02cb 09       		.uleb128 0x9
 535 02cc 0B050000 		.4byte	.LASF31
 536 02d0 06       		.byte	0x6
 537 02d1 7201     		.2byte	0x172
 538 02d3 25020000 		.4byte	0x225
 539 02d7 14       		.byte	0x14
 540 02d8 09       		.uleb128 0x9
 541 02d9 03050000 		.4byte	.LASF53
 542 02dd 06       		.byte	0x6
 543 02de 7501     		.2byte	0x175
 544 02e0 25020000 		.4byte	0x225
 545 02e4 18       		.byte	0x18
 546 02e5 00       		.byte	0
 547 02e6 04       		.uleb128 0x4
 548 02e7 CB000000 		.4byte	.LASF54
 549 02eb 05       		.byte	0x5
 550 02ec 5C       		.byte	0x5c
 551 02ed F1020000 		.4byte	0x2f1
 552 02f1 0A       		.uleb128 0xa
 553 02f2 04       		.byte	0x4
 554 02f3 F7020000 		.4byte	0x2f7
 555 02f7 0C       		.uleb128 0xc
 556 02f8 02030000 		.4byte	0x302
 557 02fc 0D       		.uleb128 0xd
 558 02fd 02030000 		.4byte	0x302
ARM GAS  /tmp/ccFOXUbZ.s 			page 17


 559 0301 00       		.byte	0
 560 0302 0E       		.uleb128 0xe
 561 0303 04       		.byte	0x4
 562 0304 04       		.uleb128 0x4
 563 0305 78020000 		.4byte	.LASF55
 564 0309 05       		.byte	0x5
 565 030a 61       		.byte	0x61
 566 030b 0F030000 		.4byte	0x30f
 567 030f 0B       		.uleb128 0xb
 568 0310 16010000 		.4byte	.LASF56
 569 0314 14       		.byte	0x14
 570 0315 06       		.byte	0x6
 571 0316 4501     		.2byte	0x145
 572 0318 5E030000 		.4byte	0x35e
 573 031c 09       		.uleb128 0x9
 574 031d 5D000000 		.4byte	.LASF47
 575 0321 06       		.byte	0x6
 576 0322 4601     		.2byte	0x146
 577 0324 B8050000 		.4byte	0x5b8
 578 0328 00       		.byte	0
 579 0329 09       		.uleb128 0x9
 580 032a B5000000 		.4byte	.LASF50
 581 032e 06       		.byte	0x6
 582 032f 4701     		.2byte	0x147
 583 0331 B8050000 		.4byte	0x5b8
 584 0335 04       		.byte	0x4
 585 0336 09       		.uleb128 0x9
 586 0337 DF040000 		.4byte	.LASF57
 587 033b 06       		.byte	0x6
 588 033c 4801     		.2byte	0x148
 589 033e 26010000 		.4byte	0x126
 590 0342 08       		.byte	0x8
 591 0343 09       		.uleb128 0x9
 592 0344 A9000000 		.4byte	.LASF58
 593 0348 06       		.byte	0x6
 594 0349 4901     		.2byte	0x149
 595 034b E6020000 		.4byte	0x2e6
 596 034f 0C       		.byte	0xc
 597 0350 08       		.uleb128 0x8
 598 0351 70617200 		.ascii	"par\000"
 599 0355 06       		.byte	0x6
 600 0356 4B01     		.2byte	0x14b
 601 0358 02030000 		.4byte	0x302
 602 035c 10       		.byte	0x10
 603 035d 00       		.byte	0
 604 035e 04       		.uleb128 0x4
 605 035f A5040000 		.4byte	.LASF59
 606 0363 05       		.byte	0x5
 607 0364 66       		.byte	0x66
 608 0365 69030000 		.4byte	0x369
 609 0369 0B       		.uleb128 0xb
 610 036a 9A010000 		.4byte	.LASF60
 611 036e 0C       		.byte	0xc
 612 036f 06       		.byte	0x6
 613 0370 5501     		.2byte	0x155
 614 0372 AB030000 		.4byte	0x3ab
 615 0376 09       		.uleb128 0x9
ARM GAS  /tmp/ccFOXUbZ.s 			page 18


 616 0377 5D000000 		.4byte	.LASF47
 617 037b 06       		.byte	0x6
 618 037c 5601     		.2byte	0x156
 619 037e B8050000 		.4byte	0x5b8
 620 0382 00       		.byte	0
 621 0383 09       		.uleb128 0x9
 622 0384 B5000000 		.4byte	.LASF50
 623 0388 06       		.byte	0x6
 624 0389 5801     		.2byte	0x158
 625 038b B8050000 		.4byte	0x5b8
 626 038f 04       		.byte	0x4
 627 0390 09       		.uleb128 0x9
 628 0391 DF040000 		.4byte	.LASF57
 629 0395 06       		.byte	0x6
 630 0396 5A01     		.2byte	0x15a
 631 0398 26010000 		.4byte	0x126
 632 039c 08       		.byte	0x8
 633 039d 09       		.uleb128 0x9
 634 039e D4030000 		.4byte	.LASF61
 635 03a2 06       		.byte	0x6
 636 03a3 6201     		.2byte	0x162
 637 03a5 26010000 		.4byte	0x126
 638 03a9 0A       		.byte	0xa
 639 03aa 00       		.byte	0
 640 03ab 04       		.uleb128 0x4
 641 03ac 55020000 		.4byte	.LASF62
 642 03b0 05       		.byte	0x5
 643 03b1 6B       		.byte	0x6b
 644 03b2 B6030000 		.4byte	0x3b6
 645 03b6 0B       		.uleb128 0xb
 646 03b7 D4000000 		.4byte	.LASF63
 647 03bb 04       		.byte	0x4
 648 03bc 06       		.byte	0x6
 649 03bd 7C01     		.2byte	0x17c
 650 03bf D1030000 		.4byte	0x3d1
 651 03c3 09       		.uleb128 0x9
 652 03c4 2B030000 		.4byte	.LASF64
 653 03c8 06       		.byte	0x6
 654 03c9 8401     		.2byte	0x184
 655 03cb BE050000 		.4byte	0x5be
 656 03cf 00       		.byte	0
 657 03d0 00       		.byte	0
 658 03d1 04       		.uleb128 0x4
 659 03d2 C1040000 		.4byte	.LASF65
 660 03d6 05       		.byte	0x5
 661 03d7 70       		.byte	0x70
 662 03d8 DC030000 		.4byte	0x3dc
 663 03dc 0B       		.uleb128 0xb
 664 03dd CA030000 		.4byte	.LASF66
 665 03e1 70       		.byte	0x70
 666 03e2 06       		.byte	0x6
 667 03e3 9C01     		.2byte	0x19c
 668 03e5 1E040000 		.4byte	0x41e
 669 03e9 09       		.uleb128 0x9
 670 03ea EE030000 		.4byte	.LASF67
 671 03ee 06       		.byte	0x6
 672 03ef A001     		.2byte	0x1a0
ARM GAS  /tmp/ccFOXUbZ.s 			page 19


 673 03f1 7F020000 		.4byte	0x27f
 674 03f5 00       		.byte	0
 675 03f6 09       		.uleb128 0x9
 676 03f7 87000000 		.4byte	.LASF68
 677 03fb 06       		.byte	0x6
 678 03fc A401     		.2byte	0x1a4
 679 03fe 5E030000 		.4byte	0x35e
 680 0402 1C       		.byte	0x1c
 681 0403 08       		.uleb128 0x8
 682 0404 64626700 		.ascii	"dbg\000"
 683 0408 06       		.byte	0x6
 684 0409 A801     		.2byte	0x1a8
 685 040b AB030000 		.4byte	0x3ab
 686 040f 28       		.byte	0x28
 687 0410 09       		.uleb128 0x9
 688 0411 3D030000 		.4byte	.LASF69
 689 0415 06       		.byte	0x6
 690 0416 AC01     		.2byte	0x1ac
 691 0418 31010000 		.4byte	0x131
 692 041c 2C       		.byte	0x2c
 693 041d 00       		.byte	0
 694 041e 03       		.uleb128 0x3
 695 041f 04       		.byte	0x4
 696 0420 07       		.byte	0x7
 697 0421 24040000 		.4byte	.LASF70
 698 0425 04       		.uleb128 0x4
 699 0426 25000000 		.4byte	.LASF71
 700 042a 07       		.byte	0x7
 701 042b 65       		.byte	0x65
 702 042c 02030000 		.4byte	0x302
 703 0430 04       		.uleb128 0x4
 704 0431 F8040000 		.4byte	.LASF72
 705 0435 07       		.byte	0x7
 706 0436 6D       		.byte	0x6d
 707 0437 CE000000 		.4byte	0xce
 708 043b 05       		.uleb128 0x5
 709 043c 8E000000 		.4byte	.LASF73
 710 0440 04       		.byte	0x4
 711 0441 07       		.byte	0x7
 712 0442 89       		.byte	0x89
 713 0443 53040000 		.4byte	0x453
 714 0447 07       		.uleb128 0x7
 715 0448 737000   		.ascii	"sp\000"
 716 044b 07       		.byte	0x7
 717 044c 8A       		.byte	0x8a
 718 044d CF040000 		.4byte	0x4cf
 719 0451 00       		.byte	0
 720 0452 00       		.byte	0
 721 0453 0B       		.uleb128 0xb
 722 0454 AA030000 		.4byte	.LASF74
 723 0458 24       		.byte	0x24
 724 0459 08       		.byte	0x8
 725 045a 5901     		.2byte	0x159
 726 045c CF040000 		.4byte	0x4cf
 727 0460 08       		.uleb128 0x8
 728 0461 723400   		.ascii	"r4\000"
 729 0464 08       		.byte	0x8
ARM GAS  /tmp/ccFOXUbZ.s 			page 20


 730 0465 6C01     		.2byte	0x16c
 731 0467 25040000 		.4byte	0x425
 732 046b 00       		.byte	0
 733 046c 08       		.uleb128 0x8
 734 046d 723500   		.ascii	"r5\000"
 735 0470 08       		.byte	0x8
 736 0471 6D01     		.2byte	0x16d
 737 0473 25040000 		.4byte	0x425
 738 0477 04       		.byte	0x4
 739 0478 08       		.uleb128 0x8
 740 0479 723600   		.ascii	"r6\000"
 741 047c 08       		.byte	0x8
 742 047d 6E01     		.2byte	0x16e
 743 047f 25040000 		.4byte	0x425
 744 0483 08       		.byte	0x8
 745 0484 08       		.uleb128 0x8
 746 0485 723700   		.ascii	"r7\000"
 747 0488 08       		.byte	0x8
 748 0489 6F01     		.2byte	0x16f
 749 048b 25040000 		.4byte	0x425
 750 048f 0C       		.byte	0xc
 751 0490 08       		.uleb128 0x8
 752 0491 723800   		.ascii	"r8\000"
 753 0494 08       		.byte	0x8
 754 0495 7001     		.2byte	0x170
 755 0497 25040000 		.4byte	0x425
 756 049b 10       		.byte	0x10
 757 049c 08       		.uleb128 0x8
 758 049d 723900   		.ascii	"r9\000"
 759 04a0 08       		.byte	0x8
 760 04a1 7101     		.2byte	0x171
 761 04a3 25040000 		.4byte	0x425
 762 04a7 14       		.byte	0x14
 763 04a8 08       		.uleb128 0x8
 764 04a9 72313000 		.ascii	"r10\000"
 765 04ad 08       		.byte	0x8
 766 04ae 7201     		.2byte	0x172
 767 04b0 25040000 		.4byte	0x425
 768 04b4 18       		.byte	0x18
 769 04b5 08       		.uleb128 0x8
 770 04b6 72313100 		.ascii	"r11\000"
 771 04ba 08       		.byte	0x8
 772 04bb 7301     		.2byte	0x173
 773 04bd 25040000 		.4byte	0x425
 774 04c1 1C       		.byte	0x1c
 775 04c2 08       		.uleb128 0x8
 776 04c3 6C7200   		.ascii	"lr\000"
 777 04c6 08       		.byte	0x8
 778 04c7 7401     		.2byte	0x174
 779 04c9 25040000 		.4byte	0x425
 780 04cd 20       		.byte	0x20
 781 04ce 00       		.byte	0
 782 04cf 0A       		.uleb128 0xa
 783 04d0 04       		.byte	0x4
 784 04d1 53040000 		.4byte	0x453
 785 04d5 0F       		.uleb128 0xf
 786 04d6 04       		.byte	0x4
ARM GAS  /tmp/ccFOXUbZ.s 			page 21


 787 04d7 06       		.byte	0x6
 788 04d8 D2       		.byte	0xd2
 789 04d9 38050000 		.4byte	0x538
 790 04dd 10       		.uleb128 0x10
 791 04de C1010000 		.4byte	.LASF75
 792 04e2 06       		.byte	0x6
 793 04e3 D9       		.byte	0xd9
 794 04e4 05010000 		.4byte	0x105
 795 04e8 10       		.uleb128 0x10
 796 04e9 11050000 		.4byte	.LASF76
 797 04ed 06       		.byte	0x6
 798 04ee E0       		.byte	0xe0
 799 04ef 05010000 		.4byte	0x105
 800 04f3 10       		.uleb128 0x10
 801 04f4 80000000 		.4byte	.LASF77
 802 04f8 06       		.byte	0x6
 803 04f9 E7       		.byte	0xe7
 804 04fa 02030000 		.4byte	0x302
 805 04fe 10       		.uleb128 0x10
 806 04ff CD040000 		.4byte	.LASF78
 807 0503 06       		.byte	0x6
 808 0504 EE       		.byte	0xee
 809 0505 38050000 		.4byte	0x538
 810 0509 10       		.uleb128 0x10
 811 050a ED000000 		.4byte	.LASF79
 812 050e 06       		.byte	0x6
 813 050f F3       		.byte	0xf3
 814 0510 05010000 		.4byte	0x105
 815 0514 10       		.uleb128 0x10
 816 0515 6F040000 		.4byte	.LASF80
 817 0519 06       		.byte	0x6
 818 051a FC       		.byte	0xfc
 819 051b 63050000 		.4byte	0x563
 820 051f 11       		.uleb128 0x11
 821 0520 17000000 		.4byte	.LASF81
 822 0524 06       		.byte	0x6
 823 0525 0501     		.2byte	0x105
 824 0527 9A050000 		.4byte	0x59a
 825 052b 11       		.uleb128 0x11
 826 052c AE000000 		.4byte	.LASF82
 827 0530 06       		.byte	0x6
 828 0531 0D01     		.2byte	0x10d
 829 0533 10010000 		.4byte	0x110
 830 0537 00       		.byte	0
 831 0538 0A       		.uleb128 0xa
 832 0539 04       		.byte	0x4
 833 053a 1A020000 		.4byte	0x21a
 834 053e 05       		.uleb128 0x5
 835 053f 01010000 		.4byte	.LASF83
 836 0543 0C       		.byte	0xc
 837 0544 09       		.byte	0x9
 838 0545 34       		.byte	0x34
 839 0546 63050000 		.4byte	0x563
 840 054a 06       		.uleb128 0x6
 841 054b 61040000 		.4byte	.LASF28
 842 054f 09       		.byte	0x9
 843 0550 35       		.byte	0x35
ARM GAS  /tmp/ccFOXUbZ.s 			page 22


 844 0551 4F020000 		.4byte	0x24f
 845 0555 00       		.byte	0
 846 0556 07       		.uleb128 0x7
 847 0557 636E7400 		.ascii	"cnt\000"
 848 055b 09       		.byte	0x9
 849 055c 37       		.byte	0x37
 850 055d 1B010000 		.4byte	0x11b
 851 0561 08       		.byte	0x8
 852 0562 00       		.byte	0
 853 0563 0A       		.uleb128 0xa
 854 0564 04       		.byte	0x4
 855 0565 3E050000 		.4byte	0x53e
 856 0569 05       		.uleb128 0x5
 857 056a D5010000 		.4byte	.LASF84
 858 056e 10       		.byte	0x10
 859 056f 0A       		.byte	0xa
 860 0570 39       		.byte	0x39
 861 0571 9A050000 		.4byte	0x59a
 862 0575 06       		.uleb128 0x6
 863 0576 61040000 		.4byte	.LASF28
 864 057a 0A       		.byte	0xa
 865 057b 3A       		.byte	0x3a
 866 057c 4F020000 		.4byte	0x24f
 867 0580 00       		.byte	0
 868 0581 06       		.uleb128 0x6
 869 0582 7C010000 		.4byte	.LASF85
 870 0586 0A       		.byte	0xa
 871 0587 3C       		.byte	0x3c
 872 0588 25020000 		.4byte	0x225
 873 058c 08       		.byte	0x8
 874 058d 06       		.uleb128 0x6
 875 058e 5D000000 		.4byte	.LASF47
 876 0592 0A       		.byte	0xa
 877 0593 3E       		.byte	0x3e
 878 0594 CE050000 		.4byte	0x5ce
 879 0598 0C       		.byte	0xc
 880 0599 00       		.byte	0
 881 059a 0A       		.uleb128 0xa
 882 059b 04       		.byte	0x4
 883 059c 69050000 		.4byte	0x569
 884 05a0 0A       		.uleb128 0xa
 885 05a1 04       		.byte	0x4
 886 05a2 A6050000 		.4byte	0x5a6
 887 05a6 12       		.uleb128 0x12
 888 05a7 AB050000 		.4byte	0x5ab
 889 05ab 03       		.uleb128 0x3
 890 05ac 01       		.byte	0x1
 891 05ad 08       		.byte	0x8
 892 05ae 0B020000 		.4byte	.LASF86
 893 05b2 0A       		.uleb128 0xa
 894 05b3 04       		.byte	0x4
 895 05b4 30040000 		.4byte	0x430
 896 05b8 0A       		.uleb128 0xa
 897 05b9 04       		.byte	0x4
 898 05ba 04030000 		.4byte	0x304
 899 05be 13       		.uleb128 0x13
 900 05bf A0050000 		.4byte	0x5a0
ARM GAS  /tmp/ccFOXUbZ.s 			page 23


 901 05c3 04       		.uleb128 0x4
 902 05c4 76040000 		.4byte	.LASF87
 903 05c8 0A       		.byte	0xa
 904 05c9 34       		.byte	0x34
 905 05ca 69050000 		.4byte	0x569
 906 05ce 0A       		.uleb128 0xa
 907 05cf 04       		.byte	0x4
 908 05d0 C3050000 		.4byte	0x5c3
 909 05d4 03       		.uleb128 0x3
 910 05d5 01       		.byte	0x1
 911 05d6 02       		.byte	0x2
 912 05d7 C8010000 		.4byte	.LASF88
 913 05db 14       		.uleb128 0x14
 914 05dc 0C       		.byte	0xc
 915 05dd 0B       		.byte	0xb
 916 05de 68       		.byte	0x68
 917 05df 08060000 		.4byte	0x608
 918 05e3 07       		.uleb128 0x7
 919 05e4 6F647200 		.ascii	"odr\000"
 920 05e8 0B       		.byte	0xb
 921 05e9 6A       		.byte	0x6a
 922 05ea C3000000 		.4byte	0xc3
 923 05ee 00       		.byte	0
 924 05ef 07       		.uleb128 0x7
 925 05f0 63726C00 		.ascii	"crl\000"
 926 05f4 0B       		.byte	0xb
 927 05f5 6C       		.byte	0x6c
 928 05f6 C3000000 		.4byte	0xc3
 929 05fa 04       		.byte	0x4
 930 05fb 07       		.uleb128 0x7
 931 05fc 63726800 		.ascii	"crh\000"
 932 0600 0B       		.byte	0xb
 933 0601 6E       		.byte	0x6e
 934 0602 C3000000 		.4byte	0xc3
 935 0606 08       		.byte	0x8
 936 0607 00       		.byte	0
 937 0608 04       		.uleb128 0x4
 938 0609 69010000 		.4byte	.LASF89
 939 060d 0B       		.byte	0xb
 940 060e 6F       		.byte	0x6f
 941 060f DB050000 		.4byte	0x5db
 942 0613 14       		.uleb128 0x14
 943 0614 3C       		.byte	0x3c
 944 0615 0B       		.byte	0xb
 945 0616 78       		.byte	0x78
 946 0617 58060000 		.4byte	0x658
 947 061b 06       		.uleb128 0x6
 948 061c C3030000 		.4byte	.LASF90
 949 0620 0B       		.byte	0xb
 950 0621 7A       		.byte	0x7a
 951 0622 08060000 		.4byte	0x608
 952 0626 00       		.byte	0
 953 0627 06       		.uleb128 0x6
 954 0628 CE010000 		.4byte	.LASF91
 955 062c 0B       		.byte	0xb
 956 062d 7C       		.byte	0x7c
 957 062e 08060000 		.4byte	0x608
ARM GAS  /tmp/ccFOXUbZ.s 			page 24


 958 0632 0C       		.byte	0xc
 959 0633 06       		.uleb128 0x6
 960 0634 10000000 		.4byte	.LASF92
 961 0638 0B       		.byte	0xb
 962 0639 7E       		.byte	0x7e
 963 063a 08060000 		.4byte	0x608
 964 063e 18       		.byte	0x18
 965 063f 06       		.uleb128 0x6
 966 0640 90030000 		.4byte	.LASF93
 967 0644 0B       		.byte	0xb
 968 0645 80       		.byte	0x80
 969 0646 08060000 		.4byte	0x608
 970 064a 24       		.byte	0x24
 971 064b 06       		.uleb128 0x6
 972 064c BA010000 		.4byte	.LASF94
 973 0650 0B       		.byte	0xb
 974 0651 83       		.byte	0x83
 975 0652 08060000 		.4byte	0x608
 976 0656 30       		.byte	0x30
 977 0657 00       		.byte	0
 978 0658 04       		.uleb128 0x4
 979 0659 1A040000 		.4byte	.LASF95
 980 065d 0B       		.byte	0xb
 981 065e 8D       		.byte	0x8d
 982 065f 13060000 		.4byte	0x613
 983 0663 15       		.uleb128 0x15
 984 0664 0C040000 		.4byte	.LASF105
 985 0668 11       		.byte	0x11
 986 0669 C101     		.2byte	0x1c1
 987 066b 03       		.byte	0x3
 988 066c 16       		.uleb128 0x16
 989 066d E6030000 		.4byte	.LASF106
 990 0671 01       		.byte	0x1
 991 0672 38       		.byte	0x38
 992 0673 00000000 		.4byte	.LFB219
 993 0677 22000000 		.4byte	.LFE219-.LFB219
 994 067b 01       		.uleb128 0x1
 995 067c 9C       		.byte	0x9c
 996 067d AF060000 		.4byte	0x6af
 997 0681 17       		.uleb128 0x17
 998 0682 06000000 		.4byte	.LVL0
 999 0686 DC060000 		.4byte	0x6dc
 1000 068a 17       		.uleb128 0x17
 1001 068b 12000000 		.4byte	.LVL1
 1002 068f E3060000 		.4byte	0x6e3
 1003 0693 17       		.uleb128 0x17
 1004 0694 16000000 		.4byte	.LVL2
 1005 0698 FB060000 		.4byte	0x6fb
 1006 069c 17       		.uleb128 0x17
 1007 069d 1A000000 		.4byte	.LVL3
 1008 06a1 03070000 		.4byte	0x703
 1009 06a5 18       		.uleb128 0x18
 1010 06a6 22000000 		.4byte	.LVL4
 1011 06aa 0A070000 		.4byte	0x70a
 1012 06ae 00       		.byte	0
 1013 06af 19       		.uleb128 0x19
 1014 06b0 B6030000 		.4byte	.LASF96
ARM GAS  /tmp/ccFOXUbZ.s 			page 25


 1015 06b4 0C       		.byte	0xc
 1016 06b5 9606     		.2byte	0x696
 1017 06b7 BB060000 		.4byte	0x6bb
 1018 06bb 13       		.uleb128 0x13
 1019 06bc B8000000 		.4byte	0xb8
 1020 06c0 1A       		.uleb128 0x1a
 1021 06c1 636800   		.ascii	"ch\000"
 1022 06c4 06       		.byte	0x6
 1023 06c5 D201     		.2byte	0x1d2
 1024 06c7 D1030000 		.4byte	0x3d1
 1025 06cb 19       		.uleb128 0x19
 1026 06cc E9010000 		.4byte	.LASF97
 1027 06d0 0B       		.byte	0xb
 1028 06d1 6701     		.2byte	0x167
 1029 06d3 D7060000 		.4byte	0x6d7
 1030 06d7 12       		.uleb128 0x12
 1031 06d8 58060000 		.4byte	0x658
 1032 06dc 1B       		.uleb128 0x1b
 1033 06dd 47040000 		.4byte	.LASF98
 1034 06e1 0D       		.byte	0xd
 1035 06e2 D7       		.byte	0xd7
 1036 06e3 1C       		.uleb128 0x1c
 1037 06e4 F4030000 		.4byte	.LASF107
 1038 06e8 0B       		.byte	0xb
 1039 06e9 6C01     		.2byte	0x16c
 1040 06eb F5060000 		.4byte	0x6f5
 1041 06ef 0D       		.uleb128 0xd
 1042 06f0 F5060000 		.4byte	0x6f5
 1043 06f4 00       		.byte	0
 1044 06f5 0A       		.uleb128 0xa
 1045 06f6 04       		.byte	0x4
 1046 06f7 D7060000 		.4byte	0x6d7
 1047 06fb 1D       		.uleb128 0x1d
 1048 06fc 1E000000 		.4byte	.LASF99
 1049 0700 0E       		.byte	0xe
 1050 0701 1101     		.2byte	0x111
 1051 0703 1B       		.uleb128 0x1b
 1052 0704 01020000 		.4byte	.LASF100
 1053 0708 0F       		.byte	0xf
 1054 0709 89       		.byte	0x89
 1055 070a 1B       		.uleb128 0x1b
 1056 070b 33020000 		.4byte	.LASF101
 1057 070f 10       		.byte	0x10
 1058 0710 56       		.byte	0x56
 1059 0711 00       		.byte	0
 1060              		.section	.debug_abbrev,"",%progbits
 1061              	.Ldebug_abbrev0:
 1062 0000 01       		.uleb128 0x1
 1063 0001 11       		.uleb128 0x11
 1064 0002 01       		.byte	0x1
 1065 0003 25       		.uleb128 0x25
 1066 0004 0E       		.uleb128 0xe
 1067 0005 13       		.uleb128 0x13
 1068 0006 0B       		.uleb128 0xb
 1069 0007 03       		.uleb128 0x3
 1070 0008 0E       		.uleb128 0xe
 1071 0009 1B       		.uleb128 0x1b
ARM GAS  /tmp/ccFOXUbZ.s 			page 26


 1072 000a 0E       		.uleb128 0xe
 1073 000b 55       		.uleb128 0x55
 1074 000c 17       		.uleb128 0x17
 1075 000d 11       		.uleb128 0x11
 1076 000e 01       		.uleb128 0x1
 1077 000f 10       		.uleb128 0x10
 1078 0010 17       		.uleb128 0x17
 1079 0011 00       		.byte	0
 1080 0012 00       		.byte	0
 1081 0013 02       		.uleb128 0x2
 1082 0014 24       		.uleb128 0x24
 1083 0015 00       		.byte	0
 1084 0016 0B       		.uleb128 0xb
 1085 0017 0B       		.uleb128 0xb
 1086 0018 3E       		.uleb128 0x3e
 1087 0019 0B       		.uleb128 0xb
 1088 001a 03       		.uleb128 0x3
 1089 001b 08       		.uleb128 0x8
 1090 001c 00       		.byte	0
 1091 001d 00       		.byte	0
 1092 001e 03       		.uleb128 0x3
 1093 001f 24       		.uleb128 0x24
 1094 0020 00       		.byte	0
 1095 0021 0B       		.uleb128 0xb
 1096 0022 0B       		.uleb128 0xb
 1097 0023 3E       		.uleb128 0x3e
 1098 0024 0B       		.uleb128 0xb
 1099 0025 03       		.uleb128 0x3
 1100 0026 0E       		.uleb128 0xe
 1101 0027 00       		.byte	0
 1102 0028 00       		.byte	0
 1103 0029 04       		.uleb128 0x4
 1104 002a 16       		.uleb128 0x16
 1105 002b 00       		.byte	0
 1106 002c 03       		.uleb128 0x3
 1107 002d 0E       		.uleb128 0xe
 1108 002e 3A       		.uleb128 0x3a
 1109 002f 0B       		.uleb128 0xb
 1110 0030 3B       		.uleb128 0x3b
 1111 0031 0B       		.uleb128 0xb
 1112 0032 49       		.uleb128 0x49
 1113 0033 13       		.uleb128 0x13
 1114 0034 00       		.byte	0
 1115 0035 00       		.byte	0
 1116 0036 05       		.uleb128 0x5
 1117 0037 13       		.uleb128 0x13
 1118 0038 01       		.byte	0x1
 1119 0039 03       		.uleb128 0x3
 1120 003a 0E       		.uleb128 0xe
 1121 003b 0B       		.uleb128 0xb
 1122 003c 0B       		.uleb128 0xb
 1123 003d 3A       		.uleb128 0x3a
 1124 003e 0B       		.uleb128 0xb
 1125 003f 3B       		.uleb128 0x3b
 1126 0040 0B       		.uleb128 0xb
 1127 0041 01       		.uleb128 0x1
 1128 0042 13       		.uleb128 0x13
ARM GAS  /tmp/ccFOXUbZ.s 			page 27


 1129 0043 00       		.byte	0
 1130 0044 00       		.byte	0
 1131 0045 06       		.uleb128 0x6
 1132 0046 0D       		.uleb128 0xd
 1133 0047 00       		.byte	0
 1134 0048 03       		.uleb128 0x3
 1135 0049 0E       		.uleb128 0xe
 1136 004a 3A       		.uleb128 0x3a
 1137 004b 0B       		.uleb128 0xb
 1138 004c 3B       		.uleb128 0x3b
 1139 004d 0B       		.uleb128 0xb
 1140 004e 49       		.uleb128 0x49
 1141 004f 13       		.uleb128 0x13
 1142 0050 38       		.uleb128 0x38
 1143 0051 0B       		.uleb128 0xb
 1144 0052 00       		.byte	0
 1145 0053 00       		.byte	0
 1146 0054 07       		.uleb128 0x7
 1147 0055 0D       		.uleb128 0xd
 1148 0056 00       		.byte	0
 1149 0057 03       		.uleb128 0x3
 1150 0058 08       		.uleb128 0x8
 1151 0059 3A       		.uleb128 0x3a
 1152 005a 0B       		.uleb128 0xb
 1153 005b 3B       		.uleb128 0x3b
 1154 005c 0B       		.uleb128 0xb
 1155 005d 49       		.uleb128 0x49
 1156 005e 13       		.uleb128 0x13
 1157 005f 38       		.uleb128 0x38
 1158 0060 0B       		.uleb128 0xb
 1159 0061 00       		.byte	0
 1160 0062 00       		.byte	0
 1161 0063 08       		.uleb128 0x8
 1162 0064 0D       		.uleb128 0xd
 1163 0065 00       		.byte	0
 1164 0066 03       		.uleb128 0x3
 1165 0067 08       		.uleb128 0x8
 1166 0068 3A       		.uleb128 0x3a
 1167 0069 0B       		.uleb128 0xb
 1168 006a 3B       		.uleb128 0x3b
 1169 006b 05       		.uleb128 0x5
 1170 006c 49       		.uleb128 0x49
 1171 006d 13       		.uleb128 0x13
 1172 006e 38       		.uleb128 0x38
 1173 006f 0B       		.uleb128 0xb
 1174 0070 00       		.byte	0
 1175 0071 00       		.byte	0
 1176 0072 09       		.uleb128 0x9
 1177 0073 0D       		.uleb128 0xd
 1178 0074 00       		.byte	0
 1179 0075 03       		.uleb128 0x3
 1180 0076 0E       		.uleb128 0xe
 1181 0077 3A       		.uleb128 0x3a
 1182 0078 0B       		.uleb128 0xb
 1183 0079 3B       		.uleb128 0x3b
 1184 007a 05       		.uleb128 0x5
 1185 007b 49       		.uleb128 0x49
ARM GAS  /tmp/ccFOXUbZ.s 			page 28


 1186 007c 13       		.uleb128 0x13
 1187 007d 38       		.uleb128 0x38
 1188 007e 0B       		.uleb128 0xb
 1189 007f 00       		.byte	0
 1190 0080 00       		.byte	0
 1191 0081 0A       		.uleb128 0xa
 1192 0082 0F       		.uleb128 0xf
 1193 0083 00       		.byte	0
 1194 0084 0B       		.uleb128 0xb
 1195 0085 0B       		.uleb128 0xb
 1196 0086 49       		.uleb128 0x49
 1197 0087 13       		.uleb128 0x13
 1198 0088 00       		.byte	0
 1199 0089 00       		.byte	0
 1200 008a 0B       		.uleb128 0xb
 1201 008b 13       		.uleb128 0x13
 1202 008c 01       		.byte	0x1
 1203 008d 03       		.uleb128 0x3
 1204 008e 0E       		.uleb128 0xe
 1205 008f 0B       		.uleb128 0xb
 1206 0090 0B       		.uleb128 0xb
 1207 0091 3A       		.uleb128 0x3a
 1208 0092 0B       		.uleb128 0xb
 1209 0093 3B       		.uleb128 0x3b
 1210 0094 05       		.uleb128 0x5
 1211 0095 01       		.uleb128 0x1
 1212 0096 13       		.uleb128 0x13
 1213 0097 00       		.byte	0
 1214 0098 00       		.byte	0
 1215 0099 0C       		.uleb128 0xc
 1216 009a 15       		.uleb128 0x15
 1217 009b 01       		.byte	0x1
 1218 009c 27       		.uleb128 0x27
 1219 009d 19       		.uleb128 0x19
 1220 009e 01       		.uleb128 0x1
 1221 009f 13       		.uleb128 0x13
 1222 00a0 00       		.byte	0
 1223 00a1 00       		.byte	0
 1224 00a2 0D       		.uleb128 0xd
 1225 00a3 05       		.uleb128 0x5
 1226 00a4 00       		.byte	0
 1227 00a5 49       		.uleb128 0x49
 1228 00a6 13       		.uleb128 0x13
 1229 00a7 00       		.byte	0
 1230 00a8 00       		.byte	0
 1231 00a9 0E       		.uleb128 0xe
 1232 00aa 0F       		.uleb128 0xf
 1233 00ab 00       		.byte	0
 1234 00ac 0B       		.uleb128 0xb
 1235 00ad 0B       		.uleb128 0xb
 1236 00ae 00       		.byte	0
 1237 00af 00       		.byte	0
 1238 00b0 0F       		.uleb128 0xf
 1239 00b1 17       		.uleb128 0x17
 1240 00b2 01       		.byte	0x1
 1241 00b3 0B       		.uleb128 0xb
 1242 00b4 0B       		.uleb128 0xb
ARM GAS  /tmp/ccFOXUbZ.s 			page 29


 1243 00b5 3A       		.uleb128 0x3a
 1244 00b6 0B       		.uleb128 0xb
 1245 00b7 3B       		.uleb128 0x3b
 1246 00b8 0B       		.uleb128 0xb
 1247 00b9 01       		.uleb128 0x1
 1248 00ba 13       		.uleb128 0x13
 1249 00bb 00       		.byte	0
 1250 00bc 00       		.byte	0
 1251 00bd 10       		.uleb128 0x10
 1252 00be 0D       		.uleb128 0xd
 1253 00bf 00       		.byte	0
 1254 00c0 03       		.uleb128 0x3
 1255 00c1 0E       		.uleb128 0xe
 1256 00c2 3A       		.uleb128 0x3a
 1257 00c3 0B       		.uleb128 0xb
 1258 00c4 3B       		.uleb128 0x3b
 1259 00c5 0B       		.uleb128 0xb
 1260 00c6 49       		.uleb128 0x49
 1261 00c7 13       		.uleb128 0x13
 1262 00c8 00       		.byte	0
 1263 00c9 00       		.byte	0
 1264 00ca 11       		.uleb128 0x11
 1265 00cb 0D       		.uleb128 0xd
 1266 00cc 00       		.byte	0
 1267 00cd 03       		.uleb128 0x3
 1268 00ce 0E       		.uleb128 0xe
 1269 00cf 3A       		.uleb128 0x3a
 1270 00d0 0B       		.uleb128 0xb
 1271 00d1 3B       		.uleb128 0x3b
 1272 00d2 05       		.uleb128 0x5
 1273 00d3 49       		.uleb128 0x49
 1274 00d4 13       		.uleb128 0x13
 1275 00d5 00       		.byte	0
 1276 00d6 00       		.byte	0
 1277 00d7 12       		.uleb128 0x12
 1278 00d8 26       		.uleb128 0x26
 1279 00d9 00       		.byte	0
 1280 00da 49       		.uleb128 0x49
 1281 00db 13       		.uleb128 0x13
 1282 00dc 00       		.byte	0
 1283 00dd 00       		.byte	0
 1284 00de 13       		.uleb128 0x13
 1285 00df 35       		.uleb128 0x35
 1286 00e0 00       		.byte	0
 1287 00e1 49       		.uleb128 0x49
 1288 00e2 13       		.uleb128 0x13
 1289 00e3 00       		.byte	0
 1290 00e4 00       		.byte	0
 1291 00e5 14       		.uleb128 0x14
 1292 00e6 13       		.uleb128 0x13
 1293 00e7 01       		.byte	0x1
 1294 00e8 0B       		.uleb128 0xb
 1295 00e9 0B       		.uleb128 0xb
 1296 00ea 3A       		.uleb128 0x3a
 1297 00eb 0B       		.uleb128 0xb
 1298 00ec 3B       		.uleb128 0x3b
 1299 00ed 0B       		.uleb128 0xb
ARM GAS  /tmp/ccFOXUbZ.s 			page 30


 1300 00ee 01       		.uleb128 0x1
 1301 00ef 13       		.uleb128 0x13
 1302 00f0 00       		.byte	0
 1303 00f1 00       		.byte	0
 1304 00f2 15       		.uleb128 0x15
 1305 00f3 2E       		.uleb128 0x2e
 1306 00f4 00       		.byte	0
 1307 00f5 03       		.uleb128 0x3
 1308 00f6 0E       		.uleb128 0xe
 1309 00f7 3A       		.uleb128 0x3a
 1310 00f8 0B       		.uleb128 0xb
 1311 00f9 3B       		.uleb128 0x3b
 1312 00fa 05       		.uleb128 0x5
 1313 00fb 27       		.uleb128 0x27
 1314 00fc 19       		.uleb128 0x19
 1315 00fd 20       		.uleb128 0x20
 1316 00fe 0B       		.uleb128 0xb
 1317 00ff 00       		.byte	0
 1318 0100 00       		.byte	0
 1319 0101 16       		.uleb128 0x16
 1320 0102 2E       		.uleb128 0x2e
 1321 0103 01       		.byte	0x1
 1322 0104 3F       		.uleb128 0x3f
 1323 0105 19       		.uleb128 0x19
 1324 0106 03       		.uleb128 0x3
 1325 0107 0E       		.uleb128 0xe
 1326 0108 3A       		.uleb128 0x3a
 1327 0109 0B       		.uleb128 0xb
 1328 010a 3B       		.uleb128 0x3b
 1329 010b 0B       		.uleb128 0xb
 1330 010c 27       		.uleb128 0x27
 1331 010d 19       		.uleb128 0x19
 1332 010e 11       		.uleb128 0x11
 1333 010f 01       		.uleb128 0x1
 1334 0110 12       		.uleb128 0x12
 1335 0111 06       		.uleb128 0x6
 1336 0112 40       		.uleb128 0x40
 1337 0113 18       		.uleb128 0x18
 1338 0114 9742     		.uleb128 0x2117
 1339 0116 19       		.uleb128 0x19
 1340 0117 01       		.uleb128 0x1
 1341 0118 13       		.uleb128 0x13
 1342 0119 00       		.byte	0
 1343 011a 00       		.byte	0
 1344 011b 17       		.uleb128 0x17
 1345 011c 898201   		.uleb128 0x4109
 1346 011f 00       		.byte	0
 1347 0120 11       		.uleb128 0x11
 1348 0121 01       		.uleb128 0x1
 1349 0122 31       		.uleb128 0x31
 1350 0123 13       		.uleb128 0x13
 1351 0124 00       		.byte	0
 1352 0125 00       		.byte	0
 1353 0126 18       		.uleb128 0x18
 1354 0127 898201   		.uleb128 0x4109
 1355 012a 00       		.byte	0
 1356 012b 11       		.uleb128 0x11
ARM GAS  /tmp/ccFOXUbZ.s 			page 31


 1357 012c 01       		.uleb128 0x1
 1358 012d 9542     		.uleb128 0x2115
 1359 012f 19       		.uleb128 0x19
 1360 0130 31       		.uleb128 0x31
 1361 0131 13       		.uleb128 0x13
 1362 0132 00       		.byte	0
 1363 0133 00       		.byte	0
 1364 0134 19       		.uleb128 0x19
 1365 0135 34       		.uleb128 0x34
 1366 0136 00       		.byte	0
 1367 0137 03       		.uleb128 0x3
 1368 0138 0E       		.uleb128 0xe
 1369 0139 3A       		.uleb128 0x3a
 1370 013a 0B       		.uleb128 0xb
 1371 013b 3B       		.uleb128 0x3b
 1372 013c 05       		.uleb128 0x5
 1373 013d 49       		.uleb128 0x49
 1374 013e 13       		.uleb128 0x13
 1375 013f 3F       		.uleb128 0x3f
 1376 0140 19       		.uleb128 0x19
 1377 0141 3C       		.uleb128 0x3c
 1378 0142 19       		.uleb128 0x19
 1379 0143 00       		.byte	0
 1380 0144 00       		.byte	0
 1381 0145 1A       		.uleb128 0x1a
 1382 0146 34       		.uleb128 0x34
 1383 0147 00       		.byte	0
 1384 0148 03       		.uleb128 0x3
 1385 0149 08       		.uleb128 0x8
 1386 014a 3A       		.uleb128 0x3a
 1387 014b 0B       		.uleb128 0xb
 1388 014c 3B       		.uleb128 0x3b
 1389 014d 05       		.uleb128 0x5
 1390 014e 49       		.uleb128 0x49
 1391 014f 13       		.uleb128 0x13
 1392 0150 3F       		.uleb128 0x3f
 1393 0151 19       		.uleb128 0x19
 1394 0152 3C       		.uleb128 0x3c
 1395 0153 19       		.uleb128 0x19
 1396 0154 00       		.byte	0
 1397 0155 00       		.byte	0
 1398 0156 1B       		.uleb128 0x1b
 1399 0157 2E       		.uleb128 0x2e
 1400 0158 00       		.byte	0
 1401 0159 3F       		.uleb128 0x3f
 1402 015a 19       		.uleb128 0x19
 1403 015b 03       		.uleb128 0x3
 1404 015c 0E       		.uleb128 0xe
 1405 015d 3A       		.uleb128 0x3a
 1406 015e 0B       		.uleb128 0xb
 1407 015f 3B       		.uleb128 0x3b
 1408 0160 0B       		.uleb128 0xb
 1409 0161 27       		.uleb128 0x27
 1410 0162 19       		.uleb128 0x19
 1411 0163 3C       		.uleb128 0x3c
 1412 0164 19       		.uleb128 0x19
 1413 0165 00       		.byte	0
ARM GAS  /tmp/ccFOXUbZ.s 			page 32


 1414 0166 00       		.byte	0
 1415 0167 1C       		.uleb128 0x1c
 1416 0168 2E       		.uleb128 0x2e
 1417 0169 01       		.byte	0x1
 1418 016a 3F       		.uleb128 0x3f
 1419 016b 19       		.uleb128 0x19
 1420 016c 03       		.uleb128 0x3
 1421 016d 0E       		.uleb128 0xe
 1422 016e 3A       		.uleb128 0x3a
 1423 016f 0B       		.uleb128 0xb
 1424 0170 3B       		.uleb128 0x3b
 1425 0171 05       		.uleb128 0x5
 1426 0172 27       		.uleb128 0x27
 1427 0173 19       		.uleb128 0x19
 1428 0174 3C       		.uleb128 0x3c
 1429 0175 19       		.uleb128 0x19
 1430 0176 01       		.uleb128 0x1
 1431 0177 13       		.uleb128 0x13
 1432 0178 00       		.byte	0
 1433 0179 00       		.byte	0
 1434 017a 1D       		.uleb128 0x1d
 1435 017b 2E       		.uleb128 0x2e
 1436 017c 00       		.byte	0
 1437 017d 3F       		.uleb128 0x3f
 1438 017e 19       		.uleb128 0x19
 1439 017f 03       		.uleb128 0x3
 1440 0180 0E       		.uleb128 0xe
 1441 0181 3A       		.uleb128 0x3a
 1442 0182 0B       		.uleb128 0xb
 1443 0183 3B       		.uleb128 0x3b
 1444 0184 05       		.uleb128 0x5
 1445 0185 27       		.uleb128 0x27
 1446 0186 19       		.uleb128 0x19
 1447 0187 3C       		.uleb128 0x3c
 1448 0188 19       		.uleb128 0x19
 1449 0189 00       		.byte	0
 1450 018a 00       		.byte	0
 1451 018b 00       		.byte	0
 1452              		.section	.debug_aranges,"",%progbits
 1453 0000 1C000000 		.4byte	0x1c
 1454 0004 0200     		.2byte	0x2
 1455 0006 00000000 		.4byte	.Ldebug_info0
 1456 000a 04       		.byte	0x4
 1457 000b 00       		.byte	0
 1458 000c 0000     		.2byte	0
 1459 000e 0000     		.2byte	0
 1460 0010 00000000 		.4byte	.LFB219
 1461 0014 22000000 		.4byte	.LFE219-.LFB219
 1462 0018 00000000 		.4byte	0
 1463 001c 00000000 		.4byte	0
 1464              		.section	.debug_ranges,"",%progbits
 1465              	.Ldebug_ranges0:
 1466 0000 00000000 		.4byte	.LFB219
 1467 0004 22000000 		.4byte	.LFE219
 1468 0008 00000000 		.4byte	0
 1469 000c 00000000 		.4byte	0
 1470              		.section	.debug_line,"",%progbits
ARM GAS  /tmp/ccFOXUbZ.s 			page 33


 1471              	.Ldebug_line0:
 1472 0000 8C020000 		.section	.debug_str,"MS",%progbits,1
 1472      02006B02 
 1472      00000201 
 1472      FB0E0D00 
 1472      01010101 
 1473              	.LASF46:
 1474 0000 63685F74 		.ascii	"ch_threads_list\000"
 1474      68726561 
 1474      64735F6C 
 1474      69737400 
 1475              	.LASF92:
 1476 0010 50434461 		.ascii	"PCData\000"
 1476      746100
 1477              	.LASF81:
 1478 0017 77746D74 		.ascii	"wtmtxp\000"
 1478      787000
 1479              	.LASF99:
 1480 001e 7364496E 		.ascii	"sdInit\000"
 1480      697400
 1481              	.LASF71:
 1482 0025 72656761 		.ascii	"regarm_t\000"
 1482      726D5F74 
 1482      00
 1483              	.LASF35:
 1484 002e 666C6167 		.ascii	"flags\000"
 1484      7300
 1485              	.LASF26:
 1486 0034 73797374 		.ascii	"systime_t\000"
 1486      696D655F 
 1486      7400
 1487              	.LASF41:
 1488 003e 7265616C 		.ascii	"realprio\000"
 1488      7072696F 
 1488      00
 1489              	.LASF39:
 1490 0047 6570656E 		.ascii	"epending\000"
 1490      64696E67 
 1490      00
 1491              	.LASF0:
 1492 0050 756E7369 		.ascii	"unsigned int\000"
 1492      676E6564 
 1492      20696E74 
 1492      00
 1493              	.LASF47:
 1494 005d 6E657874 		.ascii	"next\000"
 1494      00
 1495              	.LASF44:
 1496 0062 74687265 		.ascii	"threads_list_t\000"
 1496      6164735F 
 1496      6C697374 
 1496      5F7400
 1497              	.LASF7:
 1498 0071 5F5F696E 		.ascii	"__int32_t\000"
 1498      7433325F 
 1498      7400
 1499              	.LASF36:
ARM GAS  /tmp/ccFOXUbZ.s 			page 34


 1500 007b 72656673 		.ascii	"refs\000"
 1500      00
 1501              	.LASF77:
 1502 0080 77746F62 		.ascii	"wtobjp\000"
 1502      6A7000
 1503              	.LASF68:
 1504 0087 76746C69 		.ascii	"vtlist\000"
 1504      737400
 1505              	.LASF73:
 1506 008e 706F7274 		.ascii	"port_context\000"
 1506      5F636F6E 
 1506      74657874 
 1506      00
 1507              	.LASF52:
 1508 009b 63685F72 		.ascii	"ch_ready_list\000"
 1508      65616479 
 1508      5F6C6973 
 1508      7400
 1509              	.LASF58:
 1510 00a9 66756E63 		.ascii	"func\000"
 1510      00
 1511              	.LASF82:
 1512 00ae 65776D61 		.ascii	"ewmask\000"
 1512      736B00
 1513              	.LASF50:
 1514 00b5 70726576 		.ascii	"prev\000"
 1514      00
 1515              	.LASF49:
 1516 00ba 63685F74 		.ascii	"ch_threads_queue\000"
 1516      68726561 
 1516      64735F71 
 1516      75657565 
 1516      00
 1517              	.LASF54:
 1518 00cb 76746675 		.ascii	"vtfunc_t\000"
 1518      6E635F74 
 1518      00
 1519              	.LASF63:
 1520 00d4 63685F73 		.ascii	"ch_system_debug\000"
 1520      79737465 
 1520      6D5F6465 
 1520      62756700 
 1521              	.LASF17:
 1522 00e4 75696E74 		.ascii	"uint32_t\000"
 1522      33325F74 
 1522      00
 1523              	.LASF79:
 1524 00ed 73656E74 		.ascii	"sentmsg\000"
 1524      6D736700 
 1525              	.LASF24:
 1526 00f5 6576656E 		.ascii	"eventmask_t\000"
 1526      746D6173 
 1526      6B5F7400 
 1527              	.LASF83:
 1528 0101 63685F73 		.ascii	"ch_semaphore\000"
 1528      656D6170 
 1528      686F7265 
ARM GAS  /tmp/ccFOXUbZ.s 			page 35


 1528      00
 1529              	.LASF22:
 1530 010e 74707269 		.ascii	"tprio_t\000"
 1530      6F5F7400 
 1531              	.LASF56:
 1532 0116 63685F76 		.ascii	"ch_virtual_timer\000"
 1532      69727475 
 1532      616C5F74 
 1532      696D6572 
 1532      00
 1533              	.LASF103:
 1534 0127 2E2E2F2E 		.ascii	"../../../os/hal/src/hal.c\000"
 1534      2E2F2E2E 
 1534      2F6F732F 
 1534      68616C2F 
 1534      7372632F 
 1535              	.LASF13:
 1536 0141 6C6F6E67 		.ascii	"long long unsigned int\000"
 1536      206C6F6E 
 1536      6720756E 
 1536      7369676E 
 1536      65642069 
 1537              	.LASF5:
 1538 0158 5F5F7569 		.ascii	"__uint16_t\000"
 1538      6E743136 
 1538      5F7400
 1539              	.LASF25:
 1540 0163 636E745F 		.ascii	"cnt_t\000"
 1540      7400
 1541              	.LASF89:
 1542 0169 73746D33 		.ascii	"stm32_gpio_setup_t\000"
 1542      325F6770 
 1542      696F5F73 
 1542      65747570 
 1542      5F7400
 1543              	.LASF85:
 1544 017c 6F776E65 		.ascii	"owner\000"
 1544      7200
 1545              	.LASF48:
 1546 0182 74687265 		.ascii	"threads_queue_t\000"
 1546      6164735F 
 1546      71756575 
 1546      655F7400 
 1547              	.LASF40:
 1548 0192 6D74786C 		.ascii	"mtxlist\000"
 1548      69737400 
 1549              	.LASF60:
 1550 019a 63685F76 		.ascii	"ch_virtual_timers_list\000"
 1550      69727475 
 1550      616C5F74 
 1550      696D6572 
 1550      735F6C69 
 1551              	.LASF27:
 1552 01b1 74687265 		.ascii	"thread_t\000"
 1552      61645F74 
 1552      00
 1553              	.LASF94:
ARM GAS  /tmp/ccFOXUbZ.s 			page 36


 1554 01ba 50454461 		.ascii	"PEData\000"
 1554      746100
 1555              	.LASF75:
 1556 01c1 7264796D 		.ascii	"rdymsg\000"
 1556      736700
 1557              	.LASF88:
 1558 01c8 5F426F6F 		.ascii	"_Bool\000"
 1558      6C00
 1559              	.LASF91:
 1560 01ce 50424461 		.ascii	"PBData\000"
 1560      746100
 1561              	.LASF84:
 1562 01d5 63685F6D 		.ascii	"ch_mutex\000"
 1562      75746578 
 1562      00
 1563              	.LASF12:
 1564 01de 5F5F7569 		.ascii	"__uint64_t\000"
 1564      6E743634 
 1564      5F7400
 1565              	.LASF97:
 1566 01e9 70616C5F 		.ascii	"pal_default_config\000"
 1566      64656661 
 1566      756C745F 
 1566      636F6E66 
 1566      696700
 1567              	.LASF29:
 1568 01fc 7072696F 		.ascii	"prio\000"
 1568      00
 1569              	.LASF100:
 1570 0201 626F6172 		.ascii	"boardInit\000"
 1570      64496E69 
 1570      7400
 1571              	.LASF86:
 1572 020b 63686172 		.ascii	"char\000"
 1572      00
 1573              	.LASF43:
 1574 0210 74687265 		.ascii	"thread_reference_t\000"
 1574      61645F72 
 1574      65666572 
 1574      656E6365 
 1574      5F7400
 1575              	.LASF33:
 1576 0223 77616261 		.ascii	"wabase\000"
 1576      736500
 1577              	.LASF20:
 1578 022a 74737461 		.ascii	"tstate_t\000"
 1578      74655F74 
 1578      00
 1579              	.LASF101:
 1580 0233 7374496E 		.ascii	"stInit\000"
 1580      697400
 1581              	.LASF14:
 1582 023a 75696E74 		.ascii	"uint8_t\000"
 1582      385F7400 
 1583              	.LASF38:
 1584 0242 6D736771 		.ascii	"msgqueue\000"
 1584      75657565 
ARM GAS  /tmp/ccFOXUbZ.s 			page 37


 1584      00
 1585              	.LASF45:
 1586 024b 63685F74 		.ascii	"ch_thread\000"
 1586      68726561 
 1586      6400
 1587              	.LASF62:
 1588 0255 73797374 		.ascii	"system_debug_t\000"
 1588      656D5F64 
 1588      65627567 
 1588      5F7400
 1589              	.LASF11:
 1590 0264 6C6F6E67 		.ascii	"long long int\000"
 1590      206C6F6E 
 1590      6720696E 
 1590      7400
 1591              	.LASF23:
 1592 0272 6D73675F 		.ascii	"msg_t\000"
 1592      7400
 1593              	.LASF55:
 1594 0278 76697274 		.ascii	"virtual_timer_t\000"
 1594      75616C5F 
 1594      74696D65 
 1594      725F7400 
 1595              	.LASF102:
 1596 0288 474E5520 		.ascii	"GNU C 4.8.2 -mcpu=cortex-m3 -mno-thumb-interwork -m"
 1596      4320342E 
 1596      382E3220 
 1596      2D6D6370 
 1596      753D636F 
 1597 02bb 7468756D 		.ascii	"thumb -ggdb -O2 -fomit-frame-pointer -falign-functi"
 1597      62202D67 
 1597      67646220 
 1597      2D4F3220 
 1597      2D666F6D 
 1598 02ee 6F6E733D 		.ascii	"ons=16 -ffunction-sections -fdata-sections -fno-com"
 1598      3136202D 
 1598      6666756E 
 1598      6374696F 
 1598      6E2D7365 
 1599 0321 6D6F6E20 		.ascii	"mon -flto\000"
 1599      2D666C74 
 1599      6F00
 1600              	.LASF64:
 1601 032b 70616E69 		.ascii	"panic_msg\000"
 1601      635F6D73 
 1601      6700
 1602              	.LASF19:
 1603 0335 746D6F64 		.ascii	"tmode_t\000"
 1603      655F7400 
 1604              	.LASF69:
 1605 033d 6D61696E 		.ascii	"mainthread\000"
 1605      74687265 
 1605      616400
 1606              	.LASF104:
 1607 0348 2F686F6D 		.ascii	"/home/jerson/ChibiOS_17.6.2/demos/STM32/RT-STM32F10"
 1607      652F6A65 
 1607      72736F6E 
ARM GAS  /tmp/ccFOXUbZ.s 			page 38


 1607      2F436869 
 1607      62694F53 
 1608 037b 302D4449 		.ascii	"0-DISCOVERY\000"
 1608      53434F56 
 1608      45525900 
 1609              	.LASF15:
 1610 0387 75696E74 		.ascii	"uint16_t\000"
 1610      31365F74 
 1610      00
 1611              	.LASF93:
 1612 0390 50444461 		.ascii	"PDData\000"
 1612      746100
 1613              	.LASF3:
 1614 0397 73686F72 		.ascii	"short int\000"
 1614      7420696E 
 1614      7400
 1615              	.LASF8:
 1616 03a1 6C6F6E67 		.ascii	"long int\000"
 1616      20696E74 
 1616      00
 1617              	.LASF74:
 1618 03aa 706F7274 		.ascii	"port_intctx\000"
 1618      5F696E74 
 1618      63747800 
 1619              	.LASF96:
 1620 03b6 49544D5F 		.ascii	"ITM_RxBuffer\000"
 1620      52784275 
 1620      66666572 
 1620      00
 1621              	.LASF90:
 1622 03c3 50414461 		.ascii	"PAData\000"
 1622      746100
 1623              	.LASF66:
 1624 03ca 63685F73 		.ascii	"ch_system\000"
 1624      79737465 
 1624      6D00
 1625              	.LASF61:
 1626 03d4 6C617374 		.ascii	"lasttime\000"
 1626      74696D65 
 1626      00
 1627              	.LASF18:
 1628 03dd 75696E74 		.ascii	"uint64_t\000"
 1628      36345F74 
 1628      00
 1629              	.LASF106:
 1630 03e6 68616C49 		.ascii	"halInit\000"
 1630      6E697400 
 1631              	.LASF67:
 1632 03ee 726C6973 		.ascii	"rlist\000"
 1632      7400
 1633              	.LASF107:
 1634 03f4 5F70616C 		.ascii	"_pal_lld_init\000"
 1634      5F6C6C64 
 1634      5F696E69 
 1634      7400
 1635              	.LASF4:
 1636 0402 5F5F7569 		.ascii	"__uint8_t\000"
ARM GAS  /tmp/ccFOXUbZ.s 			page 39


 1636      6E74385F 
 1636      7400
 1637              	.LASF105:
 1638 040c 6F73616C 		.ascii	"osalInit\000"
 1638      496E6974 
 1638      00
 1639              	.LASF32:
 1640 0415 6E616D65 		.ascii	"name\000"
 1640      00
 1641              	.LASF95:
 1642 041a 50414C43 		.ascii	"PALConfig\000"
 1642      6F6E6669 
 1642      6700
 1643              	.LASF70:
 1644 0424 73697A65 		.ascii	"sizetype\000"
 1644      74797065 
 1644      00
 1645              	.LASF21:
 1646 042d 74726566 		.ascii	"trefs_t\000"
 1646      735F7400 
 1647              	.LASF10:
 1648 0435 6C6F6E67 		.ascii	"long unsigned int\000"
 1648      20756E73 
 1648      69676E65 
 1648      6420696E 
 1648      7400
 1649              	.LASF98:
 1650 0447 68616C5F 		.ascii	"hal_lld_init\000"
 1650      6C6C645F 
 1650      696E6974 
 1650      00
 1651              	.LASF51:
 1652 0454 72656164 		.ascii	"ready_list_t\000"
 1652      795F6C69 
 1652      73745F74 
 1652      00
 1653              	.LASF28:
 1654 0461 71756575 		.ascii	"queue\000"
 1654      6500
 1655              	.LASF16:
 1656 0467 696E7433 		.ascii	"int32_t\000"
 1656      325F7400 
 1657              	.LASF80:
 1658 046f 77747365 		.ascii	"wtsemp\000"
 1658      6D7000
 1659              	.LASF87:
 1660 0476 6D757465 		.ascii	"mutex_t\000"
 1660      785F7400 
 1661              	.LASF30:
 1662 047e 6E657765 		.ascii	"newer\000"
 1662      7200
 1663              	.LASF2:
 1664 0484 756E7369 		.ascii	"unsigned char\000"
 1664      676E6564 
 1664      20636861 
 1664      7200
 1665              	.LASF9:
ARM GAS  /tmp/ccFOXUbZ.s 			page 40


 1666 0492 5F5F7569 		.ascii	"__uint32_t\000"
 1666      6E743332 
 1666      5F7400
 1667              	.LASF37:
 1668 049d 77616974 		.ascii	"waiting\000"
 1668      696E6700 
 1669              	.LASF59:
 1670 04a5 76697274 		.ascii	"virtual_timers_list_t\000"
 1670      75616C5F 
 1670      74696D65 
 1670      72735F6C 
 1670      6973745F 
 1671              	.LASF34:
 1672 04bb 73746174 		.ascii	"state\000"
 1672      6500
 1673              	.LASF65:
 1674 04c1 63685F73 		.ascii	"ch_system_t\000"
 1674      79737465 
 1674      6D5F7400 
 1675              	.LASF78:
 1676 04cd 77747472 		.ascii	"wttrp\000"
 1676      7000
 1677              	.LASF1:
 1678 04d3 7369676E 		.ascii	"signed char\000"
 1678      65642063 
 1678      68617200 
 1679              	.LASF57:
 1680 04df 64656C74 		.ascii	"delta\000"
 1680      6100
 1681              	.LASF6:
 1682 04e5 73686F72 		.ascii	"short unsigned int\000"
 1682      7420756E 
 1682      7369676E 
 1682      65642069 
 1682      6E7400
 1683              	.LASF72:
 1684 04f8 73746B61 		.ascii	"stkalign_t\000"
 1684      6C69676E 
 1684      5F7400
 1685              	.LASF53:
 1686 0503 63757272 		.ascii	"current\000"
 1686      656E7400 
 1687              	.LASF31:
 1688 050b 6F6C6465 		.ascii	"older\000"
 1688      7200
 1689              	.LASF76:
 1690 0511 65786974 		.ascii	"exitcode\000"
 1690      636F6465 
 1690      00
 1691              	.LASF42:
 1692 051a 6D706F6F 		.ascii	"mpool\000"
 1692      6C00
 1693              		.comm	__gnu_lto_v1,1,1
 1694              		.ident	"GCC: (4.8.2-14ubuntu1+6) 4.8.2"
ARM GAS  /tmp/ccFOXUbZ.s 			page 41


DEFINED SYMBOLS
                            *ABS*:0000000000000000 hal.c
     /tmp/ccFOXUbZ.s:134    .text.halInit:0000000000000000 $t
     /tmp/ccFOXUbZ.s:140    .text.halInit:0000000000000000 halInit
                            *COM*:0000000000000001 __gnu_lto_v1
                     .debug_frame:0000000000000010 $d

UNDEFINED SYMBOLS
hal_lld_init
pal_default_config
_pal_lld_init
sdInit
boardInit
stInit
