ARM GAS  /tmp/ccN54HWL.s 			page 1


   1              		.syntax unified
   2              		.cpu cortex-m3
   3              		.fpu softvfp
   4              		.eabi_attribute 20, 1
   5              		.eabi_attribute 21, 1
   6              		.eabi_attribute 23, 3
   7              		.eabi_attribute 24, 1
   8              		.eabi_attribute 25, 1
   9              		.eabi_attribute 26, 1
  10              		.eabi_attribute 30, 2
  11              		.eabi_attribute 34, 1
  12              		.eabi_attribute 18, 4
  13              		.thumb
  14              		.file	"hal_pal.c"
  15              		.text
  16              	.Ltext0:
  17              		.section	.gnu.lto_.jmpfuncs.d4112d4ca9f13339,"",%progbits
  18 0000 789C6362 		.ascii	"x\234cb`b\300\006D\24043\003##3\02333\204\315\300X\006"
  18      6062C006 
  18      44A03433 
  18      03232333 
  18      13333384 
  19 0018 A4010623 		.ascii	"\244\001\006#\000\243"
  19      00A3
  20              		.text
  21              		.section	.gnu.lto_.inline.d4112d4ca9f13339,"",%progbits
  22 0000 789C6362 		.ascii	"x\234cb`b\300\006\276Cif\006\006N\016Ff\006F0\023D:"
  22      6062C006 
  22      BE436966 
  22      06064E0E 
  22      46660646 
  23 0018 8049050E 		.ascii	"\200I\005\016\266\017z\014l\013\344\231\030\030_\260"
  23      B60F7A0C 
  23      6C0BE499 
  23      18185FB0 
  24 0028 B3404810 		.ascii	"\263@H\020\301\001fr\200\010\0010S\000d\014#\003\037"
  24      C1016672 
  24      80080130 
  24      5300640C 
  24      23031F
  25 003b 2F230BC4 		.ascii	"/#\013\304\024FF\210\010\320\020\210\201\334L\027\370"
  25      14464688 
  25      08D01088 
  25      81DC4C17 
  25      F8
  26 004c 318C028A 		.ascii	"1\214\002\212\241\030\302\262@^\002\304R`b`\336!\256"
  26      A118C2B2 
  26      405E02C4 
  26      52606260 
  26      DE21AE
  27 005f C000B4DE 		.ascii	"\300\000\264\336\002d\016\023\003\2670\212\373\240\206"
  27      02640E13 
  27      03B7308A 
  27      FBA086
  28 006e 7202E588 		.ascii	"r\002\345\210s\036\320&\011\220I,\274@}\023\374@\220"
  28      731ED026 
  28      0990492C 
ARM GAS  /tmp/ccN54HWL.s 			page 2


  28      BC407D13 
  28      FC4090
  29 0081 01003C62 		.ascii	"\001\000<b\037\210"
  29      1F88
  30              		.text
  31              		.section	.gnu.lto_.pureconst.d4112d4ca9f13339,"",%progbits
  32 0000 789C6362 		.ascii	"x\234cb`b`g\200\000f\006)F)&I\000\001\312\000_"
  32      60626067 
  32      80006606 
  32      29462926 
  32      490001CA 
  33              		.text
  34              		.section	.gnu.lto_palReadBus.d4112d4ca9f13339,"",%progbits
  35 0000 789C6D90 		.ascii	"x\234m\220\275N\303@\020\204g\366|\261\235\202\236\006"
  35      BD4EC340 
  35      108467F6 
  35      7CB19D82 
  35      9E06
  36 0012 A52692FD 		.ascii	"\245&\222\3752A\002\032d\\\004K\211@\344\001b\342TT"
  36      3241021A 
  36      645C044B 
  36      8940E401 
  36      62E25454 
  37 0026 1115828A 		.ascii	"\021\025\202\212\206\202\"\264H4\210\202.\010Z*$Z\304"
  37      868222B4 
  37      48348882 
  37      2E085A2A 
  37      245AC4
  38 0039 2B843D1B 		.ascii	"+\204=\033\033\201r\272\233\275\237\375fW'\020\374\037"
  38      1B8172BA 
  38      9BBD9FFD 
  38      66572710 
  38      FC1F
  39 004b EBBA4E09 		.ascii	"\353\272N\011t4\322\2002{\006N\002!\335\006\304X8\336"
  39      7434D280 
  39      327B064E 
  39      0221DD06 
  39      C45838DE 
  40 005f 61997B2B 		.ascii	"a\231{+\017\357\313\345\374\354\351\372\223\347\322"
  40      0FEFCBE5 
  40      FCECE9FA 
  40      93E7D2
  41 006e 160E0983 		.ascii	"\026\016\011\203\214\360ThU\244\245b|w\014\234\204*"
  41      8CF05468 
  41      55A4A562 
  41      7C770C9C 
  41      842A
  42 0080 9E9216D3 		.ascii	"\236\222\026\323<\237u\206T\243\2644\353\251\272\012"
  42      3C9F7586 
  42      54A3B434 
  42      EBA9BA0A 
  43 0090 5B1417CD 		.ascii	"[\024\027\315\002\223\267\273\217\027&\274R\247>M\027"
  43      0293B7BB 
  43      8F1726BC 
  43      52A73E4D 
  43      17
  44 00a1 9B19ED25 		.ascii	"\233\031\355%.\230\261\325\247lk\364\3136\366Y7\277"
ARM GAS  /tmp/ccN54HWL.s 			page 3


  44      2E98B1D5 
  44      A76C6BF4 
  44      CB36F659 
  44      37BF
  45 00b3 C0E36E0D 		.ascii	"\300\343n\015x]\334\344SM\012*&T\017\307\330\037\206"
  45      785DDCE4 
  45      534D0A2A 
  45      26540FC7 
  45      D81F86
  46 00c6 0D336918 		.ascii	"\0153i\030[\026i\257.\"\277\300\227\251\011M\262\356"
  46      5B1669AF 
  46      2E22BFC0 
  46      97A9094D 
  46      B2EE
  47 00d8 AA983757 		.ascii	"\252\2307W\276\326\326\207\277\316A\351\354\255v6\215"
  47      BED6D687 
  47      BFCE41E9 
  47      ECAD7636 
  47      8D
  48 00e9 73715FAC 		.ascii	"sq_\254\325HXZ\005\300+\232_\010\253\304\236v\257\237"
  48      D548585A 
  48      05C02B9A 
  48      5F08ABC4 
  48      9E76AF9F 
  49 00fd E43ADA88 		.ascii	"\344:\332\210\242\270\232\207\243\370 \031\304\243\343"
  49      A2B89A87 
  49      A3F82019 
  49      C4A3E3
  50 010c D4C5BDA3 		.ascii	"\324\305\275\243d\020\245\370\006}\023S\301"
  50      6410A5F8 
  50      067D1353 
  50      C1
  51              		.text
  52              		.section	.gnu.lto_palWriteBus.d4112d4ca9f13339,"",%progbits
  53 0000 789C6D51 		.ascii	"x\234mQ\277O\302`\020\275\373\276\322\037@A7]\014\211"
  53      BF4FC260 
  53      10BDFBBE 
  53      D21F4041 
  53      375D0C89 
  54 0014 1B24F077 		.ascii	"\033$\360w\270c\242.\006\031\220\004\242\221?\000P\006"
  54      B863A22E 
  54      06199004 
  54      A2913F00 
  54      5006
  55 0026 4766995C 		.ascii	"Gf\231\\M\324\305\305h\242qp\323\304\3158\361\027\350"
  55      4DD4C5C5 
  55      68A27170 
  55      D3C4CD38 
  55      F117E8
  56 0039 E26882EF 		.ascii	"\342h\202\357\256\266\304\206\246}w}\337\335\273w\255"
  56      AEB6C486 
  56      A67D777D 
  56      DFDDBB77 
  56      AD
  57 004a 2143E96B 		.ascii	"!C\351k\025O\031t\011\221-\261\031\277\022\015}\303"
  57      154F1974 
  57      09912DB1 
ARM GAS  /tmp/ccN54HWL.s 			page 4


  57      19BF120D 
  57      7DC3
  58 005c 2C0931F5 		.ascii	",\0111\365\015\367\267Yk\257\315\343t6\273\372~\276"
  58      0DF7B759 
  58      6BAFCDE3 
  58      7436BBFA 
  58      7EBE
  59 006e F9E18959 		.ascii	"\371\341\211Y6\334e\262\324fr\220q\006\031\273\002\236"
  59      36DC65B2 
  59      D4667290 
  59      710619BB 
  59      029E
  60 0080 800F3081 		.ascii	"\200\0170\201@\026`s\302\345\005By-HV\024\200n\206F"
  60      40166073 
  60      C2E50542 
  60      792D4856 
  60      14806E86 
  61 0095 83C1B8D4 		.ascii	"\203\301\270\324e\370h\352\250:P\346o\202B\264/t\374"
  61      65F868EA 
  61      A83A50E6 
  61      6F8242B4 
  61      2F74FC
  62 00a8 F1FEB5D2 		.ascii	"\361\376\265\322\340s\214i\261\255P\271\315\316\204"
  62      E0738C69 
  62      B1AD50B9 
  62      CDCE84
  63 00b7 CEB8CD99 		.ascii	"\316\270\315\231\026\233-DW=\356q\274\031z\356m\334"
  63      169B2D44 
  63      573DEE71 
  63      BC197AEE 
  63      6DDC
  64 00c9 812247A9 		.ascii	"\201\"G\251\235\230qU\303[\254\301\211\306\311]\242"
  64      9D987155 
  64      C35BACC1 
  64      89C6C95D 
  64      A2
  65 00da E1A98CFB 		.ascii	"\341\251\214\373_\306W\031\177\261\214\231\313\234&"
  65      5FC65719 
  65      7FB18C99 
  65      CB9C26
  66 00e9 32019AA4 		.ascii	"2\001\232\244\310_\212L~&'Y\034j\361eB\345tl6\345$\217"
  66      C85F8A4C 
  66      7E262759 
  66      1C6AF165 
  66      42E5746C 
  67 0101 6D6227F3 		.ascii	"mb'\363\366\020\302\251\366\202\326\206\312\336&lQu"
  67      F610C2A9 
  67      F682D686 
  67      CADE266C 
  67      5175
  68 0113 0BC23E6D 		.ascii	"\013\302>mDd\205.\006#\230\012\242E\340\304\212G\347"
  68      4464852E 
  68      0623980A 
  68      A245E0C4 
  68      8A47E7
  69 0126 6F11AB11 		.ascii	"o\021\253\021\235Do4\234>\254G]\361U\307\007\303o\222"
  69      9D446F34 
ARM GAS  /tmp/ccN54HWL.s 			page 5


  69      9C3EAC47 
  69      5DF155C7 
  69      07C36F92 
  70 013a 75D7AAD5 		.ascii	"u\327\252\325Zt\037\364j\373\215N\255w\324\224\270{"
  70      5A741FF4 
  70      6AFB8D4E 
  70      AD77D494 
  70      B87B
  71 014c D8E8549B 		.ascii	"\330\350T\233\364\013\221\371qw"
  71      F40B91F9 
  71      7177
  72              		.text
  73              		.section	.gnu.lto_palSetBusMode.d4112d4ca9f13339,"",%progbits
  74 0000 789C6D90 		.ascii	"x\234m\220\277J\003A\020\306\277o\366\376\231\312R\033"
  74      BF4A0341 
  74      10C6BF6F 
  74      F6FE99CA 
  74      521B
  75 0012 09A453B8 		.ascii	"\011\244S\270{\231\010j#\347\201\347A\202bJ\213\\\324"
  75      7B99086A 
  75      23E781E7 
  75      4182624A 
  75      8B5CD4
  76 0025 C232B582 		.ascii	"\3022\265\202\340\003hZK;+\025-S\345\001$\017\240E2"
  76      E003685A 
  76      4B3B2B15 
  76      2D53E501 
  76      240FA045 
  77 003a BBE729C8 		.ascii	"\273\347)\310-\2733\273\337\316ofv\005\202\377c]\327"
  77      2DBB33BB 
  77      DFCE6F66 
  77      760582FF 
  77      635DD7
  78 004d 2181B67A 		.ascii	"!\201\266z\032P\306\257\300(\022\322n@\014\205\303]"
  78      1A50C6AF 
  78      C02812D2 
  78      6E400C85 
  78      C35D
  79 005f BAD8893C 		.ascii	"\272\330\211<\315\026\213\207\217\347\311'o\245%\354"
  79      CD168B87 
  79      8FE7C927 
  79      6FA525EC 
  80 006f 130605E1 		.ascii	"\023\006\005\341\251\241\257F\0025&\264\307Ho-\346\343"
  80      A9A1AF46 
  80      023526B4 
  80      C7486F2D 
  80      E6E3
  81 0081 B22CC7ED 		.ascii	"\262,\307\355>\265v\346\362t\325\332\344\333*\2517/"
  81      3EB576E6 
  81      F274D5DA 
  81      E4DB2AA9 
  81      372F
  82 0093 389F3E7E 		.ascii	"8\237>~\257\245\274\323\0349\315\0266\013z7\270fA?\247"
  82      AFA5BCD3 
  82      1C39CD16 
  82      360B7A37 
  82      B866413F 
ARM GAS  /tmp/ccN54HWL.s 			page 6


  83 00a8 ECA80F5C 		.ascii	"\354\250\017\\\003\007\254\333Vf\257\006<\007\204\315"
  83      0307ACDB 
  83      5666AF06 
  83      3C0784CD 
  84 00b8 001B00DF 		.ascii	"\000\033\000\337\001Q3 \177\300\334\324D\240\220\225"
  84      01513320 
  84      7FC0DCD4 
  84      44A09095 
  85 00c8 2EEE7FA5 		.ascii	".\356\177\245P\013\347\226zCPi\300\031\276\312\253r"
  85      500BE796 
  85      7A435069 
  85      C019BECA 
  85      AB72
  86 00da B5E04AF6 		.ascii	"\265\340J\366SX\237\343B\243\202-\340\035\243\331\274"
  86      53589FE3 
  86      42A3822D 
  86      E01DA3D9 
  86      BC
  87 00eb 534757A3 		.ascii	"SGW\243\253\221\372\013\266\354F\034'\325<\036$Gi/\031"
  87      AB91FA0B 
  87      B6EC461C 
  87      27D53C1E 
  87      2447692F 
  88 0100 9C66D6EF 		.ascii	"\234f\326\357\237\244\2758\303\022\012MNp"
  88      9FA4BD38 
  88      C3120A4D 
  88      4E70
  89              		.text
  90              		.section	.gnu.lto_.symbol_nodes.d4112d4ca9f13339,"",%progbits
  91 0000 789C6362 		.ascii	"x\234cb`bpe\200\002\246\333\214\365\014\014\023\316"
  91      60627065 
  91      8002A6DB 
  91      8CF50C0C 
  91      13CE
  92 0012 3130D4D7 		.ascii	"10\324\327\317\353`d\272\303X\317\210\304\275\313X\317"
  92      CFEB6064 
  92      BAC358CF 
  92      88C4BDCB 
  92      58CF
  93 0024 84E0323E 		.ascii	"\204\3402>`\254g\206p\033\032\030\231\231\230\031\026"
  93      60AC6786 
  93      701B1A18 
  93      99999819 
  93      16
  94 0035 3FFCC7C8 		.ascii	"?\374\307\310\000\000\002\020\025\275"
  94      00000210 
  94      15BD
  95              		.text
  96              		.section	.gnu.lto_.refs.d4112d4ca9f13339,"",%progbits
  97 0000 789C6362 		.ascii	"x\234cb`b`d\200\002\000\000F\000\006"
  97      60626064 
  97      80020000 
  97      460006
  98              		.text
  99              		.section	.gnu.lto_.decls.d4112d4ca9f13339,"",%progbits
 100 0000 789CB557 		.ascii	"x\234\265Wol\024E\024\237\331\275\312]9*\222@j\242R"
 100      6F6C1445 
ARM GAS  /tmp/ccN54HWL.s 			page 7


 100      149FD9BD 
 100      CA5D392A 
 100      92406AA2 
 101 0015 88F881C4 		.ascii	"\210\370\201\304ni\305\224/|h\033ic\021r\205\300\267"
 101      6E69C594 
 101      2F7C681B 
 101      69631172 
 101      85C0B7
 102 0028 757BB767 		.ascii	"u{\267g/^{MoO\353'\007\212\200$b-\177\002\211!\305\212"
 102      2F5E7B4D 
 102      6F4FEB27 
 102      078A8024 
 102      622D7F02 
 103 0040 885150A0 		.ascii	"\210QP\240\020\020\360l\2604\225\324\242\241P\342\237"
 103      1010F06C 
 103      B03495D4 
 103      A2A150E2 
 103      9F
 104 0051 4BC12662 		.ascii	"K\301&b\302\237 B\240\341|3\273{\267;\335\273\336\221"
 104      C29F2042 
 104      A0E17C33 
 104      BB7BB73B 
 104      DDBBDE91 
 105 0065 38E99BCE 		.ascii	"8\351\233\316\354\314\373\275\337{\363\346\317\011H"
 105      ECCCFBBD 
 105      DF7BF3E6 
 105      CF0948
 106 0074 401A4628 		.ascii	"@\032F(\011\245`&B^\001!\027Bh)J\027\332\337\0132\012"
 106      09A56026 
 106      425E0121 
 106      17426829 
 106      4A17DADF 
 107 008b 32067203 		.ascii	"2\006r\003M.t|:\310y\220i \005\206^\017H/\310!\220\203"
 107      4D2E747C 
 107      3AC87990 
 107      69200586 
 107      5E0F482F 
 108 00a3 20A7408E 		.ascii	" \247@\216\201\\0\306\217\202\304A\206A\206@\260\201"
 108      815C30C6 
 108      8F82C441 
 108      86418640 
 108      B081
 109 00b5 0534D008 		.ascii	"\0054\320\010\310?\234\235\321\014v\2546z\014|\323\226"
 109      C83F9C9D 
 109      D10C76AC 
 109      367A0C7C 
 109      D396
 110 00c7 6967C8B0 		.ascii	"ig\310\260s\326\260C\261D\220\337A\376\000y\304\331"
 110      73D6B043 
 110      B14490DF 
 110      41FE0079 
 110      C4D9
 111 00d9 1ACBC396 		.ascii	"\032\313\303\226\010\2007\015<\253-\301\0223:v\035\344"
 111      0880370D 
 111      3CAB2DC1 
 111      12333A76 
 111      1DE4
ARM GAS  /tmp/ccN54HWL.s 			page 8


 112 00eb 6F8A83ED 		.ascii	"o\212\203\355\266\346\242=\244;\221\3307v\013\357&\361"
 112      B6E6A23D 
 112      A43B91D8 
 112      37760BEF 
 112      26F1
 113 00fd 0D24997C 		.ascii	"\015$\231|\027\315A;\010\224\356\215\204`\315\2036\023"
 113      17CD413B 
 113      0894EE8D 
 113      8460CD83 
 113      3613
 114 010f B29E766A 		.ascii	"\262\236vj\007\212\020Z\213\025\\\344A%\254\341\365"
 114      078A105A 
 114      8B155CE4 
 114      4125ACE1 
 114      F5
 115 0120 305E0BD0 		.ascii	"0^\013\320\247\204t&\266\035\330\261\220\020\267\202"
 115      A7847426 
 115      B61DD8B1 
 115      9010B782 
 116 0130 7BB007EC 		.ascii	"{\260\007\354\257\301h!:\0008\235\240_\301\231e%w\350"
 116      AFC16821 
 116      3A00389D 
 116      A05FC199 
 116      652577E8 
 117 0144 E39B7EF8 		.ascii	"\343\233~\370\036\257\007:\012\336\317\300\337\307\030"
 117      1EAF073A 
 117      0ADECFC0 
 117      DFC718
 118 0153 29F833BC 		.ascii	")\3703\2740o\250\213[N-a,\277`@q\016H\301\323<V\216"
 118      306FA88B 
 118      5B4E2D61 
 118      2CBF6040 
 118      710E48C1 
 119 016b AC6F4EA0 		.ascii	"\254oN\240hl\330h\320\344}\022\375\317\323\235|\241"
 119      686CD868 
 119      D0E47D12 
 119      FDCFD39D 
 119      7CA1
 120 017d 9A9FE039 		.ascii	"\232\237\3409\254%\262\265\206\204\331\222\216\300,"
 120      AC25B2B5 
 120      8684D992 
 120      8EC02C
 121 018c F4115DC1 		.ascii	"\364\021]\301\022K,^7\365\275\226\260\016\375Z\316b"
 121      124B2C5E 
 121      37F5BD96 
 121      B00EFD5A 
 121      CE62
 122 019e 7108CF02 		.ascii	"q\010\317\002\224\033\\,\246B\241,\016\203\246\256\303"
 122      941B5C2C 
 122      A642A12C 
 122      0E83A6AE 
 122      C3
 123 01af 3049BC77 		.ascii	"0I\274w\320K\\\372wdC\263\225y\250\033\330\306O\017"
 123      D04B5CFA 
 123      776443B3 
 123      9579A81B 
 123      D8C64F0F 
ARM GAS  /tmp/ccN54HWL.s 			page 9


 124 01c3 7EFC34E9 		.ascii	"~\3744\351\356\303S\221O`\323\3563i\366\243\037\216"
 124      EEC35391 
 124      4F60D3EE 
 124      3369F6A3 
 124      1F8E
 125 01d5 2F66EC8F 		.ascii	"/f\354\2171\366_\011S\262\267\303Pz'x\372\367F\030\375"
 125      31F65F09 
 125      53B2B7C3 
 125      507A2778 
 125      FAF74618 
 126 01ea 1353D3DF 		.ascii	"\023S\323\337\320\021\1778\262\235\321g\331\327\221"
 126      D0117F38 
 126      B29DD167 
 126      D9D791
 127 01f9 35FB14FC 		.ascii	"5\373\024\3749^\220\323z\013\350$\363\204RpB2\232z1"
 127      395E90D3 
 127      7A0BE824 
 127      F3845270 
 127      42329A7A 
 128 020e 26D8694D 		.ascii	"&\330iM\214x;\025\005\237b\011~&o\260\022\033\330#+"
 128      8C783B15 
 128      059F6209 
 128      7E266FB0 
 128      121BD823 
 129 0223 585F2E60 		.ascii	"X_.`\356\314\314:/Y\300\372\363\006\2633\353\262\202"
 129      EECCCC3A 
 129      2F59C0FA 
 129      F306B333 
 129      EBB282
 130 0236 0DE60236 		.ascii	"\015\346\002633\263\355V\260\237\362\006\2633\333i\005"
 130      3333B3ED 
 130      56B09FF2 
 130      06B333DB 
 130      6905
 131 0248 FB2517B0 		.ascii	"\373%\027\260b\007fN\305\232\261\012>\311R\352[<\017"
 131      6207664E 
 131      C59AB10A 
 131      3EC952EA 
 131      5B3C0F
 132 025b EA33AC8E 		.ascii	"\3523\254\216\263\272\217\325gY\335\317\352\001\250"
 132      B3BA8FD5 
 132      6759DDCF 
 132      EA01A8
 133 026a 5325DB19 		.ascii	"S%\333\031\376\315\316J\266\247zaO\012\3502\267\247"
 133      FECDCE4A 
 133      B6A77A61 
 133      4F0AE832 
 133      B7A7
 134 027c 6CFB54DF 		.ascii	"l\373T\337x\231\216\247\363\000\340\274\177&\215\011"
 134      78998EA7 
 134      F300E0BC 
 134      7F268D09 
 135 028c E82AB373 		.ascii	"\350*\263s\370\3612\236\254O\034\337:\322\205\267u\220"
 135      F8F1329E 
 135      AC4F1CDF 
 135      3AD285B7 
 135      7590
ARM GAS  /tmp/ccN54HWL.s 			page 10


 136 029e 8132F3F6 		.ascii	"\2012\363\366\271\2367b\211\0251~k\020\2260\237\013"
 136      B99E3762 
 136      8915317E 
 136      6B109630 
 136      9F0B
 137 02b0 EADA6DDC 		.ascii	"\352\332m\334\301.\250\013\314\376M\201\277W\012\270"
 137      C12EA80B 
 137      CCFE4D81 
 137      BF570AB8 
 138 02c0 7BA5C07E 		.ascii	"{\245\300~\022\024x\322\215\324I0\221\213\027N\373\315"
 138      121478D2 
 138      8DD44930 
 138      918B174E 
 138      FBCD
 139 02d2 39770E5B 		.ascii	"9w\016[r\347\010\313\235\243,;\206X=<U\216P\210\203"
 139      72E708CB 
 139      9DA32C3B 
 139      86583D3C 
 139      558E5088 
 140 02e7 787A1A6F 		.ascii	"xz\032o\265\230\232/\240\016\321\356\361\363\250\207"
 140      B5989A2F 
 140      A00ED1EE 
 140      F1F3A887 
 141 02f7 902E7859 		.ascii	"\220.xY\304]\360\262p\351\252\002\332\312\246\355\305"
 141      C45DF0B2 
 141      70E9AA02 
 141      DACAA6ED 
 141      C5
 142 0308 73331C93 		.ascii	"s3\034\223\206\201\027\320>\032\372\323\327V\326\352"
 142      868117D0 
 142      3E1AFAD3 
 142      D756D6EA 
 143 0318 4B8AB268 		.ascii	"K\212\262h\031t.b\301\352\257\376\264\211\337\335\370"
 143      19742E62 
 143      C1EAAFFE 
 143      B489DFDD 
 143      F8
 144 0329 23265D64 		.ascii	"#&]d\"\231\024\355/\033\005/\235\235\321\317+\366\333"
 144      229914ED 
 144      2F1B052F 
 144      9D9DD1CF 
 144      2BF6DB
 145 033c 55E795EA 		.ascii	"U\347\225\352\350\204\370\010t9F\200\334\011\324\352"
 145      E884F808 
 145      74394680 
 145      DC09D4EA 
 146 034c EA0ABE04 		.ascii	"\352\012\276\004\014\025<\232\335yC\355\270Zk&\363\036"
 146      0C153C9A 
 146      DD7943ED 
 146      B85A6B26 
 146      F31E
 147 035e 069C59CD 		.ascii	"\006\234Y\315\240\303bF\310\007\344\275\231\2309\207"
 147      A0C36246 
 147      C807E4BD 
 147      99983987 
 148 036e 0C2D5B12 		.ascii	"\014-[\022\374\346\030\245\237\317y;\327%\222\311\271"
 148      FCE618A5 
ARM GAS  /tmp/ccN54HWL.s 			page 11


 148      9FCF793B 
 148      D72592C9 
 148      B9
 149 037f B987E86A 		.ascii	"\271\207\350j\226\020\345\361j<m\274\032\307\231\253"
 149      9610E5F1 
 149      6A3C6DBC 
 149      1AC799AB 
 150 038f 3D22BF6F 		.ascii	"=\"\277o\366\343\307y\220qK\363e\206\344|pYL'\247\271"
 150      F6E3C779 
 150      90714BF3 
 150      6586E47C 
 150      70594C27 
 151 03a5 3E6339AD 		.ascii	">c9\255\317\021\272>:\351\223\014=\263\332x\226\365"
 151      CF11BA3E 
 151      3AE9930C 
 151      3DB3DA78 
 151      96F5
 152 03b7 19E3D7E7 		.ascii	"\031\343\327\347\257\311\353\223\2000\335=X\274\233"
 152      AFC9EB93 
 152      8030DD3D 
 152      58BC9B
 153 03c6 F4393CD0 		.ascii	"\3649<\320\263\256\321M~\215z\035\3228\325\037wL\353"
 153      B3AED14D 
 153      7E8D7A1D 
 153      D238D51F 
 153      774CEB
 154 03d9 EFB8D899 		.ascii	"\357\270\330\231D\357\330\211\316G{\311\360p\342\317"
 154      44EFD889 
 154      CE477BC9 
 154      F070E2CF 
 155 03e9 B15D7873 		.ascii	"\261]xs\002\036\375\217\222I\374\024\352do\260]EFB$"
 155      021EFD8F 
 155      9249FC14 
 155      EA646FB0 
 155      5D454642 
 156 03fe F6C58B77 		.ascii	"\366\305\213w\245\023\302m\362\305fB\320_\013Bj2).v"
 156      A513C26D 
 156      F2C56642 
 156      D05F0B42 
 156      6A32292E 
 157 0413 9EABE07B 		.ascii	"\236\253\340{\354\374\272o$\007\035\322\333f+\211)\367"
 157      ECFCBA6F 
 157      24071DD2 
 157      DB662B89 
 157      29F7
 158 0425 8BA2D30F 		.ascii	"\213\242\323\017\017\006\220]\3250\272\3264\252\237"
 158      0F06905D 
 158      D530BAD6 
 158      34AA9F
 159 0434 7A697FF4 		.ascii	"zi\177\364\231\316\263\024\374\000<\247\2059BR\367\245"
 159      99CEB314 
 159      FC003CA7 
 159      85394252 
 159      F7A5
 160 0446 D79371A1 		.ascii	"\327\223q\241\036Z\330x=\351F\241\215\2639\013<\273"
 160      1E5AD878 
 160      3DE946A1 
ARM GAS  /tmp/ccN54HWL.s 			page 12


 160      8DB3390B 
 160      3CBB
 161 0458 C29FA31C 		.ascii	"\302\237\243\034\011\270T\015\337\025\\\210\315\345"
 161      09B8540D 
 161      DF155C88 
 161      CDE5
 162 0466 89DFEF27 		.ascii	"\211\337\357'\356\257\311f\232FVg\376M;\303=\3613\270"
 162      EEAFC966 
 162      9A465667 
 162      FE4D3BC3 
 162      3DF133B8 
 163 047a 3CE98700 		.ascii	"<\351\207\000\021\362uy\235\340\354r\352\202\261\315"
 163      11F27579 
 163      9DE0EC72 
 163      EA82B1CD 
 164 048a 82E6047F 		.ascii	"\202\346\004\177zr$\004t\333\3462\367Z\241{!\023\227"
 164      7A722404 
 164      74DBE632 
 164      F75AA17B 
 164      211397
 165 049d 0E2165D5 		.ascii	"\016!e\325\010\324\310\271\251\002\325j\202\024e\013"
 165      08D4C8B9 
 165      A902D56A 
 165      8214650B 
 166 04ad 14374BC1 		.ascii	"\0247K\301\033\363\016\324\246\014\201\232a\013\324"
 166      1BF30ED4 
 166      A60C819A 
 166      610BD4
 167 04bc 263E5096 		.ascii	"&>P\226\363\210#!\240\244-P\350\271\322RI\377\213D\245"
 167      F3882321 
 167      A0A42D50 
 167      E8B9D252 
 167      49FF8B44 
 168 04d1 26252C45 		.ascii	"&%,E\333\374\364\277\334\252\204K\375h1?\334\032i\323"
 168      DBFCF4BF 
 168      DCAA844B 
 168      FD68313F 
 168      DC1A69D3 
 169 04e5 A252C3AA 		.ascii	"\242R\303\252\345\025\345R}}\215\264le\335\212\267\026"
 169      E515E552 
 169      7D7D8DB4 
 169      6C65DD8A 
 169      B716
 170 04f7 991A7238 		.ascii	"\231\032r8\034(mB\336P\204\316kV\242o\312\332\023\313"
 170      1C286D42 
 170      DE5084CE 
 170      6B56A26F 
 170      CADA13CB 
 171 050b 5E5B5D52 		.ascii	"^[]R\215\236\225b\3216)\324\342\017\307\002\252\324"
 171      8D9E9562 
 171      D13629D4 
 171      E20FC702 
 171      AAD4
 172 051d A2BE1D0E 		.ascii	"\242\276\035\0165JQ-\020j\321@\303\035\203\377\025\345"
 172      354A512D 
 172      106AD140 
 172      C31D83FF 
ARM GAS  /tmp/ccN54HWL.s 			page 13


 172      15E5
 173 052f B2F6A2D3 		.ascii	"\262\366\242\323\264f\305\337\024jQ%9\240\006\225XX"
 173      B466C5DF 
 173      146A5125 
 173      39A00695 
 173      5858
 174 0541 93B5775A 		.ascii	"\223\265wZ\325(\250\025\312\262\2518\237gjb\230\316"
 174      D528A815 
 174      CAB2A938 
 174      9F676A62 
 174      98CE
 175 0553 34A182BA 		.ascii	"4\241\202\272\025U\261h\245u\242?\322\334\034i\221\324"
 175      1555B168 
 175      A575A23F 
 175      D2DC1C69 
 175      91D4
 176 0565 764DAA5E 		.ascii	"vM\252^\336P\327\000\236\351\316\275\262\250\275\035"
 176      DE50D700 
 176      9EE9CEBD 
 176      B2A8BD1D 
 177 0575 E8355794 		.ascii	"\3505W\224\007\027\225\225\2657R\257\250\257\362*0]"
 177      07179595 
 177      B53752AF 
 177      A8AFF22A 
 177      305D
 178 0587 A306C56A 		.ascii	"\243\006\305j_=H\255XW\343\023W\324\370\\U\015>\237"
 178      5F3D48AD 
 178      5857E313 
 178      57D4F85C 
 178      550D3E9F 
 179 059b 58E5F3B9 		.ascii	"X\345\363\271\352\253_\365\025\352\001\010\005\300}"
 179      EAAB5FF5 
 179      15EA0108 
 179      05C07D
 180 05aa BDE1A2C1 		.ascii	"\275\341\242\301\360R\262rP\211j\2250\020\011\006\243"
 180      F052B272 
 180      50896A95 
 180      30100906 
 180      A3
 181 05bb AA5608DC 		.ascii	"\252V\010\334|\252\022\000fbc,:\035\272k\332B\232\012"
 181      7CAA1200 
 181      6662632C 
 181      3A1DBA6B 
 181      DA429A0A 
 182 05cf 7D576348 		.ascii	"}WcH\213\272C\221\346H@\225\265\0310\322\240j\360}9"
 182      8BBA4391 
 182      E6484095 
 182      B51930D2 
 182      A06AF07D 
 183 05e4 F45DF4E3 		.ascii	"\364]\364\343l3\3462\000\275\321\026\211\265\322\257"
 183      6C33E632 
 183      00BDD116 
 183      89B5D2AF 
 184 05f4 2E7F93D2 		.ascii	".\177\223\322\346\226\345`\254\305/\3133\314F\351\313"
 184      E696E560 
 184      ACC52FCB 
 184      33CC46E9 
ARM GAS  /tmp/ccN54HWL.s 			page 14


 184      CB
 185 0605 2F2DA9B0 		.ascii	"/-\251\260\365*-\275\305e\025\377\001\360~\274\245"
 185      F52A2DBD 
 185      C56515FF 
 185      01F07EBC 
 185      A5
 186              		.text
 187              		.section	.gnu.lto_.symtab.d4112d4ca9f13339,"",%progbits
 188 0000 70616C52 		.ascii	"palReadBus\000\000\000\000\000\000\000\000\000\000\000"
 188      65616442 
 188      75730000 
 188      00000000 
 188      00000000 
 189 0015 00A10000 		.ascii	"\000\241\000\000\000palWriteBus\000\000\000\000\000"
 189      0070616C 
 189      57726974 
 189      65427573 
 189      00000000 
 190 002a 00000000 		.ascii	"\000\000\000\000\000\000\000\331\000\000\000palSetB"
 190      000000D9 
 190      00000070 
 190      616C5365 
 190      7442
 191 003c 75734D6F 		.ascii	"usMode\000\000\000\000\000\000\000\000\000\000\000\000"
 191      64650000 
 191      00000000 
 191      00000000 
 191      0000
 192 004e E2000000 		.ascii	"\342\000\000\000_pal_lld_setgroupmode\000\000\002\000"
 192      5F70616C 
 192      5F6C6C64 
 192      5F736574 
 192      67726F75 
 193 006b 00000000 		.ascii	"\000\000\000\000\000\000\000\000\356\000\000\000"
 193      00000000 
 193      EE000000 
 194              		.text
 195              		.section	.gnu.lto_.opts,"",%progbits
 196 0000 272D6D63 		.ascii	"'-mcpu=cortex-m3' '-mno-thumb-interwork' '-mthumb' "
 196      70753D63 
 196      6F727465 
 196      782D6D33 
 196      2720272D 
 197 0033 272D6767 		.ascii	"'-ggdb' '-O2' '-fomit-frame-pointer' '-falign-funct"
 197      64622720 
 197      272D4F32 
 197      2720272D 
 197      666F6D69 
 198 0066 696F6E73 		.ascii	"ions=16' '-ffunction-sections' '-fdata-sections' '-"
 198      3D313627 
 198      20272D66 
 198      66756E63 
 198      74696F6E 
 199 0099 666E6F2D 		.ascii	"fno-common' '-flto'\000"
 199      636F6D6D 
 199      6F6E2720 
 199      272D666C 
ARM GAS  /tmp/ccN54HWL.s 			page 15


 199      746F2700 
 200              		.text
 201              		.cfi_sections	.debug_frame
 202              		.section	.text.palReadBus,"ax",%progbits
 203              		.align	2
 204              		.p2align 4,,15
 205              		.global	palReadBus
 206              		.thumb
 207              		.thumb_func
 208              		.type	palReadBus, %function
 209              	palReadBus:
 210              	.LFB219:
 211              		.file 1 "../../../os/hal/src/hal_pal.c"
 212              		.loc 1 65 0
 213              		.cfi_startproc
 214              		@ args = 0, pretend = 0, frame = 0
 215              		@ frame_needed = 0, uses_anonymous_args = 0
 216              		@ link register save eliminated.
 217              	.LVL0:
 218              		.loc 1 69 0
 219 0000 0368     		ldr	r3, [r0]
 220 0002 8268     		ldr	r2, [r0, #8]
 221 0004 9968     		ldr	r1, [r3, #8]
 222 0006 4368     		ldr	r3, [r0, #4]
 223 0008 21FA02F0 		lsr	r0, r1, r2
 224              	.LVL1:
 225              		.loc 1 70 0
 226 000c 1840     		ands	r0, r0, r3
 227 000e 7047     		bx	lr
 228              		.cfi_endproc
 229              	.LFE219:
 230              		.size	palReadBus, .-palReadBus
 231              		.section	.text.palWriteBus,"ax",%progbits
 232              		.align	2
 233              		.p2align 4,,15
 234              		.global	palWriteBus
 235              		.thumb
 236              		.thumb_func
 237              		.type	palWriteBus, %function
 238              	palWriteBus:
 239              	.LFB220:
 240              		.loc 1 90 0
 241              		.cfi_startproc
 242              		@ args = 0, pretend = 0, frame = 0
 243              		@ frame_needed = 0, uses_anonymous_args = 0
 244              		@ link register save eliminated.
 245              	.LVL2:
 246              		.loc 1 94 0
 247 0000 4268     		ldr	r2, [r0, #4]
 248 0002 8368     		ldr	r3, [r0, #8]
 249              		.loc 1 90 0
 250 0004 30B4     		push	{r4, r5}
 251              		.cfi_def_cfa_offset 8
 252              		.cfi_offset 4, -8
 253              		.cfi_offset 5, -4
 254              		.loc 1 94 0
 255 0006 22EA0105 		bic	r5, r2, r1
ARM GAS  /tmp/ccN54HWL.s 			page 16


 256 000a 03F11004 		add	r4, r3, #16
 257 000e 0A40     		ands	r2, r2, r1
 258 0010 02FA03F3 		lsl	r3, r2, r3
 259 0014 05FA04F2 		lsl	r2, r5, r4
 260              		.loc 1 95 0
 261 0018 30BC     		pop	{r4, r5}
 262              		.loc 1 94 0
 263 001a 0068     		ldr	r0, [r0]
 264              	.LVL3:
 265 001c 1343     		orrs	r3, r3, r2
 266 001e 0361     		str	r3, [r0, #16]
 267              		.loc 1 95 0
 268 0020 7047     		bx	lr
 269              		.cfi_endproc
 270              	.LFE220:
 271              		.size	palWriteBus, .-palWriteBus
 272 0022 00BFAFF3 		.section	.text.palSetBusMode,"ax",%progbits
 272      0080AFF3 
 272      0080AFF3 
 272      0080
 273              		.align	2
 274              		.p2align 4,,15
 275              		.global	palSetBusMode
 276              		.thumb
 277              		.thumb_func
 278              		.type	palSetBusMode, %function
 279              	palSetBusMode:
 280              	.LFB221:
 281              		.loc 1 113 0
 282              		.cfi_startproc
 283              		@ args = 0, pretend = 0, frame = 0
 284              		@ frame_needed = 0, uses_anonymous_args = 0
 285              		@ link register save eliminated.
 286              	.LVL4:
 287 0000 10B4     		push	{r4}
 288              		.cfi_def_cfa_offset 4
 289              		.cfi_offset 4, -4
 290              		.loc 1 117 0
 291 0002 8368     		ldr	r3, [r0, #8]
 292 0004 4468     		ldr	r4, [r0, #4]
 293              		.loc 1 113 0
 294 0006 0A46     		mov	r2, r1
 295              		.loc 1 117 0
 296 0008 0068     		ldr	r0, [r0]
 297              	.LVL5:
 298 000a 04FA03F1 		lsl	r1, r4, r3
 299              	.LVL6:
 300              		.loc 1 118 0
 301 000e 5DF8044B 		ldr	r4, [sp], #4
 302              		.loc 1 117 0
 303 0012 FFF7FEBF 		b	_pal_lld_setgroupmode
 304              	.LVL7:
 305              		.cfi_endproc
 306              	.LFE221:
 307              		.size	palSetBusMode, .-palSetBusMode
 308 0016 00BFAFF3 		.text
 308      0080AFF3 
ARM GAS  /tmp/ccN54HWL.s 			page 17


 308      0080
 309              	.Letext0:
 310              		.file 2 "/usr/include/newlib/machine/_default_types.h"
 311              		.file 3 "/usr/include/newlib/stdint.h"
 312              		.file 4 "../../../os/common/ports/ARMCMx/compilers/GCC/chtypes.h"
 313              		.file 5 "../../../os/rt/include/chsystypes.h"
 314              		.file 6 "../../../os/rt/include/chschd.h"
 315              		.file 7 "../../../os/common/ext/CMSIS/ST/STM32F1xx/stm32f100xb.h"
 316              		.file 8 "../../../os/common/ports/ARMCMx/chcore.h"
 317              		.file 9 "../../../os/common/ports/ARMCMx/chcore_v7m.h"
 318              		.file 10 "../../../os/rt/include/chsem.h"
 319              		.file 11 "../../../os/rt/include/chmtx.h"
 320              		.file 12 "../../../os/hal/ports/STM32/LLD/GPIOv1/hal_pal_lld.h"
 321              		.file 13 "../../../os/hal/include/hal_pal.h"
 322              		.file 14 "../../../os/common/ext/CMSIS/include/core_cm3.h"
 323              		.section	.debug_info,"",%progbits
 324              	.Ldebug_info0:
 325 0000 EC070000 		.4byte	0x7ec
 326 0004 0400     		.2byte	0x4
 327 0006 00000000 		.4byte	.Ldebug_abbrev0
 328 000a 04       		.byte	0x4
 329 000b 01       		.uleb128 0x1
 330 000c 97020000 		.4byte	.LASF108
 331 0010 01       		.byte	0x1
 332 0011 54030000 		.4byte	.LASF109
 333 0015 85030000 		.4byte	.LASF110
 334 0019 00000000 		.4byte	.Ldebug_ranges0+0
 335 001d 00000000 		.4byte	0
 336 0021 00000000 		.4byte	.Ldebug_line0
 337 0025 02       		.uleb128 0x2
 338 0026 04       		.byte	0x4
 339 0027 05       		.byte	0x5
 340 0028 696E7400 		.ascii	"int\000"
 341 002c 03       		.uleb128 0x3
 342 002d 04       		.byte	0x4
 343 002e 07       		.byte	0x7
 344 002f 4D000000 		.4byte	.LASF0
 345 0033 03       		.uleb128 0x3
 346 0034 01       		.byte	0x1
 347 0035 06       		.byte	0x6
 348 0036 FC040000 		.4byte	.LASF1
 349 003a 04       		.uleb128 0x4
 350 003b 1B040000 		.4byte	.LASF4
 351 003f 02       		.byte	0x2
 352 0040 1C       		.byte	0x1c
 353 0041 45000000 		.4byte	0x45
 354 0045 03       		.uleb128 0x3
 355 0046 01       		.byte	0x1
 356 0047 08       		.byte	0x8
 357 0048 8A040000 		.4byte	.LASF2
 358 004c 03       		.uleb128 0x3
 359 004d 02       		.byte	0x2
 360 004e 05       		.byte	0x5
 361 004f CD030000 		.4byte	.LASF3
 362 0053 04       		.uleb128 0x4
 363 0054 4E010000 		.4byte	.LASF5
 364 0058 02       		.byte	0x2
ARM GAS  /tmp/ccN54HWL.s 			page 18


 365 0059 26       		.byte	0x26
 366 005a 5E000000 		.4byte	0x5e
 367 005e 03       		.uleb128 0x3
 368 005f 02       		.byte	0x2
 369 0060 07       		.byte	0x7
 370 0061 0E050000 		.4byte	.LASF6
 371 0065 04       		.uleb128 0x4
 372 0066 6E000000 		.4byte	.LASF7
 373 006a 02       		.byte	0x2
 374 006b 37       		.byte	0x37
 375 006c 70000000 		.4byte	0x70
 376 0070 03       		.uleb128 0x3
 377 0071 04       		.byte	0x4
 378 0072 05       		.byte	0x5
 379 0073 D7030000 		.4byte	.LASF8
 380 0077 04       		.uleb128 0x4
 381 0078 98040000 		.4byte	.LASF9
 382 007c 02       		.byte	0x2
 383 007d 38       		.byte	0x38
 384 007e 82000000 		.4byte	0x82
 385 0082 03       		.uleb128 0x3
 386 0083 04       		.byte	0x4
 387 0084 07       		.byte	0x7
 388 0085 48040000 		.4byte	.LASF10
 389 0089 03       		.uleb128 0x3
 390 008a 08       		.byte	0x8
 391 008b 05       		.byte	0x5
 392 008c 5D020000 		.4byte	.LASF11
 393 0090 04       		.uleb128 0x4
 394 0091 C8010000 		.4byte	.LASF12
 395 0095 02       		.byte	0x2
 396 0096 4E       		.byte	0x4e
 397 0097 9B000000 		.4byte	0x9b
 398 009b 03       		.uleb128 0x3
 399 009c 08       		.byte	0x8
 400 009d 07       		.byte	0x7
 401 009e 37010000 		.4byte	.LASF13
 402 00a2 04       		.uleb128 0x4
 403 00a3 20020000 		.4byte	.LASF14
 404 00a7 03       		.byte	0x3
 405 00a8 2A       		.byte	0x2a
 406 00a9 3A000000 		.4byte	0x3a
 407 00ad 04       		.uleb128 0x4
 408 00ae C4030000 		.4byte	.LASF15
 409 00b2 03       		.byte	0x3
 410 00b3 36       		.byte	0x36
 411 00b4 53000000 		.4byte	0x53
 412 00b8 04       		.uleb128 0x4
 413 00b9 6D040000 		.4byte	.LASF16
 414 00bd 03       		.byte	0x3
 415 00be 41       		.byte	0x41
 416 00bf 65000000 		.4byte	0x65
 417 00c3 04       		.uleb128 0x4
 418 00c4 F4000000 		.4byte	.LASF17
 419 00c8 03       		.byte	0x3
 420 00c9 42       		.byte	0x42
 421 00ca 77000000 		.4byte	0x77
ARM GAS  /tmp/ccN54HWL.s 			page 19


 422 00ce 04       		.uleb128 0x4
 423 00cf 0C040000 		.4byte	.LASF18
 424 00d3 03       		.byte	0x3
 425 00d4 4E       		.byte	0x4e
 426 00d5 90000000 		.4byte	0x90
 427 00d9 04       		.uleb128 0x4
 428 00da C1040000 		.4byte	.LASF19
 429 00de 03       		.byte	0x3
 430 00df 60       		.byte	0x60
 431 00e0 2C000000 		.4byte	0x2c
 432 00e4 04       		.uleb128 0x4
 433 00e5 72030000 		.4byte	.LASF20
 434 00e9 04       		.byte	0x4
 435 00ea 3C       		.byte	0x3c
 436 00eb A2000000 		.4byte	0xa2
 437 00ef 04       		.uleb128 0x4
 438 00f0 17020000 		.4byte	.LASF21
 439 00f4 04       		.byte	0x4
 440 00f5 3D       		.byte	0x3d
 441 00f6 A2000000 		.4byte	0xa2
 442 00fa 04       		.uleb128 0x4
 443 00fb 40040000 		.4byte	.LASF22
 444 00ff 04       		.byte	0x4
 445 0100 3E       		.byte	0x3e
 446 0101 A2000000 		.4byte	0xa2
 447 0105 04       		.uleb128 0x4
 448 0106 1E010000 		.4byte	.LASF23
 449 010a 04       		.byte	0x4
 450 010b 40       		.byte	0x40
 451 010c C3000000 		.4byte	0xc3
 452 0110 04       		.uleb128 0x4
 453 0111 6B020000 		.4byte	.LASF24
 454 0115 04       		.byte	0x4
 455 0116 41       		.byte	0x41
 456 0117 B8000000 		.4byte	0xb8
 457 011b 04       		.uleb128 0x4
 458 011c 05010000 		.4byte	.LASF25
 459 0120 04       		.byte	0x4
 460 0121 43       		.byte	0x43
 461 0122 C3000000 		.4byte	0xc3
 462 0126 04       		.uleb128 0x4
 463 0127 59010000 		.4byte	.LASF26
 464 012b 04       		.byte	0x4
 465 012c 45       		.byte	0x45
 466 012d B8000000 		.4byte	0xb8
 467 0131 04       		.uleb128 0x4
 468 0132 2B000000 		.4byte	.LASF27
 469 0136 05       		.byte	0x5
 470 0137 35       		.byte	0x35
 471 0138 AD000000 		.4byte	0xad
 472 013c 04       		.uleb128 0x4
 473 013d 94010000 		.4byte	.LASF28
 474 0141 05       		.byte	0x5
 475 0142 3F       		.byte	0x3f
 476 0143 47010000 		.4byte	0x147
 477 0147 05       		.uleb128 0x5
 478 0148 31020000 		.4byte	.LASF46
ARM GAS  /tmp/ccN54HWL.s 			page 20


 479 014c 44       		.byte	0x44
 480 014d 06       		.byte	0x6
 481 014e 9A       		.byte	0x9a
 482 014f 25020000 		.4byte	0x225
 483 0153 06       		.uleb128 0x6
 484 0154 67040000 		.4byte	.LASF29
 485 0158 06       		.byte	0x6
 486 0159 9B       		.byte	0x9b
 487 015a 5A020000 		.4byte	0x25a
 488 015e 00       		.byte	0
 489 015f 06       		.uleb128 0x6
 490 0160 F3010000 		.4byte	.LASF30
 491 0164 06       		.byte	0x6
 492 0165 9C       		.byte	0x9c
 493 0166 05010000 		.4byte	0x105
 494 016a 08       		.byte	0x8
 495 016b 07       		.uleb128 0x7
 496 016c 63747800 		.ascii	"ctx\000"
 497 0170 06       		.byte	0x6
 498 0171 9D       		.byte	0x9d
 499 0172 BC040000 		.4byte	0x4bc
 500 0176 0C       		.byte	0xc
 501 0177 06       		.uleb128 0x6
 502 0178 84040000 		.4byte	.LASF31
 503 017c 06       		.byte	0x6
 504 017d 9F       		.byte	0x9f
 505 017e 30020000 		.4byte	0x230
 506 0182 10       		.byte	0x10
 507 0183 06       		.uleb128 0x6
 508 0184 40050000 		.4byte	.LASF32
 509 0188 06       		.byte	0x6
 510 0189 A0       		.byte	0xa0
 511 018a 30020000 		.4byte	0x230
 512 018e 14       		.byte	0x14
 513 018f 06       		.uleb128 0x6
 514 0190 25040000 		.4byte	.LASF33
 515 0194 06       		.byte	0x6
 516 0195 A7       		.byte	0xa7
 517 0196 21060000 		.4byte	0x621
 518 019a 18       		.byte	0x18
 519 019b 06       		.uleb128 0x6
 520 019c 10020000 		.4byte	.LASF34
 521 01a0 06       		.byte	0x6
 522 01a1 B0       		.byte	0xb0
 523 01a2 33060000 		.4byte	0x633
 524 01a6 1C       		.byte	0x1c
 525 01a7 06       		.uleb128 0x6
 526 01a8 CE040000 		.4byte	.LASF35
 527 01ac 06       		.byte	0x6
 528 01ad B5       		.byte	0xb5
 529 01ae EF000000 		.4byte	0xef
 530 01b2 20       		.byte	0x20
 531 01b3 06       		.uleb128 0x6
 532 01b4 25000000 		.4byte	.LASF36
 533 01b8 06       		.byte	0x6
 534 01b9 B9       		.byte	0xb9
 535 01ba E4000000 		.4byte	0xe4
ARM GAS  /tmp/ccN54HWL.s 			page 21


 536 01be 21       		.byte	0x21
 537 01bf 06       		.uleb128 0x6
 538 01c0 78000000 		.4byte	.LASF37
 539 01c4 06       		.byte	0x6
 540 01c5 BE       		.byte	0xbe
 541 01c6 FA000000 		.4byte	0xfa
 542 01ca 22       		.byte	0x22
 543 01cb 08       		.uleb128 0x8
 544 01cc 7500     		.ascii	"u\000"
 545 01ce 06       		.byte	0x6
 546 01cf 0F01     		.2byte	0x10f
 547 01d1 56050000 		.4byte	0x556
 548 01d5 24       		.byte	0x24
 549 01d6 09       		.uleb128 0x9
 550 01d7 A3040000 		.4byte	.LASF38
 551 01db 06       		.byte	0x6
 552 01dc 1401     		.2byte	0x114
 553 01de 36020000 		.4byte	0x236
 554 01e2 28       		.byte	0x28
 555 01e3 09       		.uleb128 0x9
 556 01e4 28020000 		.4byte	.LASF39
 557 01e8 06       		.byte	0x6
 558 01e9 1A01     		.2byte	0x11a
 559 01eb 5A020000 		.4byte	0x25a
 560 01ef 2C       		.byte	0x2c
 561 01f0 09       		.uleb128 0x9
 562 01f1 44000000 		.4byte	.LASF40
 563 01f5 06       		.byte	0x6
 564 01f6 2001     		.2byte	0x120
 565 01f8 1B010000 		.4byte	0x11b
 566 01fc 34       		.byte	0x34
 567 01fd 09       		.uleb128 0x9
 568 01fe 75010000 		.4byte	.LASF41
 569 0202 06       		.byte	0x6
 570 0203 2701     		.2byte	0x127
 571 0205 1B060000 		.4byte	0x61b
 572 0209 38       		.byte	0x38
 573 020a 09       		.uleb128 0x9
 574 020b 35000000 		.4byte	.LASF42
 575 020f 06       		.byte	0x6
 576 0210 2B01     		.2byte	0x12b
 577 0212 05010000 		.4byte	0x105
 578 0216 3C       		.byte	0x3c
 579 0217 09       		.uleb128 0x9
 580 0218 54050000 		.4byte	.LASF43
 581 021c 06       		.byte	0x6
 582 021d 3201     		.2byte	0x132
 583 021f 0D030000 		.4byte	0x30d
 584 0223 40       		.byte	0x40
 585 0224 00       		.byte	0
 586 0225 04       		.uleb128 0x4
 587 0226 FD010000 		.4byte	.LASF44
 588 022a 05       		.byte	0x5
 589 022b 44       		.byte	0x44
 590 022c 30020000 		.4byte	0x230
 591 0230 0A       		.uleb128 0xa
 592 0231 04       		.byte	0x4
ARM GAS  /tmp/ccN54HWL.s 			page 22


 593 0232 3C010000 		.4byte	0x13c
 594 0236 04       		.uleb128 0x4
 595 0237 5F000000 		.4byte	.LASF45
 596 023b 05       		.byte	0x5
 597 023c 49       		.byte	0x49
 598 023d 41020000 		.4byte	0x241
 599 0241 05       		.uleb128 0x5
 600 0242 00000000 		.4byte	.LASF47
 601 0246 04       		.byte	0x4
 602 0247 06       		.byte	0x6
 603 0248 88       		.byte	0x88
 604 0249 5A020000 		.4byte	0x25a
 605 024d 06       		.uleb128 0x6
 606 024e 5A000000 		.4byte	.LASF48
 607 0252 06       		.byte	0x6
 608 0253 89       		.byte	0x89
 609 0254 30020000 		.4byte	0x230
 610 0258 00       		.byte	0
 611 0259 00       		.byte	0
 612 025a 04       		.uleb128 0x4
 613 025b 65010000 		.4byte	.LASF49
 614 025f 05       		.byte	0x5
 615 0260 50       		.byte	0x50
 616 0261 65020000 		.4byte	0x265
 617 0265 05       		.uleb128 0x5
 618 0266 CA000000 		.4byte	.LASF50
 619 026a 08       		.byte	0x8
 620 026b 06       		.byte	0x6
 621 026c 8F       		.byte	0x8f
 622 026d 8A020000 		.4byte	0x28a
 623 0271 06       		.uleb128 0x6
 624 0272 5A000000 		.4byte	.LASF48
 625 0276 06       		.byte	0x6
 626 0277 90       		.byte	0x90
 627 0278 30020000 		.4byte	0x230
 628 027c 00       		.byte	0
 629 027d 06       		.uleb128 0x6
 630 027e C5000000 		.4byte	.LASF51
 631 0282 06       		.byte	0x6
 632 0283 91       		.byte	0x91
 633 0284 30020000 		.4byte	0x230
 634 0288 04       		.byte	0x4
 635 0289 00       		.byte	0
 636 028a 04       		.uleb128 0x4
 637 028b 5A040000 		.4byte	.LASF52
 638 028f 05       		.byte	0x5
 639 0290 57       		.byte	0x57
 640 0291 95020000 		.4byte	0x295
 641 0295 0B       		.uleb128 0xb
 642 0296 98000000 		.4byte	.LASF53
 643 029a 1C       		.byte	0x1c
 644 029b 06       		.byte	0x6
 645 029c 6A01     		.2byte	0x16a
 646 029e F1020000 		.4byte	0x2f1
 647 02a2 09       		.uleb128 0x9
 648 02a3 67040000 		.4byte	.LASF29
 649 02a7 06       		.byte	0x6
ARM GAS  /tmp/ccN54HWL.s 			page 23


 650 02a8 6B01     		.2byte	0x16b
 651 02aa 5A020000 		.4byte	0x25a
 652 02ae 00       		.byte	0
 653 02af 09       		.uleb128 0x9
 654 02b0 F3010000 		.4byte	.LASF30
 655 02b4 06       		.byte	0x6
 656 02b5 6C01     		.2byte	0x16c
 657 02b7 05010000 		.4byte	0x105
 658 02bb 08       		.byte	0x8
 659 02bc 08       		.uleb128 0x8
 660 02bd 63747800 		.ascii	"ctx\000"
 661 02c1 06       		.byte	0x6
 662 02c2 6E01     		.2byte	0x16e
 663 02c4 BC040000 		.4byte	0x4bc
 664 02c8 0C       		.byte	0xc
 665 02c9 09       		.uleb128 0x9
 666 02ca 84040000 		.4byte	.LASF31
 667 02ce 06       		.byte	0x6
 668 02cf 7101     		.2byte	0x171
 669 02d1 30020000 		.4byte	0x230
 670 02d5 10       		.byte	0x10
 671 02d6 09       		.uleb128 0x9
 672 02d7 40050000 		.4byte	.LASF32
 673 02db 06       		.byte	0x6
 674 02dc 7201     		.2byte	0x172
 675 02de 30020000 		.4byte	0x230
 676 02e2 14       		.byte	0x14
 677 02e3 09       		.uleb128 0x9
 678 02e4 2C050000 		.4byte	.LASF54
 679 02e8 06       		.byte	0x6
 680 02e9 7501     		.2byte	0x175
 681 02eb 30020000 		.4byte	0x230
 682 02ef 18       		.byte	0x18
 683 02f0 00       		.byte	0
 684 02f1 04       		.uleb128 0x4
 685 02f2 DB000000 		.4byte	.LASF55
 686 02f6 05       		.byte	0x5
 687 02f7 5C       		.byte	0x5c
 688 02f8 FC020000 		.4byte	0x2fc
 689 02fc 0A       		.uleb128 0xa
 690 02fd 04       		.byte	0x4
 691 02fe 02030000 		.4byte	0x302
 692 0302 0C       		.uleb128 0xc
 693 0303 0D030000 		.4byte	0x30d
 694 0307 0D       		.uleb128 0xd
 695 0308 0D030000 		.4byte	0x30d
 696 030c 00       		.byte	0
 697 030d 0E       		.uleb128 0xe
 698 030e 04       		.byte	0x4
 699 030f 04       		.uleb128 0x4
 700 0310 71020000 		.4byte	.LASF56
 701 0314 05       		.byte	0x5
 702 0315 61       		.byte	0x61
 703 0316 1A030000 		.4byte	0x31a
 704 031a 0B       		.uleb128 0xb
 705 031b 26010000 		.4byte	.LASF57
 706 031f 14       		.byte	0x14
ARM GAS  /tmp/ccN54HWL.s 			page 24


 707 0320 06       		.byte	0x6
 708 0321 4501     		.2byte	0x145
 709 0323 69030000 		.4byte	0x369
 710 0327 09       		.uleb128 0x9
 711 0328 5A000000 		.4byte	.LASF48
 712 032c 06       		.byte	0x6
 713 032d 4601     		.2byte	0x146
 714 032f 39060000 		.4byte	0x639
 715 0333 00       		.byte	0
 716 0334 09       		.uleb128 0x9
 717 0335 C5000000 		.4byte	.LASF51
 718 0339 06       		.byte	0x6
 719 033a 4701     		.2byte	0x147
 720 033c 39060000 		.4byte	0x639
 721 0340 04       		.byte	0x4
 722 0341 09       		.uleb128 0x9
 723 0342 08050000 		.4byte	.LASF58
 724 0346 06       		.byte	0x6
 725 0347 4801     		.2byte	0x148
 726 0349 31010000 		.4byte	0x131
 727 034d 08       		.byte	0x8
 728 034e 09       		.uleb128 0x9
 729 034f B4000000 		.4byte	.LASF59
 730 0353 06       		.byte	0x6
 731 0354 4901     		.2byte	0x149
 732 0356 F1020000 		.4byte	0x2f1
 733 035a 0C       		.byte	0xc
 734 035b 08       		.uleb128 0x8
 735 035c 70617200 		.ascii	"par\000"
 736 0360 06       		.byte	0x6
 737 0361 4B01     		.2byte	0x14b
 738 0363 0D030000 		.4byte	0x30d
 739 0367 10       		.byte	0x10
 740 0368 00       		.byte	0
 741 0369 04       		.uleb128 0x4
 742 036a AB040000 		.4byte	.LASF60
 743 036e 05       		.byte	0x5
 744 036f 66       		.byte	0x66
 745 0370 74030000 		.4byte	0x374
 746 0374 0B       		.uleb128 0xb
 747 0375 7D010000 		.4byte	.LASF61
 748 0379 0C       		.byte	0xc
 749 037a 06       		.byte	0x6
 750 037b 5501     		.2byte	0x155
 751 037d B6030000 		.4byte	0x3b6
 752 0381 09       		.uleb128 0x9
 753 0382 5A000000 		.4byte	.LASF48
 754 0386 06       		.byte	0x6
 755 0387 5601     		.2byte	0x156
 756 0389 39060000 		.4byte	0x639
 757 038d 00       		.byte	0
 758 038e 09       		.uleb128 0x9
 759 038f C5000000 		.4byte	.LASF51
 760 0393 06       		.byte	0x6
 761 0394 5801     		.2byte	0x158
 762 0396 39060000 		.4byte	0x639
 763 039a 04       		.byte	0x4
ARM GAS  /tmp/ccN54HWL.s 			page 25


 764 039b 09       		.uleb128 0x9
 765 039c 08050000 		.4byte	.LASF58
 766 03a0 06       		.byte	0x6
 767 03a1 5A01     		.2byte	0x15a
 768 03a3 31010000 		.4byte	0x131
 769 03a7 08       		.byte	0x8
 770 03a8 09       		.uleb128 0x9
 771 03a9 03040000 		.4byte	.LASF62
 772 03ad 06       		.byte	0x6
 773 03ae 6201     		.2byte	0x162
 774 03b0 31010000 		.4byte	0x131
 775 03b4 0A       		.byte	0xa
 776 03b5 00       		.byte	0
 777 03b6 04       		.uleb128 0x4
 778 03b7 4E020000 		.4byte	.LASF63
 779 03bb 05       		.byte	0x5
 780 03bc 6B       		.byte	0x6b
 781 03bd C1030000 		.4byte	0x3c1
 782 03c1 0B       		.uleb128 0xb
 783 03c2 E4000000 		.4byte	.LASF64
 784 03c6 04       		.byte	0x4
 785 03c7 06       		.byte	0x6
 786 03c8 7C01     		.2byte	0x17c
 787 03ca DC030000 		.4byte	0x3dc
 788 03ce 09       		.uleb128 0x9
 789 03cf 4A030000 		.4byte	.LASF65
 790 03d3 06       		.byte	0x6
 791 03d4 8401     		.2byte	0x184
 792 03d6 3F060000 		.4byte	0x63f
 793 03da 00       		.byte	0
 794 03db 00       		.byte	0
 795 03dc 04       		.uleb128 0x4
 796 03dd EA040000 		.4byte	.LASF66
 797 03e1 05       		.byte	0x5
 798 03e2 70       		.byte	0x70
 799 03e3 E7030000 		.4byte	0x3e7
 800 03e7 0B       		.uleb128 0xb
 801 03e8 F9030000 		.4byte	.LASF67
 802 03ec 70       		.byte	0x70
 803 03ed 06       		.byte	0x6
 804 03ee 9C01     		.2byte	0x19c
 805 03f0 29040000 		.4byte	0x429
 806 03f4 09       		.uleb128 0x9
 807 03f5 15040000 		.4byte	.LASF68
 808 03f9 06       		.byte	0x6
 809 03fa A001     		.2byte	0x1a0
 810 03fc 8A020000 		.4byte	0x28a
 811 0400 00       		.byte	0
 812 0401 09       		.uleb128 0x9
 813 0402 84000000 		.4byte	.LASF69
 814 0406 06       		.byte	0x6
 815 0407 A401     		.2byte	0x1a4
 816 0409 69030000 		.4byte	0x369
 817 040d 1C       		.byte	0x1c
 818 040e 08       		.uleb128 0x8
 819 040f 64626700 		.ascii	"dbg\000"
 820 0413 06       		.byte	0x6
ARM GAS  /tmp/ccN54HWL.s 			page 26


 821 0414 A801     		.2byte	0x1a8
 822 0416 B6030000 		.4byte	0x3b6
 823 041a 28       		.byte	0x28
 824 041b 09       		.uleb128 0x9
 825 041c 7A030000 		.4byte	.LASF70
 826 0420 06       		.byte	0x6
 827 0421 AC01     		.2byte	0x1ac
 828 0423 3C010000 		.4byte	0x13c
 829 0427 2C       		.byte	0x2c
 830 0428 00       		.byte	0
 831 0429 03       		.uleb128 0x3
 832 042a 04       		.byte	0x4
 833 042b 07       		.byte	0x7
 834 042c 37040000 		.4byte	.LASF71
 835 0430 0F       		.uleb128 0xf
 836 0431 C3000000 		.4byte	0xc3
 837 0435 10       		.uleb128 0x10
 838 0436 1C       		.byte	0x1c
 839 0437 07       		.byte	0x7
 840 0438 5B01     		.2byte	0x15b
 841 043a 9A040000 		.4byte	0x49a
 842 043e 08       		.uleb128 0x8
 843 043f 43524C00 		.ascii	"CRL\000"
 844 0443 07       		.byte	0x7
 845 0444 5D01     		.2byte	0x15d
 846 0446 30040000 		.4byte	0x430
 847 044a 00       		.byte	0
 848 044b 08       		.uleb128 0x8
 849 044c 43524800 		.ascii	"CRH\000"
 850 0450 07       		.byte	0x7
 851 0451 5E01     		.2byte	0x15e
 852 0453 30040000 		.4byte	0x430
 853 0457 04       		.byte	0x4
 854 0458 08       		.uleb128 0x8
 855 0459 49445200 		.ascii	"IDR\000"
 856 045d 07       		.byte	0x7
 857 045e 5F01     		.2byte	0x15f
 858 0460 30040000 		.4byte	0x430
 859 0464 08       		.byte	0x8
 860 0465 08       		.uleb128 0x8
 861 0466 4F445200 		.ascii	"ODR\000"
 862 046a 07       		.byte	0x7
 863 046b 6001     		.2byte	0x160
 864 046d 30040000 		.4byte	0x430
 865 0471 0C       		.byte	0xc
 866 0472 09       		.uleb128 0x9
 867 0473 17000000 		.4byte	.LASF72
 868 0477 07       		.byte	0x7
 869 0478 6101     		.2byte	0x161
 870 047a 30040000 		.4byte	0x430
 871 047e 10       		.byte	0x10
 872 047f 08       		.uleb128 0x8
 873 0480 42525200 		.ascii	"BRR\000"
 874 0484 07       		.byte	0x7
 875 0485 6201     		.2byte	0x162
 876 0487 30040000 		.4byte	0x430
 877 048b 14       		.byte	0x14
ARM GAS  /tmp/ccN54HWL.s 			page 27


 878 048c 09       		.uleb128 0x9
 879 048d 4F050000 		.4byte	.LASF73
 880 0491 07       		.byte	0x7
 881 0492 6301     		.2byte	0x163
 882 0494 30040000 		.4byte	0x430
 883 0498 18       		.byte	0x18
 884 0499 00       		.byte	0
 885 049a 11       		.uleb128 0x11
 886 049b 2A040000 		.4byte	.LASF74
 887 049f 07       		.byte	0x7
 888 04a0 6401     		.2byte	0x164
 889 04a2 35040000 		.4byte	0x435
 890 04a6 04       		.uleb128 0x4
 891 04a7 1C000000 		.4byte	.LASF75
 892 04ab 08       		.byte	0x8
 893 04ac 65       		.byte	0x65
 894 04ad 0D030000 		.4byte	0x30d
 895 04b1 04       		.uleb128 0x4
 896 04b2 21050000 		.4byte	.LASF76
 897 04b6 08       		.byte	0x8
 898 04b7 6D       		.byte	0x6d
 899 04b8 CE000000 		.4byte	0xce
 900 04bc 05       		.uleb128 0x5
 901 04bd 8B000000 		.4byte	.LASF77
 902 04c1 04       		.byte	0x4
 903 04c2 08       		.byte	0x8
 904 04c3 89       		.byte	0x89
 905 04c4 D4040000 		.4byte	0x4d4
 906 04c8 07       		.uleb128 0x7
 907 04c9 737000   		.ascii	"sp\000"
 908 04cc 08       		.byte	0x8
 909 04cd 8A       		.byte	0x8a
 910 04ce 50050000 		.4byte	0x550
 911 04d2 00       		.byte	0
 912 04d3 00       		.byte	0
 913 04d4 0B       		.uleb128 0xb
 914 04d5 E0030000 		.4byte	.LASF78
 915 04d9 24       		.byte	0x24
 916 04da 09       		.byte	0x9
 917 04db 5901     		.2byte	0x159
 918 04dd 50050000 		.4byte	0x550
 919 04e1 08       		.uleb128 0x8
 920 04e2 723400   		.ascii	"r4\000"
 921 04e5 09       		.byte	0x9
 922 04e6 6C01     		.2byte	0x16c
 923 04e8 A6040000 		.4byte	0x4a6
 924 04ec 00       		.byte	0
 925 04ed 08       		.uleb128 0x8
 926 04ee 723500   		.ascii	"r5\000"
 927 04f1 09       		.byte	0x9
 928 04f2 6D01     		.2byte	0x16d
 929 04f4 A6040000 		.4byte	0x4a6
 930 04f8 04       		.byte	0x4
 931 04f9 08       		.uleb128 0x8
 932 04fa 723600   		.ascii	"r6\000"
 933 04fd 09       		.byte	0x9
 934 04fe 6E01     		.2byte	0x16e
ARM GAS  /tmp/ccN54HWL.s 			page 28


 935 0500 A6040000 		.4byte	0x4a6
 936 0504 08       		.byte	0x8
 937 0505 08       		.uleb128 0x8
 938 0506 723700   		.ascii	"r7\000"
 939 0509 09       		.byte	0x9
 940 050a 6F01     		.2byte	0x16f
 941 050c A6040000 		.4byte	0x4a6
 942 0510 0C       		.byte	0xc
 943 0511 08       		.uleb128 0x8
 944 0512 723800   		.ascii	"r8\000"
 945 0515 09       		.byte	0x9
 946 0516 7001     		.2byte	0x170
 947 0518 A6040000 		.4byte	0x4a6
 948 051c 10       		.byte	0x10
 949 051d 08       		.uleb128 0x8
 950 051e 723900   		.ascii	"r9\000"
 951 0521 09       		.byte	0x9
 952 0522 7101     		.2byte	0x171
 953 0524 A6040000 		.4byte	0x4a6
 954 0528 14       		.byte	0x14
 955 0529 08       		.uleb128 0x8
 956 052a 72313000 		.ascii	"r10\000"
 957 052e 09       		.byte	0x9
 958 052f 7201     		.2byte	0x172
 959 0531 A6040000 		.4byte	0x4a6
 960 0535 18       		.byte	0x18
 961 0536 08       		.uleb128 0x8
 962 0537 72313100 		.ascii	"r11\000"
 963 053b 09       		.byte	0x9
 964 053c 7301     		.2byte	0x173
 965 053e A6040000 		.4byte	0x4a6
 966 0542 1C       		.byte	0x1c
 967 0543 08       		.uleb128 0x8
 968 0544 6C7200   		.ascii	"lr\000"
 969 0547 09       		.byte	0x9
 970 0548 7401     		.2byte	0x174
 971 054a A6040000 		.4byte	0x4a6
 972 054e 20       		.byte	0x20
 973 054f 00       		.byte	0
 974 0550 0A       		.uleb128 0xa
 975 0551 04       		.byte	0x4
 976 0552 D4040000 		.4byte	0x4d4
 977 0556 12       		.uleb128 0x12
 978 0557 04       		.byte	0x4
 979 0558 06       		.byte	0x6
 980 0559 D2       		.byte	0xd2
 981 055a B9050000 		.4byte	0x5b9
 982 055e 13       		.uleb128 0x13
 983 055f 9D010000 		.4byte	.LASF79
 984 0563 06       		.byte	0x6
 985 0564 D9       		.byte	0xd9
 986 0565 10010000 		.4byte	0x110
 987 0569 13       		.uleb128 0x13
 988 056a 46050000 		.4byte	.LASF80
 989 056e 06       		.byte	0x6
 990 056f E0       		.byte	0xe0
 991 0570 10010000 		.4byte	0x110
ARM GAS  /tmp/ccN54HWL.s 			page 29


 992 0574 13       		.uleb128 0x13
 993 0575 7D000000 		.4byte	.LASF81
 994 0579 06       		.byte	0x6
 995 057a E7       		.byte	0xe7
 996 057b 0D030000 		.4byte	0x30d
 997 057f 13       		.uleb128 0x13
 998 0580 F6040000 		.4byte	.LASF82
 999 0584 06       		.byte	0x6
 1000 0585 EE       		.byte	0xee
 1001 0586 B9050000 		.4byte	0x5b9
 1002 058a 13       		.uleb128 0x13
 1003 058b FD000000 		.4byte	.LASF83
 1004 058f 06       		.byte	0x6
 1005 0590 F3       		.byte	0xf3
 1006 0591 10010000 		.4byte	0x110
 1007 0595 13       		.uleb128 0x13
 1008 0596 75040000 		.4byte	.LASF84
 1009 059a 06       		.byte	0x6
 1010 059b FC       		.byte	0xfc
 1011 059c E4050000 		.4byte	0x5e4
 1012 05a0 14       		.uleb128 0x14
 1013 05a1 10000000 		.4byte	.LASF85
 1014 05a5 06       		.byte	0x6
 1015 05a6 0501     		.2byte	0x105
 1016 05a8 1B060000 		.4byte	0x61b
 1017 05ac 14       		.uleb128 0x14
 1018 05ad B9000000 		.4byte	.LASF86
 1019 05b1 06       		.byte	0x6
 1020 05b2 0D01     		.2byte	0x10d
 1021 05b4 1B010000 		.4byte	0x11b
 1022 05b8 00       		.byte	0
 1023 05b9 0A       		.uleb128 0xa
 1024 05ba 04       		.byte	0x4
 1025 05bb 25020000 		.4byte	0x225
 1026 05bf 05       		.uleb128 0x5
 1027 05c0 11010000 		.4byte	.LASF87
 1028 05c4 0C       		.byte	0xc
 1029 05c5 0A       		.byte	0xa
 1030 05c6 34       		.byte	0x34
 1031 05c7 E4050000 		.4byte	0x5e4
 1032 05cb 06       		.uleb128 0x6
 1033 05cc 67040000 		.4byte	.LASF29
 1034 05d0 0A       		.byte	0xa
 1035 05d1 35       		.byte	0x35
 1036 05d2 5A020000 		.4byte	0x25a
 1037 05d6 00       		.byte	0
 1038 05d7 07       		.uleb128 0x7
 1039 05d8 636E7400 		.ascii	"cnt\000"
 1040 05dc 0A       		.byte	0xa
 1041 05dd 37       		.byte	0x37
 1042 05de 26010000 		.4byte	0x126
 1043 05e2 08       		.byte	0x8
 1044 05e3 00       		.byte	0
 1045 05e4 0A       		.uleb128 0xa
 1046 05e5 04       		.byte	0x4
 1047 05e6 BF050000 		.4byte	0x5bf
 1048 05ea 05       		.uleb128 0x5
ARM GAS  /tmp/ccN54HWL.s 			page 30


 1049 05eb BF010000 		.4byte	.LASF88
 1050 05ef 10       		.byte	0x10
 1051 05f0 0B       		.byte	0xb
 1052 05f1 39       		.byte	0x39
 1053 05f2 1B060000 		.4byte	0x61b
 1054 05f6 06       		.uleb128 0x6
 1055 05f7 67040000 		.4byte	.LASF29
 1056 05fb 0B       		.byte	0xb
 1057 05fc 3A       		.byte	0x3a
 1058 05fd 5A020000 		.4byte	0x25a
 1059 0601 00       		.byte	0
 1060 0602 06       		.uleb128 0x6
 1061 0603 5F010000 		.4byte	.LASF89
 1062 0607 0B       		.byte	0xb
 1063 0608 3C       		.byte	0x3c
 1064 0609 30020000 		.4byte	0x230
 1065 060d 08       		.byte	0x8
 1066 060e 06       		.uleb128 0x6
 1067 060f 5A000000 		.4byte	.LASF48
 1068 0613 0B       		.byte	0xb
 1069 0614 3E       		.byte	0x3e
 1070 0615 4F060000 		.4byte	0x64f
 1071 0619 0C       		.byte	0xc
 1072 061a 00       		.byte	0
 1073 061b 0A       		.uleb128 0xa
 1074 061c 04       		.byte	0x4
 1075 061d EA050000 		.4byte	0x5ea
 1076 0621 0A       		.uleb128 0xa
 1077 0622 04       		.byte	0x4
 1078 0623 27060000 		.4byte	0x627
 1079 0627 15       		.uleb128 0x15
 1080 0628 2C060000 		.4byte	0x62c
 1081 062c 03       		.uleb128 0x3
 1082 062d 01       		.byte	0x1
 1083 062e 08       		.byte	0x8
 1084 062f F8010000 		.4byte	.LASF90
 1085 0633 0A       		.uleb128 0xa
 1086 0634 04       		.byte	0x4
 1087 0635 B1040000 		.4byte	0x4b1
 1088 0639 0A       		.uleb128 0xa
 1089 063a 04       		.byte	0x4
 1090 063b 0F030000 		.4byte	0x30f
 1091 063f 0F       		.uleb128 0xf
 1092 0640 21060000 		.4byte	0x621
 1093 0644 04       		.uleb128 0x4
 1094 0645 7C040000 		.4byte	.LASF91
 1095 0649 0B       		.byte	0xb
 1096 064a 34       		.byte	0x34
 1097 064b EA050000 		.4byte	0x5ea
 1098 064f 0A       		.uleb128 0xa
 1099 0650 04       		.byte	0x4
 1100 0651 44060000 		.4byte	0x644
 1101 0655 03       		.uleb128 0x3
 1102 0656 01       		.byte	0x1
 1103 0657 02       		.byte	0x2
 1104 0658 B9010000 		.4byte	.LASF92
 1105 065c 04       		.uleb128 0x4
ARM GAS  /tmp/ccN54HWL.s 			page 31


 1106 065d 81020000 		.4byte	.LASF93
 1107 0661 0C       		.byte	0xc
 1108 0662 92       		.byte	0x92
 1109 0663 C3000000 		.4byte	0xc3
 1110 0667 04       		.uleb128 0x4
 1111 0668 8E020000 		.4byte	.LASF94
 1112 066c 0C       		.byte	0xc
 1113 066d 97       		.byte	0x97
 1114 066e C3000000 		.4byte	0xc3
 1115 0672 04       		.uleb128 0x4
 1116 0673 E1010000 		.4byte	.LASF95
 1117 0677 0C       		.byte	0xc
 1118 0678 A4       		.byte	0xa4
 1119 0679 7D060000 		.4byte	0x67d
 1120 067d 0A       		.uleb128 0xa
 1121 067e 04       		.byte	0x4
 1122 067f 9A040000 		.4byte	0x49a
 1123 0683 16       		.uleb128 0x16
 1124 0684 0C       		.byte	0xc
 1125 0685 0D       		.byte	0xd
 1126 0686 8A       		.byte	0x8a
 1127 0687 B0060000 		.4byte	0x6b0
 1128 068b 06       		.uleb128 0x6
 1129 068c EC010000 		.4byte	.LASF96
 1130 0690 0D       		.byte	0xd
 1131 0691 8E       		.byte	0x8e
 1132 0692 72060000 		.4byte	0x672
 1133 0696 00       		.byte	0
 1134 0697 06       		.uleb128 0x6
 1135 0698 3A030000 		.4byte	.LASF97
 1136 069c 0D       		.byte	0xd
 1137 069d 94       		.byte	0x94
 1138 069e 5C060000 		.4byte	0x65c
 1139 06a2 04       		.byte	0x4
 1140 06a3 06       		.uleb128 0x6
 1141 06a4 B2010000 		.4byte	.LASF98
 1142 06a8 0D       		.byte	0xd
 1143 06a9 98       		.byte	0x98
 1144 06aa D9000000 		.4byte	0xd9
 1145 06ae 08       		.byte	0x8
 1146 06af 00       		.byte	0
 1147 06b0 04       		.uleb128 0x4
 1148 06b1 3E000000 		.4byte	.LASF99
 1149 06b5 0D       		.byte	0xd
 1150 06b6 99       		.byte	0x99
 1151 06b7 83060000 		.4byte	0x683
 1152 06bb 17       		.uleb128 0x17
 1153 06bc 3F030000 		.4byte	.LASF111
 1154 06c0 01       		.byte	0x1
 1155 06c1 41       		.byte	0x41
 1156 06c2 5C060000 		.4byte	0x65c
 1157 06c6 00000000 		.4byte	.LFB219
 1158 06ca 10000000 		.4byte	.LFE219-.LFB219
 1159 06ce 01       		.uleb128 0x1
 1160 06cf 9C       		.byte	0x9c
 1161 06d0 ED060000 		.4byte	0x6ed
 1162 06d4 18       		.uleb128 0x18
ARM GAS  /tmp/ccN54HWL.s 			page 32


 1163 06d5 62757300 		.ascii	"bus\000"
 1164 06d9 01       		.byte	0x1
 1165 06da 41       		.byte	0x41
 1166 06db ED060000 		.4byte	0x6ed
 1167 06df 00000000 		.4byte	.LLST0
 1168 06e3 19       		.uleb128 0x19
 1169 06e4 A4010000 		.4byte	.LASF101
 1170 06e8 03070000 		.4byte	0x703
 1171 06ec 00       		.byte	0
 1172 06ed 0A       		.uleb128 0xa
 1173 06ee 04       		.byte	0x4
 1174 06ef B0060000 		.4byte	0x6b0
 1175 06f3 1A       		.uleb128 0x1a
 1176 06f4 2C060000 		.4byte	0x62c
 1177 06f8 03070000 		.4byte	0x703
 1178 06fc 1B       		.uleb128 0x1b
 1179 06fd 29040000 		.4byte	0x429
 1180 0701 0A       		.byte	0xa
 1181 0702 00       		.byte	0
 1182 0703 15       		.uleb128 0x15
 1183 0704 F3060000 		.4byte	0x6f3
 1184 0708 1C       		.uleb128 0x1c
 1185 0709 34050000 		.4byte	.LASF103
 1186 070d 01       		.byte	0x1
 1187 070e 5A       		.byte	0x5a
 1188 070f 00000000 		.4byte	.LFB220
 1189 0713 22000000 		.4byte	.LFE220-.LFB220
 1190 0717 01       		.uleb128 0x1
 1191 0718 9C       		.byte	0x9c
 1192 0719 43070000 		.4byte	0x743
 1193 071d 18       		.uleb128 0x18
 1194 071e 62757300 		.ascii	"bus\000"
 1195 0722 01       		.byte	0x1
 1196 0723 5A       		.byte	0x5a
 1197 0724 ED060000 		.4byte	0x6ed
 1198 0728 21000000 		.4byte	.LLST1
 1199 072c 1D       		.uleb128 0x1d
 1200 072d 3B020000 		.4byte	.LASF100
 1201 0731 01       		.byte	0x1
 1202 0732 5A       		.byte	0x5a
 1203 0733 5C060000 		.4byte	0x65c
 1204 0737 01       		.uleb128 0x1
 1205 0738 51       		.byte	0x51
 1206 0739 19       		.uleb128 0x19
 1207 073a D3010000 		.4byte	.LASF102
 1208 073e 53070000 		.4byte	0x753
 1209 0742 00       		.byte	0
 1210 0743 1A       		.uleb128 0x1a
 1211 0744 2C060000 		.4byte	0x62c
 1212 0748 53070000 		.4byte	0x753
 1213 074c 1B       		.uleb128 0x1b
 1214 074d 29040000 		.4byte	0x429
 1215 0751 0B       		.byte	0xb
 1216 0752 00       		.byte	0
 1217 0753 15       		.uleb128 0x15
 1218 0754 43070000 		.4byte	0x743
 1219 0758 1C       		.uleb128 0x1c
ARM GAS  /tmp/ccN54HWL.s 			page 33


 1220 0759 40020000 		.4byte	.LASF104
 1221 075d 01       		.byte	0x1
 1222 075e 71       		.byte	0x71
 1223 075f 00000000 		.4byte	.LFB221
 1224 0763 16000000 		.4byte	.LFE221-.LFB221
 1225 0767 01       		.uleb128 0x1
 1226 0768 9C       		.byte	0x9c
 1227 0769 A6070000 		.4byte	0x7a6
 1228 076d 18       		.uleb128 0x18
 1229 076e 62757300 		.ascii	"bus\000"
 1230 0772 01       		.byte	0x1
 1231 0773 71       		.byte	0x71
 1232 0774 ED060000 		.4byte	0x6ed
 1233 0778 42000000 		.4byte	.LLST2
 1234 077c 1E       		.uleb128 0x1e
 1235 077d C0000000 		.4byte	.LASF105
 1236 0781 01       		.byte	0x1
 1237 0782 71       		.byte	0x71
 1238 0783 67060000 		.4byte	0x667
 1239 0787 63000000 		.4byte	.LLST3
 1240 078b 19       		.uleb128 0x19
 1241 078c A6000000 		.4byte	.LASF106
 1242 0790 B6070000 		.4byte	0x7b6
 1243 0794 1F       		.uleb128 0x1f
 1244 0795 16000000 		.4byte	.LVL7
 1245 0799 D7070000 		.4byte	0x7d7
 1246 079d 20       		.uleb128 0x20
 1247 079e 01       		.uleb128 0x1
 1248 079f 52       		.byte	0x52
 1249 07a0 03       		.uleb128 0x3
 1250 07a1 F3       		.byte	0xf3
 1251 07a2 01       		.uleb128 0x1
 1252 07a3 51       		.byte	0x51
 1253 07a4 00       		.byte	0
 1254 07a5 00       		.byte	0
 1255 07a6 1A       		.uleb128 0x1a
 1256 07a7 2C060000 		.4byte	0x62c
 1257 07ab B6070000 		.4byte	0x7b6
 1258 07af 1B       		.uleb128 0x1b
 1259 07b0 29040000 		.4byte	0x429
 1260 07b4 0D       		.byte	0xd
 1261 07b5 00       		.byte	0
 1262 07b6 15       		.uleb128 0x15
 1263 07b7 A6070000 		.4byte	0x7a6
 1264 07bb 21       		.uleb128 0x21
 1265 07bc EC030000 		.4byte	.LASF107
 1266 07c0 0E       		.byte	0xe
 1267 07c1 9606     		.2byte	0x696
 1268 07c3 C7070000 		.4byte	0x7c7
 1269 07c7 0F       		.uleb128 0xf
 1270 07c8 B8000000 		.4byte	0xb8
 1271 07cc 22       		.uleb128 0x22
 1272 07cd 636800   		.ascii	"ch\000"
 1273 07d0 06       		.byte	0x6
 1274 07d1 D201     		.2byte	0x1d2
 1275 07d3 DC030000 		.4byte	0x3dc
 1276 07d7 23       		.uleb128 0x23
ARM GAS  /tmp/ccN54HWL.s 			page 34


 1277 07d8 D4040000 		.4byte	.LASF112
 1278 07dc 0C       		.byte	0xc
 1279 07dd 6D01     		.2byte	0x16d
 1280 07df 0D       		.uleb128 0xd
 1281 07e0 72060000 		.4byte	0x672
 1282 07e4 0D       		.uleb128 0xd
 1283 07e5 5C060000 		.4byte	0x65c
 1284 07e9 0D       		.uleb128 0xd
 1285 07ea 67060000 		.4byte	0x667
 1286 07ee 00       		.byte	0
 1287 07ef 00       		.byte	0
 1288              		.section	.debug_abbrev,"",%progbits
 1289              	.Ldebug_abbrev0:
 1290 0000 01       		.uleb128 0x1
 1291 0001 11       		.uleb128 0x11
 1292 0002 01       		.byte	0x1
 1293 0003 25       		.uleb128 0x25
 1294 0004 0E       		.uleb128 0xe
 1295 0005 13       		.uleb128 0x13
 1296 0006 0B       		.uleb128 0xb
 1297 0007 03       		.uleb128 0x3
 1298 0008 0E       		.uleb128 0xe
 1299 0009 1B       		.uleb128 0x1b
 1300 000a 0E       		.uleb128 0xe
 1301 000b 55       		.uleb128 0x55
 1302 000c 17       		.uleb128 0x17
 1303 000d 11       		.uleb128 0x11
 1304 000e 01       		.uleb128 0x1
 1305 000f 10       		.uleb128 0x10
 1306 0010 17       		.uleb128 0x17
 1307 0011 00       		.byte	0
 1308 0012 00       		.byte	0
 1309 0013 02       		.uleb128 0x2
 1310 0014 24       		.uleb128 0x24
 1311 0015 00       		.byte	0
 1312 0016 0B       		.uleb128 0xb
 1313 0017 0B       		.uleb128 0xb
 1314 0018 3E       		.uleb128 0x3e
 1315 0019 0B       		.uleb128 0xb
 1316 001a 03       		.uleb128 0x3
 1317 001b 08       		.uleb128 0x8
 1318 001c 00       		.byte	0
 1319 001d 00       		.byte	0
 1320 001e 03       		.uleb128 0x3
 1321 001f 24       		.uleb128 0x24
 1322 0020 00       		.byte	0
 1323 0021 0B       		.uleb128 0xb
 1324 0022 0B       		.uleb128 0xb
 1325 0023 3E       		.uleb128 0x3e
 1326 0024 0B       		.uleb128 0xb
 1327 0025 03       		.uleb128 0x3
 1328 0026 0E       		.uleb128 0xe
 1329 0027 00       		.byte	0
 1330 0028 00       		.byte	0
 1331 0029 04       		.uleb128 0x4
 1332 002a 16       		.uleb128 0x16
 1333 002b 00       		.byte	0
ARM GAS  /tmp/ccN54HWL.s 			page 35


 1334 002c 03       		.uleb128 0x3
 1335 002d 0E       		.uleb128 0xe
 1336 002e 3A       		.uleb128 0x3a
 1337 002f 0B       		.uleb128 0xb
 1338 0030 3B       		.uleb128 0x3b
 1339 0031 0B       		.uleb128 0xb
 1340 0032 49       		.uleb128 0x49
 1341 0033 13       		.uleb128 0x13
 1342 0034 00       		.byte	0
 1343 0035 00       		.byte	0
 1344 0036 05       		.uleb128 0x5
 1345 0037 13       		.uleb128 0x13
 1346 0038 01       		.byte	0x1
 1347 0039 03       		.uleb128 0x3
 1348 003a 0E       		.uleb128 0xe
 1349 003b 0B       		.uleb128 0xb
 1350 003c 0B       		.uleb128 0xb
 1351 003d 3A       		.uleb128 0x3a
 1352 003e 0B       		.uleb128 0xb
 1353 003f 3B       		.uleb128 0x3b
 1354 0040 0B       		.uleb128 0xb
 1355 0041 01       		.uleb128 0x1
 1356 0042 13       		.uleb128 0x13
 1357 0043 00       		.byte	0
 1358 0044 00       		.byte	0
 1359 0045 06       		.uleb128 0x6
 1360 0046 0D       		.uleb128 0xd
 1361 0047 00       		.byte	0
 1362 0048 03       		.uleb128 0x3
 1363 0049 0E       		.uleb128 0xe
 1364 004a 3A       		.uleb128 0x3a
 1365 004b 0B       		.uleb128 0xb
 1366 004c 3B       		.uleb128 0x3b
 1367 004d 0B       		.uleb128 0xb
 1368 004e 49       		.uleb128 0x49
 1369 004f 13       		.uleb128 0x13
 1370 0050 38       		.uleb128 0x38
 1371 0051 0B       		.uleb128 0xb
 1372 0052 00       		.byte	0
 1373 0053 00       		.byte	0
 1374 0054 07       		.uleb128 0x7
 1375 0055 0D       		.uleb128 0xd
 1376 0056 00       		.byte	0
 1377 0057 03       		.uleb128 0x3
 1378 0058 08       		.uleb128 0x8
 1379 0059 3A       		.uleb128 0x3a
 1380 005a 0B       		.uleb128 0xb
 1381 005b 3B       		.uleb128 0x3b
 1382 005c 0B       		.uleb128 0xb
 1383 005d 49       		.uleb128 0x49
 1384 005e 13       		.uleb128 0x13
 1385 005f 38       		.uleb128 0x38
 1386 0060 0B       		.uleb128 0xb
 1387 0061 00       		.byte	0
 1388 0062 00       		.byte	0
 1389 0063 08       		.uleb128 0x8
 1390 0064 0D       		.uleb128 0xd
ARM GAS  /tmp/ccN54HWL.s 			page 36


 1391 0065 00       		.byte	0
 1392 0066 03       		.uleb128 0x3
 1393 0067 08       		.uleb128 0x8
 1394 0068 3A       		.uleb128 0x3a
 1395 0069 0B       		.uleb128 0xb
 1396 006a 3B       		.uleb128 0x3b
 1397 006b 05       		.uleb128 0x5
 1398 006c 49       		.uleb128 0x49
 1399 006d 13       		.uleb128 0x13
 1400 006e 38       		.uleb128 0x38
 1401 006f 0B       		.uleb128 0xb
 1402 0070 00       		.byte	0
 1403 0071 00       		.byte	0
 1404 0072 09       		.uleb128 0x9
 1405 0073 0D       		.uleb128 0xd
 1406 0074 00       		.byte	0
 1407 0075 03       		.uleb128 0x3
 1408 0076 0E       		.uleb128 0xe
 1409 0077 3A       		.uleb128 0x3a
 1410 0078 0B       		.uleb128 0xb
 1411 0079 3B       		.uleb128 0x3b
 1412 007a 05       		.uleb128 0x5
 1413 007b 49       		.uleb128 0x49
 1414 007c 13       		.uleb128 0x13
 1415 007d 38       		.uleb128 0x38
 1416 007e 0B       		.uleb128 0xb
 1417 007f 00       		.byte	0
 1418 0080 00       		.byte	0
 1419 0081 0A       		.uleb128 0xa
 1420 0082 0F       		.uleb128 0xf
 1421 0083 00       		.byte	0
 1422 0084 0B       		.uleb128 0xb
 1423 0085 0B       		.uleb128 0xb
 1424 0086 49       		.uleb128 0x49
 1425 0087 13       		.uleb128 0x13
 1426 0088 00       		.byte	0
 1427 0089 00       		.byte	0
 1428 008a 0B       		.uleb128 0xb
 1429 008b 13       		.uleb128 0x13
 1430 008c 01       		.byte	0x1
 1431 008d 03       		.uleb128 0x3
 1432 008e 0E       		.uleb128 0xe
 1433 008f 0B       		.uleb128 0xb
 1434 0090 0B       		.uleb128 0xb
 1435 0091 3A       		.uleb128 0x3a
 1436 0092 0B       		.uleb128 0xb
 1437 0093 3B       		.uleb128 0x3b
 1438 0094 05       		.uleb128 0x5
 1439 0095 01       		.uleb128 0x1
 1440 0096 13       		.uleb128 0x13
 1441 0097 00       		.byte	0
 1442 0098 00       		.byte	0
 1443 0099 0C       		.uleb128 0xc
 1444 009a 15       		.uleb128 0x15
 1445 009b 01       		.byte	0x1
 1446 009c 27       		.uleb128 0x27
 1447 009d 19       		.uleb128 0x19
ARM GAS  /tmp/ccN54HWL.s 			page 37


 1448 009e 01       		.uleb128 0x1
 1449 009f 13       		.uleb128 0x13
 1450 00a0 00       		.byte	0
 1451 00a1 00       		.byte	0
 1452 00a2 0D       		.uleb128 0xd
 1453 00a3 05       		.uleb128 0x5
 1454 00a4 00       		.byte	0
 1455 00a5 49       		.uleb128 0x49
 1456 00a6 13       		.uleb128 0x13
 1457 00a7 00       		.byte	0
 1458 00a8 00       		.byte	0
 1459 00a9 0E       		.uleb128 0xe
 1460 00aa 0F       		.uleb128 0xf
 1461 00ab 00       		.byte	0
 1462 00ac 0B       		.uleb128 0xb
 1463 00ad 0B       		.uleb128 0xb
 1464 00ae 00       		.byte	0
 1465 00af 00       		.byte	0
 1466 00b0 0F       		.uleb128 0xf
 1467 00b1 35       		.uleb128 0x35
 1468 00b2 00       		.byte	0
 1469 00b3 49       		.uleb128 0x49
 1470 00b4 13       		.uleb128 0x13
 1471 00b5 00       		.byte	0
 1472 00b6 00       		.byte	0
 1473 00b7 10       		.uleb128 0x10
 1474 00b8 13       		.uleb128 0x13
 1475 00b9 01       		.byte	0x1
 1476 00ba 0B       		.uleb128 0xb
 1477 00bb 0B       		.uleb128 0xb
 1478 00bc 3A       		.uleb128 0x3a
 1479 00bd 0B       		.uleb128 0xb
 1480 00be 3B       		.uleb128 0x3b
 1481 00bf 05       		.uleb128 0x5
 1482 00c0 01       		.uleb128 0x1
 1483 00c1 13       		.uleb128 0x13
 1484 00c2 00       		.byte	0
 1485 00c3 00       		.byte	0
 1486 00c4 11       		.uleb128 0x11
 1487 00c5 16       		.uleb128 0x16
 1488 00c6 00       		.byte	0
 1489 00c7 03       		.uleb128 0x3
 1490 00c8 0E       		.uleb128 0xe
 1491 00c9 3A       		.uleb128 0x3a
 1492 00ca 0B       		.uleb128 0xb
 1493 00cb 3B       		.uleb128 0x3b
 1494 00cc 05       		.uleb128 0x5
 1495 00cd 49       		.uleb128 0x49
 1496 00ce 13       		.uleb128 0x13
 1497 00cf 00       		.byte	0
 1498 00d0 00       		.byte	0
 1499 00d1 12       		.uleb128 0x12
 1500 00d2 17       		.uleb128 0x17
 1501 00d3 01       		.byte	0x1
 1502 00d4 0B       		.uleb128 0xb
 1503 00d5 0B       		.uleb128 0xb
 1504 00d6 3A       		.uleb128 0x3a
ARM GAS  /tmp/ccN54HWL.s 			page 38


 1505 00d7 0B       		.uleb128 0xb
 1506 00d8 3B       		.uleb128 0x3b
 1507 00d9 0B       		.uleb128 0xb
 1508 00da 01       		.uleb128 0x1
 1509 00db 13       		.uleb128 0x13
 1510 00dc 00       		.byte	0
 1511 00dd 00       		.byte	0
 1512 00de 13       		.uleb128 0x13
 1513 00df 0D       		.uleb128 0xd
 1514 00e0 00       		.byte	0
 1515 00e1 03       		.uleb128 0x3
 1516 00e2 0E       		.uleb128 0xe
 1517 00e3 3A       		.uleb128 0x3a
 1518 00e4 0B       		.uleb128 0xb
 1519 00e5 3B       		.uleb128 0x3b
 1520 00e6 0B       		.uleb128 0xb
 1521 00e7 49       		.uleb128 0x49
 1522 00e8 13       		.uleb128 0x13
 1523 00e9 00       		.byte	0
 1524 00ea 00       		.byte	0
 1525 00eb 14       		.uleb128 0x14
 1526 00ec 0D       		.uleb128 0xd
 1527 00ed 00       		.byte	0
 1528 00ee 03       		.uleb128 0x3
 1529 00ef 0E       		.uleb128 0xe
 1530 00f0 3A       		.uleb128 0x3a
 1531 00f1 0B       		.uleb128 0xb
 1532 00f2 3B       		.uleb128 0x3b
 1533 00f3 05       		.uleb128 0x5
 1534 00f4 49       		.uleb128 0x49
 1535 00f5 13       		.uleb128 0x13
 1536 00f6 00       		.byte	0
 1537 00f7 00       		.byte	0
 1538 00f8 15       		.uleb128 0x15
 1539 00f9 26       		.uleb128 0x26
 1540 00fa 00       		.byte	0
 1541 00fb 49       		.uleb128 0x49
 1542 00fc 13       		.uleb128 0x13
 1543 00fd 00       		.byte	0
 1544 00fe 00       		.byte	0
 1545 00ff 16       		.uleb128 0x16
 1546 0100 13       		.uleb128 0x13
 1547 0101 01       		.byte	0x1
 1548 0102 0B       		.uleb128 0xb
 1549 0103 0B       		.uleb128 0xb
 1550 0104 3A       		.uleb128 0x3a
 1551 0105 0B       		.uleb128 0xb
 1552 0106 3B       		.uleb128 0x3b
 1553 0107 0B       		.uleb128 0xb
 1554 0108 01       		.uleb128 0x1
 1555 0109 13       		.uleb128 0x13
 1556 010a 00       		.byte	0
 1557 010b 00       		.byte	0
 1558 010c 17       		.uleb128 0x17
 1559 010d 2E       		.uleb128 0x2e
 1560 010e 01       		.byte	0x1
 1561 010f 3F       		.uleb128 0x3f
ARM GAS  /tmp/ccN54HWL.s 			page 39


 1562 0110 19       		.uleb128 0x19
 1563 0111 03       		.uleb128 0x3
 1564 0112 0E       		.uleb128 0xe
 1565 0113 3A       		.uleb128 0x3a
 1566 0114 0B       		.uleb128 0xb
 1567 0115 3B       		.uleb128 0x3b
 1568 0116 0B       		.uleb128 0xb
 1569 0117 27       		.uleb128 0x27
 1570 0118 19       		.uleb128 0x19
 1571 0119 49       		.uleb128 0x49
 1572 011a 13       		.uleb128 0x13
 1573 011b 11       		.uleb128 0x11
 1574 011c 01       		.uleb128 0x1
 1575 011d 12       		.uleb128 0x12
 1576 011e 06       		.uleb128 0x6
 1577 011f 40       		.uleb128 0x40
 1578 0120 18       		.uleb128 0x18
 1579 0121 9742     		.uleb128 0x2117
 1580 0123 19       		.uleb128 0x19
 1581 0124 01       		.uleb128 0x1
 1582 0125 13       		.uleb128 0x13
 1583 0126 00       		.byte	0
 1584 0127 00       		.byte	0
 1585 0128 18       		.uleb128 0x18
 1586 0129 05       		.uleb128 0x5
 1587 012a 00       		.byte	0
 1588 012b 03       		.uleb128 0x3
 1589 012c 08       		.uleb128 0x8
 1590 012d 3A       		.uleb128 0x3a
 1591 012e 0B       		.uleb128 0xb
 1592 012f 3B       		.uleb128 0x3b
 1593 0130 0B       		.uleb128 0xb
 1594 0131 49       		.uleb128 0x49
 1595 0132 13       		.uleb128 0x13
 1596 0133 02       		.uleb128 0x2
 1597 0134 17       		.uleb128 0x17
 1598 0135 00       		.byte	0
 1599 0136 00       		.byte	0
 1600 0137 19       		.uleb128 0x19
 1601 0138 34       		.uleb128 0x34
 1602 0139 00       		.byte	0
 1603 013a 03       		.uleb128 0x3
 1604 013b 0E       		.uleb128 0xe
 1605 013c 49       		.uleb128 0x49
 1606 013d 13       		.uleb128 0x13
 1607 013e 34       		.uleb128 0x34
 1608 013f 19       		.uleb128 0x19
 1609 0140 00       		.byte	0
 1610 0141 00       		.byte	0
 1611 0142 1A       		.uleb128 0x1a
 1612 0143 01       		.uleb128 0x1
 1613 0144 01       		.byte	0x1
 1614 0145 49       		.uleb128 0x49
 1615 0146 13       		.uleb128 0x13
 1616 0147 01       		.uleb128 0x1
 1617 0148 13       		.uleb128 0x13
 1618 0149 00       		.byte	0
ARM GAS  /tmp/ccN54HWL.s 			page 40


 1619 014a 00       		.byte	0
 1620 014b 1B       		.uleb128 0x1b
 1621 014c 21       		.uleb128 0x21
 1622 014d 00       		.byte	0
 1623 014e 49       		.uleb128 0x49
 1624 014f 13       		.uleb128 0x13
 1625 0150 2F       		.uleb128 0x2f
 1626 0151 0B       		.uleb128 0xb
 1627 0152 00       		.byte	0
 1628 0153 00       		.byte	0
 1629 0154 1C       		.uleb128 0x1c
 1630 0155 2E       		.uleb128 0x2e
 1631 0156 01       		.byte	0x1
 1632 0157 3F       		.uleb128 0x3f
 1633 0158 19       		.uleb128 0x19
 1634 0159 03       		.uleb128 0x3
 1635 015a 0E       		.uleb128 0xe
 1636 015b 3A       		.uleb128 0x3a
 1637 015c 0B       		.uleb128 0xb
 1638 015d 3B       		.uleb128 0x3b
 1639 015e 0B       		.uleb128 0xb
 1640 015f 27       		.uleb128 0x27
 1641 0160 19       		.uleb128 0x19
 1642 0161 11       		.uleb128 0x11
 1643 0162 01       		.uleb128 0x1
 1644 0163 12       		.uleb128 0x12
 1645 0164 06       		.uleb128 0x6
 1646 0165 40       		.uleb128 0x40
 1647 0166 18       		.uleb128 0x18
 1648 0167 9742     		.uleb128 0x2117
 1649 0169 19       		.uleb128 0x19
 1650 016a 01       		.uleb128 0x1
 1651 016b 13       		.uleb128 0x13
 1652 016c 00       		.byte	0
 1653 016d 00       		.byte	0
 1654 016e 1D       		.uleb128 0x1d
 1655 016f 05       		.uleb128 0x5
 1656 0170 00       		.byte	0
 1657 0171 03       		.uleb128 0x3
 1658 0172 0E       		.uleb128 0xe
 1659 0173 3A       		.uleb128 0x3a
 1660 0174 0B       		.uleb128 0xb
 1661 0175 3B       		.uleb128 0x3b
 1662 0176 0B       		.uleb128 0xb
 1663 0177 49       		.uleb128 0x49
 1664 0178 13       		.uleb128 0x13
 1665 0179 02       		.uleb128 0x2
 1666 017a 18       		.uleb128 0x18
 1667 017b 00       		.byte	0
 1668 017c 00       		.byte	0
 1669 017d 1E       		.uleb128 0x1e
 1670 017e 05       		.uleb128 0x5
 1671 017f 00       		.byte	0
 1672 0180 03       		.uleb128 0x3
 1673 0181 0E       		.uleb128 0xe
 1674 0182 3A       		.uleb128 0x3a
 1675 0183 0B       		.uleb128 0xb
ARM GAS  /tmp/ccN54HWL.s 			page 41


 1676 0184 3B       		.uleb128 0x3b
 1677 0185 0B       		.uleb128 0xb
 1678 0186 49       		.uleb128 0x49
 1679 0187 13       		.uleb128 0x13
 1680 0188 02       		.uleb128 0x2
 1681 0189 17       		.uleb128 0x17
 1682 018a 00       		.byte	0
 1683 018b 00       		.byte	0
 1684 018c 1F       		.uleb128 0x1f
 1685 018d 898201   		.uleb128 0x4109
 1686 0190 01       		.byte	0x1
 1687 0191 11       		.uleb128 0x11
 1688 0192 01       		.uleb128 0x1
 1689 0193 9542     		.uleb128 0x2115
 1690 0195 19       		.uleb128 0x19
 1691 0196 31       		.uleb128 0x31
 1692 0197 13       		.uleb128 0x13
 1693 0198 00       		.byte	0
 1694 0199 00       		.byte	0
 1695 019a 20       		.uleb128 0x20
 1696 019b 8A8201   		.uleb128 0x410a
 1697 019e 00       		.byte	0
 1698 019f 02       		.uleb128 0x2
 1699 01a0 18       		.uleb128 0x18
 1700 01a1 9142     		.uleb128 0x2111
 1701 01a3 18       		.uleb128 0x18
 1702 01a4 00       		.byte	0
 1703 01a5 00       		.byte	0
 1704 01a6 21       		.uleb128 0x21
 1705 01a7 34       		.uleb128 0x34
 1706 01a8 00       		.byte	0
 1707 01a9 03       		.uleb128 0x3
 1708 01aa 0E       		.uleb128 0xe
 1709 01ab 3A       		.uleb128 0x3a
 1710 01ac 0B       		.uleb128 0xb
 1711 01ad 3B       		.uleb128 0x3b
 1712 01ae 05       		.uleb128 0x5
 1713 01af 49       		.uleb128 0x49
 1714 01b0 13       		.uleb128 0x13
 1715 01b1 3F       		.uleb128 0x3f
 1716 01b2 19       		.uleb128 0x19
 1717 01b3 3C       		.uleb128 0x3c
 1718 01b4 19       		.uleb128 0x19
 1719 01b5 00       		.byte	0
 1720 01b6 00       		.byte	0
 1721 01b7 22       		.uleb128 0x22
 1722 01b8 34       		.uleb128 0x34
 1723 01b9 00       		.byte	0
 1724 01ba 03       		.uleb128 0x3
 1725 01bb 08       		.uleb128 0x8
 1726 01bc 3A       		.uleb128 0x3a
 1727 01bd 0B       		.uleb128 0xb
 1728 01be 3B       		.uleb128 0x3b
 1729 01bf 05       		.uleb128 0x5
 1730 01c0 49       		.uleb128 0x49
 1731 01c1 13       		.uleb128 0x13
 1732 01c2 3F       		.uleb128 0x3f
ARM GAS  /tmp/ccN54HWL.s 			page 42


 1733 01c3 19       		.uleb128 0x19
 1734 01c4 3C       		.uleb128 0x3c
 1735 01c5 19       		.uleb128 0x19
 1736 01c6 00       		.byte	0
 1737 01c7 00       		.byte	0
 1738 01c8 23       		.uleb128 0x23
 1739 01c9 2E       		.uleb128 0x2e
 1740 01ca 01       		.byte	0x1
 1741 01cb 3F       		.uleb128 0x3f
 1742 01cc 19       		.uleb128 0x19
 1743 01cd 03       		.uleb128 0x3
 1744 01ce 0E       		.uleb128 0xe
 1745 01cf 3A       		.uleb128 0x3a
 1746 01d0 0B       		.uleb128 0xb
 1747 01d1 3B       		.uleb128 0x3b
 1748 01d2 05       		.uleb128 0x5
 1749 01d3 27       		.uleb128 0x27
 1750 01d4 19       		.uleb128 0x19
 1751 01d5 3C       		.uleb128 0x3c
 1752 01d6 19       		.uleb128 0x19
 1753 01d7 00       		.byte	0
 1754 01d8 00       		.byte	0
 1755 01d9 00       		.byte	0
 1756              		.section	.debug_loc,"",%progbits
 1757              	.Ldebug_loc0:
 1758              	.LLST0:
 1759 0000 00000000 		.4byte	.LVL0
 1760 0004 0C000000 		.4byte	.LVL1
 1761 0008 0100     		.2byte	0x1
 1762 000a 50       		.byte	0x50
 1763 000b 0C000000 		.4byte	.LVL1
 1764 000f 10000000 		.4byte	.LFE219
 1765 0013 0400     		.2byte	0x4
 1766 0015 F3       		.byte	0xf3
 1767 0016 01       		.uleb128 0x1
 1768 0017 50       		.byte	0x50
 1769 0018 9F       		.byte	0x9f
 1770 0019 00000000 		.4byte	0
 1771 001d 00000000 		.4byte	0
 1772              	.LLST1:
 1773 0021 00000000 		.4byte	.LVL2
 1774 0025 1C000000 		.4byte	.LVL3
 1775 0029 0100     		.2byte	0x1
 1776 002b 50       		.byte	0x50
 1777 002c 1C000000 		.4byte	.LVL3
 1778 0030 22000000 		.4byte	.LFE220
 1779 0034 0400     		.2byte	0x4
 1780 0036 F3       		.byte	0xf3
 1781 0037 01       		.uleb128 0x1
 1782 0038 50       		.byte	0x50
 1783 0039 9F       		.byte	0x9f
 1784 003a 00000000 		.4byte	0
 1785 003e 00000000 		.4byte	0
 1786              	.LLST2:
 1787 0042 00000000 		.4byte	.LVL4
 1788 0046 0A000000 		.4byte	.LVL5
 1789 004a 0100     		.2byte	0x1
ARM GAS  /tmp/ccN54HWL.s 			page 43


 1790 004c 50       		.byte	0x50
 1791 004d 0A000000 		.4byte	.LVL5
 1792 0051 16000000 		.4byte	.LFE221
 1793 0055 0400     		.2byte	0x4
 1794 0057 F3       		.byte	0xf3
 1795 0058 01       		.uleb128 0x1
 1796 0059 50       		.byte	0x50
 1797 005a 9F       		.byte	0x9f
 1798 005b 00000000 		.4byte	0
 1799 005f 00000000 		.4byte	0
 1800              	.LLST3:
 1801 0063 00000000 		.4byte	.LVL4
 1802 0067 0E000000 		.4byte	.LVL6
 1803 006b 0100     		.2byte	0x1
 1804 006d 51       		.byte	0x51
 1805 006e 0E000000 		.4byte	.LVL6
 1806 0072 15000000 		.4byte	.LVL7-1
 1807 0076 0100     		.2byte	0x1
 1808 0078 52       		.byte	0x52
 1809 0079 15000000 		.4byte	.LVL7-1
 1810 007d 16000000 		.4byte	.LFE221
 1811 0081 0400     		.2byte	0x4
 1812 0083 F3       		.byte	0xf3
 1813 0084 01       		.uleb128 0x1
 1814 0085 51       		.byte	0x51
 1815 0086 9F       		.byte	0x9f
 1816 0087 00000000 		.4byte	0
 1817 008b 00000000 		.4byte	0
 1818              		.section	.debug_aranges,"",%progbits
 1819 0000 2C000000 		.4byte	0x2c
 1820 0004 0200     		.2byte	0x2
 1821 0006 00000000 		.4byte	.Ldebug_info0
 1822 000a 04       		.byte	0x4
 1823 000b 00       		.byte	0
 1824 000c 0000     		.2byte	0
 1825 000e 0000     		.2byte	0
 1826 0010 00000000 		.4byte	.LFB219
 1827 0014 10000000 		.4byte	.LFE219-.LFB219
 1828 0018 00000000 		.4byte	.LFB220
 1829 001c 22000000 		.4byte	.LFE220-.LFB220
 1830 0020 00000000 		.4byte	.LFB221
 1831 0024 16000000 		.4byte	.LFE221-.LFB221
 1832 0028 00000000 		.4byte	0
 1833 002c 00000000 		.4byte	0
 1834              		.section	.debug_ranges,"",%progbits
 1835              	.Ldebug_ranges0:
 1836 0000 00000000 		.4byte	.LFB219
 1837 0004 10000000 		.4byte	.LFE219
 1838 0008 00000000 		.4byte	.LFB220
 1839 000c 22000000 		.4byte	.LFE220
 1840 0010 00000000 		.4byte	.LFB221
 1841 0014 16000000 		.4byte	.LFE221
 1842 0018 00000000 		.4byte	0
 1843 001c 00000000 		.4byte	0
 1844              		.section	.debug_line,"",%progbits
 1845              	.Ldebug_line0:
 1846 0000 52020000 		.section	.debug_str,"MS",%progbits,1
ARM GAS  /tmp/ccN54HWL.s 			page 44


 1846      02000F02 
 1846      00000201 
 1846      FB0E0D00 
 1846      01010101 
 1847              	.LASF47:
 1848 0000 63685F74 		.ascii	"ch_threads_list\000"
 1848      68726561 
 1848      64735F6C 
 1848      69737400 
 1849              	.LASF85:
 1850 0010 77746D74 		.ascii	"wtmtxp\000"
 1850      787000
 1851              	.LASF72:
 1852 0017 42535252 		.ascii	"BSRR\000"
 1852      00
 1853              	.LASF75:
 1854 001c 72656761 		.ascii	"regarm_t\000"
 1854      726D5F74 
 1854      00
 1855              	.LASF36:
 1856 0025 666C6167 		.ascii	"flags\000"
 1856      7300
 1857              	.LASF27:
 1858 002b 73797374 		.ascii	"systime_t\000"
 1858      696D655F 
 1858      7400
 1859              	.LASF42:
 1860 0035 7265616C 		.ascii	"realprio\000"
 1860      7072696F 
 1860      00
 1861              	.LASF99:
 1862 003e 494F4275 		.ascii	"IOBus\000"
 1862      7300
 1863              	.LASF40:
 1864 0044 6570656E 		.ascii	"epending\000"
 1864      64696E67 
 1864      00
 1865              	.LASF0:
 1866 004d 756E7369 		.ascii	"unsigned int\000"
 1866      676E6564 
 1866      20696E74 
 1866      00
 1867              	.LASF48:
 1868 005a 6E657874 		.ascii	"next\000"
 1868      00
 1869              	.LASF45:
 1870 005f 74687265 		.ascii	"threads_list_t\000"
 1870      6164735F 
 1870      6C697374 
 1870      5F7400
 1871              	.LASF7:
 1872 006e 5F5F696E 		.ascii	"__int32_t\000"
 1872      7433325F 
 1872      7400
 1873              	.LASF37:
 1874 0078 72656673 		.ascii	"refs\000"
 1874      00
ARM GAS  /tmp/ccN54HWL.s 			page 45


 1875              	.LASF81:
 1876 007d 77746F62 		.ascii	"wtobjp\000"
 1876      6A7000
 1877              	.LASF69:
 1878 0084 76746C69 		.ascii	"vtlist\000"
 1878      737400
 1879              	.LASF77:
 1880 008b 706F7274 		.ascii	"port_context\000"
 1880      5F636F6E 
 1880      74657874 
 1880      00
 1881              	.LASF53:
 1882 0098 63685F72 		.ascii	"ch_ready_list\000"
 1882      65616479 
 1882      5F6C6973 
 1882      7400
 1883              	.LASF106:
 1884 00a6 5F5F6675 		.ascii	"__func__.6503\000"
 1884      6E635F5F 
 1884      2E363530 
 1884      3300
 1885              	.LASF59:
 1886 00b4 66756E63 		.ascii	"func\000"
 1886      00
 1887              	.LASF86:
 1888 00b9 65776D61 		.ascii	"ewmask\000"
 1888      736B00
 1889              	.LASF105:
 1890 00c0 6D6F6465 		.ascii	"mode\000"
 1890      00
 1891              	.LASF51:
 1892 00c5 70726576 		.ascii	"prev\000"
 1892      00
 1893              	.LASF50:
 1894 00ca 63685F74 		.ascii	"ch_threads_queue\000"
 1894      68726561 
 1894      64735F71 
 1894      75657565 
 1894      00
 1895              	.LASF55:
 1896 00db 76746675 		.ascii	"vtfunc_t\000"
 1896      6E635F74 
 1896      00
 1897              	.LASF64:
 1898 00e4 63685F73 		.ascii	"ch_system_debug\000"
 1898      79737465 
 1898      6D5F6465 
 1898      62756700 
 1899              	.LASF17:
 1900 00f4 75696E74 		.ascii	"uint32_t\000"
 1900      33325F74 
 1900      00
 1901              	.LASF83:
 1902 00fd 73656E74 		.ascii	"sentmsg\000"
 1902      6D736700 
 1903              	.LASF25:
 1904 0105 6576656E 		.ascii	"eventmask_t\000"
ARM GAS  /tmp/ccN54HWL.s 			page 46


 1904      746D6173 
 1904      6B5F7400 
 1905              	.LASF87:
 1906 0111 63685F73 		.ascii	"ch_semaphore\000"
 1906      656D6170 
 1906      686F7265 
 1906      00
 1907              	.LASF23:
 1908 011e 74707269 		.ascii	"tprio_t\000"
 1908      6F5F7400 
 1909              	.LASF57:
 1910 0126 63685F76 		.ascii	"ch_virtual_timer\000"
 1910      69727475 
 1910      616C5F74 
 1910      696D6572 
 1910      00
 1911              	.LASF13:
 1912 0137 6C6F6E67 		.ascii	"long long unsigned int\000"
 1912      206C6F6E 
 1912      6720756E 
 1912      7369676E 
 1912      65642069 
 1913              	.LASF5:
 1914 014e 5F5F7569 		.ascii	"__uint16_t\000"
 1914      6E743136 
 1914      5F7400
 1915              	.LASF26:
 1916 0159 636E745F 		.ascii	"cnt_t\000"
 1916      7400
 1917              	.LASF89:
 1918 015f 6F776E65 		.ascii	"owner\000"
 1918      7200
 1919              	.LASF49:
 1920 0165 74687265 		.ascii	"threads_queue_t\000"
 1920      6164735F 
 1920      71756575 
 1920      655F7400 
 1921              	.LASF41:
 1922 0175 6D74786C 		.ascii	"mtxlist\000"
 1922      69737400 
 1923              	.LASF61:
 1924 017d 63685F76 		.ascii	"ch_virtual_timers_list\000"
 1924      69727475 
 1924      616C5F74 
 1924      696D6572 
 1924      735F6C69 
 1925              	.LASF28:
 1926 0194 74687265 		.ascii	"thread_t\000"
 1926      61645F74 
 1926      00
 1927              	.LASF79:
 1928 019d 7264796D 		.ascii	"rdymsg\000"
 1928      736700
 1929              	.LASF101:
 1930 01a4 5F5F6675 		.ascii	"__func__.6493\000"
 1930      6E635F5F 
 1930      2E363439 
ARM GAS  /tmp/ccN54HWL.s 			page 47


 1930      3300
 1931              	.LASF98:
 1932 01b2 6F666673 		.ascii	"offset\000"
 1932      657400
 1933              	.LASF92:
 1934 01b9 5F426F6F 		.ascii	"_Bool\000"
 1934      6C00
 1935              	.LASF88:
 1936 01bf 63685F6D 		.ascii	"ch_mutex\000"
 1936      75746578 
 1936      00
 1937              	.LASF12:
 1938 01c8 5F5F7569 		.ascii	"__uint64_t\000"
 1938      6E743634 
 1938      5F7400
 1939              	.LASF102:
 1940 01d3 5F5F6675 		.ascii	"__func__.6498\000"
 1940      6E635F5F 
 1940      2E363439 
 1940      3800
 1941              	.LASF95:
 1942 01e1 696F706F 		.ascii	"ioportid_t\000"
 1942      72746964 
 1942      5F7400
 1943              	.LASF96:
 1944 01ec 706F7274 		.ascii	"portid\000"
 1944      696400
 1945              	.LASF30:
 1946 01f3 7072696F 		.ascii	"prio\000"
 1946      00
 1947              	.LASF90:
 1948 01f8 63686172 		.ascii	"char\000"
 1948      00
 1949              	.LASF44:
 1950 01fd 74687265 		.ascii	"thread_reference_t\000"
 1950      61645F72 
 1950      65666572 
 1950      656E6365 
 1950      5F7400
 1951              	.LASF34:
 1952 0210 77616261 		.ascii	"wabase\000"
 1952      736500
 1953              	.LASF21:
 1954 0217 74737461 		.ascii	"tstate_t\000"
 1954      74655F74 
 1954      00
 1955              	.LASF14:
 1956 0220 75696E74 		.ascii	"uint8_t\000"
 1956      385F7400 
 1957              	.LASF39:
 1958 0228 6D736771 		.ascii	"msgqueue\000"
 1958      75657565 
 1958      00
 1959              	.LASF46:
 1960 0231 63685F74 		.ascii	"ch_thread\000"
 1960      68726561 
 1960      6400
ARM GAS  /tmp/ccN54HWL.s 			page 48


 1961              	.LASF100:
 1962 023b 62697473 		.ascii	"bits\000"
 1962      00
 1963              	.LASF104:
 1964 0240 70616C53 		.ascii	"palSetBusMode\000"
 1964      65744275 
 1964      734D6F64 
 1964      6500
 1965              	.LASF63:
 1966 024e 73797374 		.ascii	"system_debug_t\000"
 1966      656D5F64 
 1966      65627567 
 1966      5F7400
 1967              	.LASF11:
 1968 025d 6C6F6E67 		.ascii	"long long int\000"
 1968      206C6F6E 
 1968      6720696E 
 1968      7400
 1969              	.LASF24:
 1970 026b 6D73675F 		.ascii	"msg_t\000"
 1970      7400
 1971              	.LASF56:
 1972 0271 76697274 		.ascii	"virtual_timer_t\000"
 1972      75616C5F 
 1972      74696D65 
 1972      725F7400 
 1973              	.LASF93:
 1974 0281 696F706F 		.ascii	"ioportmask_t\000"
 1974      72746D61 
 1974      736B5F74 
 1974      00
 1975              	.LASF94:
 1976 028e 696F6D6F 		.ascii	"iomode_t\000"
 1976      64655F74 
 1976      00
 1977              	.LASF108:
 1978 0297 474E5520 		.ascii	"GNU C 4.8.2 -mcpu=cortex-m3 -mno-thumb-interwork -m"
 1978      4320342E 
 1978      382E3220 
 1978      2D6D6370 
 1978      753D636F 
 1979 02ca 7468756D 		.ascii	"thumb -ggdb -O2 -fomit-frame-pointer -falign-functi"
 1979      62202D67 
 1979      67646220 
 1979      2D4F3220 
 1979      2D666F6D 
 1980 02fd 6F6E733D 		.ascii	"ons=16 -ffunction-sections -fdata-sections -fno-com"
 1980      3136202D 
 1980      6666756E 
 1980      6374696F 
 1980      6E2D7365 
 1981 0330 6D6F6E20 		.ascii	"mon -flto\000"
 1981      2D666C74 
 1981      6F00
 1982              	.LASF97:
 1983 033a 6D61736B 		.ascii	"mask\000"
 1983      00
ARM GAS  /tmp/ccN54HWL.s 			page 49


 1984              	.LASF111:
 1985 033f 70616C52 		.ascii	"palReadBus\000"
 1985      65616442 
 1985      757300
 1986              	.LASF65:
 1987 034a 70616E69 		.ascii	"panic_msg\000"
 1987      635F6D73 
 1987      6700
 1988              	.LASF109:
 1989 0354 2E2E2F2E 		.ascii	"../../../os/hal/src/hal_pal.c\000"
 1989      2E2F2E2E 
 1989      2F6F732F 
 1989      68616C2F 
 1989      7372632F 
 1990              	.LASF20:
 1991 0372 746D6F64 		.ascii	"tmode_t\000"
 1991      655F7400 
 1992              	.LASF70:
 1993 037a 6D61696E 		.ascii	"mainthread\000"
 1993      74687265 
 1993      616400
 1994              	.LASF110:
 1995 0385 2F686F6D 		.ascii	"/home/jerson/ChibiOS_17.6.2/demos/STM32/RT-STM32F10"
 1995      652F6A65 
 1995      72736F6E 
 1995      2F436869 
 1995      62694F53 
 1996 03b8 302D4449 		.ascii	"0-DISCOVERY\000"
 1996      53434F56 
 1996      45525900 
 1997              	.LASF15:
 1998 03c4 75696E74 		.ascii	"uint16_t\000"
 1998      31365F74 
 1998      00
 1999              	.LASF3:
 2000 03cd 73686F72 		.ascii	"short int\000"
 2000      7420696E 
 2000      7400
 2001              	.LASF8:
 2002 03d7 6C6F6E67 		.ascii	"long int\000"
 2002      20696E74 
 2002      00
 2003              	.LASF78:
 2004 03e0 706F7274 		.ascii	"port_intctx\000"
 2004      5F696E74 
 2004      63747800 
 2005              	.LASF107:
 2006 03ec 49544D5F 		.ascii	"ITM_RxBuffer\000"
 2006      52784275 
 2006      66666572 
 2006      00
 2007              	.LASF67:
 2008 03f9 63685F73 		.ascii	"ch_system\000"
 2008      79737465 
 2008      6D00
 2009              	.LASF62:
 2010 0403 6C617374 		.ascii	"lasttime\000"
ARM GAS  /tmp/ccN54HWL.s 			page 50


 2010      74696D65 
 2010      00
 2011              	.LASF18:
 2012 040c 75696E74 		.ascii	"uint64_t\000"
 2012      36345F74 
 2012      00
 2013              	.LASF68:
 2014 0415 726C6973 		.ascii	"rlist\000"
 2014      7400
 2015              	.LASF4:
 2016 041b 5F5F7569 		.ascii	"__uint8_t\000"
 2016      6E74385F 
 2016      7400
 2017              	.LASF33:
 2018 0425 6E616D65 		.ascii	"name\000"
 2018      00
 2019              	.LASF74:
 2020 042a 4750494F 		.ascii	"GPIO_TypeDef\000"
 2020      5F547970 
 2020      65446566 
 2020      00
 2021              	.LASF71:
 2022 0437 73697A65 		.ascii	"sizetype\000"
 2022      74797065 
 2022      00
 2023              	.LASF22:
 2024 0440 74726566 		.ascii	"trefs_t\000"
 2024      735F7400 
 2025              	.LASF10:
 2026 0448 6C6F6E67 		.ascii	"long unsigned int\000"
 2026      20756E73 
 2026      69676E65 
 2026      6420696E 
 2026      7400
 2027              	.LASF52:
 2028 045a 72656164 		.ascii	"ready_list_t\000"
 2028      795F6C69 
 2028      73745F74 
 2028      00
 2029              	.LASF29:
 2030 0467 71756575 		.ascii	"queue\000"
 2030      6500
 2031              	.LASF16:
 2032 046d 696E7433 		.ascii	"int32_t\000"
 2032      325F7400 
 2033              	.LASF84:
 2034 0475 77747365 		.ascii	"wtsemp\000"
 2034      6D7000
 2035              	.LASF91:
 2036 047c 6D757465 		.ascii	"mutex_t\000"
 2036      785F7400 
 2037              	.LASF31:
 2038 0484 6E657765 		.ascii	"newer\000"
 2038      7200
 2039              	.LASF2:
 2040 048a 756E7369 		.ascii	"unsigned char\000"
 2040      676E6564 
ARM GAS  /tmp/ccN54HWL.s 			page 51


 2040      20636861 
 2040      7200
 2041              	.LASF9:
 2042 0498 5F5F7569 		.ascii	"__uint32_t\000"
 2042      6E743332 
 2042      5F7400
 2043              	.LASF38:
 2044 04a3 77616974 		.ascii	"waiting\000"
 2044      696E6700 
 2045              	.LASF60:
 2046 04ab 76697274 		.ascii	"virtual_timers_list_t\000"
 2046      75616C5F 
 2046      74696D65 
 2046      72735F6C 
 2046      6973745F 
 2047              	.LASF19:
 2048 04c1 75696E74 		.ascii	"uint_fast8_t\000"
 2048      5F666173 
 2048      74385F74 
 2048      00
 2049              	.LASF35:
 2050 04ce 73746174 		.ascii	"state\000"
 2050      6500
 2051              	.LASF112:
 2052 04d4 5F70616C 		.ascii	"_pal_lld_setgroupmode\000"
 2052      5F6C6C64 
 2052      5F736574 
 2052      67726F75 
 2052      706D6F64 
 2053              	.LASF66:
 2054 04ea 63685F73 		.ascii	"ch_system_t\000"
 2054      79737465 
 2054      6D5F7400 
 2055              	.LASF82:
 2056 04f6 77747472 		.ascii	"wttrp\000"
 2056      7000
 2057              	.LASF1:
 2058 04fc 7369676E 		.ascii	"signed char\000"
 2058      65642063 
 2058      68617200 
 2059              	.LASF58:
 2060 0508 64656C74 		.ascii	"delta\000"
 2060      6100
 2061              	.LASF6:
 2062 050e 73686F72 		.ascii	"short unsigned int\000"
 2062      7420756E 
 2062      7369676E 
 2062      65642069 
 2062      6E7400
 2063              	.LASF76:
 2064 0521 73746B61 		.ascii	"stkalign_t\000"
 2064      6C69676E 
 2064      5F7400
 2065              	.LASF54:
 2066 052c 63757272 		.ascii	"current\000"
 2066      656E7400 
 2067              	.LASF103:
ARM GAS  /tmp/ccN54HWL.s 			page 52


 2068 0534 70616C57 		.ascii	"palWriteBus\000"
 2068      72697465 
 2068      42757300 
 2069              	.LASF32:
 2070 0540 6F6C6465 		.ascii	"older\000"
 2070      7200
 2071              	.LASF80:
 2072 0546 65786974 		.ascii	"exitcode\000"
 2072      636F6465 
 2072      00
 2073              	.LASF73:
 2074 054f 4C434B52 		.ascii	"LCKR\000"
 2074      00
 2075              	.LASF43:
 2076 0554 6D706F6F 		.ascii	"mpool\000"
 2076      6C00
 2077              		.comm	__gnu_lto_v1,1,1
 2078              		.ident	"GCC: (4.8.2-14ubuntu1+6) 4.8.2"
ARM GAS  /tmp/ccN54HWL.s 			page 53


DEFINED SYMBOLS
                            *ABS*:0000000000000000 hal_pal.c
     /tmp/ccN54HWL.s:203    .text.palReadBus:0000000000000000 $t
     /tmp/ccN54HWL.s:209    .text.palReadBus:0000000000000000 palReadBus
     /tmp/ccN54HWL.s:232    .text.palWriteBus:0000000000000000 $t
     /tmp/ccN54HWL.s:238    .text.palWriteBus:0000000000000000 palWriteBus
     /tmp/ccN54HWL.s:273    .text.palSetBusMode:0000000000000000 $t
     /tmp/ccN54HWL.s:279    .text.palSetBusMode:0000000000000000 palSetBusMode
                            *COM*:0000000000000001 __gnu_lto_v1
                     .debug_frame:0000000000000010 $d

UNDEFINED SYMBOLS
_pal_lld_setgroupmode
