ARM GAS  /tmp/ccyG1Gy4.s 			page 1


   1              		.syntax unified
   2              		.cpu cortex-m3
   3              		.fpu softvfp
   4              		.eabi_attribute 20, 1
   5              		.eabi_attribute 21, 1
   6              		.eabi_attribute 23, 3
   7              		.eabi_attribute 24, 1
   8              		.eabi_attribute 25, 1
   9              		.eabi_attribute 26, 1
  10              		.eabi_attribute 30, 2
  11              		.eabi_attribute 34, 1
  12              		.eabi_attribute 18, 4
  13              		.thumb
  14              		.file	"hal_lld.c"
  15              		.text
  16              	.Ltext0:
  17              		.section	.gnu.lto_.jmpfuncs.4e7463311ce1ca7b,"",%progbits
  18 0000 789C6362 		.ascii	"x\234cb`b\300\006\330\2404P\226\221\201\001\000\001"
  18      6062C006 
  18      D8A03450 
  18      96918101 
  18      0001
  19 0012 1D000E   		.ascii	"\035\000\016"
  20              		.text
  21              		.section	.gnu.lto_.inline.4e7463311ce1ca7b,"",%progbits
  22 0000 789C6362 		.ascii	"x\234cb`b\300\006\264\2414PVH\220\221\201In\303+F\006"
  22      6062C006 
  22      B4A13450 
  22      56489091 
  22      81496EC3 
  23 0017 B605F260 		.ascii	"\266\005\362`\325\214\014:_\031\201\202A+n\310\302\005"
  23      D58C0C3A 
  23      5F198182 
  23      412B6EC8 
  23      C205
  24 0029 190094D5 		.ascii	"\031\000\224\325\006\264"
  24      06B4
  25              		.text
  26              		.section	.gnu.lto_.pureconst.4e7463311ce1ca7b,"",%progbits
  27 0000 789C6362 		.ascii	"x\234cb`b`e\200\000&\006)F)\000\001\006\000A"
  27      60626065 
  27      80002606 
  27      29462900 
  27      01060041 
  28              		.text
  29              		.section	.gnu.lto_hal_lld_init.4e7463311ce1ca7b,"",%progbits
  30 0000 789CAD93 		.ascii	"x\234\255\223\277K\303P\020\307\357^\032m\265\322\342"
  30      BF4BC350 
  30      10C7EF5E 
  30      1A6DB5D2 
  30      E2
  31 0011 D64D0427 		.ascii	"\326M\004'\241\365\307\242\203\342$88YA'\251\025\264"
  31      A1F5C7A2 
  31      83E22438 
  31      38594127 
  31      A915B4
  32 0024 50A8A848 		.ascii	"P\250\250H\235\372b;\024q\010\342\242.JQ\301EG\253\213"
ARM GAS  /tmp/ccyG1Gy4.s 			page 2


  32      9DFA623B 
  32      147108E2 
  32      A22E4A51 
  32      C14547AB 
  33 0039 388A0A5D 		.ascii	"8\212\012]\025\244\202\242\177\202\223\361.\257\251"
  33      15A482A2 
  33      7F8293F1 
  33      2EAFA9
  34 0048 D80EB6D6 		.ascii	"\330\016\266\326#\271{\371q\337\373|\037\211\000\001"
  34      23B97BF9 
  34      71DFFB7C 
  34      1F890001 
  35 0058 9511A073 		.ascii	"\225\021\240s\315\0050L\0255@a\336\003\030n\201\310"
  35      CD05304C 
  35      15354061 
  35      DE03186E 
  35      81C8
  36 006a 0B404809 		.ascii	"\013@H\011LM#\277*:\341@\312\255\342kn'\260\261\277"
  36      4C4D23BF 
  36      2A3AE140 
  36      CAADE26B 
  36      6E27B0B1 
  37 007f 6ECA4FCB 		.ascii	"n\312O\313\302\030\222h?B\024a\212.\260\303.\302\365"
  37      C2189268 
  37      3F421461 
  37      8A2EB0C3 
  37      2EC2F5
  38 0092 738AEABC 		.ascii	"s\212\352\274:\273\331l1\215\254\264\254\224\3357\370"
  38      3ABBD96C 
  38      318DACB4 
  38      AC94DD37 
  38      F8
  39 00a3 5BDFA9B8 		.ascii	"[\337\251\270*Z\326m\341\3459\217\355\355\002\"x\200"
  39      2A5AD66D 
  39      E1E5398F 
  39      EDED0222 
  39      7880
  40 00b5 9DA053CD 		.ascii	"\235\240S\315Qu\003\251x8\265r\362r\362q\362s\242\320"
  40      517503A9 
  40      7838B572 
  40      F272F271 
  40      F273A2D0 
  41 00c9 2123A5D9 		.ascii	"!#\245\331\001<\205\"L\231]M\242\340\252\335\301\365"
  41      013C8522 
  41      4C995D4D 
  41      A2E0AADD 
  41      C1F5
  42 00db C3472E10 		.ascii	"\303G.\020\301C\324a\036E7\234\310\214\341\217\241\266"
  42      C143D461 
  42      1E45379C 
  42      C88CE18F 
  42      A1B6
  43 00ed 07BB44E3 		.ascii	"\007\273D\343b$]\356g\245\313\246\323m\246Yt\350\250"
  43      62245DEE 
  43      67A5CBA6 
  43      D36DA659 
  43      74E8A8
ARM GAS  /tmp/ccyG1Gy4.s 			page 3


  44 0100 7F4035D7 		.ascii	"\177@5\327\327\311w\300\242\360U\213`\035\032Z\011\342"
  44      D7C977C0 
  44      A2F0558B 
  44      601D1A5A 
  44      09E2
  45 0112 217B848E 		.ascii	"!{\204\216\011\275V\024\374\263\011\374\007\023Xm\342"
  45      09BD5614 
  45      FCB309FC 
  45      0713586D 
  45      E2
  46 0123 FDDB84BB 		.ascii	"\375\333\204\273V\024Q6\221\316kN\267\207\004l:I\201"
  46      56145136 
  46      91CE6B4E 
  46      B787046C 
  46      3A4981
  47 0136 4A7DAC3E 		.ascii	"J}\254>\213J\227\244J\373{\\Fkm\010\315K\002\016\332"
  47      8B4A97A4 
  47      4AFB7B5C 
  47      466B6D08 
  47      CD4B020E 
  48 014b 4843645E 		.ascii	"HCd^Ev\376\324V\376\310\325BZ\333C\000J4\252\366y\036"
  48      4576FED4 
  48      56FEC8D5 
  48      425ADB43 
  48      004A34AA 
  49 0162 7D3FE40D 		.ascii	"}?\344\015S\322\252\211e\233e\321(Mh.M\320\270\373R"
  49      53D2AA89 
  49      659B65D1 
  49      284D682E 
  49      4DD0B8FB 
  50 0177 0D64F8F4 		.ascii	"\015d\370\364\333#\271\277\260\371\375$\245\370E\231"
  50      DB23B9BF 
  50      B0F9FD24 
  50      A5F84599 
  51 0187 FEA292BE 		.ascii	"\376\242\222\276Vy\222\003(\200Q\314w)\\'\302\204M\377"
  51      56799203 
  51      288051CC 
  51      77295C27 
  51      C2844DFF 
  52 019b 278FE809 		.ascii	"'\217\350\011\006C\352H,\207\026\"\361\320bbie94\021"
  52      0643EA48 
  52      2C871622 
  52      F1D06262 
  52      69653934 
  53 01b0 1EEFEF53 		.ascii	"\036\357\357Sy\2647\231\344'3\361\370\\0\012\372j\""
  53      79B43799 
  53      E42733F1 
  53      F85C300A 
  53      FA6A22
  54 01c3 1EECB173 		.ascii	"\036\354\261s\357\027\365e\016\311"
  54      EF17F565 
  54      0EC9
  55              		.text
  56              		.section	.gnu.lto_stm32_clock_init.4e7463311ce1ca7b,"",%progbits
  57 0000 789CA554 		.ascii	"x\234\245T\301k\323P\034\376\375^\232&m\2234\331\\Y"
  57      C16BD350 
  57      1CFEFD5E 
ARM GAS  /tmp/ccyG1Gy4.s 			page 4


  57      9A266D93 
  57      34D95C59 
  58 0014 61631504 		.ascii	"ac\025\004\017\302\352\266\277\240\027\301\203'W\320"
  58      0FC2EAB6 
  58      BFA017C1 
  58      832757D0 
  59 0024 93CC09B3 		.ascii	"\223\314\011\263P\2308\017\273-e=x\360\260cQ\020\275"
  59      5098380F 
  59      BB2D653D 
  59      78F0B063 
  59      5110BD
  60 0037 8A28ECE0 		.ascii	"\212(\354\340\352\206l\014AA&x\253=\355\2649\024d;\271"
  60      EA866C0C 
  60      41412678 
  60      AB3DEDB4 
  60      3914643B 
  61 004c D37CBFF7 		.ascii	"\323|\277\367\222\227\316U\2665\241\375\222\374\276"
  61      9297CE55 
  61      B635A1FD 
  61      92FCBE
  62 005b F7BEFCDE 		.ascii	"\367\276\374\336\367\275\204\001\203\177\217\317\374"
  62      F7BD8401 
  62      837F8FCF 
  62      FC
  63 0068 7FC90418 		.ascii	"\177\311\004\030\347g\354\003dK_\001j&CM^h\314{\362"
  63      E767EC03 
  63      644B5F01 
  63      6A26434D 
  63      5E68CC7B 
  64 007d 09C04F27 		.ascii	"\011\300O'\352\006\370\226'\353\245\004\352\222\327"
  64      EA06F896 
  64      27EBA504 
  64      EA92D7
  65 008c 992BF9A4 		.ascii	"\231+\371\244\340]Y/%\321\220\274\301\262\2227\005\237"
  65      E05D592F 
  65      25D190BC 
  65      C1B29237 
  65      059F
  66 009e 95F59289 		.ascii	"\225\365\222\211)\311\247\230#\371\264\340\035Y/\245"
  66      29C9A798 
  66      23F9B4E0 
  66      1D592FA5 
  67 00ae 3123F90C 		.ascii	"1#\371\014\263%o\011\336\226\365\222\205Hg@X`\232\227"
  67      B3256F09 
  67      DE96F592 
  67      85486740 
  67      58609A97 
  68 00c2 D0DDA491 		.ascii	"\320\335\244\2215SN:c[\270p\033\305\322\336\262\215"
  68      35534E3A 
  68      635BB870 
  68      1BC5D2DE 
  68      B28D
  69 00d4 EDA3A337 		.ascii	"\355\243\2437\313_\236\277\306\017\354\"\203\012\202"
  69      CB5F9EBF 
  69      C60FEC22 
  69      830A82
  70 00e3 46A01324 		.ascii	"F\240\023$\011\014\002\223 C`\021\330\004\016\201K\340"
ARM GAS  /tmp/ccyG1Gy4.s 			page 5


  70      090C0293 
  70      20436011 
  70      D8040E81 
  70      4BE0
  71 00f5 11F411F4 		.ascii	"\021\364\021\364\023\014\020\344\010\006\011\362\004"
  71      130C10E4 
  71      080609F2 
  71      04
  72 0102 4304C304 		.ascii	"C\004\303\004#\004\005\002~\350P\367\375\245\002\300"
  72      23040502 
  72      7EE850F7 
  72      FDA502C0 
  73 0112 B4B89DE4 		.ascii	"\264\270\235\344\310\327PF\306O\332\026l\266[+\337q"
  73      C8D75046 
  73      C64FDA16 
  73      6CB65B2B 
  73      DF71
  74 0124 0A5FA20E 		.ascii	"\012_\242\0163\310\256\300+\277^s+\210\317\340)V\220"
  74      33C8AEC0 
  74      2BBF5E73 
  74      2B88CFE0 
  74      295690
  75 0137 DDE2A0F9 		.ascii	"\335\342\240\371/\036\373\011\020\227bMw1\014n\013\026"
  75      2F1EFB09 
  75      1097624D 
  75      77310C6E 
  75      0B16
  76 0149 DF6BE16C 		.ascii	"\337k\341lmF\216\007\024\314\346uI\234Os&\270\347-j"
  76      6D468E07 
  76      14CCE675 
  76      499C4F73 
  76      26B8E72D 
  77 015e C0DD153D 		.ascii	"\300\335\025=\376Y9T=\352B\017\317\323\342\332\342\262"
  77      FE593954 
  77      3DEA420F 
  77      CFD3E2DA 
  77      E2B2
  78 0170 9A9EE40A 		.ascii	"\232\236\344\012\242I&\366\335\307\335\332\204\242D"
  78      A24926F6 
  78      DDC7DDDA 
  78      84A244
  79 017f BDF39844 		.ascii	"\275\363\230D\017x\360X\306DhWs5\262\313\350\301\256"
  79      0F78F058 
  79      C6446857 
  79      7335B2CB 
  79      E8C1AE
  80 0192 356597C9 		.ascii	"5e\227\311\005\304\023\017\343\371e\212\311\315\326"
  80      05C4130F 
  80      E3F9658A 
  80      C9CDD6
  81 01a1 EA1E760A 		.ascii	"\352\036v\012\370\366\251\012R\202*\252\3032\237\257"
  81      F8F6A90A 
  81      52822AAA 
  81      C3329FAF 
  82 01b1 5C5FDD57 		.ascii	"\\_\335WK\315\234\321u\354X\351\342;5\335\342\012b\255"
  82      4BCD9CD1 
  82      75EC58E9 
ARM GAS  /tmp/ccyG1Gy4.s 			page 6


  82      E23B35DD 
  82      E20A62AD 
  83 01c5 9670BDFE 		.ascii	"\226p\275\376+r\335\352\342\272\033\270\236\014]o\254"
  83      2B72DDEA 
  83      E2BA1BB8 
  83      9E0C5D6F 
  83      AC
  84 01d6 47AEDBB1 		.ascii	"G\256\333\2616\251\303\005\304\023}>:\216\355Nh\230"
  84      36A9C305 
  84      C4137D3E 
  84      3A8EED4E 
  84      6898
  85 01e8 A10C6BAE 		.ascii	"\241\014k\256G\333\324\215\267M=\256\020\264i\236\330"
  85      47DBD48D 
  85      B74D3DAE 
  85      10B4699E 
  85      D8
  86 01f9 A85E17CB 		.ascii	"\250^\027\313\262\201e\246z\257w\366\224Z\337Y\027\327"
  86      B28165A6 
  86      7AAF77F6 
  86      945ADF59 
  86      17D7
  87 020b 115F6459 		.ascii	"\021_dY?\027\010z\271\320\223e\030X\326/&\267\177\354"
  87      3F17087A 
  87      B9D09365 
  87      1858D62F 
  87      26B77FEC 
  88 021f A8C60662 		.ascii	"\250\306\006be\231\343\002Ac\302\245\336\303\314\205"
  88      6599E302 
  88      4163C2A5 
  88      DEC3CC85 
  89 022f 61A65498 		.ascii	"a\246T\230\215\335(\314\301xa\346\271B\330\247{\"\315"
  89      8DDD28CC 
  89      C17861E6 
  89      B942D8A7 
  89      7B22CD
  90 0242 7C97349D 		.ascii	"|\2274\235 \315t\220f\263\3653\316\333\255\202k6~\357"
  90      20CD7490 
  90      66B3F533 
  90      CEDBAD82 
  90      6B367EEF 
  91 0256 1FD71953 		.ascii	"\037\327\031S:\011\032\252\373\033\241\216\036\350\260"
  91      3A091AAA 
  91      FB1BA18E 
  91      1EE8B0
  92 0265 48C7952A 		.ascii	"H\307\225*\355\346A\264\267\206b\355\255a.\240>\307"
  92      EDE641B4 
  92      B78662ED 
  92      AD612EA0 
  92      3EC7
  93 0277 BDEFACE1 		.ascii	"\275\357\254\3410\277\214\312\257u\020}\275F\342}\275"
  93      30BF8CCA 
  93      AF75107D 
  93      BD46E27D 
  93      BD
  94 0288 0A5CE13F 		.ascii	"\012\\\341?_\257\202\250\233\307\302\263\203\360,\012"
  94      5FAF82A8 
ARM GAS  /tmp/ccyG1Gy4.s 			page 7


  94      9BC7C2B3 
  94      83F02C0A 
  95 0298 EF1BD4B6 		.ascii	"\357\033\324\266\333\227\345\360h\010r\212V|ut\264("
  95      DB97E5F0 
  95      6808728A 
  95      567C7574 
  95      B428
  96 02aa 7FB373C5 		.ascii	"\177\263s\305\373S\325\342\203\331\207\217\346\2127"
  96      FB53D5E2 
  96      83D9878F 
  96      E68A37
  97 02b9 276F4C8C 		.ascii	"'oL\214K\27466?O\314\235j\365\336\3504\374\005)v\337"
  97      4BBC3636 
  97      3F4FCC9D 
  97      6AF5DEE8 
  97      34FC0529 
  98 02cf 93       		.ascii	"\223"
  99              		.text
 100              		.section	.gnu.lto_.symbol_nodes.4e7463311ce1ca7b,"",%progbits
 101 0000 789C6362 		.ascii	"x\234cb`bPg\200\002\246\273\214\365\014\014\023\316"
 101      60625067 
 101      8002A6BB 
 101      8CF50C0C 
 101      13CE
 102 0012 3130D4D7 		.ascii	"10\324\327\317\353`d\272\307X\317\210\340\262\336fd"
 102      CFEB6064 
 102      BAC758CF 
 102      88E0B2DE 
 102      6664
 103 0024 6005CA03 		.ascii	"`\005\312\003\000\361\225\013W"
 103      00F1950B 
 103      57
 104              		.text
 105              		.section	.gnu.lto_.refs.4e7463311ce1ca7b,"",%progbits
 106 0000 789C6362 		.ascii	"x\234cb`b`d\200\002\000\000F\000\006"
 106      60626064 
 106      80020000 
 106      460006
 107              		.text
 108              		.section	.gnu.lto_.decls.4e7463311ce1ca7b,"",%progbits
 109 0000 789C9D96 		.ascii	"x\234\235\226ml\024E\030\307g\366j{g\217\226\220@\324"
 109      6D6C1445 
 109      18C767F6 
 109      6A7B678F 
 109      969040D4 
 110 0014 447B1031 		.ascii	"D{\0201\206\304\333\276D\243_\220\366\372F\024h\366"
 110      86C4DBBE 
 110      44A35F90 
 110      F6FA4614 
 110      68F6
 111 0026 8AE0A7CB 		.ascii	"\212\340\247\313\366\356\232^\270\227\246\267\325\362"
 111      F6EE9A5E 
 111      B897A6B7 
 111      D5F2
 112 0034 6D2C8AC6 		.ascii	"m,\212\306\017\2446\025\033T\274Z\254\274\204\200%\261"
 112      0FA43615 
 112      1B54BC5A 
ARM GAS  /tmp/ccyG1Gy4.s 			page 8


 112      ACBC8480 
 112      25B1
 113 0046 A5413C1A 		.ascii	"\245A<\032i\0320M\233\326R\332\232^c\214A\011\001\022"
 113      691A304D 
 113      9BD652DA 
 113      9A5E638C 
 113      41090112 
 114 005a 3FF882E7 		.ascii	"?\370\202\347\263\263\273\355\354q\267\335er\317\263"
 114      B3B3BBED 
 114      EC71B7DD 
 114      6572CFB3 
 115 006a 73BB33BF 		.ascii	"s\2733\277\371\317\3333\303!\016M\"\204\322\220\216"
 115      F9CFDB33 
 115      C3210E4D 
 115      2284D290 
 115      8E
 116 007b AD436802 		.ascii	"\255Ch\002#d\203\377\333\321j\342\300\372\300\006\300"
 116      236483FF 
 116      DBD16AE2 
 116      C0FAC006 
 116      C0
 117 008c E0333A85 		.ascii	"\3403:\205\364I\376f\007+\000+\002s\202\015\202]\000"
 117      F449FE66 
 117      072B002B 
 117      0273820D 
 117      825D00
 118 009f 93D95360 		.ascii	"\223\331S`s`y`I\260\313`c`\263\014\373&z8\311\355\345"
 118      73607960 
 118      49B0CB60 
 118      6360B30C 
 118      FB267A38 
 119 00b6 AB5C96B7 		.ascii	"\253\\\226\267\010v\037):\207\301F\300\226Um\003Y8%"
 119      08761F29 
 119      3A87C146 
 119      C096556D 
 119      03593825 
 120 00ca E83849A4 		.ascii	"\3508I\244R\357\365\177\363$It&\323\351W\321&\3641\201"
 120      52EFF57F 
 120      F3244974 
 120      26D3E957 
 120      D126F431 
 121 00df 94384C08 		.ascii	"\2248L\010\226D\274}#\332\217E\\\344@.\232q:\250X\204"
 121      9644BC7D 
 121      23DA8F45 
 121      5CE4402E 
 121      9A713AA8 
 122 00f5 44FC25DE 		.ascii	"D\374%\336\244\346\366\332\264\341\250\300h\033:\005"
 122      A4E6F6DA 
 122      B4E1A8C0 
 122      681B3A05 
 123 0105 F5BB08E9 		.ascii	"\365\273\010\351\334\202\2634\211\320s\350+\271\005"
 123      DC82B334 
 123      89D073E8 
 123      2BB905
 124 0114 7292D828 		.ascii	"r\222\330(_&\364\341\022\266\210\210\3731\367\260\320"
 124      5F26F4E1 
 124      12B68888 
ARM GAS  /tmp/ccyG1Gy4.s 			page 9


 124      FB31F7B0 
 124      D0
 125 0125 E4E07567 		.ascii	"\344\340ug\327;\251t\272Di\235Cu\030\312\236\300\333"
 125      D73BA974 
 125      BA44699D 
 125      437518CA 
 125      9EC0DB
 126 0138 0CE10399 		.ascii	"\014\341\003\231\360\257\365\360-\250\217$F\223_\334"
 126      F0AFF5F0 
 126      2DA88F24 
 126      46935FDC 
 127 0148 1AC7A49B 		.ascii	"\032\307\244\233\220\273\351t\261\003}\000\035\220G"
 127      90BBE974 
 127      B1037D00 
 127      1D9047
 128 0157 A17E1C26 		.ascii	"\241~\034&.\333\020lE'\240\233\251{\207\257^\301\235"
 128      2EDB106C 
 128      4527A09B 
 128      A97B87AF 
 128      5EC19D
 129 016a 3058223E 		.ascii	"0X\">\215\035 \351-\275$\363\244\364\373\227^!\304."
 129      8D1D20E9 
 129      2DBD24F3 
 129      A4F4FB97 
 129      5E21C42E 
 130 017e E2B39473 		.ascii	"\342\263\224s\026\353A\".p\350\273\001\377\265\0022"
 130      16EB4122 
 130      2E70E8BB 
 130      01FFB502 
 130      32
 131 018f 8D7E5633 		.ascii	"\215~V3\362\242-FV\213shx\245\321\\\263~\036\306\356"
 131      F2A22D46 
 131      568B7368 
 131      78A5D15C 
 131      B37E1EC6 
 132 01a4 19348E3F 		.ascii	"\0314\216?'v\372f\277\332qr{\270P\355\355!\303\336\212"
 132      2776FA66 
 132      BFDA7172 
 132      7BB850ED 
 132      ED21C3DE 
 133 01b9 F80CDE6A 		.ascii	"\370\014\336jJ\316\006\364\221<\225.\206Dl\032\252t"
 133      4ACE06F4 
 133      913C952E 
 133      86446C1A 
 133      AA74
 134 01cb 75E01E4C 		.ascii	"u\340\036L\334y\211\016\334\005\274\001\372\360\011"
 134      DC79890E 
 134      DC05BC01 
 134      FAF009
 135 01da A71FB835 		.ascii	"\247\037\27051\262\246o\241\252R\211BI\362\237y'\311"
 135      31B2A66F 
 135      A1AA5289 
 135      4249F29F 
 135      7927C9
 136 01ed 53DEA38C 		.ascii	"S\336\243\2145\306\244\315(A\336=\224L\317\367\300\006"
 136      35C6A4CD 
 136      2841DE3D 
ARM GAS  /tmp/ccyG1Gy4.s 			page 10


 136      944CCFF7 
 136      C006
 137 01ff 1A05E420 		.ascii	"\032\005\344 \235\273~*A\256\233m\004\324,Z\031\277"
 137      9DBB7E2A 
 137      41AE9B6D 
 137      04D42C5A 
 137      19BF
 138 0211 224706AF 		.ascii	"\"G\006\257k\301\331%j\260\001\3130\227\016\326\315"
 138      6BC1D925 
 138      6AB001CB 
 138      30970ED6 
 138      CD
 139 0222 C2CE9881 		.ascii	"\302\316\230\201\331s+\353aa\347,\303\364\312\216\262"
 139      D9732BEB 
 139      6161E72C 
 139      C3F4CA8E 
 139      B2
 140 0233 B06133B0 		.ascii	"\260a3\260\365\271\225\365\262\260+\226aze\307X\330"
 140      F5B995F5 
 140      B2B02B96 
 140      617A65C7 
 140      58D8
 141 0245 B819D813 		.ascii	"\270\031\330\023\271\225}\306\302&-\303\364\312\216"
 141      B9957DC6 
 141      C2262DC3 
 141      F4CA8E
 142 0254 B3B03933 		.ascii	"\263\260930Wne\347Y\330\317\226a\2142\322\231\034\372"
 142      30576E65 
 142      E759D8CF 
 142      96618C32 
 142      D2991CFA 
 143 0268 F488BA09 		.ascii	"\364\210\272\011\224@\270l\206\367|nq\027\027\364\233"
 143      9440B86C 
 143      86F77C6E 
 143      711717F4 
 143      9B
 144 0279 EA0FCB3C 		.ascii	"\352\017\313<\027\312\231\330\035/\342!\032\221\206"
 144      17CA99D8 
 144      1D2FE221 
 144      1A9186
 145 0288 F166F023 		.ascii	"\361f\360#\324_\242\3762\365I\352G\251\377\201\3721"
 145      D45FA2FE 
 145      32F549EA 
 145      47A9FF81 
 145      FA31
 146 029a EAC7A9BF 		.ascii	"\352\307\251\277F\375\217\324O\200_I\205\350\303\325"
 146      46FD8FD4 
 146      4F805F49 
 146      85E8C3D5 
 147 02aa C8AF04A7 		.ascii	"\310\257\004\247\\Au\022\027j\265\324h\225\330\301\204"
 147      5C417512 
 147      176AB5D4 
 147      6895D8C1 
 147      84
 148 02bb AB1DEC5E 		.ascii	"\253\035\354^R\202^ri\036\273D<E#\336\275\354\021/7"
 148      52825E72 
 148      691EBB44 
ARM GAS  /tmp/ccyG1Gy4.s 			page 11


 148      3C4523DE 
 148      BDEC112F 
 149 02d0 436E7326 		.ascii	"Cns&3\342\335P\"\336\214\251\210\267\240\213x\"\276"
 149      33E2DD50 
 149      22DE8CA9 
 149      88B7A08B 
 149      7822BE
 150 02e3 08C78252 		.ascii	"\010\307\202R\367\321\"\336\342\374\312J\024\361u\313"
 150      F7D122DE 
 150      E2FCCA4A 
 150      14F175CB 
 151 02f3 30C3999E 		.ascii	"0\303\231\236af\372':\323\263t\266n\030\314\326\224"
 151      6166FA27 
 151      3AD3B374 
 151      B66E18CC 
 151      D694
 152 0305 C16CCDAD 		.ascii	"\301l\315\255\316\226|/I\336M]]8\242^\240\276'\030i"
 152      CE967C2F 
 152      49DE4D5D 
 152      5D38A25E 
 152      A0BE2718 
 153 031a 9793079C 		.ascii	"\227\223\007\234\231\333\311\315\314\333\311\274\376"
 153      99DBC9CD 
 153      CCDBC9BC 
 153      FE
 154 0327 7692E5F8 		.ascii	"v\222\345\370Jp\232\244g\021s\012\216\275HO\301E\272"
 154      4A709AA4 
 154      6711730A 
 154      8EBD484F 
 154      C145BA
 155 033a 267A6D6B 		.ascii	"&zmk\236\202z\214\334\364R\346\232\370s\232\256\211"
 155      9E827A8C 
 155      DCF452E6 
 155      9AF8739A 
 155      AE89
 156 034c 25536BE2 		.ascii	"%Sk\342\257i\375\206\035\240\022\226\036yM\374=\315"
 156      AF69FD86 
 156      1DA01296 
 156      1E794DFC 
 156      3DCD
 157 035e 44A7D396 		.ascii	"D\247\323\226a.\035\354_\026v\316\014\314\340\024\374"
 157      612E1DEC 
 157      5F1676CE 
 157      0CCCE014 
 157      FC
 158 036f 8F850D59 		.ascii	"\217\205\015Y\206\351\225u\3152K_\331Gk\300\014N\301"
 158      86E99575 
 158      CD324B5F 
 158      D9476BC0 
 158      0C4EC1
 159 0382 EE5946D9 		.ascii	"\356YF\331\210\031e\006\247`\017\013\373\316\014\314"
 159      88196506 
 159      A7600F0B 
 159      FBCE0CCC 
 160 0392 E0143CCA 		.ascii	"\340\024<\312\302\306,\303\364\312zY\330530W\026e\331"
 160      C2C62CC3 
 160      F4CA7A59 
ARM GAS  /tmp/ccyG1Gy4.s 			page 12


 160      D8353330 
 160      571665D9 
 161 03a6 12BB0944 		.ascii	"\022\273\011D\234\242\341b\231\206\213_\250\377\225"
 161      9CA2E162 
 161      99868B5F 
 161      A8FF95
 162 03b5 FADFA8BF 		.ascii	"\372\337\250\277E\375\357\324\337\246\376\016\365w\015"
 162      45FDEFD4 
 162      DFA6FE0E 
 162      F5770D
 163 03c4 02CBA241 		.ascii	"\002\313\242A`\271\277\032XP\251\333\315+\277X\234o"
 163      60B9BF1A 
 163      5850A9DB 
 163      CD2BBF58 
 163      9C6F
 164 03d6 11C37C6B 		.ascii	"\021\303|k\254M\212\363\336\306]\025\345\212\257-\353"
 164      AC4D8AF3 
 164      DEC65D15 
 164      E58AAF2D 
 164      EB
 165 03e7 E890BFF8 		.ascii	"\350\220\277\370\302\341\200\333\217\234j\326\027\212"
 165      C2E180DB 
 165      8F9C6AD6 
 165      178A
 166 03f5 86A4FCBA 		.ascii	"\206\244\374\272\335{]\036\264>.E*\312}\376p\314\177"
 166      DD7B5D1E 
 166      B43E2E45 
 166      2ACA7DFE 
 166      70CC7F
 167 0408 80BE7F9A 		.ascii	"\200\276\177\232o\217\267\361\241\250?\334\036\010\362"
 167      6F8FB7F1 
 167      A1A83FDC 
 167      1E08F2
 168 0417 D1E0DBE1 		.ascii	"\321\340\333\341P\023\037\227\002\241\250\344nA\366"
 168      50131F97 
 168      02A1A8E4 
 168      6E41F6
 169 0426 76784279 		.ascii	"vxBy\351\205l\305\"\242\277%\024\015\362\276@\260Yl"
 169      E9856CC5 
 169      22A2BF25 
 169      140DF2BE 
 169      40B0596C 
 170 043a 0F4B3EE9 		.ascii	"\017K>\351`k0\016\325\036\367\371\264\212\305\336\203"
 170      606B300E 
 170      D51EF7F9 
 170      B48AC5DE 
 170      83
 171 044b 712918F1 		.ascii	"q)\030\361\304\332\202\036\271\321\215\356\200(\211"
 171      C4DA821E 
 171      B9D18DEE 
 171      802889
 172 045a EE8CB72F 		.ascii	"\356\214\267/\263}\363\307\"\221X\224\017vH\274g\227"
 172      B37DF3C7 
 172      22915894 
 172      0F7648BC 
 172      6797
 173 046c 77A7173A 		.ascii	"w\247\027:\307\364\217v\240\271\254\264\264\243\011"
ARM GAS  /tmp/ccyG1Gy4.s 			page 13


 173      C7F48F76 
 173      A0B9ACB4 
 173      B4A309
 174 047b 5A2A143C 		.ascii	"Z*\024<\036_#4[\035l\346<B\236\247\266N\260yv\012\366"
 174      1E5F2334 
 174      5B1D6CE6 
 174      3C429EA7 
 174      B64EB079 
 175 0492 CA86AA72 		.ascii	"\312\206\252r\301\333H3er&\277\262\276\252f\267P \177"
 175      C1DB4833 
 175      657226BF 
 175      B2BEAA66 
 175      B750207F 
 176 04a6 509F65F0 		.ascii	"P\237e\360\314\253\252\366@\015\257\340\020j\2745\302"
 176      CCABAAF6 
 176      400DAFE0 
 176      106ABC35 
 176      C2
 177 04b7 1B35D5A5 		.ascii	"\0335\325\245\217\311\220\362\302\206}\202F~J\033\311"
 177      8FC990F2 
 177      C2867D82 
 177      467E4A1B 
 177      C9
 178 04c8 26D17FA0 		.ascii	"&\321\177\240\275\325\027\210E\304P\224\216\337\272"
 178      BDD51788 
 178      45C45094 
 178      8EDFBA
 179 04d7 DAD72BBD 		.ascii	"\332\327+\275\365ZA[%hx\255\346M\241`OC\243\374\344"
 179      F55A415B 
 179      256878AD 
 179      E64DA160 
 179      4F43A3FC 
 180 04ec BC025729 		.ascii	"\274\002W)\3305\266mO\225\220\267Oh\020\376\007+D\023"
 180      D835B66D 
 180      4F9590B7 
 180      4F6810FE 
 180      072B4413 
 181 0500 41       		.ascii	"A"
 182              		.text
 183              		.section	.gnu.lto_.symtab.4e7463311ce1ca7b,"",%progbits
 184 0000 68616C5F 		.ascii	"hal_lld_init\000\000\000\000\000\000\000\000\000\000"
 184      6C6C645F 
 184      696E6974 
 184      00000000 
 184      00000000 
 185 0016 0000A100 		.ascii	"\000\000\241\000\000\000stm32_clock_init\000\000\000"
 185      00007374 
 185      6D33325F 
 185      636C6F63 
 185      6B5F696E 
 186 002f 00000000 		.ascii	"\000\000\000\000\000\000\000\000\000\246\000\000\000"
 186      00000000 
 186      00A60000 
 186      00
 187 003c 53797374 		.ascii	"SystemCoreClock\000\000\000\000\000\000\000\000\000"
 187      656D436F 
 187      7265436C 
ARM GAS  /tmp/ccyG1Gy4.s 			page 14


 187      6F636B00 
 187      00000000 
 188 0054 000000A9 		.ascii	"\000\000\000\251\000\000\000"
 188      000000
 189              		.text
 190              		.section	.gnu.lto_.opts,"",%progbits
 191 0000 272D6D63 		.ascii	"'-mcpu=cortex-m3' '-mno-thumb-interwork' '-mthumb' "
 191      70753D63 
 191      6F727465 
 191      782D6D33 
 191      2720272D 
 192 0033 272D6767 		.ascii	"'-ggdb' '-O2' '-fomit-frame-pointer' '-falign-funct"
 192      64622720 
 192      272D4F32 
 192      2720272D 
 192      666F6D69 
 193 0066 696F6E73 		.ascii	"ions=16' '-ffunction-sections' '-fdata-sections' '-"
 193      3D313627 
 193      20272D66 
 193      66756E63 
 193      74696F6E 
 194 0099 666E6F2D 		.ascii	"fno-common' '-flto'\000"
 194      636F6D6D 
 194      6F6E2720 
 194      272D666C 
 194      746F2700 
 195              		.text
 196              		.cfi_sections	.debug_frame
 197              		.section	.text.hal_lld_init,"ax",%progbits
 198              		.align	2
 199              		.p2align 4,,15
 200              		.global	hal_lld_init
 201              		.thumb
 202              		.thumb_func
 203              		.type	hal_lld_init, %function
 204              	hal_lld_init:
 205              	.LFB220:
 206              		.file 1 "../../../os/hal/ports/STM32/STM32F1xx/hal_lld.c"
 207              		.loc 1 132 0
 208              		.cfi_startproc
 209              		@ args = 0, pretend = 0, frame = 0
 210              		@ frame_needed = 0, uses_anonymous_args = 0
 211              		@ link register save eliminated.
 212              		.loc 1 135 0
 213 0000 4FF48053 		mov	r3, #4096
 214 0004 C4F20203 		movt	r3, 16386
 215 0008 4FF0FF31 		mov	r1, #-1
 216 000c 0022     		movs	r2, #0
 217 000e 1869     		ldr	r0, [r3, #16]
 218 0010 1961     		str	r1, [r3, #16]
 219 0012 1A61     		str	r2, [r3, #16]
 220              		.loc 1 136 0
 221 0014 D868     		ldr	r0, [r3, #12]
 222 0016 D960     		str	r1, [r3, #12]
 223 0018 DA60     		str	r2, [r3, #12]
 224              		.loc 1 139 0
 225 001a D969     		ldr	r1, [r3, #28]
ARM GAS  /tmp/ccyG1Gy4.s 			page 15


 226              	.LBB4:
 227              	.LBB5:
 228              		.loc 1 57 0
 229 001c 4FF4E042 		mov	r2, #28672
 230              	.LBE5:
 231              	.LBE4:
 232              		.loc 1 139 0
 233 0020 41F08051 		orr	r1, r1, #268435456
 234 0024 D961     		str	r1, [r3, #28]
 235              		.loc 1 140 0
 236 0026 D969     		ldr	r1, [r3, #28]
 237              	.LBB8:
 238              	.LBB6:
 239              		.loc 1 57 0
 240 0028 C4F20002 		movt	r2, 16384
 241              	.LBE6:
 242              	.LBE8:
 243              		.loc 1 140 0
 244 002c 41F00061 		orr	r1, r1, #134217728
 245 0030 D961     		str	r1, [r3, #28]
 246              	.LBB9:
 247              	.LBB7:
 248              		.loc 1 57 0
 249 0032 1368     		ldr	r3, [r2]
 250 0034 43F48073 		orr	r3, r3, #256
 251 0038 1360     		str	r3, [r2]
 252 003a 7047     		bx	lr
 253              	.LBE7:
 254              	.LBE9:
 255              		.cfi_endproc
 256              	.LFE220:
 257              		.size	hal_lld_init, .-hal_lld_init
 258 003c AFF30080 		.section	.text.stm32_clock_init,"ax",%progbits
 259              		.align	2
 260              		.p2align 4,,15
 261              		.global	stm32_clock_init
 262              		.thumb
 263              		.thumb_func
 264              		.type	stm32_clock_init, %function
 265              	stm32_clock_init:
 266              	.LFB221:
 267              		.loc 1 169 0
 268              		.cfi_startproc
 269              		@ args = 0, pretend = 0, frame = 0
 270              		@ frame_needed = 0, uses_anonymous_args = 0
 271              		@ link register save eliminated.
 272              		.loc 1 174 0
 273 0000 4FF48053 		mov	r3, #4096
 274 0004 C4F20203 		movt	r3, 16386
 275 0008 1A68     		ldr	r2, [r3]
 276              		.loc 1 175 0
 277 000a 1946     		mov	r1, r3
 278              		.loc 1 174 0
 279 000c 42F00102 		orr	r2, r2, #1
 280 0010 1A60     		str	r2, [r3]
 281              	.L4:
 282              		.loc 1 175 0 discriminator 1
ARM GAS  /tmp/ccyG1Gy4.s 			page 16


 283 0012 0A68     		ldr	r2, [r1]
 284 0014 4FF48053 		mov	r3, #4096
 285 0018 9207     		lsls	r2, r2, #30
 286 001a C4F20203 		movt	r3, 16386
 287 001e F8D5     		bpl	.L4
 288              		.loc 1 177 0
 289 0020 1968     		ldr	r1, [r3]
 290              		.loc 1 178 0
 291 0022 0022     		movs	r2, #0
 292              		.loc 1 177 0
 293 0024 01F0F901 		and	r1, r1, #249
 294 0028 1960     		str	r1, [r3]
 295              		.loc 1 179 0
 296 002a 1946     		mov	r1, r3
 297              		.loc 1 178 0
 298 002c 5A60     		str	r2, [r3, #4]
 299              	.L6:
 300              		.loc 1 179 0 discriminator 1
 301 002e 4A68     		ldr	r2, [r1, #4]
 302 0030 4FF48053 		mov	r3, #4096
 303 0034 12F00C0F 		tst	r2, #12
 304 0038 C4F20203 		movt	r3, 16386
 305 003c F7D1     		bne	.L6
 306              		.loc 1 188 0
 307 003e 1A68     		ldr	r2, [r3]
 308              		.loc 1 189 0
 309 0040 1946     		mov	r1, r3
 310              		.loc 1 188 0
 311 0042 42F48032 		orr	r2, r2, #65536
 312 0046 1A60     		str	r2, [r3]
 313              	.L8:
 314              		.loc 1 189 0 discriminator 1
 315 0048 0A68     		ldr	r2, [r1]
 316 004a 4FF48053 		mov	r3, #4096
 317 004e 9003     		lsls	r0, r2, #14
 318 0050 C4F20203 		movt	r3, 16386
 319 0054 F8D5     		bpl	.L8
 320              		.loc 1 202 0
 321 0056 5A68     		ldr	r2, [r3, #4]
 322              		.loc 1 204 0
 323 0058 1946     		mov	r1, r3
 324              		.loc 1 202 0
 325 005a 42F4A022 		orr	r2, r2, #327680
 326 005e 5A60     		str	r2, [r3, #4]
 327              		.loc 1 203 0
 328 0060 1A68     		ldr	r2, [r3]
 329 0062 42F08072 		orr	r2, r2, #16777216
 330 0066 1A60     		str	r2, [r3]
 331              	.L10:
 332              		.loc 1 204 0 discriminator 1
 333 0068 0A68     		ldr	r2, [r1]
 334 006a 4FF48053 		mov	r3, #4096
 335 006e 9201     		lsls	r2, r2, #6
 336 0070 C4F20203 		movt	r3, 16386
 337 0074 F8D5     		bpl	.L10
 338              		.loc 1 220 0
 339 0076 4FF40052 		mov	r2, #8192
ARM GAS  /tmp/ccyG1Gy4.s 			page 17


 340 007a C4F20202 		movt	r2, 16386
 341 007e 1021     		movs	r1, #16
 342              		.loc 1 214 0
 343 0080 4FF4A020 		mov	r0, #327680
 344 0084 5860     		str	r0, [r3, #4]
 345              		.loc 1 220 0
 346 0086 1160     		str	r1, [r2]
 347              		.loc 1 225 0
 348 0088 5968     		ldr	r1, [r3, #4]
 349              		.loc 1 226 0
 350 008a 1A46     		mov	r2, r3
 351              		.loc 1 225 0
 352 008c 41F00201 		orr	r1, r1, #2
 353 0090 5960     		str	r1, [r3, #4]
 354              	.L12:
 355              		.loc 1 226 0 discriminator 1
 356 0092 5368     		ldr	r3, [r2, #4]
 357 0094 03F00C03 		and	r3, r3, #12
 358 0098 082B     		cmp	r3, #8
 359 009a FAD1     		bne	.L12
 360              		.loc 1 234 0
 361 009c 7047     		bx	lr
 362              		.cfi_endproc
 363              	.LFE221:
 364              		.size	stm32_clock_init, .-stm32_clock_init
 365              		.global	SystemCoreClock
 366 009e 00BF     		.section	.data.SystemCoreClock,"aw",%progbits
 367              		.align	2
 368              		.type	SystemCoreClock, %object
 369              		.size	SystemCoreClock, 4
 370              	SystemCoreClock:
 371 0000 00366E01 		.word	24000000
 372              		.text
 373              	.Letext0:
 374              		.file 2 "/usr/include/newlib/machine/_default_types.h"
 375              		.file 3 "/usr/include/newlib/stdint.h"
 376              		.file 4 "../../../os/common/ports/ARMCMx/compilers/GCC/chtypes.h"
 377              		.file 5 "../../../os/rt/include/chsystypes.h"
 378              		.file 6 "../../../os/rt/include/chschd.h"
 379              		.file 7 "../../../os/common/ext/CMSIS/ST/STM32F1xx/stm32f100xb.h"
 380              		.file 8 "../../../os/common/ports/ARMCMx/chcore.h"
 381              		.file 9 "../../../os/common/ports/ARMCMx/chcore_v7m.h"
 382              		.file 10 "../../../os/rt/include/chsem.h"
 383              		.file 11 "../../../os/rt/include/chmtx.h"
 384              		.file 12 "../../../os/common/ext/CMSIS/include/core_cm3.h"
 385              		.section	.debug_info,"",%progbits
 386              	.Ldebug_info0:
 387 0000 B0070000 		.4byte	0x7b0
 388 0004 0400     		.2byte	0x4
 389 0006 00000000 		.4byte	.Ldebug_abbrev0
 390 000a 04       		.byte	0x4
 391 000b 01       		.uleb128 0x1
 392 000c 9B020000 		.4byte	.LASF107
 393 0010 01       		.byte	0x1
 394 0011 3C050000 		.4byte	.LASF108
 395 0015 6F030000 		.4byte	.LASF109
 396 0019 20000000 		.4byte	.Ldebug_ranges0+0x20
ARM GAS  /tmp/ccyG1Gy4.s 			page 18


 397 001d 00000000 		.4byte	0
 398 0021 00000000 		.4byte	.Ldebug_line0
 399 0025 02       		.uleb128 0x2
 400 0026 04       		.byte	0x4
 401 0027 05       		.byte	0x5
 402 0028 696E7400 		.ascii	"int\000"
 403 002c 03       		.uleb128 0x3
 404 002d 04       		.byte	0x4
 405 002e 07       		.byte	0x7
 406 002f 6C000000 		.4byte	.LASF0
 407 0033 03       		.uleb128 0x3
 408 0034 01       		.byte	0x1
 409 0035 06       		.byte	0x6
 410 0036 DE040000 		.4byte	.LASF1
 411 003a 04       		.uleb128 0x4
 412 003b 20040000 		.4byte	.LASF4
 413 003f 02       		.byte	0x2
 414 0040 1C       		.byte	0x1c
 415 0041 45000000 		.4byte	0x45
 416 0045 03       		.uleb128 0x3
 417 0046 01       		.byte	0x1
 418 0047 08       		.byte	0x8
 419 0048 8F040000 		.4byte	.LASF2
 420 004c 03       		.uleb128 0x3
 421 004d 02       		.byte	0x2
 422 004e 05       		.byte	0x5
 423 004f C1030000 		.4byte	.LASF3
 424 0053 04       		.uleb128 0x4
 425 0054 82010000 		.4byte	.LASF5
 426 0058 02       		.byte	0x2
 427 0059 26       		.byte	0x26
 428 005a 5E000000 		.4byte	0x5e
 429 005e 03       		.uleb128 0x3
 430 005f 02       		.byte	0x2
 431 0060 07       		.byte	0x7
 432 0061 F0040000 		.4byte	.LASF6
 433 0065 04       		.uleb128 0x4
 434 0066 92000000 		.4byte	.LASF7
 435 006a 02       		.byte	0x2
 436 006b 37       		.byte	0x37
 437 006c 70000000 		.4byte	0x70
 438 0070 03       		.uleb128 0x3
 439 0071 04       		.byte	0x4
 440 0072 05       		.byte	0x5
 441 0073 D7030000 		.4byte	.LASF8
 442 0077 04       		.uleb128 0x4
 443 0078 9D040000 		.4byte	.LASF9
 444 007c 02       		.byte	0x2
 445 007d 38       		.byte	0x38
 446 007e 82000000 		.4byte	0x82
 447 0082 03       		.uleb128 0x3
 448 0083 04       		.byte	0x4
 449 0084 07       		.byte	0x7
 450 0085 40040000 		.4byte	.LASF10
 451 0089 03       		.uleb128 0x3
 452 008a 08       		.byte	0x8
 453 008b 05       		.byte	0x5
ARM GAS  /tmp/ccyG1Gy4.s 			page 19


 454 008c 77020000 		.4byte	.LASF11
 455 0090 04       		.uleb128 0x4
 456 0091 05020000 		.4byte	.LASF12
 457 0095 02       		.byte	0x2
 458 0096 4E       		.byte	0x4e
 459 0097 9B000000 		.4byte	0x9b
 460 009b 03       		.uleb128 0x3
 461 009c 08       		.byte	0x8
 462 009d 07       		.byte	0x7
 463 009e 63010000 		.4byte	.LASF13
 464 00a2 04       		.uleb128 0x4
 465 00a3 4D020000 		.4byte	.LASF14
 466 00a7 03       		.byte	0x3
 467 00a8 2A       		.byte	0x2a
 468 00a9 3A000000 		.4byte	0x3a
 469 00ad 04       		.uleb128 0x4
 470 00ae AE030000 		.4byte	.LASF15
 471 00b2 03       		.byte	0x3
 472 00b3 36       		.byte	0x36
 473 00b4 53000000 		.4byte	0x53
 474 00b8 04       		.uleb128 0x4
 475 00b9 72040000 		.4byte	.LASF16
 476 00bd 03       		.byte	0x3
 477 00be 41       		.byte	0x41
 478 00bf 65000000 		.4byte	0x65
 479 00c3 04       		.uleb128 0x4
 480 00c4 20010000 		.4byte	.LASF17
 481 00c8 03       		.byte	0x3
 482 00c9 42       		.byte	0x42
 483 00ca 77000000 		.4byte	0x77
 484 00ce 04       		.uleb128 0x4
 485 00cf 0C040000 		.4byte	.LASF18
 486 00d3 03       		.byte	0x3
 487 00d4 4E       		.byte	0x4e
 488 00d5 90000000 		.4byte	0x90
 489 00d9 04       		.uleb128 0x4
 490 00da 5C030000 		.4byte	.LASF19
 491 00de 04       		.byte	0x4
 492 00df 3C       		.byte	0x3c
 493 00e0 A2000000 		.4byte	0xa2
 494 00e4 04       		.uleb128 0x4
 495 00e5 3D020000 		.4byte	.LASF20
 496 00e9 04       		.byte	0x4
 497 00ea 3D       		.byte	0x3d
 498 00eb A2000000 		.4byte	0xa2
 499 00ef 04       		.uleb128 0x4
 500 00f0 38040000 		.4byte	.LASF21
 501 00f4 04       		.byte	0x4
 502 00f5 3E       		.byte	0x3e
 503 00f6 A2000000 		.4byte	0xa2
 504 00fa 04       		.uleb128 0x4
 505 00fb 4A010000 		.4byte	.LASF22
 506 00ff 04       		.byte	0x4
 507 0100 40       		.byte	0x40
 508 0101 C3000000 		.4byte	0xc3
 509 0105 04       		.uleb128 0x4
 510 0106 85020000 		.4byte	.LASF23
ARM GAS  /tmp/ccyG1Gy4.s 			page 20


 511 010a 04       		.byte	0x4
 512 010b 41       		.byte	0x41
 513 010c B8000000 		.4byte	0xb8
 514 0110 04       		.uleb128 0x4
 515 0111 31010000 		.4byte	.LASF24
 516 0115 04       		.byte	0x4
 517 0116 43       		.byte	0x43
 518 0117 C3000000 		.4byte	0xc3
 519 011b 04       		.uleb128 0x4
 520 011c 8D010000 		.4byte	.LASF25
 521 0120 04       		.byte	0x4
 522 0121 45       		.byte	0x45
 523 0122 B8000000 		.4byte	0xb8
 524 0126 04       		.uleb128 0x4
 525 0127 50000000 		.4byte	.LASF26
 526 012b 05       		.byte	0x5
 527 012c 35       		.byte	0x35
 528 012d AD000000 		.4byte	0xad
 529 0131 04       		.uleb128 0x4
 530 0132 CD010000 		.4byte	.LASF27
 531 0136 05       		.byte	0x5
 532 0137 3F       		.byte	0x3f
 533 0138 3C010000 		.4byte	0x13c
 534 013c 05       		.uleb128 0x5
 535 013d 5E020000 		.4byte	.LASF45
 536 0141 44       		.byte	0x44
 537 0142 06       		.byte	0x6
 538 0143 9A       		.byte	0x9a
 539 0144 1A020000 		.4byte	0x21a
 540 0148 06       		.uleb128 0x6
 541 0149 6C040000 		.4byte	.LASF28
 542 014d 06       		.byte	0x6
 543 014e 9B       		.byte	0x9b
 544 014f 4F020000 		.4byte	0x24f
 545 0153 00       		.byte	0
 546 0154 06       		.uleb128 0x6
 547 0155 19020000 		.4byte	.LASF29
 548 0159 06       		.byte	0x6
 549 015a 9C       		.byte	0x9c
 550 015b FA000000 		.4byte	0xfa
 551 015f 08       		.byte	0x8
 552 0160 07       		.uleb128 0x7
 553 0161 63747800 		.ascii	"ctx\000"
 554 0165 06       		.byte	0x6
 555 0166 9D       		.byte	0x9d
 556 0167 A8050000 		.4byte	0x5a8
 557 016b 0C       		.byte	0xc
 558 016c 06       		.uleb128 0x6
 559 016d 89040000 		.4byte	.LASF30
 560 0171 06       		.byte	0x6
 561 0172 9F       		.byte	0x9f
 562 0173 25020000 		.4byte	0x225
 563 0177 10       		.byte	0x10
 564 0178 06       		.uleb128 0x6
 565 0179 27050000 		.4byte	.LASF31
 566 017d 06       		.byte	0x6
 567 017e A0       		.byte	0xa0
ARM GAS  /tmp/ccyG1Gy4.s 			page 21


 568 017f 25020000 		.4byte	0x225
 569 0183 14       		.byte	0x14
 570 0184 06       		.uleb128 0x6
 571 0185 2A040000 		.4byte	.LASF32
 572 0189 06       		.byte	0x6
 573 018a A7       		.byte	0xa7
 574 018b 0D070000 		.4byte	0x70d
 575 018f 18       		.byte	0x18
 576 0190 06       		.uleb128 0x6
 577 0191 36020000 		.4byte	.LASF33
 578 0195 06       		.byte	0x6
 579 0196 B0       		.byte	0xb0
 580 0197 1F070000 		.4byte	0x71f
 581 019b 1C       		.byte	0x1c
 582 019c 06       		.uleb128 0x6
 583 019d C6040000 		.4byte	.LASF34
 584 01a1 06       		.byte	0x6
 585 01a2 B5       		.byte	0xb5
 586 01a3 E4000000 		.4byte	0xe4
 587 01a7 20       		.byte	0x20
 588 01a8 06       		.uleb128 0x6
 589 01a9 4A000000 		.4byte	.LASF35
 590 01ad 06       		.byte	0x6
 591 01ae B9       		.byte	0xb9
 592 01af D9000000 		.4byte	0xd9
 593 01b3 21       		.byte	0x21
 594 01b4 06       		.uleb128 0x6
 595 01b5 9C000000 		.4byte	.LASF36
 596 01b9 06       		.byte	0x6
 597 01ba BE       		.byte	0xbe
 598 01bb EF000000 		.4byte	0xef
 599 01bf 22       		.byte	0x22
 600 01c0 08       		.uleb128 0x8
 601 01c1 7500     		.ascii	"u\000"
 602 01c3 06       		.byte	0x6
 603 01c4 0F01     		.2byte	0x10f
 604 01c6 42060000 		.4byte	0x642
 605 01ca 24       		.byte	0x24
 606 01cb 09       		.uleb128 0x9
 607 01cc A8040000 		.4byte	.LASF37
 608 01d0 06       		.byte	0x6
 609 01d1 1401     		.2byte	0x114
 610 01d3 2B020000 		.4byte	0x22b
 611 01d7 28       		.byte	0x28
 612 01d8 09       		.uleb128 0x9
 613 01d9 55020000 		.4byte	.LASF38
 614 01dd 06       		.byte	0x6
 615 01de 1A01     		.2byte	0x11a
 616 01e0 4F020000 		.4byte	0x24f
 617 01e4 2C       		.byte	0x2c
 618 01e5 09       		.uleb128 0x9
 619 01e6 63000000 		.4byte	.LASF39
 620 01ea 06       		.byte	0x6
 621 01eb 2001     		.2byte	0x120
 622 01ed 10010000 		.4byte	0x110
 623 01f1 34       		.byte	0x34
 624 01f2 09       		.uleb128 0x9
ARM GAS  /tmp/ccyG1Gy4.s 			page 22


 625 01f3 AE010000 		.4byte	.LASF40
 626 01f7 06       		.byte	0x6
 627 01f8 2701     		.2byte	0x127
 628 01fa 07070000 		.4byte	0x707
 629 01fe 38       		.byte	0x38
 630 01ff 09       		.uleb128 0x9
 631 0200 5A000000 		.4byte	.LASF41
 632 0204 06       		.byte	0x6
 633 0205 2B01     		.2byte	0x12b
 634 0207 FA000000 		.4byte	0xfa
 635 020b 3C       		.byte	0x3c
 636 020c 09       		.uleb128 0x9
 637 020d 36050000 		.4byte	.LASF42
 638 0211 06       		.byte	0x6
 639 0212 3201     		.2byte	0x132
 640 0214 02030000 		.4byte	0x302
 641 0218 40       		.byte	0x40
 642 0219 00       		.byte	0
 643 021a 04       		.uleb128 0x4
 644 021b 23020000 		.4byte	.LASF43
 645 021f 05       		.byte	0x5
 646 0220 44       		.byte	0x44
 647 0221 25020000 		.4byte	0x225
 648 0225 0A       		.uleb128 0xa
 649 0226 04       		.byte	0x4
 650 0227 31010000 		.4byte	0x131
 651 022b 04       		.uleb128 0x4
 652 022c 7E000000 		.4byte	.LASF44
 653 0230 05       		.byte	0x5
 654 0231 49       		.byte	0x49
 655 0232 36020000 		.4byte	0x236
 656 0236 05       		.uleb128 0x5
 657 0237 00000000 		.4byte	.LASF46
 658 023b 04       		.byte	0x4
 659 023c 06       		.byte	0x6
 660 023d 88       		.byte	0x88
 661 023e 4F020000 		.4byte	0x24f
 662 0242 06       		.uleb128 0x6
 663 0243 79000000 		.4byte	.LASF47
 664 0247 06       		.byte	0x6
 665 0248 89       		.byte	0x89
 666 0249 25020000 		.4byte	0x225
 667 024d 00       		.byte	0
 668 024e 00       		.byte	0
 669 024f 04       		.uleb128 0x4
 670 0250 9E010000 		.4byte	.LASF48
 671 0254 05       		.byte	0x5
 672 0255 50       		.byte	0x50
 673 0256 5A020000 		.4byte	0x25a
 674 025a 05       		.uleb128 0x5
 675 025b DB000000 		.4byte	.LASF49
 676 025f 08       		.byte	0x8
 677 0260 06       		.byte	0x6
 678 0261 8F       		.byte	0x8f
 679 0262 7F020000 		.4byte	0x27f
 680 0266 06       		.uleb128 0x6
 681 0267 79000000 		.4byte	.LASF47
ARM GAS  /tmp/ccyG1Gy4.s 			page 23


 682 026b 06       		.byte	0x6
 683 026c 90       		.byte	0x90
 684 026d 25020000 		.4byte	0x225
 685 0271 00       		.byte	0
 686 0272 06       		.uleb128 0x6
 687 0273 D6000000 		.4byte	.LASF50
 688 0277 06       		.byte	0x6
 689 0278 91       		.byte	0x91
 690 0279 25020000 		.4byte	0x225
 691 027d 04       		.byte	0x4
 692 027e 00       		.byte	0
 693 027f 04       		.uleb128 0x4
 694 0280 5F040000 		.4byte	.LASF51
 695 0284 05       		.byte	0x5
 696 0285 57       		.byte	0x57
 697 0286 8A020000 		.4byte	0x28a
 698 028a 0B       		.uleb128 0xb
 699 028b BC000000 		.4byte	.LASF52
 700 028f 1C       		.byte	0x1c
 701 0290 06       		.byte	0x6
 702 0291 6A01     		.2byte	0x16a
 703 0293 E6020000 		.4byte	0x2e6
 704 0297 09       		.uleb128 0x9
 705 0298 6C040000 		.4byte	.LASF28
 706 029c 06       		.byte	0x6
 707 029d 6B01     		.2byte	0x16b
 708 029f 4F020000 		.4byte	0x24f
 709 02a3 00       		.byte	0
 710 02a4 09       		.uleb128 0x9
 711 02a5 19020000 		.4byte	.LASF29
 712 02a9 06       		.byte	0x6
 713 02aa 6C01     		.2byte	0x16c
 714 02ac FA000000 		.4byte	0xfa
 715 02b0 08       		.byte	0x8
 716 02b1 08       		.uleb128 0x8
 717 02b2 63747800 		.ascii	"ctx\000"
 718 02b6 06       		.byte	0x6
 719 02b7 6E01     		.2byte	0x16e
 720 02b9 A8050000 		.4byte	0x5a8
 721 02bd 0C       		.byte	0xc
 722 02be 09       		.uleb128 0x9
 723 02bf 89040000 		.4byte	.LASF30
 724 02c3 06       		.byte	0x6
 725 02c4 7101     		.2byte	0x171
 726 02c6 25020000 		.4byte	0x225
 727 02ca 10       		.byte	0x10
 728 02cb 09       		.uleb128 0x9
 729 02cc 27050000 		.4byte	.LASF31
 730 02d0 06       		.byte	0x6
 731 02d1 7201     		.2byte	0x172
 732 02d3 25020000 		.4byte	0x225
 733 02d7 14       		.byte	0x14
 734 02d8 09       		.uleb128 0x9
 735 02d9 0E050000 		.4byte	.LASF53
 736 02dd 06       		.byte	0x6
 737 02de 7501     		.2byte	0x175
 738 02e0 25020000 		.4byte	0x225
ARM GAS  /tmp/ccyG1Gy4.s 			page 24


 739 02e4 18       		.byte	0x18
 740 02e5 00       		.byte	0
 741 02e6 04       		.uleb128 0x4
 742 02e7 EC000000 		.4byte	.LASF54
 743 02eb 05       		.byte	0x5
 744 02ec 5C       		.byte	0x5c
 745 02ed F1020000 		.4byte	0x2f1
 746 02f1 0A       		.uleb128 0xa
 747 02f2 04       		.byte	0x4
 748 02f3 F7020000 		.4byte	0x2f7
 749 02f7 0C       		.uleb128 0xc
 750 02f8 02030000 		.4byte	0x302
 751 02fc 0D       		.uleb128 0xd
 752 02fd 02030000 		.4byte	0x302
 753 0301 00       		.byte	0
 754 0302 0E       		.uleb128 0xe
 755 0303 04       		.byte	0x4
 756 0304 04       		.uleb128 0x4
 757 0305 8B020000 		.4byte	.LASF55
 758 0309 05       		.byte	0x5
 759 030a 61       		.byte	0x61
 760 030b 0F030000 		.4byte	0x30f
 761 030f 0B       		.uleb128 0xb
 762 0310 52010000 		.4byte	.LASF56
 763 0314 14       		.byte	0x14
 764 0315 06       		.byte	0x6
 765 0316 4501     		.2byte	0x145
 766 0318 5E030000 		.4byte	0x35e
 767 031c 09       		.uleb128 0x9
 768 031d 79000000 		.4byte	.LASF47
 769 0321 06       		.byte	0x6
 770 0322 4601     		.2byte	0x146
 771 0324 25070000 		.4byte	0x725
 772 0328 00       		.byte	0
 773 0329 09       		.uleb128 0x9
 774 032a D6000000 		.4byte	.LASF50
 775 032e 06       		.byte	0x6
 776 032f 4701     		.2byte	0x147
 777 0331 25070000 		.4byte	0x725
 778 0335 04       		.byte	0x4
 779 0336 09       		.uleb128 0x9
 780 0337 EA040000 		.4byte	.LASF57
 781 033b 06       		.byte	0x6
 782 033c 4801     		.2byte	0x148
 783 033e 26010000 		.4byte	0x126
 784 0342 08       		.byte	0x8
 785 0343 09       		.uleb128 0x9
 786 0344 CA000000 		.4byte	.LASF58
 787 0348 06       		.byte	0x6
 788 0349 4901     		.2byte	0x149
 789 034b E6020000 		.4byte	0x2e6
 790 034f 0C       		.byte	0xc
 791 0350 08       		.uleb128 0x8
 792 0351 70617200 		.ascii	"par\000"
 793 0355 06       		.byte	0x6
 794 0356 4B01     		.2byte	0x14b
 795 0358 02030000 		.4byte	0x302
ARM GAS  /tmp/ccyG1Gy4.s 			page 25


 796 035c 10       		.byte	0x10
 797 035d 00       		.byte	0
 798 035e 04       		.uleb128 0x4
 799 035f B0040000 		.4byte	.LASF59
 800 0363 05       		.byte	0x5
 801 0364 66       		.byte	0x66
 802 0365 69030000 		.4byte	0x369
 803 0369 0B       		.uleb128 0xb
 804 036a B6010000 		.4byte	.LASF60
 805 036e 0C       		.byte	0xc
 806 036f 06       		.byte	0x6
 807 0370 5501     		.2byte	0x155
 808 0372 AB030000 		.4byte	0x3ab
 809 0376 09       		.uleb128 0x9
 810 0377 79000000 		.4byte	.LASF47
 811 037b 06       		.byte	0x6
 812 037c 5601     		.2byte	0x156
 813 037e 25070000 		.4byte	0x725
 814 0382 00       		.byte	0
 815 0383 09       		.uleb128 0x9
 816 0384 D6000000 		.4byte	.LASF50
 817 0388 06       		.byte	0x6
 818 0389 5801     		.2byte	0x158
 819 038b 25070000 		.4byte	0x725
 820 038f 04       		.byte	0x4
 821 0390 09       		.uleb128 0x9
 822 0391 EA040000 		.4byte	.LASF57
 823 0395 06       		.byte	0x6
 824 0396 5A01     		.2byte	0x15a
 825 0398 26010000 		.4byte	0x126
 826 039c 08       		.byte	0x8
 827 039d 09       		.uleb128 0x9
 828 039e 03040000 		.4byte	.LASF61
 829 03a2 06       		.byte	0x6
 830 03a3 6201     		.2byte	0x162
 831 03a5 26010000 		.4byte	0x126
 832 03a9 0A       		.byte	0xa
 833 03aa 00       		.byte	0
 834 03ab 04       		.uleb128 0x4
 835 03ac 68020000 		.4byte	.LASF62
 836 03b0 05       		.byte	0x5
 837 03b1 6B       		.byte	0x6b
 838 03b2 B6030000 		.4byte	0x3b6
 839 03b6 0B       		.uleb128 0xb
 840 03b7 F5000000 		.4byte	.LASF63
 841 03bb 04       		.byte	0x4
 842 03bc 06       		.byte	0x6
 843 03bd 7C01     		.2byte	0x17c
 844 03bf D1030000 		.4byte	0x3d1
 845 03c3 09       		.uleb128 0x9
 846 03c4 4C030000 		.4byte	.LASF64
 847 03c8 06       		.byte	0x6
 848 03c9 8401     		.2byte	0x184
 849 03cb 2B070000 		.4byte	0x72b
 850 03cf 00       		.byte	0
 851 03d0 00       		.byte	0
 852 03d1 04       		.uleb128 0x4
ARM GAS  /tmp/ccyG1Gy4.s 			page 26


 853 03d2 CC040000 		.4byte	.LASF65
 854 03d6 05       		.byte	0x5
 855 03d7 70       		.byte	0x70
 856 03d8 DC030000 		.4byte	0x3dc
 857 03dc 0B       		.uleb128 0xb
 858 03dd F9030000 		.4byte	.LASF66
 859 03e1 70       		.byte	0x70
 860 03e2 06       		.byte	0x6
 861 03e3 9C01     		.2byte	0x19c
 862 03e5 1E040000 		.4byte	0x41e
 863 03e9 09       		.uleb128 0x9
 864 03ea 1A040000 		.4byte	.LASF67
 865 03ee 06       		.byte	0x6
 866 03ef A001     		.2byte	0x1a0
 867 03f1 7F020000 		.4byte	0x27f
 868 03f5 00       		.byte	0
 869 03f6 09       		.uleb128 0x9
 870 03f7 A8000000 		.4byte	.LASF68
 871 03fb 06       		.byte	0x6
 872 03fc A401     		.2byte	0x1a4
 873 03fe 5E030000 		.4byte	0x35e
 874 0402 1C       		.byte	0x1c
 875 0403 08       		.uleb128 0x8
 876 0404 64626700 		.ascii	"dbg\000"
 877 0408 06       		.byte	0x6
 878 0409 A801     		.2byte	0x1a8
 879 040b AB030000 		.4byte	0x3ab
 880 040f 28       		.byte	0x28
 881 0410 09       		.uleb128 0x9
 882 0411 64030000 		.4byte	.LASF69
 883 0415 06       		.byte	0x6
 884 0416 AC01     		.2byte	0x1ac
 885 0418 31010000 		.4byte	0x131
 886 041c 2C       		.byte	0x2c
 887 041d 00       		.byte	0
 888 041e 03       		.uleb128 0x3
 889 041f 04       		.byte	0x4
 890 0420 07       		.byte	0x7
 891 0421 2F040000 		.4byte	.LASF70
 892 0425 0F       		.uleb128 0xf
 893 0426 C3000000 		.4byte	0xc3
 894 042a 10       		.uleb128 0x10
 895 042b 24       		.byte	0x24
 896 042c 07       		.byte	0x7
 897 042d 3A01     		.2byte	0x13a
 898 042f A6040000 		.4byte	0x4a6
 899 0433 08       		.uleb128 0x8
 900 0434 41435200 		.ascii	"ACR\000"
 901 0438 07       		.byte	0x7
 902 0439 3C01     		.2byte	0x13c
 903 043b 25040000 		.4byte	0x425
 904 043f 00       		.byte	0
 905 0440 09       		.uleb128 0x9
 906 0441 93010000 		.4byte	.LASF71
 907 0445 07       		.byte	0x7
 908 0446 3D01     		.2byte	0x13d
 909 0448 25040000 		.4byte	0x425
ARM GAS  /tmp/ccyG1Gy4.s 			page 27


 910 044c 04       		.byte	0x4
 911 044d 09       		.uleb128 0x9
 912 044e 7A010000 		.4byte	.LASF72
 913 0452 07       		.byte	0x7
 914 0453 3E01     		.2byte	0x13e
 915 0455 25040000 		.4byte	0x425
 916 0459 08       		.byte	0x8
 917 045a 08       		.uleb128 0x8
 918 045b 535200   		.ascii	"SR\000"
 919 045e 07       		.byte	0x7
 920 045f 3F01     		.2byte	0x13f
 921 0461 25040000 		.4byte	0x425
 922 0465 0C       		.byte	0xc
 923 0466 08       		.uleb128 0x8
 924 0467 435200   		.ascii	"CR\000"
 925 046a 07       		.byte	0x7
 926 046b 4001     		.2byte	0x140
 927 046d 25040000 		.4byte	0x425
 928 0471 10       		.byte	0x10
 929 0472 08       		.uleb128 0x8
 930 0473 415200   		.ascii	"AR\000"
 931 0476 07       		.byte	0x7
 932 0477 4101     		.2byte	0x141
 933 0479 25040000 		.4byte	0x425
 934 047d 14       		.byte	0x14
 935 047e 09       		.uleb128 0x9
 936 047f 10000000 		.4byte	.LASF73
 937 0483 07       		.byte	0x7
 938 0484 4201     		.2byte	0x142
 939 0486 25040000 		.4byte	0x425
 940 048a 18       		.byte	0x18
 941 048b 08       		.uleb128 0x8
 942 048c 4F425200 		.ascii	"OBR\000"
 943 0490 07       		.byte	0x7
 944 0491 4301     		.2byte	0x143
 945 0493 25040000 		.4byte	0x425
 946 0497 1C       		.byte	0x1c
 947 0498 09       		.uleb128 0x9
 948 0499 D6010000 		.4byte	.LASF74
 949 049d 07       		.byte	0x7
 950 049e 4401     		.2byte	0x144
 951 04a0 25040000 		.4byte	0x425
 952 04a4 20       		.byte	0x20
 953 04a5 00       		.byte	0
 954 04a6 11       		.uleb128 0x11
 955 04a7 E2010000 		.4byte	.LASF75
 956 04ab 07       		.byte	0x7
 957 04ac 4501     		.2byte	0x145
 958 04ae 2A040000 		.4byte	0x42a
 959 04b2 10       		.uleb128 0x10
 960 04b3 08       		.byte	0x8
 961 04b4 07       		.byte	0x7
 962 04b5 9301     		.2byte	0x193
 963 04b7 D5040000 		.4byte	0x4d5
 964 04bb 08       		.uleb128 0x8
 965 04bc 435200   		.ascii	"CR\000"
 966 04bf 07       		.byte	0x7
ARM GAS  /tmp/ccyG1Gy4.s 			page 28


 967 04c0 9501     		.2byte	0x195
 968 04c2 25040000 		.4byte	0x425
 969 04c6 00       		.byte	0
 970 04c7 08       		.uleb128 0x8
 971 04c8 43535200 		.ascii	"CSR\000"
 972 04cc 07       		.byte	0x7
 973 04cd 9601     		.2byte	0x196
 974 04cf 25040000 		.4byte	0x425
 975 04d3 04       		.byte	0x4
 976 04d4 00       		.byte	0
 977 04d5 11       		.uleb128 0x11
 978 04d6 CB030000 		.4byte	.LASF76
 979 04da 07       		.byte	0x7
 980 04db 9701     		.2byte	0x197
 981 04dd B2040000 		.4byte	0x4b2
 982 04e1 10       		.uleb128 0x10
 983 04e2 30       		.byte	0x30
 984 04e3 07       		.byte	0x7
 985 04e4 9D01     		.2byte	0x19d
 986 04e6 86050000 		.4byte	0x586
 987 04ea 08       		.uleb128 0x8
 988 04eb 435200   		.ascii	"CR\000"
 989 04ee 07       		.byte	0x7
 990 04ef 9F01     		.2byte	0x19f
 991 04f1 25040000 		.4byte	0x425
 992 04f5 00       		.byte	0
 993 04f6 09       		.uleb128 0x9
 994 04f7 15040000 		.4byte	.LASF77
 995 04fb 07       		.byte	0x7
 996 04fc A001     		.2byte	0x1a0
 997 04fe 25040000 		.4byte	0x425
 998 0502 04       		.byte	0x4
 999 0503 08       		.uleb128 0x8
 1000 0504 43495200 		.ascii	"CIR\000"
 1001 0508 07       		.byte	0x7
 1002 0509 A101     		.2byte	0x1a1
 1003 050b 25040000 		.4byte	0x425
 1004 050f 08       		.byte	0x8
 1005 0510 09       		.uleb128 0x9
 1006 0511 41000000 		.4byte	.LASF78
 1007 0515 07       		.byte	0x7
 1008 0516 A201     		.2byte	0x1a2
 1009 0518 25040000 		.4byte	0x425
 1010 051c 0C       		.byte	0xc
 1011 051d 09       		.uleb128 0x9
 1012 051e 10020000 		.4byte	.LASF79
 1013 0522 07       		.byte	0x7
 1014 0523 A301     		.2byte	0x1a3
 1015 0525 25040000 		.4byte	0x425
 1016 0529 10       		.byte	0x10
 1017 052a 09       		.uleb128 0x9
 1018 052b 46020000 		.4byte	.LASF80
 1019 052f 07       		.byte	0x7
 1020 0530 A401     		.2byte	0x1a4
 1021 0532 25040000 		.4byte	0x425
 1022 0536 14       		.byte	0x14
 1023 0537 09       		.uleb128 0x9
ARM GAS  /tmp/ccyG1Gy4.s 			page 29


 1024 0538 44030000 		.4byte	.LASF81
 1025 053c 07       		.byte	0x7
 1026 053d A501     		.2byte	0x1a5
 1027 053f 25040000 		.4byte	0x425
 1028 0543 18       		.byte	0x18
 1029 0544 09       		.uleb128 0x9
 1030 0545 19000000 		.4byte	.LASF82
 1031 0549 07       		.byte	0x7
 1032 054a A601     		.2byte	0x1a6
 1033 054c 25040000 		.4byte	0x425
 1034 0550 1C       		.byte	0x1c
 1035 0551 09       		.uleb128 0x9
 1036 0552 8D000000 		.4byte	.LASF83
 1037 0556 07       		.byte	0x7
 1038 0557 A701     		.2byte	0x1a7
 1039 0559 25040000 		.4byte	0x425
 1040 055d 20       		.byte	0x20
 1041 055e 08       		.uleb128 0x8
 1042 055f 43535200 		.ascii	"CSR\000"
 1043 0563 07       		.byte	0x7
 1044 0564 A801     		.2byte	0x1a8
 1045 0566 25040000 		.4byte	0x425
 1046 056a 24       		.byte	0x24
 1047 056b 09       		.uleb128 0x9
 1048 056c B7030000 		.4byte	.LASF84
 1049 0570 07       		.byte	0x7
 1050 0571 AB01     		.2byte	0x1ab
 1051 0573 C3000000 		.4byte	0xc3
 1052 0577 28       		.byte	0x28
 1053 0578 09       		.uleb128 0x9
 1054 0579 3E030000 		.4byte	.LASF85
 1055 057d 07       		.byte	0x7
 1056 057e AC01     		.2byte	0x1ac
 1057 0580 25040000 		.4byte	0x425
 1058 0584 2C       		.byte	0x2c
 1059 0585 00       		.byte	0
 1060 0586 11       		.uleb128 0x11
 1061 0587 F0010000 		.4byte	.LASF86
 1062 058b 07       		.byte	0x7
 1063 058c AD01     		.2byte	0x1ad
 1064 058e E1040000 		.4byte	0x4e1
 1065 0592 04       		.uleb128 0x4
 1066 0593 38000000 		.4byte	.LASF87
 1067 0597 08       		.byte	0x8
 1068 0598 65       		.byte	0x65
 1069 0599 02030000 		.4byte	0x302
 1070 059d 04       		.uleb128 0x4
 1071 059e 03050000 		.4byte	.LASF88
 1072 05a2 08       		.byte	0x8
 1073 05a3 6D       		.byte	0x6d
 1074 05a4 CE000000 		.4byte	0xce
 1075 05a8 05       		.uleb128 0x5
 1076 05a9 AF000000 		.4byte	.LASF89
 1077 05ad 04       		.byte	0x4
 1078 05ae 08       		.byte	0x8
 1079 05af 89       		.byte	0x89
 1080 05b0 C0050000 		.4byte	0x5c0
ARM GAS  /tmp/ccyG1Gy4.s 			page 30


 1081 05b4 07       		.uleb128 0x7
 1082 05b5 737000   		.ascii	"sp\000"
 1083 05b8 08       		.byte	0x8
 1084 05b9 8A       		.byte	0x8a
 1085 05ba 3C060000 		.4byte	0x63c
 1086 05be 00       		.byte	0
 1087 05bf 00       		.byte	0
 1088 05c0 0B       		.uleb128 0xb
 1089 05c1 E0030000 		.4byte	.LASF90
 1090 05c5 24       		.byte	0x24
 1091 05c6 09       		.byte	0x9
 1092 05c7 5901     		.2byte	0x159
 1093 05c9 3C060000 		.4byte	0x63c
 1094 05cd 08       		.uleb128 0x8
 1095 05ce 723400   		.ascii	"r4\000"
 1096 05d1 09       		.byte	0x9
 1097 05d2 6C01     		.2byte	0x16c
 1098 05d4 92050000 		.4byte	0x592
 1099 05d8 00       		.byte	0
 1100 05d9 08       		.uleb128 0x8
 1101 05da 723500   		.ascii	"r5\000"
 1102 05dd 09       		.byte	0x9
 1103 05de 6D01     		.2byte	0x16d
 1104 05e0 92050000 		.4byte	0x592
 1105 05e4 04       		.byte	0x4
 1106 05e5 08       		.uleb128 0x8
 1107 05e6 723600   		.ascii	"r6\000"
 1108 05e9 09       		.byte	0x9
 1109 05ea 6E01     		.2byte	0x16e
 1110 05ec 92050000 		.4byte	0x592
 1111 05f0 08       		.byte	0x8
 1112 05f1 08       		.uleb128 0x8
 1113 05f2 723700   		.ascii	"r7\000"
 1114 05f5 09       		.byte	0x9
 1115 05f6 6F01     		.2byte	0x16f
 1116 05f8 92050000 		.4byte	0x592
 1117 05fc 0C       		.byte	0xc
 1118 05fd 08       		.uleb128 0x8
 1119 05fe 723800   		.ascii	"r8\000"
 1120 0601 09       		.byte	0x9
 1121 0602 7001     		.2byte	0x170
 1122 0604 92050000 		.4byte	0x592
 1123 0608 10       		.byte	0x10
 1124 0609 08       		.uleb128 0x8
 1125 060a 723900   		.ascii	"r9\000"
 1126 060d 09       		.byte	0x9
 1127 060e 7101     		.2byte	0x171
 1128 0610 92050000 		.4byte	0x592
 1129 0614 14       		.byte	0x14
 1130 0615 08       		.uleb128 0x8
 1131 0616 72313000 		.ascii	"r10\000"
 1132 061a 09       		.byte	0x9
 1133 061b 7201     		.2byte	0x172
 1134 061d 92050000 		.4byte	0x592
 1135 0621 18       		.byte	0x18
 1136 0622 08       		.uleb128 0x8
 1137 0623 72313100 		.ascii	"r11\000"
ARM GAS  /tmp/ccyG1Gy4.s 			page 31


 1138 0627 09       		.byte	0x9
 1139 0628 7301     		.2byte	0x173
 1140 062a 92050000 		.4byte	0x592
 1141 062e 1C       		.byte	0x1c
 1142 062f 08       		.uleb128 0x8
 1143 0630 6C7200   		.ascii	"lr\000"
 1144 0633 09       		.byte	0x9
 1145 0634 7401     		.2byte	0x174
 1146 0636 92050000 		.4byte	0x592
 1147 063a 20       		.byte	0x20
 1148 063b 00       		.byte	0
 1149 063c 0A       		.uleb128 0xa
 1150 063d 04       		.byte	0x4
 1151 063e C0050000 		.4byte	0x5c0
 1152 0642 12       		.uleb128 0x12
 1153 0643 04       		.byte	0x4
 1154 0644 06       		.byte	0x6
 1155 0645 D2       		.byte	0xd2
 1156 0646 A5060000 		.4byte	0x6a5
 1157 064a 13       		.uleb128 0x13
 1158 064b DB010000 		.4byte	.LASF91
 1159 064f 06       		.byte	0x6
 1160 0650 D9       		.byte	0xd9
 1161 0651 05010000 		.4byte	0x105
 1162 0655 13       		.uleb128 0x13
 1163 0656 2D050000 		.4byte	.LASF92
 1164 065a 06       		.byte	0x6
 1165 065b E0       		.byte	0xe0
 1166 065c 05010000 		.4byte	0x105
 1167 0660 13       		.uleb128 0x13
 1168 0661 A1000000 		.4byte	.LASF93
 1169 0665 06       		.byte	0x6
 1170 0666 E7       		.byte	0xe7
 1171 0667 02030000 		.4byte	0x302
 1172 066b 13       		.uleb128 0x13
 1173 066c D8040000 		.4byte	.LASF94
 1174 0670 06       		.byte	0x6
 1175 0671 EE       		.byte	0xee
 1176 0672 A5060000 		.4byte	0x6a5
 1177 0676 13       		.uleb128 0x13
 1178 0677 29010000 		.4byte	.LASF95
 1179 067b 06       		.byte	0x6
 1180 067c F3       		.byte	0xf3
 1181 067d 05010000 		.4byte	0x105
 1182 0681 13       		.uleb128 0x13
 1183 0682 7A040000 		.4byte	.LASF96
 1184 0686 06       		.byte	0x6
 1185 0687 FC       		.byte	0xfc
 1186 0688 D0060000 		.4byte	0x6d0
 1187 068c 14       		.uleb128 0x14
 1188 068d 31000000 		.4byte	.LASF97
 1189 0691 06       		.byte	0x6
 1190 0692 0501     		.2byte	0x105
 1191 0694 07070000 		.4byte	0x707
 1192 0698 14       		.uleb128 0x14
 1193 0699 CF000000 		.4byte	.LASF98
 1194 069d 06       		.byte	0x6
ARM GAS  /tmp/ccyG1Gy4.s 			page 32


 1195 069e 0D01     		.2byte	0x10d
 1196 06a0 10010000 		.4byte	0x110
 1197 06a4 00       		.byte	0
 1198 06a5 0A       		.uleb128 0xa
 1199 06a6 04       		.byte	0x4
 1200 06a7 1A020000 		.4byte	0x21a
 1201 06ab 05       		.uleb128 0x5
 1202 06ac 3D010000 		.4byte	.LASF99
 1203 06b0 0C       		.byte	0xc
 1204 06b1 0A       		.byte	0xa
 1205 06b2 34       		.byte	0x34
 1206 06b3 D0060000 		.4byte	0x6d0
 1207 06b7 06       		.uleb128 0x6
 1208 06b8 6C040000 		.4byte	.LASF28
 1209 06bc 0A       		.byte	0xa
 1210 06bd 35       		.byte	0x35
 1211 06be 4F020000 		.4byte	0x24f
 1212 06c2 00       		.byte	0
 1213 06c3 07       		.uleb128 0x7
 1214 06c4 636E7400 		.ascii	"cnt\000"
 1215 06c8 0A       		.byte	0xa
 1216 06c9 37       		.byte	0x37
 1217 06ca 1B010000 		.4byte	0x11b
 1218 06ce 08       		.byte	0x8
 1219 06cf 00       		.byte	0
 1220 06d0 0A       		.uleb128 0xa
 1221 06d1 04       		.byte	0x4
 1222 06d2 AB060000 		.4byte	0x6ab
 1223 06d6 05       		.uleb128 0x5
 1224 06d7 FC010000 		.4byte	.LASF100
 1225 06db 10       		.byte	0x10
 1226 06dc 0B       		.byte	0xb
 1227 06dd 39       		.byte	0x39
 1228 06de 07070000 		.4byte	0x707
 1229 06e2 06       		.uleb128 0x6
 1230 06e3 6C040000 		.4byte	.LASF28
 1231 06e7 0B       		.byte	0xb
 1232 06e8 3A       		.byte	0x3a
 1233 06e9 4F020000 		.4byte	0x24f
 1234 06ed 00       		.byte	0
 1235 06ee 06       		.uleb128 0x6
 1236 06ef 98010000 		.4byte	.LASF101
 1237 06f3 0B       		.byte	0xb
 1238 06f4 3C       		.byte	0x3c
 1239 06f5 25020000 		.4byte	0x225
 1240 06f9 08       		.byte	0x8
 1241 06fa 06       		.uleb128 0x6
 1242 06fb 79000000 		.4byte	.LASF47
 1243 06ff 0B       		.byte	0xb
 1244 0700 3E       		.byte	0x3e
 1245 0701 3B070000 		.4byte	0x73b
 1246 0705 0C       		.byte	0xc
 1247 0706 00       		.byte	0
 1248 0707 0A       		.uleb128 0xa
 1249 0708 04       		.byte	0x4
 1250 0709 D6060000 		.4byte	0x6d6
 1251 070d 0A       		.uleb128 0xa
ARM GAS  /tmp/ccyG1Gy4.s 			page 33


 1252 070e 04       		.byte	0x4
 1253 070f 13070000 		.4byte	0x713
 1254 0713 15       		.uleb128 0x15
 1255 0714 18070000 		.4byte	0x718
 1256 0718 03       		.uleb128 0x3
 1257 0719 01       		.byte	0x1
 1258 071a 08       		.byte	0x8
 1259 071b 1E020000 		.4byte	.LASF102
 1260 071f 0A       		.uleb128 0xa
 1261 0720 04       		.byte	0x4
 1262 0721 9D050000 		.4byte	0x59d
 1263 0725 0A       		.uleb128 0xa
 1264 0726 04       		.byte	0x4
 1265 0727 04030000 		.4byte	0x304
 1266 072b 0F       		.uleb128 0xf
 1267 072c 0D070000 		.4byte	0x70d
 1268 0730 04       		.uleb128 0x4
 1269 0731 81040000 		.4byte	.LASF103
 1270 0735 0B       		.byte	0xb
 1271 0736 34       		.byte	0x34
 1272 0737 D6060000 		.4byte	0x6d6
 1273 073b 0A       		.uleb128 0xa
 1274 073c 04       		.byte	0x4
 1275 073d 30070000 		.4byte	0x730
 1276 0741 03       		.uleb128 0x3
 1277 0742 01       		.byte	0x1
 1278 0743 02       		.byte	0x2
 1279 0744 56030000 		.4byte	.LASF104
 1280 0748 16       		.uleb128 0x16
 1281 0749 05010000 		.4byte	.LASF110
 1282 074d 01       		.byte	0x1
 1283 074e 36       		.byte	0x36
 1284 074f 01       		.byte	0x1
 1285 0750 17       		.uleb128 0x17
 1286 0751 52040000 		.4byte	.LASF111
 1287 0755 01       		.byte	0x1
 1288 0756 84       		.byte	0x84
 1289 0757 00000000 		.4byte	.LFB220
 1290 075b 3C000000 		.4byte	.LFE220-.LFB220
 1291 075f 01       		.uleb128 0x1
 1292 0760 9C       		.byte	0x9c
 1293 0761 75070000 		.4byte	0x775
 1294 0765 18       		.uleb128 0x18
 1295 0766 48070000 		.4byte	0x748
 1296 076a 1C000000 		.4byte	.LBB4
 1297 076e 00000000 		.4byte	.Ldebug_ranges0+0
 1298 0772 01       		.byte	0x1
 1299 0773 8F       		.byte	0x8f
 1300 0774 00       		.byte	0
 1301 0775 19       		.uleb128 0x19
 1302 0776 16050000 		.4byte	.LASF112
 1303 077a 01       		.byte	0x1
 1304 077b A9       		.byte	0xa9
 1305 077c 00000000 		.4byte	.LFB221
 1306 0780 9E000000 		.4byte	.LFE221-.LFB221
 1307 0784 01       		.uleb128 0x1
 1308 0785 9C       		.byte	0x9c
ARM GAS  /tmp/ccyG1Gy4.s 			page 34


 1309 0786 1A       		.uleb128 0x1a
 1310 0787 EC030000 		.4byte	.LASF105
 1311 078b 0C       		.byte	0xc
 1312 078c 9606     		.2byte	0x696
 1313 078e 92070000 		.4byte	0x792
 1314 0792 0F       		.uleb128 0xf
 1315 0793 B8000000 		.4byte	0xb8
 1316 0797 1B       		.uleb128 0x1b
 1317 0798 21000000 		.4byte	.LASF106
 1318 079c 01       		.byte	0x1
 1319 079d 27       		.byte	0x27
 1320 079e C3000000 		.4byte	0xc3
 1321 07a2 05       		.uleb128 0x5
 1322 07a3 03       		.byte	0x3
 1323 07a4 00000000 		.4byte	SystemCoreClock
 1324 07a8 1C       		.uleb128 0x1c
 1325 07a9 636800   		.ascii	"ch\000"
 1326 07ac 06       		.byte	0x6
 1327 07ad D201     		.2byte	0x1d2
 1328 07af D1030000 		.4byte	0x3d1
 1329 07b3 00       		.byte	0
 1330              		.section	.debug_abbrev,"",%progbits
 1331              	.Ldebug_abbrev0:
 1332 0000 01       		.uleb128 0x1
 1333 0001 11       		.uleb128 0x11
 1334 0002 01       		.byte	0x1
 1335 0003 25       		.uleb128 0x25
 1336 0004 0E       		.uleb128 0xe
 1337 0005 13       		.uleb128 0x13
 1338 0006 0B       		.uleb128 0xb
 1339 0007 03       		.uleb128 0x3
 1340 0008 0E       		.uleb128 0xe
 1341 0009 1B       		.uleb128 0x1b
 1342 000a 0E       		.uleb128 0xe
 1343 000b 55       		.uleb128 0x55
 1344 000c 17       		.uleb128 0x17
 1345 000d 11       		.uleb128 0x11
 1346 000e 01       		.uleb128 0x1
 1347 000f 10       		.uleb128 0x10
 1348 0010 17       		.uleb128 0x17
 1349 0011 00       		.byte	0
 1350 0012 00       		.byte	0
 1351 0013 02       		.uleb128 0x2
 1352 0014 24       		.uleb128 0x24
 1353 0015 00       		.byte	0
 1354 0016 0B       		.uleb128 0xb
 1355 0017 0B       		.uleb128 0xb
 1356 0018 3E       		.uleb128 0x3e
 1357 0019 0B       		.uleb128 0xb
 1358 001a 03       		.uleb128 0x3
 1359 001b 08       		.uleb128 0x8
 1360 001c 00       		.byte	0
 1361 001d 00       		.byte	0
 1362 001e 03       		.uleb128 0x3
 1363 001f 24       		.uleb128 0x24
 1364 0020 00       		.byte	0
 1365 0021 0B       		.uleb128 0xb
ARM GAS  /tmp/ccyG1Gy4.s 			page 35


 1366 0022 0B       		.uleb128 0xb
 1367 0023 3E       		.uleb128 0x3e
 1368 0024 0B       		.uleb128 0xb
 1369 0025 03       		.uleb128 0x3
 1370 0026 0E       		.uleb128 0xe
 1371 0027 00       		.byte	0
 1372 0028 00       		.byte	0
 1373 0029 04       		.uleb128 0x4
 1374 002a 16       		.uleb128 0x16
 1375 002b 00       		.byte	0
 1376 002c 03       		.uleb128 0x3
 1377 002d 0E       		.uleb128 0xe
 1378 002e 3A       		.uleb128 0x3a
 1379 002f 0B       		.uleb128 0xb
 1380 0030 3B       		.uleb128 0x3b
 1381 0031 0B       		.uleb128 0xb
 1382 0032 49       		.uleb128 0x49
 1383 0033 13       		.uleb128 0x13
 1384 0034 00       		.byte	0
 1385 0035 00       		.byte	0
 1386 0036 05       		.uleb128 0x5
 1387 0037 13       		.uleb128 0x13
 1388 0038 01       		.byte	0x1
 1389 0039 03       		.uleb128 0x3
 1390 003a 0E       		.uleb128 0xe
 1391 003b 0B       		.uleb128 0xb
 1392 003c 0B       		.uleb128 0xb
 1393 003d 3A       		.uleb128 0x3a
 1394 003e 0B       		.uleb128 0xb
 1395 003f 3B       		.uleb128 0x3b
 1396 0040 0B       		.uleb128 0xb
 1397 0041 01       		.uleb128 0x1
 1398 0042 13       		.uleb128 0x13
 1399 0043 00       		.byte	0
 1400 0044 00       		.byte	0
 1401 0045 06       		.uleb128 0x6
 1402 0046 0D       		.uleb128 0xd
 1403 0047 00       		.byte	0
 1404 0048 03       		.uleb128 0x3
 1405 0049 0E       		.uleb128 0xe
 1406 004a 3A       		.uleb128 0x3a
 1407 004b 0B       		.uleb128 0xb
 1408 004c 3B       		.uleb128 0x3b
 1409 004d 0B       		.uleb128 0xb
 1410 004e 49       		.uleb128 0x49
 1411 004f 13       		.uleb128 0x13
 1412 0050 38       		.uleb128 0x38
 1413 0051 0B       		.uleb128 0xb
 1414 0052 00       		.byte	0
 1415 0053 00       		.byte	0
 1416 0054 07       		.uleb128 0x7
 1417 0055 0D       		.uleb128 0xd
 1418 0056 00       		.byte	0
 1419 0057 03       		.uleb128 0x3
 1420 0058 08       		.uleb128 0x8
 1421 0059 3A       		.uleb128 0x3a
 1422 005a 0B       		.uleb128 0xb
ARM GAS  /tmp/ccyG1Gy4.s 			page 36


 1423 005b 3B       		.uleb128 0x3b
 1424 005c 0B       		.uleb128 0xb
 1425 005d 49       		.uleb128 0x49
 1426 005e 13       		.uleb128 0x13
 1427 005f 38       		.uleb128 0x38
 1428 0060 0B       		.uleb128 0xb
 1429 0061 00       		.byte	0
 1430 0062 00       		.byte	0
 1431 0063 08       		.uleb128 0x8
 1432 0064 0D       		.uleb128 0xd
 1433 0065 00       		.byte	0
 1434 0066 03       		.uleb128 0x3
 1435 0067 08       		.uleb128 0x8
 1436 0068 3A       		.uleb128 0x3a
 1437 0069 0B       		.uleb128 0xb
 1438 006a 3B       		.uleb128 0x3b
 1439 006b 05       		.uleb128 0x5
 1440 006c 49       		.uleb128 0x49
 1441 006d 13       		.uleb128 0x13
 1442 006e 38       		.uleb128 0x38
 1443 006f 0B       		.uleb128 0xb
 1444 0070 00       		.byte	0
 1445 0071 00       		.byte	0
 1446 0072 09       		.uleb128 0x9
 1447 0073 0D       		.uleb128 0xd
 1448 0074 00       		.byte	0
 1449 0075 03       		.uleb128 0x3
 1450 0076 0E       		.uleb128 0xe
 1451 0077 3A       		.uleb128 0x3a
 1452 0078 0B       		.uleb128 0xb
 1453 0079 3B       		.uleb128 0x3b
 1454 007a 05       		.uleb128 0x5
 1455 007b 49       		.uleb128 0x49
 1456 007c 13       		.uleb128 0x13
 1457 007d 38       		.uleb128 0x38
 1458 007e 0B       		.uleb128 0xb
 1459 007f 00       		.byte	0
 1460 0080 00       		.byte	0
 1461 0081 0A       		.uleb128 0xa
 1462 0082 0F       		.uleb128 0xf
 1463 0083 00       		.byte	0
 1464 0084 0B       		.uleb128 0xb
 1465 0085 0B       		.uleb128 0xb
 1466 0086 49       		.uleb128 0x49
 1467 0087 13       		.uleb128 0x13
 1468 0088 00       		.byte	0
 1469 0089 00       		.byte	0
 1470 008a 0B       		.uleb128 0xb
 1471 008b 13       		.uleb128 0x13
 1472 008c 01       		.byte	0x1
 1473 008d 03       		.uleb128 0x3
 1474 008e 0E       		.uleb128 0xe
 1475 008f 0B       		.uleb128 0xb
 1476 0090 0B       		.uleb128 0xb
 1477 0091 3A       		.uleb128 0x3a
 1478 0092 0B       		.uleb128 0xb
 1479 0093 3B       		.uleb128 0x3b
ARM GAS  /tmp/ccyG1Gy4.s 			page 37


 1480 0094 05       		.uleb128 0x5
 1481 0095 01       		.uleb128 0x1
 1482 0096 13       		.uleb128 0x13
 1483 0097 00       		.byte	0
 1484 0098 00       		.byte	0
 1485 0099 0C       		.uleb128 0xc
 1486 009a 15       		.uleb128 0x15
 1487 009b 01       		.byte	0x1
 1488 009c 27       		.uleb128 0x27
 1489 009d 19       		.uleb128 0x19
 1490 009e 01       		.uleb128 0x1
 1491 009f 13       		.uleb128 0x13
 1492 00a0 00       		.byte	0
 1493 00a1 00       		.byte	0
 1494 00a2 0D       		.uleb128 0xd
 1495 00a3 05       		.uleb128 0x5
 1496 00a4 00       		.byte	0
 1497 00a5 49       		.uleb128 0x49
 1498 00a6 13       		.uleb128 0x13
 1499 00a7 00       		.byte	0
 1500 00a8 00       		.byte	0
 1501 00a9 0E       		.uleb128 0xe
 1502 00aa 0F       		.uleb128 0xf
 1503 00ab 00       		.byte	0
 1504 00ac 0B       		.uleb128 0xb
 1505 00ad 0B       		.uleb128 0xb
 1506 00ae 00       		.byte	0
 1507 00af 00       		.byte	0
 1508 00b0 0F       		.uleb128 0xf
 1509 00b1 35       		.uleb128 0x35
 1510 00b2 00       		.byte	0
 1511 00b3 49       		.uleb128 0x49
 1512 00b4 13       		.uleb128 0x13
 1513 00b5 00       		.byte	0
 1514 00b6 00       		.byte	0
 1515 00b7 10       		.uleb128 0x10
 1516 00b8 13       		.uleb128 0x13
 1517 00b9 01       		.byte	0x1
 1518 00ba 0B       		.uleb128 0xb
 1519 00bb 0B       		.uleb128 0xb
 1520 00bc 3A       		.uleb128 0x3a
 1521 00bd 0B       		.uleb128 0xb
 1522 00be 3B       		.uleb128 0x3b
 1523 00bf 05       		.uleb128 0x5
 1524 00c0 01       		.uleb128 0x1
 1525 00c1 13       		.uleb128 0x13
 1526 00c2 00       		.byte	0
 1527 00c3 00       		.byte	0
 1528 00c4 11       		.uleb128 0x11
 1529 00c5 16       		.uleb128 0x16
 1530 00c6 00       		.byte	0
 1531 00c7 03       		.uleb128 0x3
 1532 00c8 0E       		.uleb128 0xe
 1533 00c9 3A       		.uleb128 0x3a
 1534 00ca 0B       		.uleb128 0xb
 1535 00cb 3B       		.uleb128 0x3b
 1536 00cc 05       		.uleb128 0x5
ARM GAS  /tmp/ccyG1Gy4.s 			page 38


 1537 00cd 49       		.uleb128 0x49
 1538 00ce 13       		.uleb128 0x13
 1539 00cf 00       		.byte	0
 1540 00d0 00       		.byte	0
 1541 00d1 12       		.uleb128 0x12
 1542 00d2 17       		.uleb128 0x17
 1543 00d3 01       		.byte	0x1
 1544 00d4 0B       		.uleb128 0xb
 1545 00d5 0B       		.uleb128 0xb
 1546 00d6 3A       		.uleb128 0x3a
 1547 00d7 0B       		.uleb128 0xb
 1548 00d8 3B       		.uleb128 0x3b
 1549 00d9 0B       		.uleb128 0xb
 1550 00da 01       		.uleb128 0x1
 1551 00db 13       		.uleb128 0x13
 1552 00dc 00       		.byte	0
 1553 00dd 00       		.byte	0
 1554 00de 13       		.uleb128 0x13
 1555 00df 0D       		.uleb128 0xd
 1556 00e0 00       		.byte	0
 1557 00e1 03       		.uleb128 0x3
 1558 00e2 0E       		.uleb128 0xe
 1559 00e3 3A       		.uleb128 0x3a
 1560 00e4 0B       		.uleb128 0xb
 1561 00e5 3B       		.uleb128 0x3b
 1562 00e6 0B       		.uleb128 0xb
 1563 00e7 49       		.uleb128 0x49
 1564 00e8 13       		.uleb128 0x13
 1565 00e9 00       		.byte	0
 1566 00ea 00       		.byte	0
 1567 00eb 14       		.uleb128 0x14
 1568 00ec 0D       		.uleb128 0xd
 1569 00ed 00       		.byte	0
 1570 00ee 03       		.uleb128 0x3
 1571 00ef 0E       		.uleb128 0xe
 1572 00f0 3A       		.uleb128 0x3a
 1573 00f1 0B       		.uleb128 0xb
 1574 00f2 3B       		.uleb128 0x3b
 1575 00f3 05       		.uleb128 0x5
 1576 00f4 49       		.uleb128 0x49
 1577 00f5 13       		.uleb128 0x13
 1578 00f6 00       		.byte	0
 1579 00f7 00       		.byte	0
 1580 00f8 15       		.uleb128 0x15
 1581 00f9 26       		.uleb128 0x26
 1582 00fa 00       		.byte	0
 1583 00fb 49       		.uleb128 0x49
 1584 00fc 13       		.uleb128 0x13
 1585 00fd 00       		.byte	0
 1586 00fe 00       		.byte	0
 1587 00ff 16       		.uleb128 0x16
 1588 0100 2E       		.uleb128 0x2e
 1589 0101 00       		.byte	0
 1590 0102 03       		.uleb128 0x3
 1591 0103 0E       		.uleb128 0xe
 1592 0104 3A       		.uleb128 0x3a
 1593 0105 0B       		.uleb128 0xb
ARM GAS  /tmp/ccyG1Gy4.s 			page 39


 1594 0106 3B       		.uleb128 0x3b
 1595 0107 0B       		.uleb128 0xb
 1596 0108 27       		.uleb128 0x27
 1597 0109 19       		.uleb128 0x19
 1598 010a 20       		.uleb128 0x20
 1599 010b 0B       		.uleb128 0xb
 1600 010c 00       		.byte	0
 1601 010d 00       		.byte	0
 1602 010e 17       		.uleb128 0x17
 1603 010f 2E       		.uleb128 0x2e
 1604 0110 01       		.byte	0x1
 1605 0111 3F       		.uleb128 0x3f
 1606 0112 19       		.uleb128 0x19
 1607 0113 03       		.uleb128 0x3
 1608 0114 0E       		.uleb128 0xe
 1609 0115 3A       		.uleb128 0x3a
 1610 0116 0B       		.uleb128 0xb
 1611 0117 3B       		.uleb128 0x3b
 1612 0118 0B       		.uleb128 0xb
 1613 0119 27       		.uleb128 0x27
 1614 011a 19       		.uleb128 0x19
 1615 011b 11       		.uleb128 0x11
 1616 011c 01       		.uleb128 0x1
 1617 011d 12       		.uleb128 0x12
 1618 011e 06       		.uleb128 0x6
 1619 011f 40       		.uleb128 0x40
 1620 0120 18       		.uleb128 0x18
 1621 0121 9742     		.uleb128 0x2117
 1622 0123 19       		.uleb128 0x19
 1623 0124 01       		.uleb128 0x1
 1624 0125 13       		.uleb128 0x13
 1625 0126 00       		.byte	0
 1626 0127 00       		.byte	0
 1627 0128 18       		.uleb128 0x18
 1628 0129 1D       		.uleb128 0x1d
 1629 012a 00       		.byte	0
 1630 012b 31       		.uleb128 0x31
 1631 012c 13       		.uleb128 0x13
 1632 012d 52       		.uleb128 0x52
 1633 012e 01       		.uleb128 0x1
 1634 012f 55       		.uleb128 0x55
 1635 0130 17       		.uleb128 0x17
 1636 0131 58       		.uleb128 0x58
 1637 0132 0B       		.uleb128 0xb
 1638 0133 59       		.uleb128 0x59
 1639 0134 0B       		.uleb128 0xb
 1640 0135 00       		.byte	0
 1641 0136 00       		.byte	0
 1642 0137 19       		.uleb128 0x19
 1643 0138 2E       		.uleb128 0x2e
 1644 0139 00       		.byte	0
 1645 013a 3F       		.uleb128 0x3f
 1646 013b 19       		.uleb128 0x19
 1647 013c 03       		.uleb128 0x3
 1648 013d 0E       		.uleb128 0xe
 1649 013e 3A       		.uleb128 0x3a
 1650 013f 0B       		.uleb128 0xb
ARM GAS  /tmp/ccyG1Gy4.s 			page 40


 1651 0140 3B       		.uleb128 0x3b
 1652 0141 0B       		.uleb128 0xb
 1653 0142 27       		.uleb128 0x27
 1654 0143 19       		.uleb128 0x19
 1655 0144 11       		.uleb128 0x11
 1656 0145 01       		.uleb128 0x1
 1657 0146 12       		.uleb128 0x12
 1658 0147 06       		.uleb128 0x6
 1659 0148 40       		.uleb128 0x40
 1660 0149 18       		.uleb128 0x18
 1661 014a 9742     		.uleb128 0x2117
 1662 014c 19       		.uleb128 0x19
 1663 014d 00       		.byte	0
 1664 014e 00       		.byte	0
 1665 014f 1A       		.uleb128 0x1a
 1666 0150 34       		.uleb128 0x34
 1667 0151 00       		.byte	0
 1668 0152 03       		.uleb128 0x3
 1669 0153 0E       		.uleb128 0xe
 1670 0154 3A       		.uleb128 0x3a
 1671 0155 0B       		.uleb128 0xb
 1672 0156 3B       		.uleb128 0x3b
 1673 0157 05       		.uleb128 0x5
 1674 0158 49       		.uleb128 0x49
 1675 0159 13       		.uleb128 0x13
 1676 015a 3F       		.uleb128 0x3f
 1677 015b 19       		.uleb128 0x19
 1678 015c 3C       		.uleb128 0x3c
 1679 015d 19       		.uleb128 0x19
 1680 015e 00       		.byte	0
 1681 015f 00       		.byte	0
 1682 0160 1B       		.uleb128 0x1b
 1683 0161 34       		.uleb128 0x34
 1684 0162 00       		.byte	0
 1685 0163 03       		.uleb128 0x3
 1686 0164 0E       		.uleb128 0xe
 1687 0165 3A       		.uleb128 0x3a
 1688 0166 0B       		.uleb128 0xb
 1689 0167 3B       		.uleb128 0x3b
 1690 0168 0B       		.uleb128 0xb
 1691 0169 49       		.uleb128 0x49
 1692 016a 13       		.uleb128 0x13
 1693 016b 3F       		.uleb128 0x3f
 1694 016c 19       		.uleb128 0x19
 1695 016d 02       		.uleb128 0x2
 1696 016e 18       		.uleb128 0x18
 1697 016f 00       		.byte	0
 1698 0170 00       		.byte	0
 1699 0171 1C       		.uleb128 0x1c
 1700 0172 34       		.uleb128 0x34
 1701 0173 00       		.byte	0
 1702 0174 03       		.uleb128 0x3
 1703 0175 08       		.uleb128 0x8
 1704 0176 3A       		.uleb128 0x3a
 1705 0177 0B       		.uleb128 0xb
 1706 0178 3B       		.uleb128 0x3b
 1707 0179 05       		.uleb128 0x5
ARM GAS  /tmp/ccyG1Gy4.s 			page 41


 1708 017a 49       		.uleb128 0x49
 1709 017b 13       		.uleb128 0x13
 1710 017c 3F       		.uleb128 0x3f
 1711 017d 19       		.uleb128 0x19
 1712 017e 3C       		.uleb128 0x3c
 1713 017f 19       		.uleb128 0x19
 1714 0180 00       		.byte	0
 1715 0181 00       		.byte	0
 1716 0182 00       		.byte	0
 1717              		.section	.debug_aranges,"",%progbits
 1718 0000 24000000 		.4byte	0x24
 1719 0004 0200     		.2byte	0x2
 1720 0006 00000000 		.4byte	.Ldebug_info0
 1721 000a 04       		.byte	0x4
 1722 000b 00       		.byte	0
 1723 000c 0000     		.2byte	0
 1724 000e 0000     		.2byte	0
 1725 0010 00000000 		.4byte	.LFB220
 1726 0014 3C000000 		.4byte	.LFE220-.LFB220
 1727 0018 00000000 		.4byte	.LFB221
 1728 001c 9E000000 		.4byte	.LFE221-.LFB221
 1729 0020 00000000 		.4byte	0
 1730 0024 00000000 		.4byte	0
 1731              		.section	.debug_ranges,"",%progbits
 1732              	.Ldebug_ranges0:
 1733 0000 1C000000 		.4byte	.LBB4
 1734 0004 20000000 		.4byte	.LBE4
 1735 0008 28000000 		.4byte	.LBB8
 1736 000c 2C000000 		.4byte	.LBE8
 1737 0010 32000000 		.4byte	.LBB9
 1738 0014 3C000000 		.4byte	.LBE9
 1739 0018 00000000 		.4byte	0
 1740 001c 00000000 		.4byte	0
 1741 0020 00000000 		.4byte	.LFB220
 1742 0024 3C000000 		.4byte	.LFE220
 1743 0028 00000000 		.4byte	.LFB221
 1744 002c 9E000000 		.4byte	.LFE221
 1745 0030 00000000 		.4byte	0
 1746 0034 00000000 		.4byte	0
 1747              		.section	.debug_line,"",%progbits
 1748              	.Ldebug_line0:
 1749 0000 39020000 		.section	.debug_str,"MS",%progbits,1
 1749      0200C401 
 1749      00000201 
 1749      FB0E0D00 
 1749      01010101 
 1750              	.LASF46:
 1751 0000 63685F74 		.ascii	"ch_threads_list\000"
 1751      68726561 
 1751      64735F6C 
 1751      69737400 
 1752              	.LASF73:
 1753 0010 52455345 		.ascii	"RESERVED\000"
 1753      52564544 
 1753      00
 1754              	.LASF82:
 1755 0019 41504231 		.ascii	"APB1ENR\000"
ARM GAS  /tmp/ccyG1Gy4.s 			page 42


 1755      454E5200 
 1756              	.LASF106:
 1757 0021 53797374 		.ascii	"SystemCoreClock\000"
 1757      656D436F 
 1757      7265436C 
 1757      6F636B00 
 1758              	.LASF97:
 1759 0031 77746D74 		.ascii	"wtmtxp\000"
 1759      787000
 1760              	.LASF87:
 1761 0038 72656761 		.ascii	"regarm_t\000"
 1761      726D5F74 
 1761      00
 1762              	.LASF78:
 1763 0041 41504232 		.ascii	"APB2RSTR\000"
 1763      52535452 
 1763      00
 1764              	.LASF35:
 1765 004a 666C6167 		.ascii	"flags\000"
 1765      7300
 1766              	.LASF26:
 1767 0050 73797374 		.ascii	"systime_t\000"
 1767      696D655F 
 1767      7400
 1768              	.LASF41:
 1769 005a 7265616C 		.ascii	"realprio\000"
 1769      7072696F 
 1769      00
 1770              	.LASF39:
 1771 0063 6570656E 		.ascii	"epending\000"
 1771      64696E67 
 1771      00
 1772              	.LASF0:
 1773 006c 756E7369 		.ascii	"unsigned int\000"
 1773      676E6564 
 1773      20696E74 
 1773      00
 1774              	.LASF47:
 1775 0079 6E657874 		.ascii	"next\000"
 1775      00
 1776              	.LASF44:
 1777 007e 74687265 		.ascii	"threads_list_t\000"
 1777      6164735F 
 1777      6C697374 
 1777      5F7400
 1778              	.LASF83:
 1779 008d 42444352 		.ascii	"BDCR\000"
 1779      00
 1780              	.LASF7:
 1781 0092 5F5F696E 		.ascii	"__int32_t\000"
 1781      7433325F 
 1781      7400
 1782              	.LASF36:
 1783 009c 72656673 		.ascii	"refs\000"
 1783      00
 1784              	.LASF93:
 1785 00a1 77746F62 		.ascii	"wtobjp\000"
ARM GAS  /tmp/ccyG1Gy4.s 			page 43


 1785      6A7000
 1786              	.LASF68:
 1787 00a8 76746C69 		.ascii	"vtlist\000"
 1787      737400
 1788              	.LASF89:
 1789 00af 706F7274 		.ascii	"port_context\000"
 1789      5F636F6E 
 1789      74657874 
 1789      00
 1790              	.LASF52:
 1791 00bc 63685F72 		.ascii	"ch_ready_list\000"
 1791      65616479 
 1791      5F6C6973 
 1791      7400
 1792              	.LASF58:
 1793 00ca 66756E63 		.ascii	"func\000"
 1793      00
 1794              	.LASF98:
 1795 00cf 65776D61 		.ascii	"ewmask\000"
 1795      736B00
 1796              	.LASF50:
 1797 00d6 70726576 		.ascii	"prev\000"
 1797      00
 1798              	.LASF49:
 1799 00db 63685F74 		.ascii	"ch_threads_queue\000"
 1799      68726561 
 1799      64735F71 
 1799      75657565 
 1799      00
 1800              	.LASF54:
 1801 00ec 76746675 		.ascii	"vtfunc_t\000"
 1801      6E635F74 
 1801      00
 1802              	.LASF63:
 1803 00f5 63685F73 		.ascii	"ch_system_debug\000"
 1803      79737465 
 1803      6D5F6465 
 1803      62756700 
 1804              	.LASF110:
 1805 0105 68616C5F 		.ascii	"hal_lld_backup_domain_init\000"
 1805      6C6C645F 
 1805      6261636B 
 1805      75705F64 
 1805      6F6D6169 
 1806              	.LASF17:
 1807 0120 75696E74 		.ascii	"uint32_t\000"
 1807      33325F74 
 1807      00
 1808              	.LASF95:
 1809 0129 73656E74 		.ascii	"sentmsg\000"
 1809      6D736700 
 1810              	.LASF24:
 1811 0131 6576656E 		.ascii	"eventmask_t\000"
 1811      746D6173 
 1811      6B5F7400 
 1812              	.LASF99:
 1813 013d 63685F73 		.ascii	"ch_semaphore\000"
ARM GAS  /tmp/ccyG1Gy4.s 			page 44


 1813      656D6170 
 1813      686F7265 
 1813      00
 1814              	.LASF22:
 1815 014a 74707269 		.ascii	"tprio_t\000"
 1815      6F5F7400 
 1816              	.LASF56:
 1817 0152 63685F76 		.ascii	"ch_virtual_timer\000"
 1817      69727475 
 1817      616C5F74 
 1817      696D6572 
 1817      00
 1818              	.LASF13:
 1819 0163 6C6F6E67 		.ascii	"long long unsigned int\000"
 1819      206C6F6E 
 1819      6720756E 
 1819      7369676E 
 1819      65642069 
 1820              	.LASF72:
 1821 017a 4F50544B 		.ascii	"OPTKEYR\000"
 1821      45595200 
 1822              	.LASF5:
 1823 0182 5F5F7569 		.ascii	"__uint16_t\000"
 1823      6E743136 
 1823      5F7400
 1824              	.LASF25:
 1825 018d 636E745F 		.ascii	"cnt_t\000"
 1825      7400
 1826              	.LASF71:
 1827 0193 4B455952 		.ascii	"KEYR\000"
 1827      00
 1828              	.LASF101:
 1829 0198 6F776E65 		.ascii	"owner\000"
 1829      7200
 1830              	.LASF48:
 1831 019e 74687265 		.ascii	"threads_queue_t\000"
 1831      6164735F 
 1831      71756575 
 1831      655F7400 
 1832              	.LASF40:
 1833 01ae 6D74786C 		.ascii	"mtxlist\000"
 1833      69737400 
 1834              	.LASF60:
 1835 01b6 63685F76 		.ascii	"ch_virtual_timers_list\000"
 1835      69727475 
 1835      616C5F74 
 1835      696D6572 
 1835      735F6C69 
 1836              	.LASF27:
 1837 01cd 74687265 		.ascii	"thread_t\000"
 1837      61645F74 
 1837      00
 1838              	.LASF74:
 1839 01d6 57525052 		.ascii	"WRPR\000"
 1839      00
 1840              	.LASF91:
 1841 01db 7264796D 		.ascii	"rdymsg\000"
ARM GAS  /tmp/ccyG1Gy4.s 			page 45


 1841      736700
 1842              	.LASF75:
 1843 01e2 464C4153 		.ascii	"FLASH_TypeDef\000"
 1843      485F5479 
 1843      70654465 
 1843      6600
 1844              	.LASF86:
 1845 01f0 5243435F 		.ascii	"RCC_TypeDef\000"
 1845      54797065 
 1845      44656600 
 1846              	.LASF100:
 1847 01fc 63685F6D 		.ascii	"ch_mutex\000"
 1847      75746578 
 1847      00
 1848              	.LASF12:
 1849 0205 5F5F7569 		.ascii	"__uint64_t\000"
 1849      6E743634 
 1849      5F7400
 1850              	.LASF79:
 1851 0210 41504231 		.ascii	"APB1RSTR\000"
 1851      52535452 
 1851      00
 1852              	.LASF29:
 1853 0219 7072696F 		.ascii	"prio\000"
 1853      00
 1854              	.LASF102:
 1855 021e 63686172 		.ascii	"char\000"
 1855      00
 1856              	.LASF43:
 1857 0223 74687265 		.ascii	"thread_reference_t\000"
 1857      61645F72 
 1857      65666572 
 1857      656E6365 
 1857      5F7400
 1858              	.LASF33:
 1859 0236 77616261 		.ascii	"wabase\000"
 1859      736500
 1860              	.LASF20:
 1861 023d 74737461 		.ascii	"tstate_t\000"
 1861      74655F74 
 1861      00
 1862              	.LASF80:
 1863 0246 41484245 		.ascii	"AHBENR\000"
 1863      4E5200
 1864              	.LASF14:
 1865 024d 75696E74 		.ascii	"uint8_t\000"
 1865      385F7400 
 1866              	.LASF38:
 1867 0255 6D736771 		.ascii	"msgqueue\000"
 1867      75657565 
 1867      00
 1868              	.LASF45:
 1869 025e 63685F74 		.ascii	"ch_thread\000"
 1869      68726561 
 1869      6400
 1870              	.LASF62:
 1871 0268 73797374 		.ascii	"system_debug_t\000"
ARM GAS  /tmp/ccyG1Gy4.s 			page 46


 1871      656D5F64 
 1871      65627567 
 1871      5F7400
 1872              	.LASF11:
 1873 0277 6C6F6E67 		.ascii	"long long int\000"
 1873      206C6F6E 
 1873      6720696E 
 1873      7400
 1874              	.LASF23:
 1875 0285 6D73675F 		.ascii	"msg_t\000"
 1875      7400
 1876              	.LASF55:
 1877 028b 76697274 		.ascii	"virtual_timer_t\000"
 1877      75616C5F 
 1877      74696D65 
 1877      725F7400 
 1878              	.LASF107:
 1879 029b 474E5520 		.ascii	"GNU C 4.8.2 -mcpu=cortex-m3 -mno-thumb-interwork -m"
 1879      4320342E 
 1879      382E3220 
 1879      2D6D6370 
 1879      753D636F 
 1880 02ce 7468756D 		.ascii	"thumb -ggdb -O2 -fomit-frame-pointer -falign-functi"
 1880      62202D67 
 1880      67646220 
 1880      2D4F3220 
 1880      2D666F6D 
 1881 0301 6F6E733D 		.ascii	"ons=16 -ffunction-sections -fdata-sections -fno-com"
 1881      3136202D 
 1881      6666756E 
 1881      6374696F 
 1881      6E2D7365 
 1882 0334 6D6F6E20 		.ascii	"mon -flto\000"
 1882      2D666C74 
 1882      6F00
 1883              	.LASF85:
 1884 033e 43464752 		.ascii	"CFGR2\000"
 1884      3200
 1885              	.LASF81:
 1886 0344 41504232 		.ascii	"APB2ENR\000"
 1886      454E5200 
 1887              	.LASF64:
 1888 034c 70616E69 		.ascii	"panic_msg\000"
 1888      635F6D73 
 1888      6700
 1889              	.LASF104:
 1890 0356 5F426F6F 		.ascii	"_Bool\000"
 1890      6C00
 1891              	.LASF19:
 1892 035c 746D6F64 		.ascii	"tmode_t\000"
 1892      655F7400 
 1893              	.LASF69:
 1894 0364 6D61696E 		.ascii	"mainthread\000"
 1894      74687265 
 1894      616400
 1895              	.LASF109:
 1896 036f 2F686F6D 		.ascii	"/home/jerson/ChibiOS_17.6.2/demos/STM32/RT-STM32F10"
ARM GAS  /tmp/ccyG1Gy4.s 			page 47


 1896      652F6A65 
 1896      72736F6E 
 1896      2F436869 
 1896      62694F53 
 1897 03a2 302D4449 		.ascii	"0-DISCOVERY\000"
 1897      53434F56 
 1897      45525900 
 1898              	.LASF15:
 1899 03ae 75696E74 		.ascii	"uint16_t\000"
 1899      31365F74 
 1899      00
 1900              	.LASF84:
 1901 03b7 52455345 		.ascii	"RESERVED0\000"
 1901      52564544 
 1901      3000
 1902              	.LASF3:
 1903 03c1 73686F72 		.ascii	"short int\000"
 1903      7420696E 
 1903      7400
 1904              	.LASF76:
 1905 03cb 5057525F 		.ascii	"PWR_TypeDef\000"
 1905      54797065 
 1905      44656600 
 1906              	.LASF8:
 1907 03d7 6C6F6E67 		.ascii	"long int\000"
 1907      20696E74 
 1907      00
 1908              	.LASF90:
 1909 03e0 706F7274 		.ascii	"port_intctx\000"
 1909      5F696E74 
 1909      63747800 
 1910              	.LASF105:
 1911 03ec 49544D5F 		.ascii	"ITM_RxBuffer\000"
 1911      52784275 
 1911      66666572 
 1911      00
 1912              	.LASF66:
 1913 03f9 63685F73 		.ascii	"ch_system\000"
 1913      79737465 
 1913      6D00
 1914              	.LASF61:
 1915 0403 6C617374 		.ascii	"lasttime\000"
 1915      74696D65 
 1915      00
 1916              	.LASF18:
 1917 040c 75696E74 		.ascii	"uint64_t\000"
 1917      36345F74 
 1917      00
 1918              	.LASF77:
 1919 0415 43464752 		.ascii	"CFGR\000"
 1919      00
 1920              	.LASF67:
 1921 041a 726C6973 		.ascii	"rlist\000"
 1921      7400
 1922              	.LASF4:
 1923 0420 5F5F7569 		.ascii	"__uint8_t\000"
 1923      6E74385F 
ARM GAS  /tmp/ccyG1Gy4.s 			page 48


 1923      7400
 1924              	.LASF32:
 1925 042a 6E616D65 		.ascii	"name\000"
 1925      00
 1926              	.LASF70:
 1927 042f 73697A65 		.ascii	"sizetype\000"
 1927      74797065 
 1927      00
 1928              	.LASF21:
 1929 0438 74726566 		.ascii	"trefs_t\000"
 1929      735F7400 
 1930              	.LASF10:
 1931 0440 6C6F6E67 		.ascii	"long unsigned int\000"
 1931      20756E73 
 1931      69676E65 
 1931      6420696E 
 1931      7400
 1932              	.LASF111:
 1933 0452 68616C5F 		.ascii	"hal_lld_init\000"
 1933      6C6C645F 
 1933      696E6974 
 1933      00
 1934              	.LASF51:
 1935 045f 72656164 		.ascii	"ready_list_t\000"
 1935      795F6C69 
 1935      73745F74 
 1935      00
 1936              	.LASF28:
 1937 046c 71756575 		.ascii	"queue\000"
 1937      6500
 1938              	.LASF16:
 1939 0472 696E7433 		.ascii	"int32_t\000"
 1939      325F7400 
 1940              	.LASF96:
 1941 047a 77747365 		.ascii	"wtsemp\000"
 1941      6D7000
 1942              	.LASF103:
 1943 0481 6D757465 		.ascii	"mutex_t\000"
 1943      785F7400 
 1944              	.LASF30:
 1945 0489 6E657765 		.ascii	"newer\000"
 1945      7200
 1946              	.LASF2:
 1947 048f 756E7369 		.ascii	"unsigned char\000"
 1947      676E6564 
 1947      20636861 
 1947      7200
 1948              	.LASF9:
 1949 049d 5F5F7569 		.ascii	"__uint32_t\000"
 1949      6E743332 
 1949      5F7400
 1950              	.LASF37:
 1951 04a8 77616974 		.ascii	"waiting\000"
 1951      696E6700 
 1952              	.LASF59:
 1953 04b0 76697274 		.ascii	"virtual_timers_list_t\000"
 1953      75616C5F 
ARM GAS  /tmp/ccyG1Gy4.s 			page 49


 1953      74696D65 
 1953      72735F6C 
 1953      6973745F 
 1954              	.LASF34:
 1955 04c6 73746174 		.ascii	"state\000"
 1955      6500
 1956              	.LASF65:
 1957 04cc 63685F73 		.ascii	"ch_system_t\000"
 1957      79737465 
 1957      6D5F7400 
 1958              	.LASF94:
 1959 04d8 77747472 		.ascii	"wttrp\000"
 1959      7000
 1960              	.LASF1:
 1961 04de 7369676E 		.ascii	"signed char\000"
 1961      65642063 
 1961      68617200 
 1962              	.LASF57:
 1963 04ea 64656C74 		.ascii	"delta\000"
 1963      6100
 1964              	.LASF6:
 1965 04f0 73686F72 		.ascii	"short unsigned int\000"
 1965      7420756E 
 1965      7369676E 
 1965      65642069 
 1965      6E7400
 1966              	.LASF88:
 1967 0503 73746B61 		.ascii	"stkalign_t\000"
 1967      6C69676E 
 1967      5F7400
 1968              	.LASF53:
 1969 050e 63757272 		.ascii	"current\000"
 1969      656E7400 
 1970              	.LASF112:
 1971 0516 73746D33 		.ascii	"stm32_clock_init\000"
 1971      325F636C 
 1971      6F636B5F 
 1971      696E6974 
 1971      00
 1972              	.LASF31:
 1973 0527 6F6C6465 		.ascii	"older\000"
 1973      7200
 1974              	.LASF92:
 1975 052d 65786974 		.ascii	"exitcode\000"
 1975      636F6465 
 1975      00
 1976              	.LASF42:
 1977 0536 6D706F6F 		.ascii	"mpool\000"
 1977      6C00
 1978              	.LASF108:
 1979 053c 2E2E2F2E 		.ascii	"../../../os/hal/ports/STM32/STM32F1xx/hal_lld.c\000"
 1979      2E2F2E2E 
 1979      2F6F732F 
 1979      68616C2F 
 1979      706F7274 
 1980              		.comm	__gnu_lto_v1,1,1
 1981              		.ident	"GCC: (4.8.2-14ubuntu1+6) 4.8.2"
ARM GAS  /tmp/ccyG1Gy4.s 			page 50


ARM GAS  /tmp/ccyG1Gy4.s 			page 51


DEFINED SYMBOLS
                            *ABS*:0000000000000000 hal_lld.c
     /tmp/ccyG1Gy4.s:198    .text.hal_lld_init:0000000000000000 $t
     /tmp/ccyG1Gy4.s:204    .text.hal_lld_init:0000000000000000 hal_lld_init
     /tmp/ccyG1Gy4.s:259    .text.stm32_clock_init:0000000000000000 $t
     /tmp/ccyG1Gy4.s:265    .text.stm32_clock_init:0000000000000000 stm32_clock_init
     /tmp/ccyG1Gy4.s:370    .data.SystemCoreClock:0000000000000000 SystemCoreClock
     /tmp/ccyG1Gy4.s:367    .data.SystemCoreClock:0000000000000000 $d
                            *COM*:0000000000000001 __gnu_lto_v1
                     .debug_frame:0000000000000010 $d

NO UNDEFINED SYMBOLS
